#
# A fatal error has been detected by the Java Runtime Environment:
#
#  EXCEPTION_ACCESS_VIOLATION (0xc0000005) at pc=0x00007ffae6d19996, pid=5100, tid=12568
#
# JRE version: OpenJDK Runtime Environment (21.0.3) (build 21.0.3+-12282718-b509.11)
# Java VM: OpenJDK 64-Bit Server VM (21.0.3+-12282718-b509.11, mixed mode, tiered, compressed oops, compressed class ptrs, g1 gc, windows-amd64)
# Problematic frame:
# V  [jvm.dll+0x139996]
#
# No core dump will be written. Minidumps are not enabled by default on client versions of Windows
#
# If you would like to submit a bug report, please visit:
#   https://youtrack.jetbrains.com/issues/JBR
#

---------------  S U M M A R Y ------------

Command Line: org.jetbrains.kotlin.cli.jvm.K2JVMCompiler @C:\Users\Kareem Zedan\StudioProjects\Capital_Taxi2\app\build\20250211_6977685623194170543.compiler.options

Host: 12th Gen Intel(R) Core(TM) i5-12400F, 12 cores, 15G,  Windows 10 , 64 bit Build 19041 (10.0.19041.5072)
Time: Tue Feb 11 21:52:08 2025 Egypt Standard Time elapsed time: 9.906456 seconds (0d 0h 0m 9s)

---------------  T H R E A D  ---------------

Current thread (0x000001fdb32e4720):  WorkerThread "G1 Conc#0"      [id=12568, stack(0x00000087b3000000,0x00000087b3100000) (1024K)]

Stack: [0x00000087b3000000,0x00000087b3100000],  sp=0x00000087b30ffce8,  free space=1023k
Native frames: (J=compiled Java code, j=interpreted, Vv=VM code, C=native code)
V  [jvm.dll+0x139996]


siginfo: EXCEPTION_ACCESS_VIOLATION (0xc0000005), reading address 0x00000008e19435a3


Registers:
RAX=0x0008008000000000, RBX=0x000000070da36601, RCX=0x000000070ca1abb8, RDX=0x000000070ca1abb8
RSP=0x00000087b30ffce8, RBP=0x0000000000000000, RSI=0x000001fdb32d2d10, RDI=0x000000070ca1abb8
R8 =0x00000008e194359b, R9 =0x000000000000004e, R10=0x000001fdb1123310, R11=0x0000000000000003
R12=0x0000000000000000, R13=0x00007ffae7706c50, R14=0x0000000800775778, R15=0x000000070da36670
RIP=0x00007ffae6d19996, EFLAGS=0x0000000000010202


Register to memory mapping:

RAX=0x0008008000000000 is an unknown value
RBX=0x000000070da36601 is pointing into object: [Lorg.jetbrains.kotlin.ir.expressions.IrExpression; 
{0x000000070da365f0} - klass: 'org/jetbrains/kotlin/ir/expressions/IrExpression'[]
 - length: 1
RCX=0x000000070ca1abb8 is pointing into object: org.jetbrains.kotlin.ir.declarations.impl.IrFileImpl 
{0x000000070ca1aba8} - klass: 'org/jetbrains/kotlin/ir/declarations/impl/IrFileImpl'
 - ---- fields (total size 5 words):
 - private 'fileEntry' 'Lorg/jetbrains/kotlin/ir/IrFileEntry;' @12  a 'org/jetbrains/kotlin/ir/util/NaiveSourceBasedFileEntryImpl'{0x000000070ca1abd0} (0xe194357a)
 - private final 'symbol' 'Lorg/jetbrains/kotlin/ir/symbols/IrFileSymbol;' @16  a 'org/jetbrains/kotlin/ir/symbols/impl/IrFileSymbolImpl'{0x000000070ca1aca8} (0xe1943595)
 - private 'packageFqName' 'Lorg/jetbrains/kotlin/name/FqName;' @20  a 'org/jetbrains/kotlin/name/FqName'{0x000000070538fcc0} (0xe0a71f98)
 - private final 'declarations' 'Ljava/util/List;' @24  a 'java/util/ArrayList'{0x000000070ca1acd8} (0xe194359b)
 - private 'annotations' 'Ljava/util/List;' @28  a 'java/util/ArrayList'{0x000000070ca1af48} (0xe19435e9)
 - private 'metadata' 'Lorg/jetbrains/kotlin/ir/declarations/MetadataSource;' @32  a 'org/jetbrains/kotlin/fir/backend/FirMetadataSource$File'{0x000000070ca1af60} (0xe19435ec)
 - public 'module' 'Lorg/jetbrains/kotlin/ir/declarations/IrModuleFragment;' @36  a 'org/jetbrains/kotlin/ir/declarations/impl/IrModuleFragmentImpl'{0x000000070ca1af78} (0xe19435ef)
RDX=0x000000070ca1abb8 is pointing into object: org.jetbrains.kotlin.ir.declarations.impl.IrFileImpl 
{0x000000070ca1aba8} - klass: 'org/jetbrains/kotlin/ir/declarations/impl/IrFileImpl'
 - ---- fields (total size 5 words):
 - private 'fileEntry' 'Lorg/jetbrains/kotlin/ir/IrFileEntry;' @12  a 'org/jetbrains/kotlin/ir/util/NaiveSourceBasedFileEntryImpl'{0x000000070ca1abd0} (0xe194357a)
 - private final 'symbol' 'Lorg/jetbrains/kotlin/ir/symbols/IrFileSymbol;' @16  a 'org/jetbrains/kotlin/ir/symbols/impl/IrFileSymbolImpl'{0x000000070ca1aca8} (0xe1943595)
 - private 'packageFqName' 'Lorg/jetbrains/kotlin/name/FqName;' @20  a 'org/jetbrains/kotlin/name/FqName'{0x000000070538fcc0} (0xe0a71f98)
 - private final 'declarations' 'Ljava/util/List;' @24  a 'java/util/ArrayList'{0x000000070ca1acd8} (0xe194359b)
 - private 'annotations' 'Ljava/util/List;' @28  a 'java/util/ArrayList'{0x000000070ca1af48} (0xe19435e9)
 - private 'metadata' 'Lorg/jetbrains/kotlin/ir/declarations/MetadataSource;' @32  a 'org/jetbrains/kotlin/fir/backend/FirMetadataSource$File'{0x000000070ca1af60} (0xe19435ec)
 - public 'module' 'Lorg/jetbrains/kotlin/ir/declarations/IrModuleFragment;' @36  a 'org/jetbrains/kotlin/ir/declarations/impl/IrModuleFragmentImpl'{0x000000070ca1af78} (0xe19435ef)
RSP=0x00000087b30ffce8 points into unknown readable memory: 0x00007ffae6ef5d9a | 9a 5d ef e6 fa 7f 00 00
RBP=0x0 is null
RSI=0x000001fdb32d2d10 points into unknown readable memory: 0x000001fdb32e3480 | 80 34 2e b3 fd 01 00 00
RDI=0x000000070ca1abb8 is pointing into object: org.jetbrains.kotlin.ir.declarations.impl.IrFileImpl 
{0x000000070ca1aba8} - klass: 'org/jetbrains/kotlin/ir/declarations/impl/IrFileImpl'
 - ---- fields (total size 5 words):
 - private 'fileEntry' 'Lorg/jetbrains/kotlin/ir/IrFileEntry;' @12  a 'org/jetbrains/kotlin/ir/util/NaiveSourceBasedFileEntryImpl'{0x000000070ca1abd0} (0xe194357a)
 - private final 'symbol' 'Lorg/jetbrains/kotlin/ir/symbols/IrFileSymbol;' @16  a 'org/jetbrains/kotlin/ir/symbols/impl/IrFileSymbolImpl'{0x000000070ca1aca8} (0xe1943595)
 - private 'packageFqName' 'Lorg/jetbrains/kotlin/name/FqName;' @20  a 'org/jetbrains/kotlin/name/FqName'{0x000000070538fcc0} (0xe0a71f98)
 - private final 'declarations' 'Ljava/util/List;' @24  a 'java/util/ArrayList'{0x000000070ca1acd8} (0xe194359b)
 - private 'annotations' 'Ljava/util/List;' @28  a 'java/util/ArrayList'{0x000000070ca1af48} (0xe19435e9)
 - private 'metadata' 'Lorg/jetbrains/kotlin/ir/declarations/MetadataSource;' @32  a 'org/jetbrains/kotlin/fir/backend/FirMetadataSource$File'{0x000000070ca1af60} (0xe19435ec)
 - public 'module' 'Lorg/jetbrains/kotlin/ir/declarations/IrModuleFragment;' @36  a 'org/jetbrains/kotlin/ir/declarations/impl/IrModuleFragmentImpl'{0x000000070ca1af78} (0xe19435ef)
R8 =0x00000008e194359b is an unknown value
R9 =0x000000000000004e is an unknown value
R10=0x000001fdb1123310 points into unknown readable memory: 0x00007ffae753f1b0 | b0 f1 53 e7 fa 7f 00 00
R11=0x0000000000000003 is an unknown value
R12=0x0 is null
R13=0x00007ffae7706c50 jvm.dll
R14=0x0000000800775778 is a pointer to class: 
org.jetbrains.kotlin.ir.expressions.impl.IrConstImpl$Companion {0x0000000800775780}
 - instance size:     2
 - klass size:        68
 - access:            public final synchronized 
 - flags:             rewritten should_verify_class has_localvariable_table has_vanilla_constructor has_final_method 
 - state:             fully_initialized
 - name:              'org/jetbrains/kotlin/ir/expressions/impl/IrConstImpl$Companion'
 - super:             'java/lang/Object'
 - sub:               
 - arrays:            null
 - methods:           Array<T>(0x000001fdd1ebe6e8)
 - method ordering:   Array<T>(0x000001fdce000018)
 - default_methods:   Array<T>(0x0000000000000000)
 - local interfaces:  Array<T>(0x000001fdce000058)
 - trans. interfaces: Array<T>(0x000001fdce000058)
 - constants:         constant pool [257] {0x000001fdd1ebddb8} for 'org/jetbrains/kotlin/ir/expressions/impl/IrConstImpl$Companion' cache=0x000001fdd1ebf6d0
 - class loader data:  loader data: 0x000001fdcd32e160 for instance a 'jdk/internal/loader/ClassLoaders$AppClassLoader'{0x0000000703200000}
 - source file:       'IrConstImpl.kt'
 - class annotations:       Array<T>(0x000001fdd1ebf5a8)
 - class type annotations:  Array<T>(0x0000000000000000)
 - field annotations:       Array<T>(0x0000000000000000)
 - field type annotations:  Array<T>(0x0000000000000000)
 - inner classes:     Array<T>(0x000001fdd1ebf640)
 - nest members:     Array<T>(0x000001fdce000028)
 - permitted subclasses:     Array<T>(0x000001fdce000028)
 - java mirror:       a 'java/lang/Class'{0x000000070c9279e8} = 'org/jetbrains/kotlin/ir/expressions/impl/IrConstImpl$Companion'
 - vtable length      5  (start addr: 0x0000000800775960)
 - itable length      2 (start addr: 0x0000000800775988)
 - ---- static fields (0 words):
 - ---- non-static fields (0 words):
 - non-static oop maps: 
R15=0x000000070da36670 is an oop: org.jetbrains.kotlin.ir.expressions.impl.IrConstImpl 
{0x000000070da36670} - klass: 'org/jetbrains/kotlin/ir/expressions/impl/IrConstImpl'
 - ---- fields (total size 5 words):
 - private final 'startOffset' 'I' @12  5729 (0x00001661)
 - private final 'endOffset' 'I' @16  5731 (0x00001663)
 - private 'type' 'Lorg/jetbrains/kotlin/ir/types/IrType;' @20  a 'org/jetbrains/kotlin/ir/types/impl/IrSimpleTypeImpl'{0x000000070cf71218} (0xe19ee243)
 - private 'kind' 'Lorg/jetbrains/kotlin/ir/expressions/IrConstKind;' @24  
[error occurred during error reporting (printing register info), id 0xc0000005, EXCEPTION_ACCESS_VIOLATION (0xc0000005) at pc=0x00007ffae72962b6]

Top of Stack: (sp=0x00000087b30ffce8)
0x00000087b30ffce8:   00007ffae6ef5d9a 0000000000000002
0x00000087b30ffcf8:   00007ffae6ef5d06 0000000711df6980
0x00000087b30ffd08:   00007ffae6f0b7c9 000000070da36698
0x00000087b30ffd18:   00007ffae6f0b0b7 000000070da36688
0x00000087b30ffd28:   00000087b30ffd80 0000000800775770
0x00000087b30ffd38:   000001fdb32d2d10 00000087b2fff6f0
0x00000087b30ffd48:   000000070dc00000 000000070da36670
0x00000087b30ffd58:   00007ffae6f11e34 0000000000000005
0x00000087b30ffd68:   0000000800775438 000001fdb32d2d10
0x00000087b30ffd78:   00007ffa00000001 00007ffae7540ae0
0x00000087b30ffd88:   0000000000000000 0000000000000003
0x00000087b30ffd98:   000001fdb1123310 000001fdb32d2d10
0x00000087b30ffda8:   0000000000000000 0000000000000034
0x00000087b30ffdb8:   0000000000000000 0000000000000030
0x00000087b30ffdc8:   0000000000000000 000001fdb32e4720
0x00000087b30ffdd8:   00007ffae7465984 000001fdb1122ff8
0x00000087b30ffde8:   000001fdb32e6390 0000000000000000
0x00000087b30ffdf8:   0000000000000000 0000000000000000
0x00000087b30ffe08:   000001fdb32e4720 0000000000100000
0x00000087b30ffe18:   0000000000000000 0000000000000000
0x00000087b30ffe28:   00007ffae73e0d78 000001fdb32e4720
0x00000087b30ffe38:   00000000ffffffff 00000087b30ff000
0x00000087b30ffe48:   00000087b3000000 0000000000000004
0x00000087b30ffe58:   0000000000001000 0000000400001000
0x00000087b30ffe68:   0000000000020000 0000000000000000
0x00000087b30ffe78:   00007ffae73e153a 000001fdb32e4720
0x00000087b30ffe88:   0000000000000000 00001702a2bb2dd6
0x00000087b30ffe98:   0000000000000000 0000000000000000
0x00000087b30ffea8:   00007ffae72a98cd 000001fdb32e4720
0x00000087b30ffeb8:   000001fdb32e4720 00000000000075a3
0x00000087b30ffec8:   0000000000000000 0000000000000000
0x00000087b30ffed8:   00007ffb4aa01bb2 000001fd000075a3 

Instructions: (pc=0x00007ffae6d19996)
0x00007ffae6d19896:   4c 63 c0 41 8b c1 48 c1 f8 10 48 63 14 19 41 8b
0x00007ffae6d198a6:   c9 83 e1 3f 48 d3 e2 0f b6 c8 49 8d 04 10 49 f7
0x00007ffae6d198b6:   d0 48 03 c8 49 c1 e8 03 48 c1 e9 03 49 23 c8 eb
0x00007ffae6d198c6:   12 49 8b 00 48 8b d3 49 8b c8 ff 90 00 01 00 00
0x00007ffae6d198d6:   48 8b c8 48 89 1f 48 8b c7 48 8b 5c 24 30 48 89
0x00007ffae6d198e6:   4f 08 48 83 c4 20 5f c3 cc cc 0f b6 05 19 d9 9e
0x00007ffae6d198f6:   00 48 8b d1 84 c0 74 16 44 8b 41 08 8b 0d 10 c6
0x00007ffae6d19906:   9e 00 49 d3 e0 4c 03 05 fe c5 9e 00 eb 04 4c 8b
0x00007ffae6d19916:   41 08 45 8b 48 08 45 85 c9 7e 0e 41 f6 c1 01 75
0x00007ffae6d19926:   53 41 c1 f9 03 49 63 c1 c3 79 49 84 c0 41 b8 0c
0x00007ffae6d19936:   00 00 00 8b 05 c9 d6 9e 00 b9 10 00 00 00 41 0f
0x00007ffae6d19946:   45 c8 ff c8 4c 63 c0 41 8b c1 48 c1 f8 10 0f b6
0x00007ffae6d19956:   c0 48 63 14 11 41 8b c9 83 e1 3f 48 d3 e2 49 8d
0x00007ffae6d19966:   0c 10 49 f7 d0 48 03 c1 49 c1 e8 03 48 c1 e8 03
0x00007ffae6d19976:   49 23 c0 c3 49 8b 00 49 8b c8 48 ff a0 00 01 00
0x00007ffae6d19986:   00 cc cc cc cc cc cc cc cc cc 4c 8b c2 48 8b d1
0x00007ffae6d19996:   45 8b 48 08 45 85 c9 7e 0e 41 f6 c1 01 75 56 41
0x00007ffae6d199a6:   c1 f9 03 49 63 c1 c3 79 4c 80 3d 5a d8 9e 00 00
0x00007ffae6d199b6:   b8 0c 00 00 00 b9 10 00 00 00 0f 45 c8 8b 05 3f
0x00007ffae6d199c6:   d6 9e 00 ff c8 4c 63 c0 41 8b c1 48 c1 f8 10 48
0x00007ffae6d199d6:   63 14 11 41 8b c9 83 e1 3f 0f b6 c0 48 d3 e2 49
0x00007ffae6d199e6:   8d 0c 10 49 f7 d0 48 03 c1 49 c1 e8 03 48 c1 e8
0x00007ffae6d199f6:   03 49 23 c0 c3 49 8b 00 49 8b c8 48 ff a0 00 01
0x00007ffae6d19a06:   00 00 cc cc cc cc cc cc cc cc 40 53 48 83 ec 20
0x00007ffae6d19a16:   48 8b d9 49 8b c0 33 c9 45 0f b6 c1 48 89 0b 48
0x00007ffae6d19a26:   89 4b 08 48 8b cb 48 89 53 10 48 8b d0 e8 28 09
0x00007ffae6d19a36:   00 00 48 8b c3 48 83 c4 20 5b c3 cc cc cc cc cc
0x00007ffae6d19a46:   cc cc cc cc cc cc cc cc cc cc 40 53 48 83 ec 20
0x00007ffae6d19a56:   33 c0 44 88 41 10 45 0f b6 c1 48 89 01 48 89 41
0x00007ffae6d19a66:   08 48 8b d9 e8 01 0a 00 00 48 8b c3 48 83 c4 20
0x00007ffae6d19a76:   5b c3 cc cc cc cc cc cc cc cc 40 53 48 83 ec 20
0x00007ffae6d19a86:   33 c0 48 8b d9 48 89 01 48 89 41 08 e8 99 0b 00 


Stack slot to memory mapping:

stack at sp + 0 slots: 0x00007ffae6ef5d9a jvm.dll
stack at sp + 1 slots: 0x0000000000000002 is an unknown value
stack at sp + 2 slots: 0x00007ffae6ef5d06 jvm.dll
stack at sp + 3 slots: 0x0000000711df6980 is an oop: java.lang.ref.WeakReference 
{0x0000000711df6980} - klass: 'java/lang/ref/WeakReference'
 - ---- fields (total size 4 words):
 - private 'referent' 'Ljava/lang/Object;' @12  a 'org/jetbrains/kotlin/fir/symbols/impl/FirRegularClassSymbol'{0x000000070c5f3710} (0xe18be6e2)
 - volatile 'queue' 'Ljava/lang/ref/ReferenceQueue;' @16  a 'java/lang/ref/ReferenceQueue$Null'{0x0000000703206438} (0xe0640c87)
 - volatile 'next' 'Ljava/lang/ref/Reference;' @20  null (0x00000000)
 - private transient 'discovered' 'Ljava/lang/ref/Reference;' @24  null (0x00000000)
stack at sp + 4 slots: 0x00007ffae6f0b7c9 jvm.dll
stack at sp + 5 slots: 0x000000070da36698 is an oop: [Lorg.jetbrains.kotlin.ir.expressions.IrExpression; 
{0x000000070da36698} - klass: 'org/jetbrains/kotlin/ir/expressions/IrExpression'[]
 - length: 1
stack at sp + 6 slots: 0x00007ffae6f0b0b7 jvm.dll
stack at sp + 7 slots: 0x000000070da36688 is pointing into object: org.jetbrains.kotlin.ir.expressions.impl.IrConstImpl 
{0x000000070da36670} - klass: 'org/jetbrains/kotlin/ir/expressions/impl/IrConstImpl'
 - ---- fields (total size 5 words):
 - private final 'startOffset' 'I' @12  5729 (0x00001661)
 - private final 'endOffset' 'I' @16  5731 (0x00001663)
 - private 'type' 'Lorg/jetbrains/kotlin/ir/types/IrType;' @20  a 'org/jetbrains/kotlin/ir/types/impl/IrSimpleTypeImpl'{0x000000070cf71218} (0xe19ee243)
 - private 'kind' 'Lorg/jetbrains/kotlin/ir/expressions/IrConstKind;' @24  
[error occurred during error reporting (inspecting top of stack), id 0xc0000005, EXCEPTION_ACCESS_VIOLATION (0xc0000005) at pc=0x00007ffae72962b6]


---------------  P R O C E S S  ---------------

Threads class SMR info:
_java_thread_list=0x000001fdd41fed50, length=13, elements={
0x000001fdb111e700, 0x000001fdcd68aba0, 0x000001fdcd68bac0, 0x000001fdcd66b190,
0x000001fdcd66bbf0, 0x000001fdcd66e660, 0x000001fdcd66f0c0, 0x000001fdcd66fe50,
0x000001fdcd6a2b90, 0x000001fdcd8435f0, 0x000001fdcd84d260, 0x000001fdcd70ebe0,
0x000001fdcd70e510
}

Java Threads: ( => current thread )
  0x000001fdb111e700 JavaThread "main"                              [_thread_in_vm, id=9184, stack(0x00000087b2d00000,0x00000087b2e00000) (1024K)]
  0x000001fdcd68aba0 JavaThread "Reference Handler"          daemon [_thread_blocked, id=12164, stack(0x00000087b3500000,0x00000087b3600000) (1024K)]
  0x000001fdcd68bac0 JavaThread "Finalizer"                  daemon [_thread_blocked, id=14908, stack(0x00000087b3600000,0x00000087b3700000) (1024K)]
  0x000001fdcd66b190 JavaThread "Signal Dispatcher"          daemon [_thread_blocked, id=13720, stack(0x00000087b3700000,0x00000087b3800000) (1024K)]
  0x000001fdcd66bbf0 JavaThread "Attach Listener"            daemon [_thread_blocked, id=12348, stack(0x00000087b3800000,0x00000087b3900000) (1024K)]
  0x000001fdcd66e660 JavaThread "Service Thread"             daemon [_thread_blocked, id=14044, stack(0x00000087b3900000,0x00000087b3a00000) (1024K)]
  0x000001fdcd66f0c0 JavaThread "Monitor Deflation Thread"   daemon [_thread_blocked, id=12844, stack(0x00000087b3a00000,0x00000087b3b00000) (1024K)]
  0x000001fdcd66fe50 JavaThread "C2 CompilerThread0"         daemon [_thread_blocked, id=5420, stack(0x00000087b3b00000,0x00000087b3c00000) (1024K)]
  0x000001fdcd6a2b90 JavaThread "C1 CompilerThread0"         daemon [_thread_in_vm, id=14448, stack(0x00000087b3c00000,0x00000087b3d00000) (1024K)]
  0x000001fdcd8435f0 JavaThread "Notification Thread"        daemon [_thread_blocked, id=7556, stack(0x00000087b3d00000,0x00000087b3e00000) (1024K)]
  0x000001fdcd84d260 JavaThread "Common-Cleaner"             daemon [_thread_blocked, id=13820, stack(0x00000087b3e00000,0x00000087b3f00000) (1024K)]
  0x000001fdcd70ebe0 JavaThread "C2 CompilerThread1"         daemon [_thread_blocked, id=6824, stack(0x00000087b3f00000,0x00000087b4000000) (1024K)]
  0x000001fdcd70e510 JavaThread "C2 CompilerThread2"         daemon [_thread_in_native, id=11716, stack(0x00000087b4000000,0x00000087b4100000) (1024K)]
Total: 13

Other Threads:
  0x000001fdcd618b70 VMThread "VM Thread"                           [id=13084, stack(0x00000087b3400000,0x00000087b3500000) (1024K)]
  0x000001fdcd44fb70 WatcherThread "VM Periodic Task Thread"        [id=14060, stack(0x00000087b3300000,0x00000087b3400000) (1024K)]
  0x000001fdb32d1b00 WorkerThread "GC Thread#0"                     [id=8584, stack(0x00000087b2e00000,0x00000087b2f00000) (1024K)]
  0x000001fdd2505100 WorkerThread "GC Thread#1"                     [id=10984, stack(0x00000087b4100000,0x00000087b4200000) (1024K)]
  0x000001fdd25049c0 WorkerThread "GC Thread#2"                     [id=9560, stack(0x00000087b4200000,0x00000087b4300000) (1024K)]
  0x000001fdd2503b40 WorkerThread "GC Thread#3"                     [id=1480, stack(0x00000087b4300000,0x00000087b4400000) (1024K)]
  0x000001fdd25054a0 WorkerThread "GC Thread#4"                     [id=11040, stack(0x00000087b4400000,0x00000087b4500000) (1024K)]
  0x000001fdd2504d60 WorkerThread "GC Thread#5"                     [id=4392, stack(0x00000087b4500000,0x00000087b4600000) (1024K)]
  0x000001fdd2cb7060 WorkerThread "GC Thread#6"                     [id=6648, stack(0x00000087b4600000,0x00000087b4700000) (1024K)]
  0x000001fdd2cb4140 WorkerThread "GC Thread#7"                     [id=8040, stack(0x00000087b4700000,0x00000087b4800000) (1024K)]
  0x000001fdd2cb6920 WorkerThread "GC Thread#8"                     [id=13348, stack(0x00000087b4800000,0x00000087b4900000) (1024K)]
  0x000001fdd2cb44e0 WorkerThread "GC Thread#9"                     [id=1452, stack(0x00000087b4b00000,0x00000087b4c00000) (1024K)]
  0x000001fdb32e3480 ConcurrentGCThread "G1 Main Marker"            [id=11800, stack(0x00000087b2f00000,0x00000087b3000000) (1024K)]
=>0x000001fdb32e4720 WorkerThread "G1 Conc#0"                       [id=12568, stack(0x00000087b3000000,0x00000087b3100000) (1024K)]
  0x000001fdd2cb3da0 WorkerThread "G1 Conc#1"                       [id=10112, stack(0x00000087b4900000,0x00000087b4a00000) (1024K)]
  0x000001fdd2cb6cc0 WorkerThread "G1 Conc#2"                       [id=4916, stack(0x00000087b4a00000,0x00000087b4b00000) (1024K)]
  0x000001fdcd31e550 ConcurrentGCThread "G1 Refine#0"               [id=9880, stack(0x00000087b3100000,0x00000087b3200000) (1024K)]
  0x000001fdcd31efd0 ConcurrentGCThread "G1 Service"                [id=14280, stack(0x00000087b3200000,0x00000087b3300000) (1024K)]
Total: 18

Threads with active compile tasks:
C1 CompilerThread0     9920 19229       3       org.jetbrains.kotlin.backend.jvm.intrinsics.IrIntrinsicMethods$Key::<init> (45 bytes)
C2 CompilerThread2     9920 19062       4       org.jetbrains.kotlin.types.AbstractTypeApproximator::approximateParametrizedType (1414 bytes)
Total: 2

VM state: not at safepoint (normal execution)

VM Mutex/Monitor currently owned by a thread:  ([mutex/lock_event])
[0x00007ffae7780b48] MethodCompileQueue_lock - owner thread: 0x000001fdcd6a2b90
[0x00007ffae7781fc8] CodeCache_lock - owner thread: 0x000001fdcd6a2b90
[0x00007ffae7782148] Compile_lock - owner thread: 0x000001fdcd6a2b90

Heap address: 0x0000000702e00000, size: 4050 MB, Compressed Oops mode: Zero based, Oop shift amount: 3

CDS archive(s) not mapped
Compressed class space mapped at: 0x0000000800000000-0x0000000840000000, reserved size: 1073741824
Narrow klass base: 0x0000000800000000, Narrow klass shift: 0, Narrow klass range: 0x40000000

GC Precious Log:
 CardTable entry size: 512
 Card Set container configuration: InlinePtr #cards 4 size 8 Array Of Cards #cards 16 size 48 Howl #buckets 8 coarsen threshold 3686 Howl Bitmap #cards 512 size 80 coarsen threshold 460 Card regions per heap region 1 cards per card region 4096
 CPUs: 12 total, 12 available
 Memory: 16197M
 Large Page Support: Disabled
 NUMA Support: Disabled
 Compressed Oops: Enabled (Zero based)
 Heap Region Size: 2M
 Heap Min Capacity: 8M
 Heap Initial Capacity: 254M
 Heap Max Capacity: 4050M
 Pre-touch: Disabled
 Parallel Workers: 10
 Concurrent Workers: 3
 Concurrent Refinement Workers: 10
 Periodic GC: Disabled

Heap:
 garbage-first heap   total 415744K, used 229612K [0x0000000702e00000, 0x0000000800000000)
  region size 2048K, 6 young (12288K), 4 survivors (8192K)
 Metaspace       used 84575K, committed 84992K, reserved 1179648K
  class space    used 8647K, committed 8832K, reserved 1048576K

Heap Regions: E=young(eden), S=young(survivor), O=old, HS=humongous(starts), HC=humongous(continues), CS=collection set, F=free, TAMS=top-at-mark-start, PB=parsable bottom
|   0|0x0000000702e00000, 0x0000000703000000, 0x0000000703000000|100%|HS|  |TAMS 0x0000000703000000| PB 0x0000000702e00000| Complete 
|   1|0x0000000703000000, 0x0000000703200000, 0x0000000703200000|100%|HC|  |TAMS 0x0000000703200000| PB 0x0000000703000000| Complete 
|   2|0x0000000703200000, 0x0000000703400000, 0x0000000703400000|100%| O|  |TAMS 0x0000000703400000| PB 0x0000000703200000| Untracked 
|   3|0x0000000703400000, 0x0000000703600000, 0x0000000703600000|100%| O|  |TAMS 0x0000000703600000| PB 0x0000000703400000| Untracked 
|   4|0x0000000703600000, 0x0000000703800000, 0x0000000703800000|100%| O|  |TAMS 0x0000000703800000| PB 0x0000000703600000| Untracked 
|   5|0x0000000703800000, 0x0000000703a00000, 0x0000000703a00000|100%| O|  |TAMS 0x0000000703a00000| PB 0x0000000703800000| Untracked 
|   6|0x0000000703a00000, 0x0000000703c00000, 0x0000000703c00000|100%| O|  |TAMS 0x0000000703c00000| PB 0x0000000703a00000| Untracked 
|   7|0x0000000703c00000, 0x0000000703e00000, 0x0000000703e00000|100%| O|  |TAMS 0x0000000703e00000| PB 0x0000000703c00000| Untracked 
|   8|0x0000000703e00000, 0x0000000704000000, 0x0000000704000000|100%| O|  |TAMS 0x0000000704000000| PB 0x0000000703e00000| Untracked 
|   9|0x0000000704000000, 0x0000000704200000, 0x0000000704200000|100%| O|  |TAMS 0x0000000704200000| PB 0x0000000704000000| Untracked 
|  10|0x0000000704200000, 0x00000007043b9108, 0x0000000704400000| 86%| O|  |TAMS 0x00000007043b9108| PB 0x0000000704200000| Untracked 
|  11|0x0000000704400000, 0x0000000704600000, 0x0000000704600000|100%| O|  |TAMS 0x0000000704600000| PB 0x0000000704400000| Untracked 
|  12|0x0000000704600000, 0x0000000704800000, 0x0000000704800000|100%| O|  |TAMS 0x0000000704800000| PB 0x0000000704600000| Untracked 
|  13|0x0000000704800000, 0x0000000704a00000, 0x0000000704a00000|100%| O|  |TAMS 0x0000000704a00000| PB 0x0000000704800000| Untracked 
|  14|0x0000000704a00000, 0x0000000704c00000, 0x0000000704c00000|100%| O|  |TAMS 0x0000000704c00000| PB 0x0000000704a00000| Untracked 
|  15|0x0000000704c00000, 0x0000000704e00000, 0x0000000704e00000|100%| O|  |TAMS 0x0000000704e00000| PB 0x0000000704c00000| Untracked 
|  16|0x0000000704e00000, 0x0000000705000000, 0x0000000705000000|100%| O|  |TAMS 0x0000000705000000| PB 0x0000000704e00000| Untracked 
|  17|0x0000000705000000, 0x0000000705200000, 0x0000000705200000|100%| O|  |TAMS 0x0000000705200000| PB 0x0000000705000000| Untracked 
|  18|0x0000000705200000, 0x0000000705400000, 0x0000000705400000|100%| O|  |TAMS 0x0000000705400000| PB 0x0000000705200000| Untracked 
|  19|0x0000000705400000, 0x0000000705600000, 0x0000000705600000|100%| O|  |TAMS 0x0000000705600000| PB 0x0000000705400000| Untracked 
|  20|0x0000000705600000, 0x0000000705800000, 0x0000000705800000|100%| O|  |TAMS 0x0000000705800000| PB 0x0000000705600000| Untracked 
|  21|0x0000000705800000, 0x0000000705a00000, 0x0000000705a00000|100%| O|  |TAMS 0x0000000705a00000| PB 0x0000000705800000| Untracked 
|  22|0x0000000705a00000, 0x0000000705c00000, 0x0000000705c00000|100%| O|  |TAMS 0x0000000705c00000| PB 0x0000000705a00000| Untracked 
|  23|0x0000000705c00000, 0x0000000705e00000, 0x0000000705e00000|100%| O|  |TAMS 0x0000000705e00000| PB 0x0000000705c00000| Untracked 
|  24|0x0000000705e00000, 0x0000000706000000, 0x0000000706000000|100%| O|  |TAMS 0x0000000706000000| PB 0x0000000705e00000| Untracked 
|  25|0x0000000706000000, 0x0000000706200000, 0x0000000706200000|100%| O|  |TAMS 0x0000000706200000| PB 0x0000000706000000| Untracked 
|  26|0x0000000706200000, 0x0000000706400000, 0x0000000706400000|100%| O|  |TAMS 0x0000000706400000| PB 0x0000000706200000| Untracked 
|  27|0x0000000706400000, 0x0000000706600000, 0x0000000706600000|100%| O|  |TAMS 0x0000000706600000| PB 0x0000000706400000| Untracked 
|  28|0x0000000706600000, 0x0000000706800000, 0x0000000706800000|100%| O|  |TAMS 0x0000000706800000| PB 0x0000000706600000| Untracked 
|  29|0x0000000706800000, 0x0000000706a00000, 0x0000000706a00000|100%| O|  |TAMS 0x0000000706a00000| PB 0x0000000706800000| Untracked 
|  30|0x0000000706a00000, 0x0000000706c00000, 0x0000000706c00000|100%| O|  |TAMS 0x0000000706c00000| PB 0x0000000706a00000| Untracked 
|  31|0x0000000706c00000, 0x0000000706e00000, 0x0000000706e00000|100%| O|  |TAMS 0x0000000706e00000| PB 0x0000000706c00000| Untracked 
|  32|0x0000000706e00000, 0x0000000707000000, 0x0000000707000000|100%| O|  |TAMS 0x0000000706e00000| PB 0x0000000706e00000| Untracked 
|  33|0x0000000707000000, 0x0000000707200000, 0x0000000707200000|100%| O|  |TAMS 0x0000000707000000| PB 0x0000000707000000| Untracked 
|  34|0x0000000707200000, 0x0000000707400000, 0x0000000707400000|100%| O|  |TAMS 0x0000000707400000| PB 0x0000000707200000| Untracked 
|  35|0x0000000707400000, 0x0000000707600000, 0x0000000707600000|100%| O|  |TAMS 0x0000000707600000| PB 0x0000000707400000| Untracked 
|  36|0x0000000707600000, 0x0000000707800000, 0x0000000707800000|100%| O|  |TAMS 0x0000000707800000| PB 0x0000000707600000| Untracked 
|  37|0x0000000707800000, 0x0000000707a00000, 0x0000000707a00000|100%| O|  |TAMS 0x0000000707a00000| PB 0x0000000707800000| Untracked 
|  38|0x0000000707a00000, 0x0000000707c00000, 0x0000000707c00000|100%| O|  |TAMS 0x0000000707c00000| PB 0x0000000707a00000| Untracked 
|  39|0x0000000707c00000, 0x0000000707e00000, 0x0000000707e00000|100%| O|  |TAMS 0x0000000707e00000| PB 0x0000000707c00000| Untracked 
|  40|0x0000000707e00000, 0x0000000708000000, 0x0000000708000000|100%| O|  |TAMS 0x0000000708000000| PB 0x0000000707e00000| Untracked 
|  41|0x0000000708000000, 0x0000000708200000, 0x0000000708200000|100%| O|  |TAMS 0x0000000708200000| PB 0x0000000708000000| Untracked 
|  42|0x0000000708200000, 0x0000000708400000, 0x0000000708400000|100%| O|  |TAMS 0x0000000708400000| PB 0x0000000708200000| Untracked 
|  43|0x0000000708400000, 0x0000000708600000, 0x0000000708600000|100%| O|  |TAMS 0x0000000708600000| PB 0x0000000708400000| Untracked 
|  44|0x0000000708600000, 0x0000000708800000, 0x0000000708800000|100%| O|  |TAMS 0x0000000708800000| PB 0x0000000708600000| Untracked 
|  45|0x0000000708800000, 0x0000000708a00000, 0x0000000708a00000|100%| O|  |TAMS 0x0000000708a00000| PB 0x0000000708800000| Untracked 
|  46|0x0000000708a00000, 0x0000000708c00000, 0x0000000708c00000|100%| O|  |TAMS 0x0000000708c00000| PB 0x0000000708a00000| Untracked 
|  47|0x0000000708c00000, 0x0000000708e00000, 0x0000000708e00000|100%| O|  |TAMS 0x0000000708e00000| PB 0x0000000708c00000| Untracked 
|  48|0x0000000708e00000, 0x0000000709000000, 0x0000000709000000|100%| O|  |TAMS 0x0000000709000000| PB 0x0000000708e00000| Untracked 
|  49|0x0000000709000000, 0x0000000709200000, 0x0000000709200000|100%| O|  |TAMS 0x0000000709200000| PB 0x0000000709000000| Untracked 
|  50|0x0000000709200000, 0x0000000709400000, 0x0000000709400000|100%| O|  |TAMS 0x0000000709400000| PB 0x0000000709200000| Untracked 
|  51|0x0000000709400000, 0x0000000709600000, 0x0000000709600000|100%| O|  |TAMS 0x0000000709600000| PB 0x0000000709400000| Untracked 
|  52|0x0000000709600000, 0x0000000709800000, 0x0000000709800000|100%| O|  |TAMS 0x0000000709800000| PB 0x0000000709600000| Untracked 
|  53|0x0000000709800000, 0x0000000709a00000, 0x0000000709a00000|100%| O|  |TAMS 0x0000000709a00000| PB 0x0000000709800000| Untracked 
|  54|0x0000000709a00000, 0x0000000709c00000, 0x0000000709c00000|100%| O|  |TAMS 0x0000000709c00000| PB 0x0000000709a00000| Untracked 
|  55|0x0000000709c00000, 0x0000000709e00000, 0x0000000709e00000|100%| O|  |TAMS 0x0000000709e00000| PB 0x0000000709c00000| Untracked 
|  56|0x0000000709e00000, 0x000000070a000000, 0x000000070a000000|100%| O|  |TAMS 0x000000070a000000| PB 0x0000000709e00000| Untracked 
|  57|0x000000070a000000, 0x000000070a200000, 0x000000070a200000|100%| O|  |TAMS 0x000000070a200000| PB 0x000000070a000000| Untracked 
|  58|0x000000070a200000, 0x000000070a400000, 0x000000070a400000|100%| O|  |TAMS 0x000000070a400000| PB 0x000000070a200000| Untracked 
|  59|0x000000070a400000, 0x000000070a600000, 0x000000070a600000|100%| O|  |TAMS 0x000000070a600000| PB 0x000000070a400000| Untracked 
|  60|0x000000070a600000, 0x000000070a800000, 0x000000070a800000|100%| O|  |TAMS 0x000000070a800000| PB 0x000000070a600000| Untracked 
|  61|0x000000070a800000, 0x000000070aa00000, 0x000000070aa00000|100%| O|  |TAMS 0x000000070aa00000| PB 0x000000070a800000| Untracked 
|  62|0x000000070aa00000, 0x000000070ac00000, 0x000000070ac00000|100%| O|  |TAMS 0x000000070ac00000| PB 0x000000070aa00000| Untracked 
|  63|0x000000070ac00000, 0x000000070ae00000, 0x000000070ae00000|100%| O|  |TAMS 0x000000070ae00000| PB 0x000000070ac00000| Untracked 
|  64|0x000000070ae00000, 0x000000070b000000, 0x000000070b000000|100%| O|  |TAMS 0x000000070b000000| PB 0x000000070ae00000| Untracked 
|  65|0x000000070b000000, 0x000000070b200000, 0x000000070b200000|100%| O|  |TAMS 0x000000070b200000| PB 0x000000070b000000| Untracked 
|  66|0x000000070b200000, 0x000000070b400000, 0x000000070b400000|100%| O|  |TAMS 0x000000070b400000| PB 0x000000070b200000| Untracked 
|  67|0x000000070b400000, 0x000000070b600000, 0x000000070b600000|100%| O|  |TAMS 0x000000070b600000| PB 0x000000070b400000| Untracked 
|  68|0x000000070b600000, 0x000000070b800000, 0x000000070b800000|100%| O|  |TAMS 0x000000070b800000| PB 0x000000070b600000| Untracked 
|  69|0x000000070b800000, 0x000000070ba00000, 0x000000070ba00000|100%| O|  |TAMS 0x000000070ba00000| PB 0x000000070b800000| Untracked 
|  70|0x000000070ba00000, 0x000000070bc00000, 0x000000070bc00000|100%| O|  |TAMS 0x000000070bc00000| PB 0x000000070ba00000| Untracked 
|  71|0x000000070bc00000, 0x000000070be00000, 0x000000070be00000|100%| O|  |TAMS 0x000000070be00000| PB 0x000000070bc00000| Untracked 
|  72|0x000000070be00000, 0x000000070c000000, 0x000000070c000000|100%| O|  |TAMS 0x000000070c000000| PB 0x000000070be00000| Untracked 
|  73|0x000000070c000000, 0x000000070c200000, 0x000000070c200000|100%| O|  |TAMS 0x000000070c200000| PB 0x000000070c000000| Untracked 
|  74|0x000000070c200000, 0x000000070c400000, 0x000000070c400000|100%| O|  |TAMS 0x000000070c400000| PB 0x000000070c200000| Untracked 
|  75|0x000000070c400000, 0x000000070c600000, 0x000000070c600000|100%| O|  |TAMS 0x000000070c600000| PB 0x000000070c400000| Untracked 
|  76|0x000000070c600000, 0x000000070c800000, 0x000000070c800000|100%| O|  |TAMS 0x000000070c800000| PB 0x000000070c600000| Untracked 
|  77|0x000000070c800000, 0x000000070ca00000, 0x000000070ca00000|100%| O|  |TAMS 0x000000070ca00000| PB 0x000000070c800000| Untracked 
|  78|0x000000070ca00000, 0x000000070cc00000, 0x000000070cc00000|100%| O|  |TAMS 0x000000070cc00000| PB 0x000000070ca00000| Untracked 
|  79|0x000000070cc00000, 0x000000070ce00000, 0x000000070ce00000|100%| O|  |TAMS 0x000000070ce00000| PB 0x000000070cc00000| Untracked 
|  80|0x000000070ce00000, 0x000000070d000000, 0x000000070d000000|100%| O|  |TAMS 0x000000070d000000| PB 0x000000070ce00000| Untracked 
|  81|0x000000070d000000, 0x000000070d200000, 0x000000070d200000|100%| O|  |TAMS 0x000000070d200000| PB 0x000000070d000000| Untracked 
|  82|0x000000070d200000, 0x000000070d400000, 0x000000070d400000|100%| O|  |TAMS 0x000000070d400000| PB 0x000000070d200000| Untracked 
|  83|0x000000070d400000, 0x000000070d600000, 0x000000070d600000|100%| O|  |TAMS 0x000000070d600000| PB 0x000000070d400000| Untracked 
|  84|0x000000070d600000, 0x000000070d800000, 0x000000070d800000|100%| O|  |TAMS 0x000000070d800000| PB 0x000000070d600000| Untracked 
|  85|0x000000070d800000, 0x000000070da00000, 0x000000070da00000|100%| O|  |TAMS 0x000000070da00000| PB 0x000000070d800000| Untracked 
|  86|0x000000070da00000, 0x000000070dc00000, 0x000000070dc00000|100%| O|  |TAMS 0x000000070da00000| PB 0x000000070da00000| Untracked 
|  87|0x000000070dc00000, 0x000000070de00000, 0x000000070de00000|100%| O|  |TAMS 0x000000070dc00000| PB 0x000000070dc00000| Untracked 
|  88|0x000000070de00000, 0x000000070e000000, 0x000000070e000000|100%| O|  |TAMS 0x000000070de00000| PB 0x000000070de00000| Untracked 
|  89|0x000000070e000000, 0x000000070e200000, 0x000000070e200000|100%| O|  |TAMS 0x000000070e000000| PB 0x000000070e000000| Untracked 
|  90|0x000000070e200000, 0x000000070e400000, 0x000000070e400000|100%| O|  |TAMS 0x000000070e200000| PB 0x000000070e200000| Untracked 
|  91|0x000000070e400000, 0x000000070e5b5100, 0x000000070e600000| 85%| O|  |TAMS 0x000000070e400000| PB 0x000000070e400000| Untracked 
|  92|0x000000070e600000, 0x000000070e600000, 0x000000070e800000|  0%| F|  |TAMS 0x000000070e600000| PB 0x000000070e600000| Untracked 
|  93|0x000000070e800000, 0x000000070e800000, 0x000000070ea00000|  0%| F|  |TAMS 0x000000070e800000| PB 0x000000070e800000| Untracked 
|  94|0x000000070ea00000, 0x000000070ea00000, 0x000000070ec00000|  0%| F|  |TAMS 0x000000070ea00000| PB 0x000000070ea00000| Untracked 
|  95|0x000000070ec00000, 0x000000070ee00000, 0x000000070ee00000|100%| O|  |TAMS 0x000000070ee00000| PB 0x000000070ec00000| Untracked 
|  96|0x000000070ee00000, 0x000000070f000000, 0x000000070f000000|100%| O|  |TAMS 0x000000070f000000| PB 0x000000070ee00000| Untracked 
|  97|0x000000070f000000, 0x000000070f200000, 0x000000070f200000|100%| O|  |TAMS 0x000000070f200000| PB 0x000000070f000000| Untracked 
|  98|0x000000070f200000, 0x000000070f400000, 0x000000070f400000|100%| O|  |TAMS 0x000000070f400000| PB 0x000000070f200000| Untracked 
|  99|0x000000070f400000, 0x000000070f600000, 0x000000070f600000|100%| O|  |TAMS 0x000000070f600000| PB 0x000000070f400000| Untracked 
| 100|0x000000070f600000, 0x000000070f800000, 0x000000070f800000|100%| O|  |TAMS 0x000000070f800000| PB 0x000000070f600000| Untracked 
| 101|0x000000070f800000, 0x000000070fa00000, 0x000000070fa00000|100%| O|  |TAMS 0x000000070fa00000| PB 0x000000070f800000| Untracked 
| 102|0x000000070fa00000, 0x000000070fc00000, 0x000000070fc00000|100%| O|  |TAMS 0x000000070fc00000| PB 0x000000070fa00000| Untracked 
| 103|0x000000070fc00000, 0x000000070fc00000, 0x000000070fe00000|  0%| F|  |TAMS 0x000000070fc00000| PB 0x000000070fc00000| Untracked 
| 104|0x000000070fe00000, 0x000000070fe00000, 0x0000000710000000|  0%| F|  |TAMS 0x000000070fe00000| PB 0x000000070fe00000| Untracked 
| 105|0x0000000710000000, 0x0000000710000000, 0x0000000710200000|  0%| F|  |TAMS 0x0000000710000000| PB 0x0000000710000000| Untracked 
| 106|0x0000000710200000, 0x0000000710200000, 0x0000000710400000|  0%| F|  |TAMS 0x0000000710200000| PB 0x0000000710200000| Untracked 
| 107|0x0000000710400000, 0x0000000710400000, 0x0000000710600000|  0%| F|  |TAMS 0x0000000710400000| PB 0x0000000710400000| Untracked 
| 108|0x0000000710600000, 0x0000000710600000, 0x0000000710800000|  0%| F|  |TAMS 0x0000000710600000| PB 0x0000000710600000| Untracked 
| 109|0x0000000710800000, 0x0000000710800000, 0x0000000710a00000|  0%| F|  |TAMS 0x0000000710800000| PB 0x0000000710800000| Untracked 
| 110|0x0000000710a00000, 0x0000000710a00000, 0x0000000710c00000|  0%| F|  |TAMS 0x0000000710a00000| PB 0x0000000710a00000| Untracked 
| 111|0x0000000710c00000, 0x0000000710c00000, 0x0000000710e00000|  0%| F|  |TAMS 0x0000000710c00000| PB 0x0000000710c00000| Untracked 
| 112|0x0000000710e00000, 0x0000000710e00000, 0x0000000711000000|  0%| F|  |TAMS 0x0000000710e00000| PB 0x0000000710e00000| Untracked 
| 113|0x0000000711000000, 0x0000000711000000, 0x0000000711200000|  0%| F|  |TAMS 0x0000000711000000| PB 0x0000000711000000| Untracked 
| 114|0x0000000711200000, 0x0000000711200000, 0x0000000711400000|  0%| F|  |TAMS 0x0000000711200000| PB 0x0000000711200000| Untracked 
| 115|0x0000000711400000, 0x0000000711400000, 0x0000000711600000|  0%| F|  |TAMS 0x0000000711400000| PB 0x0000000711400000| Untracked 
| 116|0x0000000711600000, 0x00000007116cd070, 0x0000000711800000| 40%| S|CS|TAMS 0x0000000711600000| PB 0x0000000711600000| Complete 
| 117|0x0000000711800000, 0x0000000711a00000, 0x0000000711a00000|100%| S|CS|TAMS 0x0000000711800000| PB 0x0000000711800000| Complete 
| 118|0x0000000711a00000, 0x0000000711c00000, 0x0000000711c00000|100%| S|CS|TAMS 0x0000000711a00000| PB 0x0000000711a00000| Complete 
| 119|0x0000000711c00000, 0x0000000711e00000, 0x0000000711e00000|100%| S|CS|TAMS 0x0000000711c00000| PB 0x0000000711c00000| Complete 
| 120|0x0000000711e00000, 0x0000000711e00000, 0x0000000712000000|  0%| F|  |TAMS 0x0000000711e00000| PB 0x0000000711e00000| Untracked 
| 121|0x0000000712000000, 0x0000000712000000, 0x0000000712200000|  0%| F|  |TAMS 0x0000000712000000| PB 0x0000000712000000| Untracked 
| 122|0x0000000712200000, 0x0000000712200000, 0x0000000712400000|  0%| F|  |TAMS 0x0000000712200000| PB 0x0000000712200000| Untracked 
| 123|0x0000000712400000, 0x0000000712400000, 0x0000000712600000|  0%| F|  |TAMS 0x0000000712400000| PB 0x0000000712400000| Untracked 
| 124|0x0000000712600000, 0x0000000712600000, 0x0000000712800000|  0%| F|  |TAMS 0x0000000712600000| PB 0x0000000712600000| Untracked 
| 125|0x0000000712800000, 0x0000000712800000, 0x0000000712a00000|  0%| F|  |TAMS 0x0000000712800000| PB 0x0000000712800000| Untracked 
| 126|0x0000000712a00000, 0x0000000712a00000, 0x0000000712c00000|  0%| F|  |TAMS 0x0000000712a00000| PB 0x0000000712a00000| Untracked 
| 127|0x0000000712c00000, 0x0000000712c00000, 0x0000000712e00000|  0%| F|  |TAMS 0x0000000712c00000| PB 0x0000000712c00000| Untracked 
| 128|0x0000000712e00000, 0x0000000712e00000, 0x0000000713000000|  0%| F|  |TAMS 0x0000000712e00000| PB 0x0000000712e00000| Untracked 
| 129|0x0000000713000000, 0x0000000713000000, 0x0000000713200000|  0%| F|  |TAMS 0x0000000713000000| PB 0x0000000713000000| Untracked 
| 130|0x0000000713200000, 0x0000000713200000, 0x0000000713400000|  0%| F|  |TAMS 0x0000000713200000| PB 0x0000000713200000| Untracked 
| 131|0x0000000713400000, 0x0000000713400000, 0x0000000713600000|  0%| F|  |TAMS 0x0000000713400000| PB 0x0000000713400000| Untracked 
| 132|0x0000000713600000, 0x0000000713600000, 0x0000000713800000|  0%| F|  |TAMS 0x0000000713600000| PB 0x0000000713600000| Untracked 
| 133|0x0000000713800000, 0x0000000713800000, 0x0000000713a00000|  0%| F|  |TAMS 0x0000000713800000| PB 0x0000000713800000| Untracked 
| 134|0x0000000713a00000, 0x0000000713a00000, 0x0000000713c00000|  0%| F|  |TAMS 0x0000000713a00000| PB 0x0000000713a00000| Untracked 
| 135|0x0000000713c00000, 0x0000000713c00000, 0x0000000713e00000|  0%| F|  |TAMS 0x0000000713c00000| PB 0x0000000713c00000| Untracked 
| 136|0x0000000713e00000, 0x0000000713e00000, 0x0000000714000000|  0%| F|  |TAMS 0x0000000713e00000| PB 0x0000000713e00000| Untracked 
| 137|0x0000000714000000, 0x0000000714000000, 0x0000000714200000|  0%| F|  |TAMS 0x0000000714000000| PB 0x0000000714000000| Untracked 
| 138|0x0000000714200000, 0x0000000714200000, 0x0000000714400000|  0%| F|  |TAMS 0x0000000714200000| PB 0x0000000714200000| Untracked 
| 139|0x0000000714400000, 0x0000000714400000, 0x0000000714600000|  0%| F|  |TAMS 0x0000000714400000| PB 0x0000000714400000| Untracked 
| 140|0x0000000714600000, 0x0000000714600000, 0x0000000714800000|  0%| F|  |TAMS 0x0000000714600000| PB 0x0000000714600000| Untracked 
| 141|0x0000000714800000, 0x0000000714800000, 0x0000000714a00000|  0%| F|  |TAMS 0x0000000714800000| PB 0x0000000714800000| Untracked 
| 142|0x0000000714a00000, 0x0000000714a00000, 0x0000000714c00000|  0%| F|  |TAMS 0x0000000714a00000| PB 0x0000000714a00000| Untracked 
| 143|0x0000000714c00000, 0x0000000714c00000, 0x0000000714e00000|  0%| F|  |TAMS 0x0000000714c00000| PB 0x0000000714c00000| Untracked 
| 144|0x0000000714e00000, 0x0000000714e00000, 0x0000000715000000|  0%| F|  |TAMS 0x0000000714e00000| PB 0x0000000714e00000| Untracked 
| 145|0x0000000715000000, 0x0000000715000000, 0x0000000715200000|  0%| F|  |TAMS 0x0000000715000000| PB 0x0000000715000000| Untracked 
| 146|0x0000000715200000, 0x0000000715200000, 0x0000000715400000|  0%| F|  |TAMS 0x0000000715200000| PB 0x0000000715200000| Untracked 
| 147|0x0000000715400000, 0x0000000715400000, 0x0000000715600000|  0%| F|  |TAMS 0x0000000715400000| PB 0x0000000715400000| Untracked 
| 148|0x0000000715600000, 0x0000000715600000, 0x0000000715800000|  0%| F|  |TAMS 0x0000000715600000| PB 0x0000000715600000| Untracked 
| 149|0x0000000715800000, 0x0000000715800000, 0x0000000715a00000|  0%| F|  |TAMS 0x0000000715800000| PB 0x0000000715800000| Untracked 
| 150|0x0000000715a00000, 0x0000000715a00000, 0x0000000715c00000|  0%| F|  |TAMS 0x0000000715a00000| PB 0x0000000715a00000| Untracked 
| 151|0x0000000715c00000, 0x0000000715c00000, 0x0000000715e00000|  0%| F|  |TAMS 0x0000000715c00000| PB 0x0000000715c00000| Untracked 
| 152|0x0000000715e00000, 0x0000000715e00000, 0x0000000716000000|  0%| F|  |TAMS 0x0000000715e00000| PB 0x0000000715e00000| Untracked 
| 153|0x0000000716000000, 0x0000000716000000, 0x0000000716200000|  0%| F|  |TAMS 0x0000000716000000| PB 0x0000000716000000| Untracked 
| 154|0x0000000716200000, 0x0000000716200000, 0x0000000716400000|  0%| F|  |TAMS 0x0000000716200000| PB 0x0000000716200000| Untracked 
| 155|0x0000000716400000, 0x0000000716400000, 0x0000000716600000|  0%| F|  |TAMS 0x0000000716400000| PB 0x0000000716400000| Untracked 
| 156|0x0000000716600000, 0x0000000716600000, 0x0000000716800000|  0%| F|  |TAMS 0x0000000716600000| PB 0x0000000716600000| Untracked 
| 157|0x0000000716800000, 0x0000000716800000, 0x0000000716a00000|  0%| F|  |TAMS 0x0000000716800000| PB 0x0000000716800000| Untracked 
| 158|0x0000000716a00000, 0x0000000716a00000, 0x0000000716c00000|  0%| F|  |TAMS 0x0000000716a00000| PB 0x0000000716a00000| Untracked 
| 159|0x0000000716c00000, 0x0000000716c00000, 0x0000000716e00000|  0%| F|  |TAMS 0x0000000716c00000| PB 0x0000000716c00000| Untracked 
| 160|0x0000000716e00000, 0x0000000716e00000, 0x0000000717000000|  0%| F|  |TAMS 0x0000000716e00000| PB 0x0000000716e00000| Untracked 
| 161|0x0000000717000000, 0x0000000717000000, 0x0000000717200000|  0%| F|  |TAMS 0x0000000717000000| PB 0x0000000717000000| Untracked 
| 162|0x0000000717200000, 0x0000000717200000, 0x0000000717400000|  0%| F|  |TAMS 0x0000000717200000| PB 0x0000000717200000| Untracked 
| 163|0x0000000717400000, 0x0000000717400000, 0x0000000717600000|  0%| F|  |TAMS 0x0000000717400000| PB 0x0000000717400000| Untracked 
| 164|0x0000000717600000, 0x0000000717600000, 0x0000000717800000|  0%| F|  |TAMS 0x0000000717600000| PB 0x0000000717600000| Untracked 
| 165|0x0000000717800000, 0x0000000717800000, 0x0000000717a00000|  0%| F|  |TAMS 0x0000000717800000| PB 0x0000000717800000| Untracked 
| 166|0x0000000717a00000, 0x0000000717a00000, 0x0000000717c00000|  0%| F|  |TAMS 0x0000000717a00000| PB 0x0000000717a00000| Untracked 
| 167|0x0000000717c00000, 0x0000000717c00000, 0x0000000717e00000|  0%| F|  |TAMS 0x0000000717c00000| PB 0x0000000717c00000| Untracked 
| 168|0x0000000717e00000, 0x0000000717e00000, 0x0000000718000000|  0%| F|  |TAMS 0x0000000717e00000| PB 0x0000000717e00000| Untracked 
| 169|0x0000000718000000, 0x0000000718000000, 0x0000000718200000|  0%| F|  |TAMS 0x0000000718000000| PB 0x0000000718000000| Untracked 
| 170|0x0000000718200000, 0x0000000718200000, 0x0000000718400000|  0%| F|  |TAMS 0x0000000718200000| PB 0x0000000718200000| Untracked 
| 171|0x0000000718400000, 0x0000000718400000, 0x0000000718600000|  0%| F|  |TAMS 0x0000000718400000| PB 0x0000000718400000| Untracked 
| 172|0x0000000718600000, 0x0000000718600000, 0x0000000718800000|  0%| F|  |TAMS 0x0000000718600000| PB 0x0000000718600000| Untracked 
| 173|0x0000000718800000, 0x0000000718800000, 0x0000000718a00000|  0%| F|  |TAMS 0x0000000718800000| PB 0x0000000718800000| Untracked 
| 174|0x0000000718a00000, 0x0000000718a00000, 0x0000000718c00000|  0%| F|  |TAMS 0x0000000718a00000| PB 0x0000000718a00000| Untracked 
| 175|0x0000000718c00000, 0x0000000718c00000, 0x0000000718e00000|  0%| F|  |TAMS 0x0000000718c00000| PB 0x0000000718c00000| Untracked 
| 176|0x0000000718e00000, 0x0000000718e00000, 0x0000000719000000|  0%| F|  |TAMS 0x0000000718e00000| PB 0x0000000718e00000| Untracked 
| 177|0x0000000719000000, 0x0000000719000000, 0x0000000719200000|  0%| F|  |TAMS 0x0000000719000000| PB 0x0000000719000000| Untracked 
| 178|0x0000000719200000, 0x0000000719200000, 0x0000000719400000|  0%| F|  |TAMS 0x0000000719200000| PB 0x0000000719200000| Untracked 
| 179|0x0000000719400000, 0x0000000719400000, 0x0000000719600000|  0%| F|  |TAMS 0x0000000719400000| PB 0x0000000719400000| Untracked 
| 180|0x0000000719600000, 0x0000000719600000, 0x0000000719800000|  0%| F|  |TAMS 0x0000000719600000| PB 0x0000000719600000| Untracked 
| 181|0x0000000719800000, 0x0000000719800000, 0x0000000719a00000|  0%| F|  |TAMS 0x0000000719800000| PB 0x0000000719800000| Untracked 
| 182|0x0000000719a00000, 0x0000000719a00000, 0x0000000719c00000|  0%| F|  |TAMS 0x0000000719a00000| PB 0x0000000719a00000| Untracked 
| 183|0x0000000719c00000, 0x0000000719c00000, 0x0000000719e00000|  0%| F|  |TAMS 0x0000000719c00000| PB 0x0000000719c00000| Untracked 
| 184|0x0000000719e00000, 0x0000000719e00000, 0x000000071a000000|  0%| F|  |TAMS 0x0000000719e00000| PB 0x0000000719e00000| Untracked 
| 185|0x000000071a000000, 0x000000071a000000, 0x000000071a200000|  0%| F|  |TAMS 0x000000071a000000| PB 0x000000071a000000| Untracked 
| 186|0x000000071a200000, 0x000000071a200000, 0x000000071a400000|  0%| F|  |TAMS 0x000000071a200000| PB 0x000000071a200000| Untracked 
| 187|0x000000071a400000, 0x000000071a400000, 0x000000071a600000|  0%| F|  |TAMS 0x000000071a400000| PB 0x000000071a400000| Untracked 
| 188|0x000000071a600000, 0x000000071a600000, 0x000000071a800000|  0%| F|  |TAMS 0x000000071a600000| PB 0x000000071a600000| Untracked 
| 189|0x000000071a800000, 0x000000071a800000, 0x000000071aa00000|  0%| F|  |TAMS 0x000000071a800000| PB 0x000000071a800000| Untracked 
| 190|0x000000071aa00000, 0x000000071aa00000, 0x000000071ac00000|  0%| F|  |TAMS 0x000000071aa00000| PB 0x000000071aa00000| Untracked 
| 191|0x000000071ac00000, 0x000000071ac00000, 0x000000071ae00000|  0%| F|  |TAMS 0x000000071ac00000| PB 0x000000071ac00000| Untracked 
| 192|0x000000071ae00000, 0x000000071af00800, 0x000000071b000000| 50%| E|  |TAMS 0x000000071ae00000| PB 0x000000071ae00000| Complete 
| 193|0x000000071b000000, 0x000000071b200000, 0x000000071b200000|100%| E|CS|TAMS 0x000000071b000000| PB 0x000000071b000000| Complete 
| 194|0x000000071b200000, 0x000000071b400000, 0x000000071b400000|100%| E|CS|TAMS 0x000000071b200000| PB 0x000000071b200000| Complete 
|2017|0x00000007ff000000, 0x00000007ff200000, 0x00000007ff200000|100%| O|  |TAMS 0x00000007ff0523a0| PB 0x00000007ff000000| Untracked 
|2018|0x00000007ff200000, 0x00000007ff400000, 0x00000007ff400000|100%| O|  |TAMS 0x00000007ff400000| PB 0x00000007ff200000| Untracked 
|2019|0x00000007ff400000, 0x00000007ff600000, 0x00000007ff600000|100%| O|  |TAMS 0x00000007ff600000| PB 0x00000007ff400000| Untracked 
|2020|0x00000007ff600000, 0x00000007ff800000, 0x00000007ff800000|100%| O|  |TAMS 0x00000007ff800000| PB 0x00000007ff600000| Untracked 
|2021|0x00000007ff800000, 0x00000007ffa00000, 0x00000007ffa00000|100%| O|  |TAMS 0x00000007ffa00000| PB 0x00000007ff800000| Untracked 
|2022|0x00000007ffa00000, 0x00000007ffc00000, 0x00000007ffc00000|100%| O|  |TAMS 0x00000007ffc00000| PB 0x00000007ffa00000| Untracked 
|2023|0x00000007ffc00000, 0x00000007ffe00000, 0x00000007ffe00000|100%| O|  |TAMS 0x00000007ffe00000| PB 0x00000007ffc00000| Untracked 
|2024|0x00000007ffe00000, 0x0000000800000000, 0x0000000800000000|100%| O|  |TAMS 0x0000000800000000| PB 0x00000007ffe00000| Untracked 

Card table byte_map: [0x000001fdc6100000,0x000001fdc68f0000] _byte_map_base: 0x000001fdc28e9000

Marking Bits: (CMBitMap*) 0x000001fdb32d2d20
 Bits: [0x000001fdc68f0000, 0x000001fdca838000)

Polling page: 0x000001fdb1200000

Metaspace:

Usage:
  Non-class:     74.18 MB used.
      Class:      8.45 MB used.
       Both:     82.63 MB used.

Virtual space:
  Non-class space:      128.00 MB reserved,      74.44 MB ( 58%) committed,  2 nodes.
      Class space:        1.00 GB reserved,       8.62 MB ( <1%) committed,  1 nodes.
             Both:        1.12 GB reserved,      83.06 MB (  7%) committed. 

Chunk freelists:
   Non-Class:  5.59 MB
       Class:  7.34 MB
        Both:  12.94 MB

MaxMetaspaceSize: unlimited
CompressedClassSpaceSize: 1.00 GB
Initial GC threshold: 21.00 MB
Current GC threshold: 120.25 MB
CDS: off
 - commit_granule_bytes: 65536.
 - commit_granule_words: 8192.
 - virtual_space_node_default_size: 8388608.
 - enlarge_chunks_in_place: 1.
 - use_allocation_guard: 0.


Internal statistics:

num_allocs_failed_limit: 8.
num_arena_births: 566.
num_arena_deaths: 0.
num_vsnodes_births: 3.
num_vsnodes_deaths: 0.
num_space_committed: 1326.
num_space_uncommitted: 0.
num_chunks_returned_to_freelist: 8.
num_chunks_taken_from_freelist: 3290.
num_chunk_merges: 8.
num_chunk_splits: 2658.
num_chunks_enlarged: 2314.
num_inconsistent_stats: 0.

CodeHeap 'non-profiled nmethods': size=120000Kb used=15744Kb max_used=15744Kb free=104255Kb
 bounds [0x000001fdbde90000, 0x000001fdbee00000, 0x000001fdc53c0000]
CodeHeap 'profiled nmethods': size=120000Kb used=64362Kb max_used=64362Kb free=55637Kb
 bounds [0x000001fdb63c0000, 0x000001fdba2a0000, 0x000001fdbd8f0000]
CodeHeap 'non-nmethods': size=5760Kb used=1873Kb max_used=1886Kb free=3886Kb
 bounds [0x000001fdbd8f0000, 0x000001fdbdb60000, 0x000001fdbde90000]
 total_blobs=18047 nmethods=17220 adapters=724
 compilation: enabled
              stopped_count=0, restarted_count=0
 full_count=0

Compilation events (20 events):
Event: 9.887 Thread 0x000001fdcd6a2b90 nmethod 19158 0x000001fdba28d990 code [0x000001fdba28dbe0, 0x000001fdba28e060]
Event: 9.887 Thread 0x000001fdcd6a2b90 19159       2       org.jetbrains.kotlin.backend.jvm.lower.RepeatedAnnotationLowering::visitCall (6 bytes)
Event: 9.887 Thread 0x000001fdcd66fe50 nmethod 19213 0x000001fdbede8110 code [0x000001fdbede82e0, 0x000001fdbede8560]
Event: 9.887 Thread 0x000001fdcd66fe50 19215       4       java.lang.ClassLoader::getNamedPackage (73 bytes)
Event: 9.887 Thread 0x000001fdcd6a2b90 nmethod 19159 0x000001fdba28e390 code [0x000001fdba28e5e0, 0x000001fdba28ea60]
Event: 9.887 Thread 0x000001fdcd6a2b90 19166       2       org.jetbrains.kotlin.backend.jvm.lower.RepeatedAnnotationLowering::visitComposite (7 bytes)
Event: 9.888 Thread 0x000001fdcd6a2b90 nmethod 19166 0x000001fdba28ed90 code [0x000001fdba28efe0, 0x000001fdba28f460]
Event: 9.888 Thread 0x000001fdcd6a2b90 19167       2       org.jetbrains.kotlin.backend.jvm.lower.RepeatedAnnotationLowering::visitComposite (6 bytes)
Event: 9.888 Thread 0x000001fdcd6a2b90 nmethod 19167 0x000001fdba28f790 code [0x000001fdba28f9e0, 0x000001fdba28fe88]
Event: 9.888 Thread 0x000001fdcd6a2b90 19145       2       org.jetbrains.kotlin.backend.jvm.lower.RepeatedAnnotationLowering::visitValueParameter (13 bytes)
Event: 9.888 Thread 0x000001fdcd6a2b90 nmethod 19145 0x000001fdba290210 code [0x000001fdba290440, 0x000001fdba2908c8]
Event: 9.888 Thread 0x000001fdcd6a2b90 19146       2       org.jetbrains.kotlin.backend.jvm.lower.RepeatedAnnotationLowering::visitValueParameter (7 bytes)
Event: 9.889 Thread 0x000001fdcd6a2b90 nmethod 19146 0x000001fdba290c10 code [0x000001fdba290ec0, 0x000001fdba291580]
Event: 9.889 Thread 0x000001fdcd6a2b90 19147       2       org.jetbrains.kotlin.backend.jvm.lower.RepeatedAnnotationLowering::visitValueParameter (6 bytes)
Event: 9.889 Thread 0x000001fdcd6a2b90 nmethod 19147 0x000001fdba291a90 code [0x000001fdba291d80, 0x000001fdba292660]
Event: 9.890 Thread 0x000001fdcd6a2b90 19216       3       org.jetbrains.kotlin.backend.common.ClassLoweringVisitor::visitElement (15 bytes)
Event: 9.890 Thread 0x000001fdcd6a2b90 nmethod 19216 0x000001fdba292c90 code [0x000001fdba292f40, 0x000001fdba293b20]
Event: 9.890 Thread 0x000001fdcd6a2b90 19217       3       org.jetbrains.kotlin.backend.common.ClassLoweringVisitor::visitExpression (6 bytes)
Event: 9.890 Thread 0x000001fdcd6a2b90 nmethod 19217 0x000001fdba293f90 code [0x000001fdba2942c0, 0x000001fdba2952e8]
Event: 9.892 Thread 0x000001fdcd66fe50 nmethod 19215 0x000001fdbede8810 code [0x000001fdbede8a20, 0x000001fdbede91a0]

GC Heap History (20 events):
Event: 4.521 GC heap before
{Heap before GC invocations=18 (full 0):
 garbage-first heap   total 278528K, used 216771K [0x0000000702e00000, 0x0000000800000000)
  region size 2048K, 55 young (112640K), 7 survivors (14336K)
 Metaspace       used 59616K, committed 59968K, reserved 1114112K
  class space    used 6573K, committed 6720K, reserved 1048576K
}
Event: 4.527 GC heap after
{Heap after GC invocations=19 (full 0):
 garbage-first heap   total 278528K, used 125798K [0x0000000702e00000, 0x0000000800000000)
  region size 2048K, 4 young (8192K), 4 survivors (8192K)
 Metaspace       used 59616K, committed 59968K, reserved 1114112K
  class space    used 6573K, committed 6720K, reserved 1048576K
}
Event: 5.036 GC heap before
{Heap before GC invocations=19 (full 0):
 garbage-first heap   total 278528K, used 228198K [0x0000000702e00000, 0x0000000800000000)
  region size 2048K, 54 young (110592K), 4 survivors (8192K)
 Metaspace       used 60030K, committed 60352K, reserved 1114112K
  class space    used 6587K, committed 6720K, reserved 1048576K
}
Event: 5.041 GC heap after
{Heap after GC invocations=20 (full 0):
 garbage-first heap   total 335872K, used 131803K [0x0000000702e00000, 0x0000000800000000)
  region size 2048K, 7 young (14336K), 7 survivors (14336K)
 Metaspace       used 60030K, committed 60352K, reserved 1114112K
  class space    used 6587K, committed 6720K, reserved 1048576K
}
Event: 5.137 GC heap before
{Heap before GC invocations=20 (full 0):
 garbage-first heap   total 335872K, used 150235K [0x0000000702e00000, 0x0000000800000000)
  region size 2048K, 17 young (34816K), 7 survivors (14336K)
 Metaspace       used 60115K, committed 60480K, reserved 1114112K
  class space    used 6592K, committed 6720K, reserved 1048576K
}
Event: 5.144 GC heap after
{Heap after GC invocations=21 (full 0):
 garbage-first heap   total 335872K, used 134698K [0x0000000702e00000, 0x0000000800000000)
  region size 2048K, 5 young (10240K), 5 survivors (10240K)
 Metaspace       used 60115K, committed 60480K, reserved 1114112K
  class space    used 6592K, committed 6720K, reserved 1048576K
}
Event: 5.813 GC heap before
{Heap before GC invocations=22 (full 0):
 garbage-first heap   total 335872K, used 278058K [0x0000000702e00000, 0x0000000800000000)
  region size 2048K, 75 young (153600K), 5 survivors (10240K)
 Metaspace       used 60372K, committed 60672K, reserved 1114112K
  class space    used 6603K, committed 6720K, reserved 1048576K
}
Event: 5.821 GC heap after
{Heap after GC invocations=23 (full 0):
 garbage-first heap   total 335872K, used 142899K [0x0000000702e00000, 0x0000000800000000)
  region size 2048K, 9 young (18432K), 9 survivors (18432K)
 Metaspace       used 60372K, committed 60672K, reserved 1114112K
  class space    used 6603K, committed 6720K, reserved 1048576K
}
Event: 6.674 GC heap before
{Heap before GC invocations=23 (full 0):
 garbage-first heap   total 335872K, used 286259K [0x0000000702e00000, 0x0000000800000000)
  region size 2048K, 79 young (161792K), 9 survivors (18432K)
 Metaspace       used 64369K, committed 64640K, reserved 1114112K
  class space    used 6925K, committed 7040K, reserved 1048576K
}
Event: 6.692 GC heap after
{Heap after GC invocations=24 (full 0):
 garbage-first heap   total 335872K, used 153316K [0x0000000702e00000, 0x0000000800000000)
  region size 2048K, 10 young (20480K), 10 survivors (20480K)
 Metaspace       used 64369K, committed 64640K, reserved 1114112K
  class space    used 6925K, committed 7040K, reserved 1048576K
}
Event: 7.522 GC heap before
{Heap before GC invocations=24 (full 0):
 garbage-first heap   total 335872K, used 292580K [0x0000000702e00000, 0x0000000800000000)
  region size 2048K, 78 young (159744K), 10 survivors (20480K)
 Metaspace       used 69186K, committed 69504K, reserved 1114112K
  class space    used 7320K, committed 7488K, reserved 1048576K
}
Event: 7.536 GC heap after
{Heap after GC invocations=25 (full 0):
 garbage-first heap   total 335872K, used 166642K [0x0000000702e00000, 0x0000000800000000)
  region size 2048K, 7 young (14336K), 7 survivors (14336K)
 Metaspace       used 69186K, committed 69504K, reserved 1114112K
  class space    used 7320K, committed 7488K, reserved 1048576K
}
Event: 8.029 GC heap before
{Heap before GC invocations=25 (full 0):
 garbage-first heap   total 335872K, used 223986K [0x0000000702e00000, 0x0000000800000000)
  region size 2048K, 36 young (73728K), 7 survivors (14336K)
 Metaspace       used 73415K, committed 73792K, reserved 1179648K
  class space    used 7653K, committed 7808K, reserved 1048576K
}
Event: 8.038 GC heap after
{Heap after GC invocations=26 (full 0):
 garbage-first heap   total 335872K, used 177331K [0x0000000702e00000, 0x0000000800000000)
  region size 2048K, 6 young (12288K), 6 survivors (12288K)
 Metaspace       used 73415K, committed 73792K, reserved 1179648K
  class space    used 7653K, committed 7808K, reserved 1048576K
}
Event: 8.876 GC heap before
{Heap before GC invocations=27 (full 0):
 garbage-first heap   total 335872K, used 298163K [0x0000000702e00000, 0x0000000800000000)
  region size 2048K, 65 young (133120K), 6 survivors (12288K)
 Metaspace       used 78314K, committed 78592K, reserved 1179648K
  class space    used 8069K, committed 8192K, reserved 1048576K
}
Event: 8.888 GC heap after
{Heap after GC invocations=28 (full 0):
 garbage-first heap   total 335872K, used 196324K [0x0000000702e00000, 0x0000000800000000)
  region size 2048K, 9 young (18432K), 9 survivors (18432K)
 Metaspace       used 78314K, committed 78592K, reserved 1179648K
  class space    used 8069K, committed 8192K, reserved 1048576K
}
Event: 9.302 GC heap before
{Heap before GC invocations=28 (full 0):
 garbage-first heap   total 335872K, used 298724K [0x0000000702e00000, 0x0000000800000000)
  region size 2048K, 59 young (120832K), 9 survivors (18432K)
 Metaspace       used 79230K, committed 79616K, reserved 1179648K
  class space    used 8149K, committed 8320K, reserved 1048576K
}
Event: 9.317 GC heap after
{Heap after GC invocations=29 (full 0):
 garbage-first heap   total 346112K, used 219181K [0x0000000702e00000, 0x0000000800000000)
  region size 2048K, 8 young (16384K), 8 survivors (16384K)
 Metaspace       used 79230K, committed 79616K, reserved 1179648K
  class space    used 8149K, committed 8320K, reserved 1048576K
}
Event: 9.873 GC heap before
{Heap before GC invocations=29 (full 0):
 garbage-first heap   total 346112K, used 301101K [0x0000000702e00000, 0x0000000800000000)
  region size 2048K, 48 young (98304K), 8 survivors (16384K)
 Metaspace       used 83646K, committed 84032K, reserved 1179648K
  class space    used 8565K, committed 8704K, reserved 1048576K
}
Event: 9.883 GC heap after
{Heap after GC invocations=30 (full 0):
 garbage-first heap   total 415744K, used 227564K [0x0000000702e00000, 0x0000000800000000)
  region size 2048K, 4 young (8192K), 4 survivors (8192K)
 Metaspace       used 83646K, committed 84032K, reserved 1179648K
  class space    used 8565K, committed 8704K, reserved 1048576K
}

Dll operation events (3 events):
Event: 0.003 Loaded shared library C:\Program Files\Android\Android Studio\jbr\bin\java.dll
Event: 0.006 Loaded shared library C:\Program Files\Android\Android Studio\jbr\bin\zip.dll
Event: 0.495 Loaded shared library C:\Program Files\Android\Android Studio\jbr\bin\verify.dll

Deoptimization events (20 events):
Event: 9.813 Thread 0x000001fdb111e700 Uncommon trap: trap_request=0xffffffc6 fr.pc=0x000001fdbedc5a20 relative=0x0000000000000920
Event: 9.813 Thread 0x000001fdb111e700 Uncommon trap: reason=bimorphic_or_optimized_type_check action=maybe_recompile pc=0x000001fdbedc5a20 method=org.jetbrains.kotlin.ir.interpreter.preprocessor.IrInterpreterKCallableNamePreprocessor$Companion.isEnumName(Lorg/jetbrains/kotlin/ir/expressions/I
Event: 9.813 Thread 0x000001fdb111e700 DEOPT PACKING pc=0x000001fdbedc5a20 sp=0x00000087b2dfcdf0
Event: 9.813 Thread 0x000001fdb111e700 DEOPT UNPACKING pc=0x000001fdbd9446a2 sp=0x00000087b2dfcdb0 mode 2
Event: 9.813 Thread 0x000001fdb111e700 Uncommon trap: trap_request=0xffffffc6 fr.pc=0x000001fdbedc5a20 relative=0x0000000000000920
Event: 9.813 Thread 0x000001fdb111e700 Uncommon trap: reason=bimorphic_or_optimized_type_check action=maybe_recompile pc=0x000001fdbedc5a20 method=org.jetbrains.kotlin.ir.interpreter.preprocessor.IrInterpreterKCallableNamePreprocessor$Companion.isEnumName(Lorg/jetbrains/kotlin/ir/expressions/I
Event: 9.813 Thread 0x000001fdb111e700 DEOPT PACKING pc=0x000001fdbedc5a20 sp=0x00000087b2dfcea0
Event: 9.813 Thread 0x000001fdb111e700 DEOPT UNPACKING pc=0x000001fdbd9446a2 sp=0x00000087b2dfce60 mode 2
Event: 9.818 Thread 0x000001fdb111e700 Uncommon trap: trap_request=0xffffffc6 fr.pc=0x000001fdbedc5a20 relative=0x0000000000000920
Event: 9.818 Thread 0x000001fdb111e700 Uncommon trap: reason=bimorphic_or_optimized_type_check action=maybe_recompile pc=0x000001fdbedc5a20 method=org.jetbrains.kotlin.ir.interpreter.preprocessor.IrInterpreterKCallableNamePreprocessor$Companion.isEnumName(Lorg/jetbrains/kotlin/ir/expressions/I
Event: 9.818 Thread 0x000001fdb111e700 DEOPT PACKING pc=0x000001fdbedc5a20 sp=0x00000087b2dfd760
Event: 9.818 Thread 0x000001fdb111e700 DEOPT UNPACKING pc=0x000001fdbd9446a2 sp=0x00000087b2dfd720 mode 2
Event: 9.818 Thread 0x000001fdb111e700 Uncommon trap: trap_request=0xffffffc6 fr.pc=0x000001fdbedc5a20 relative=0x0000000000000920
Event: 9.818 Thread 0x000001fdb111e700 Uncommon trap: reason=bimorphic_or_optimized_type_check action=maybe_recompile pc=0x000001fdbedc5a20 method=org.jetbrains.kotlin.ir.interpreter.preprocessor.IrInterpreterKCallableNamePreprocessor$Companion.isEnumName(Lorg/jetbrains/kotlin/ir/expressions/I
Event: 9.818 Thread 0x000001fdb111e700 DEOPT PACKING pc=0x000001fdbedc5a20 sp=0x00000087b2dfc370
Event: 9.818 Thread 0x000001fdb111e700 DEOPT UNPACKING pc=0x000001fdbd9446a2 sp=0x00000087b2dfc330 mode 2
Event: 9.846 Thread 0x000001fdb111e700 Uncommon trap: trap_request=0xffffff45 fr.pc=0x000001fdbedd8e04 relative=0x0000000000000124
Event: 9.846 Thread 0x000001fdb111e700 Uncommon trap: reason=unstable_if action=reinterpret pc=0x000001fdbedd8e04 method=org.jetbrains.kotlin.backend.jvm.lower.JvmStaticAnnotationLoweringKt.isJvmStaticDeclaration(Lorg/jetbrains/kotlin/ir/declarations/IrDeclaration;)Z @ 61 c2
Event: 9.846 Thread 0x000001fdb111e700 DEOPT PACKING pc=0x000001fdbedd8e04 sp=0x00000087b2dfcff0
Event: 9.846 Thread 0x000001fdb111e700 DEOPT UNPACKING pc=0x000001fdbd9446a2 sp=0x00000087b2dfcf80 mode 2

Classes loaded (20 events):
Event: 8.564 Loading class java/util/Formatter$FormatString done
Event: 8.564 Loading class java/util/Formatter$FixedString done
Event: 8.564 Loading class java/util/Formatter$Conversion
Event: 8.564 Loading class java/util/Formatter$Conversion done
Event: 8.564 Loading class java/util/Formatter$FormatSpecifier
Event: 8.565 Loading class java/util/Formatter$FormatSpecifier done
Event: 8.565 Loading class java/util/Formattable
Event: 8.565 Loading class java/util/Formattable done
Event: 8.565 Loading class java/util/Formatter$Flags
Event: 8.565 Loading class java/util/Formatter$Flags done
Event: 8.590 Loading class java/lang/invoke/BoundMethodHandle$Species_LLJ
Event: 8.590 Loading class java/lang/invoke/BoundMethodHandle$Species_LLJ done
Event: 9.120 Loading class java/lang/invoke/BoundMethodHandle$Species_LLLJ
Event: 9.120 Loading class java/lang/invoke/BoundMethodHandle$Species_LLLJ done
Event: 9.120 Loading class java/lang/invoke/LambdaFormEditor$1
Event: 9.120 Loading class java/lang/invoke/LambdaFormEditor$1 done
Event: 9.121 Loading class java/util/TreeMap$EntrySet
Event: 9.121 Loading class java/util/TreeMap$EntrySet done
Event: 9.121 Loading class java/util/TreeMap$EntryIterator
Event: 9.121 Loading class java/util/TreeMap$EntryIterator done

Classes unloaded (0 events):
No events

Classes redefined (0 events):
No events

Internal exceptions (20 events):
Event: 7.956 Thread 0x000001fdb111e700 Implicit null exception at 0x000001fdbeb2beec to 0x000001fdbeb2dc20
Event: 7.989 Thread 0x000001fdb111e700 Implicit null exception at 0x000001fdbeb1ed54 to 0x000001fdbeb1f4b4
Event: 8.085 Thread 0x000001fdb111e700 Implicit null exception at 0x000001fdbeae1758 to 0x000001fdbeae17cd
Event: 8.171 Thread 0x000001fdb111e700 Implicit null exception at 0x000001fdbe553363 to 0x000001fdbe553458
Event: 8.314 Thread 0x000001fdb111e700 Implicit null exception at 0x000001fdbeb0672f to 0x000001fdbeb07684
Event: 8.327 Thread 0x000001fdb111e700 Exception <a 'java/lang/NoSuchMethodError'{0x00000007148aa450}: 'java.lang.Object java.lang.invoke.DirectMethodHandle$Holder.invokeStatic(java.lang.Object, java.lang.Object, int, java.lang.Object, java.lang.Object)'> (0x00000007148aa450) 
thrown [s\src\hotspot\share\interpreter\linkResolver.cpp, line 784]
Event: 8.327 Thread 0x000001fdb111e700 Exception <a 'java/lang/NoSuchMethodError'{0x00000007148b14f0}: 'java.lang.Object java.lang.invoke.DirectMethodHandle$Holder.newInvokeSpecial(java.lang.Object, java.lang.Object, int, java.lang.Object, java.lang.Object)'> (0x00000007148b14f0) 
thrown [s\src\hotspot\share\interpreter\linkResolver.cpp, line 784]
Event: 8.327 Thread 0x000001fdb111e700 Exception <a 'java/lang/NoSuchMethodError'{0x00000007148b5708}: 'java.lang.Object java.lang.invoke.DirectMethodHandle$Holder.invokeSpecial(java.lang.Object, java.lang.Object, java.lang.Object, int, java.lang.Object, java.lang.Object)'> (0x00000007148b5708) 
thrown [s\src\hotspot\share\interpreter\linkResolver.cpp, line 784]
Event: 8.327 Thread 0x000001fdb111e700 Exception <a 'java/lang/NoSuchMethodError'{0x00000007148b8f40}: 'java.lang.Object java.lang.invoke.Invokers$Holder.linkToTargetMethod(java.lang.Object, int, java.lang.Object, java.lang.Object, java.lang.Object)'> (0x00000007148b8f40) 
thrown [s\src\hotspot\share\interpreter\linkResolver.cpp, line 784]
Event: 8.590 Thread 0x000001fdb111e700 Implicit null exception at 0x000001fdbe3b3ce6 to 0x000001fdbe3b41f0
Event: 8.626 Thread 0x000001fdb111e700 Exception <a 'java/lang/NoSuchMethodError'{0x00000007117d0638}: 'java.lang.Object java.lang.invoke.DirectMethodHandle$Holder.invokeStatic(java.lang.Object, java.lang.Object, java.lang.Object, java.lang.Object, java.lang.Object, java.lang.Object, int, java.lang.Object)'> (0x00000007117d0638) 
thrown [s\src\hotspot\share\interpreter\linkResolver.cpp, line 784]
Event: 8.626 Thread 0x000001fdb111e700 Exception <a 'java/lang/NoSuchMethodError'{0x00000007117da4c8}: 'java.lang.Object java.lang.invoke.DirectMethodHandle$Holder.newInvokeSpecial(java.lang.Object, java.lang.Object, java.lang.Object, java.lang.Object, java.lang.Object, java.lang.Object, int)'> (0x00000007117da4c8) 
thrown [s\src\hotspot\share\interpreter\linkResolver.cpp, line 784]
Event: 8.627 Thread 0x000001fdb111e700 Exception <a 'java/lang/NoSuchMethodError'{0x00000007117df0b0}: 'java.lang.Object java.lang.invoke.DirectMethodHandle$Holder.invokeSpecial(java.lang.Object, java.lang.Object, java.lang.Object, java.lang.Object, java.lang.Object, java.lang.Object, java.lang.Object, int)'> (0x00000007117df0b0) 
thrown [s\src\hotspot\share\interpreter\linkResolver.cpp, line 784]
Event: 9.097 Thread 0x000001fdb111e700 Implicit null exception at 0x000001fdbeb97fe0 to 0x000001fdbeb980a1
Event: 9.355 Thread 0x000001fdb111e700 Exception <a 'java/lang/NoSuchMethodError'{0x00000007169192e8}: 'java.lang.Object java.lang.invoke.DirectMethodHandle$Holder.invokeStatic(java.lang.Object, java.lang.Object, java.lang.Object, java.lang.Object, java.lang.Object, int, java.lang.Object, java.lang.Object)'> (0x00000007169192e8) 
thrown [s\src\hotspot\share\interpreter\linkResolver.cpp, line 784]
Event: 9.512 Thread 0x000001fdb111e700 Exception <a 'java/lang/NoSuchMethodError'{0x0000000714804048}: 'java.lang.Object java.lang.invoke.DirectMethodHandle$Holder.newInvokeSpecial(java.lang.Object, java.lang.Object, int, java.lang.Object)'> (0x0000000714804048) 
thrown [s\src\hotspot\share\interpreter\linkResolver.cpp, line 784]
Event: 9.512 Thread 0x000001fdb111e700 Exception <a 'java/lang/NoSuchMethodError'{0x0000000714807c08}: 'java.lang.Object java.lang.invoke.DirectMethodHandle$Holder.invokeSpecial(java.lang.Object, java.lang.Object, java.lang.Object, int, java.lang.Object)'> (0x0000000714807c08) 
thrown [s\src\hotspot\share\interpreter\linkResolver.cpp, line 784]
Event: 9.512 Thread 0x000001fdb111e700 Exception <a 'java/lang/NoSuchMethodError'{0x000000071480b318}: 'java.lang.Object java.lang.invoke.Invokers$Holder.linkToTargetMethod(java.lang.Object, int, java.lang.Object, java.lang.Object)'> (0x000000071480b318) 
thrown [s\src\hotspot\share\interpreter\linkResolver.cpp, line 784]
Event: 9.649 Thread 0x000001fdb111e700 Exception <a 'java/lang/NoSuchMethodError'{0x000000071322d130}: 'java.lang.Object java.lang.invoke.DirectMethodHandle$Holder.newInvokeSpecial(java.lang.Object, int, java.lang.Object, int)'> (0x000000071322d130) 
thrown [s\src\hotspot\share\interpreter\linkResolver.cpp, line 784]
Event: 9.714 Thread 0x000001fdb111e700 Implicit null exception at 0x000001fdbecadd8e to 0x000001fdbecae5e0

ZGC Phase Switch (0 events):
No events

VM Operations (20 events):
Event: 9.662 Executing VM operation: HandshakeAllThreads (Deoptimize)
Event: 9.662 Executing VM operation: HandshakeAllThreads (Deoptimize) done
Event: 9.674 Executing VM operation: ICBufferFull
Event: 9.674 Executing VM operation: ICBufferFull done
Event: 9.690 Executing VM operation: HandshakeAllThreads (Deoptimize)
Event: 9.690 Executing VM operation: HandshakeAllThreads (Deoptimize) done
Event: 9.706 Executing VM operation: HandshakeAllThreads (Deoptimize)
Event: 9.706 Executing VM operation: HandshakeAllThreads (Deoptimize) done
Event: 9.709 Executing VM operation: HandshakeAllThreads (Deoptimize)
Event: 9.709 Executing VM operation: HandshakeAllThreads (Deoptimize) done
Event: 9.717 Executing VM operation: ICBufferFull
Event: 9.717 Executing VM operation: ICBufferFull done
Event: 9.788 Executing VM operation: ICBufferFull
Event: 9.789 Executing VM operation: ICBufferFull done
Event: 9.833 Executing VM operation: HandshakeAllThreads (Deoptimize)
Event: 9.833 Executing VM operation: HandshakeAllThreads (Deoptimize) done
Event: 9.872 Executing VM operation: ICBufferFull
Event: 9.872 Executing VM operation: ICBufferFull done
Event: 9.873 Executing VM operation: G1CollectForAllocation (G1 Evacuation Pause)
Event: 9.883 Executing VM operation: G1CollectForAllocation (G1 Evacuation Pause) done

Events (20 events):
Event: 8.116 Thread 0x000001fdcd618b70 flushing nmethod 0x000001fdbde9a390
Event: 8.116 Thread 0x000001fdcd618b70 flushing nmethod 0x000001fdbde9a090
Event: 8.116 Thread 0x000001fdcd618b70 flushing nmethod 0x000001fdbde99d90
Event: 8.116 Thread 0x000001fdcd618b70 flushing nmethod 0x000001fdbde93010
Event: 8.116 Thread 0x000001fdcd618b70 flushing nmethod 0x000001fdbdea3390
Event: 8.116 Thread 0x000001fdcd618b70 flushing nmethod 0x000001fdbde92d10
Event: 8.116 Thread 0x000001fdcd618b70 flushing nmethod 0x000001fdbdea0590
Event: 8.116 Thread 0x000001fdcd618b70 flushing nmethod 0x000001fdbde92290
Event: 8.116 Thread 0x000001fdcd618b70 flushing nmethod 0x000001fdbde91f90
Event: 8.116 Thread 0x000001fdcd618b70 flushing nmethod 0x000001fdbde91890
Event: 8.116 Thread 0x000001fdcd618b70 flushing nmethod 0x000001fdbde9ee10
Event: 8.116 Thread 0x000001fdcd618b70 flushing nmethod 0x000001fdbde91590
Event: 8.116 Thread 0x000001fdcd618b70 flushing nmethod 0x000001fdbde98990
Event: 8.116 Thread 0x000001fdcd618b70 flushing nmethod 0x000001fdbde98690
Event: 8.116 Thread 0x000001fdcd618b70 flushing nmethod 0x000001fdbde98390
Event: 8.116 Thread 0x000001fdcd618b70 flushing nmethod 0x000001fdbde9b810
Event: 8.116 Thread 0x000001fdcd618b70 flushing nmethod 0x000001fdbde93f90
Event: 8.116 Thread 0x000001fdcd618b70 flushing nmethod 0x000001fdbde90910
Event: 8.116 Thread 0x000001fdcd618b70 flushing nmethod 0x000001fdbde90610
Event: 8.116 Thread 0x000001fdcd618b70 flushing nmethod 0x000001fdbde90310


Dynamic libraries:
0x00007ff785aa0000 - 0x00007ff785aaa000 	C:\Program Files\Android\Android Studio\jbr\bin\java.exe
0x00007ffb4cc10000 - 0x00007ffb4ce08000 	C:\Windows\SYSTEM32\ntdll.dll
0x00007ffb4ac30000 - 0x00007ffb4acf2000 	C:\Windows\System32\KERNEL32.DLL
0x00007ffb4a4f0000 - 0x00007ffb4a7ee000 	C:\Windows\System32\KERNELBASE.dll
0x00007ffb4a9e0000 - 0x00007ffb4aae0000 	C:\Windows\System32\ucrtbase.dll
0x00007ffb39af0000 - 0x00007ffb39b08000 	C:\Program Files\Android\Android Studio\jbr\bin\jli.dll
0x00007ffb26980000 - 0x00007ffb2699b000 	C:\Program Files\Android\Android Studio\jbr\bin\VCRUNTIME140.dll
0x00007ffb4bdb0000 - 0x00007ffb4bf4d000 	C:\Windows\System32\USER32.dll
0x00007ffb49670000 - 0x00007ffb4990a000 	C:\Windows\WinSxS\amd64_microsoft.windows.common-controls_6595b64144ccf1df_6.0.19041.4355_none_60b8b9eb71f62e16\COMCTL32.dll
0x00007ffb4ac00000 - 0x00007ffb4ac22000 	C:\Windows\System32\win32u.dll
0x00007ffb4c0f0000 - 0x00007ffb4c18e000 	C:\Windows\System32\msvcrt.dll
0x00007ffb4cba0000 - 0x00007ffb4cbcb000 	C:\Windows\System32\GDI32.dll
0x00007ffb4aae0000 - 0x00007ffb4abf7000 	C:\Windows\System32\gdi32full.dll
0x00007ffb4a450000 - 0x00007ffb4a4ed000 	C:\Windows\System32\msvcp_win.dll
0x00007ffb4c060000 - 0x00007ffb4c08f000 	C:\Windows\System32\IMM32.DLL
0x00007ffb3dc10000 - 0x00007ffb3dc1c000 	C:\Program Files\Android\Android Studio\jbr\bin\vcruntime140_1.dll
0x00007ffae3390000 - 0x00007ffae341d000 	C:\Program Files\Android\Android Studio\jbr\bin\msvcp140.dll
0x00007ffae6be0000 - 0x00007ffae785d000 	C:\Program Files\Android\Android Studio\jbr\bin\server\jvm.dll
0x00007ffb4ad10000 - 0x00007ffb4adc1000 	C:\Windows\System32\ADVAPI32.dll
0x00007ffb4c470000 - 0x00007ffb4c50f000 	C:\Windows\System32\sechost.dll
0x00007ffb4add0000 - 0x00007ffb4aef3000 	C:\Windows\System32\RPCRT4.dll
0x00007ffb4a2b0000 - 0x00007ffb4a2d7000 	C:\Windows\System32\bcrypt.dll
0x00007ffb4c980000 - 0x00007ffb4c9eb000 	C:\Windows\System32\WS2_32.dll
0x00007ffb49ea0000 - 0x00007ffb49eeb000 	C:\Windows\SYSTEM32\POWRPROF.dll
0x00007ffb41620000 - 0x00007ffb4162a000 	C:\Windows\SYSTEM32\VERSION.dll
0x00007ffb41630000 - 0x00007ffb41657000 	C:\Windows\SYSTEM32\WINMM.dll
0x00007ffb49a00000 - 0x00007ffb49a12000 	C:\Windows\SYSTEM32\UMPDC.dll
0x00007ffb47a90000 - 0x00007ffb47aa2000 	C:\Windows\SYSTEM32\kernel.appcore.dll
0x00007ffb3ce70000 - 0x00007ffb3ce7a000 	C:\Program Files\Android\Android Studio\jbr\bin\jimage.dll
0x00007ffb49cb0000 - 0x00007ffb49e94000 	C:\Windows\SYSTEM32\DBGHELP.DLL
0x00007ffb49bf0000 - 0x00007ffb49c24000 	C:\Windows\SYSTEM32\dbgcore.DLL
0x00007ffb4a7f0000 - 0x00007ffb4a872000 	C:\Windows\System32\bcryptPrimitives.dll
0x00007ffb268a0000 - 0x00007ffb268bf000 	C:\Program Files\Android\Android Studio\jbr\bin\java.dll
0x00007ffb1f540000 - 0x00007ffb1f558000 	C:\Program Files\Android\Android Studio\jbr\bin\zip.dll
0x00007ffb4b260000 - 0x00007ffb4b9cd000 	C:\Windows\System32\SHELL32.dll
0x00007ffb47c90000 - 0x00007ffb48434000 	C:\Windows\SYSTEM32\windows.storage.dll
0x00007ffb4af00000 - 0x00007ffb4b253000 	C:\Windows\System32\combase.dll
0x00007ffb49560000 - 0x00007ffb4958e000 	C:\Windows\SYSTEM32\Wldp.dll
0x00007ffb4b9f0000 - 0x00007ffb4babd000 	C:\Windows\System32\OLEAUT32.dll
0x00007ffb4bf50000 - 0x00007ffb4bffd000 	C:\Windows\System32\SHCORE.dll
0x00007ffb4c000000 - 0x00007ffb4c055000 	C:\Windows\System32\shlwapi.dll
0x00007ffb4a1e0000 - 0x00007ffb4a204000 	C:\Windows\SYSTEM32\profapi.dll
0x00007ffb3ce40000 - 0x00007ffb3ce50000 	C:\Program Files\Android\Android Studio\jbr\bin\net.dll
0x00007ffb43fb0000 - 0x00007ffb440bd000 	C:\Windows\SYSTEM32\WINHTTP.dll
0x00007ffb492a0000 - 0x00007ffb4930a000 	C:\Windows\system32\mswsock.dll
0x00007ffb16b80000 - 0x00007ffb16b96000 	C:\Program Files\Android\Android Studio\jbr\bin\nio.dll
0x00007ffb2c1b0000 - 0x00007ffb2c1c0000 	C:\Program Files\Android\Android Studio\jbr\bin\verify.dll

dbghelp: loaded successfully - version: 4.0.5 - missing functions: none
symbol engine: initialized successfully - sym options: 0x614 - pdb path: .;C:\Program Files\Android\Android Studio\jbr\bin;C:\Windows\SYSTEM32;C:\Windows\WinSxS\amd64_microsoft.windows.common-controls_6595b64144ccf1df_6.0.19041.4355_none_60b8b9eb71f62e16;C:\Program Files\Android\Android Studio\jbr\bin\server

VM Arguments:
java_command: org.jetbrains.kotlin.cli.jvm.K2JVMCompiler @C:\Users\Kareem Zedan\StudioProjects\Capital_Taxi2\app\build\20250211_6977685623194170543.compiler.options
java_class_path (initial): C:\Users\Kareem Zedan\.gradle\caches\modules-2\files-2.1\org.jetbrains.kotlin\kotlin-compiler-embeddable\2.0.0\1de310de3446414381282ffc46c3ed3919a4d1da\kotlin-compiler-embeddable-2.0.0.jar;C:\Users\Kareem Zedan\.gradle\caches\modules-2\files-2.1\org.jetbrains.kotlin\kotlin-stdlib\2.0.0\b48df2c4aede9586cc931ead433bc02d6fd7879e\kotlin-stdlib-2.0.0.jar;C:\Users\Kareem Zedan\.gradle\caches\modules-2\files-2.1\org.jetbrains.kotlin\kotlin-script-runtime\2.0.0\fdc27dd047d592fa41d2dfa21e7621287a361612\kotlin-script-runtime-2.0.0.jar;C:\Users\Kareem Zedan\.gradle\caches\modules-2\files-2.1\org.jetbrains.kotlin\kotlin-reflect\1.6.10\1cbe9c92c12a94eea200d23c2bbaedaf3daf5132\kotlin-reflect-1.6.10.jar;C:\Users\Kareem Zedan\.gradle\caches\modules-2\files-2.1\org.jetbrains.kotlin\kotlin-daemon-embeddable\2.0.0\b39c612768614c4428c96ee9c65477181fffe9d\kotlin-daemon-embeddable-2.0.0.jar;C:\Users\Kareem Zedan\.gradle\caches\modules-2\files-2.1\org.jetbrains.intellij.deps\trove4j\1.0.20200330\3afb14d5f9ceb459d724e907a21145e8ff394f02\trove4j-1.0.20200330.jar;C:\Users\Kareem Zedan\.gradle\caches\modules-2\files-2.1\org.jetbrains\annotations\13.0\919f0dfe192fb4e063e7dacadee7f8bb9a2672a9\annotations-13.0.jar
Launcher Type: SUN_STANDARD

[Global flags]
     intx CICompilerCount                          = 4                                         {product} {ergonomic}
     uint ConcGCThreads                            = 3                                         {product} {ergonomic}
     uint G1ConcRefinementThreads                  = 10                                        {product} {ergonomic}
   size_t G1HeapRegionSize                         = 2097152                                   {product} {ergonomic}
    uintx GCDrainStackTargetSize                   = 64                                        {product} {ergonomic}
   size_t InitialHeapSize                          = 266338304                                 {product} {ergonomic}
   size_t MarkStackSize                            = 4194304                                   {product} {ergonomic}
   size_t MaxHeapSize                              = 4246732800                                {product} {ergonomic}
   size_t MaxNewSize                               = 2548039680                                {product} {ergonomic}
   size_t MinHeapDeltaBytes                        = 2097152                                   {product} {ergonomic}
   size_t MinHeapSize                              = 8388608                                   {product} {ergonomic}
    uintx NonNMethodCodeHeapSize                   = 5839372                                {pd product} {ergonomic}
    uintx NonProfiledCodeHeapSize                  = 122909434                              {pd product} {ergonomic}
    uintx ProfiledCodeHeapSize                     = 122909434                              {pd product} {ergonomic}
    uintx ReservedCodeCacheSize                    = 251658240                              {pd product} {ergonomic}
     bool SegmentedCodeCache                       = true                                      {product} {ergonomic}
   size_t SoftMaxHeapSize                          = 4246732800                             {manageable} {ergonomic}
     bool UseCompressedOops                        = true                           {product lp64_product} {ergonomic}
     bool UseG1GC                                  = true                                      {product} {ergonomic}
     bool UseLargePagesIndividualAllocation        = false                                  {pd product} {ergonomic}

Logging:
Log output configuration:
 #0: stdout all=warning uptime,level,tags foldmultilines=false
 #1: stderr all=off uptime,level,tags foldmultilines=false

Environment Variables:
PATH=C:\Program Files\Common Files\Oracle\Java\javapath;C:\Windows\system32;C:\Windows;C:\Windows\System32\Wbem;C:\Windows\System32\WindowsPowerShell\v1.0\;C:\Windows\System32\OpenSSH\;C:\Program Files (x86)\Windows Kits\10\Windows Performance Toolkit\;C:\Program Files\Git\cmd;C:\Program Files\nodejs\;C:\Users\Kareem Zedan\AppData\Local\Microsoft\WindowsApps;C:\Users\Kareem Zedan\AppData\Local\Programs\Microsoft VS Code\bin;C:\Users\Kareem Zedan\AppData\Local\Programs\Microsoft VS Code\bin;C:\Users\Kareem Zedan\.cache\firebase\tools\bin;C:\Users\Kareem Zedan\AppData\Local\Pub\Cache\bin;C:\Users\Kareem Zedan\AppData\Roaming\npm;C:\Program Files\jdk-17.0.12\bin;C:\src2\flutter\bin;C:\src2\flutter\bin\cache\dart-sdk\bin;
USERNAME=Kareem Zedan
OS=Windows_NT
PROCESSOR_IDENTIFIER=Intel64 Family 6 Model 151 Stepping 5, GenuineIntel
TMP=C:\Users\KAREEM~1\AppData\Local\Temp
TEMP=C:\Users\KAREEM~1\AppData\Local\Temp




Periodic native trim disabled

JNI global refs:
JNI global refs: 10, weak refs: 0

JNI global refs memory usage: 835, weak refs: 833

Process memory usage:
Resident Set Size: 680132K (4% of 16586164K total physical memory with 2852368K free physical memory)

OOME stack traces (most recent first):
Classloader memory used:
Loader jdk.internal.loader.ClassLoaders$AppClassLoader                                 : 70024K
Loader bootstrap                                                                       : 11710K
Loader java.net.URLClassLoader                                                         : 2929K

---------------  S Y S T E M  ---------------

OS:
 Windows 10 , 64 bit Build 19041 (10.0.19041.5072)
OS uptime: 0 days 6:48 hours
Hyper-V role detected

CPU: total 12 (initial active 12) (6 cores per cpu, 2 threads per core) family 6 model 151 stepping 5 microcode 0x32, cx8, cmov, fxsr, ht, mmx, 3dnowpref, sse, sse2, sse3, ssse3, sse4.1, sse4.2, popcnt, lzcnt, tsc, tscinvbit, avx, avx2, aes, erms, clmul, bmi1, bmi2, adx, sha, fma, vzeroupper, clflush, clflushopt, clwb, hv, rdtscp, rdpid, fsrm, f16c, cet_ibt, cet_ss
Processor Information for all 12 processors :
  Max Mhz: 2500, Current Mhz: 2500, Mhz Limit: 2500

Memory: 4k page, system-wide physical 16197M (2785M free)
TotalPageFile size 27461M (AvailPageFile size 7802M)
current process WorkingSet (physical memory assigned to process): 665M, peak: 666M
current process commit charge ("private bytes"): 760M, peak: 763M

vm_info: OpenJDK 64-Bit Server VM (21.0.3+-12282718-b509.11) for windows-amd64 JRE (21.0.3+-12282718-b509.11), built on 2024-08-27T17:34:15Z by "builder" with MS VC++ 16.10 / 16.11 (VS2019)

END.
