#
# A fatal error has been detected by the Java Runtime Environment:
#
#  EXCEPTION_ACCESS_VIOLATION (0xc0000005) at pc=0x00007ffc11c39a01, pid=16752, tid=13284
#
# JRE version: OpenJDK Runtime Environment (21.0.3) (build 21.0.3+-12282718-b509.11)
# Java VM: OpenJDK 64-Bit Server VM (21.0.3+-12282718-b509.11, mixed mode, tiered, compressed oops, compressed class ptrs, g1 gc, windows-amd64)
# Problematic frame:
# V  [jvm.dll+0x139a01]
#
# No core dump will be written. Minidumps are not enabled by default on client versions of Windows
#
# If you would like to submit a bug report, please visit:
#   https://youtrack.jetbrains.com/issues/JBR
#

---------------  S U M M A R Y ------------

Command Line: org.jetbrains.kotlin.cli.jvm.K2JVMCompiler @C:\Users\Kareem Zedan\StudioProjects\Capital_Taxi2\app\build\20250211_13345601460910562152.compiler.options

Host: 12th Gen Intel(R) Core(TM) i5-12400F, 12 cores, 15G,  Windows 10 , 64 bit Build 19041 (10.0.19041.5072)
Time: Tue Feb 11 00:48:09 2025 Egypt Standard Time elapsed time: 12.397068 seconds (0d 0h 0m 12s)

---------------  T H R E A D  ---------------

Current thread (0x0000023a49e52e90):  WorkerThread "G1 Conc#0"      [id=13284, stack(0x0000007805e00000,0x0000007805f00000) (1024K)]

Stack: [0x0000007805e00000,0x0000007805f00000],  sp=0x0000007805eff358,  free space=1020k
Native frames: (J=compiled Java code, j=interpreted, Vv=VM code, C=native code)
V  [jvm.dll+0x139a01]


siginfo: EXCEPTION_ACCESS_VIOLATION (0xc0000005), reading address 0x00000018000080fc


Registers:
RAX=0x0000001800007ffc, RBX=0x0000023a49e5e601, RCX=0x0000000800110afc, RDX=0x000000070bfbc680
RSP=0x0000007805eff358, RBP=0x0000000000000002, RSI=0x0000023a49e40c70, RDI=0x000000070bfbc680
R8 =0x0000000800110afc, R9 =0x0000000000000000, R10=0x0000023a49deba00, R11=0x0000000000000003
R12=0x0000000000000000, R13=0xaaaaaaaaaaaaaaab, R14=0x0000000800110fb0, R15=0x000000070bfbc668
RIP=0x00007ffc11c39a01, EFLAGS=0x0000000000010246


Register to memory mapping:

RAX=0x0000001800007ffc is an unknown value
RBX=0x0000023a49e5e601 points into unknown readable memory: 00 00 00 00 00 00 00
RCX=0x0000000800110afc is pointing into metadata
RDX=
[error occurred during error reporting (printing register info), id 0xc0000005, EXCEPTION_ACCESS_VIOLATION (0xc0000005) at pc=0x00007ffc11c39a01]
RSP=0x0000007805eff358 points into unknown readable memory: 0x00007ffc11e15d9a | 9a 5d e1 11 fc 7f 00 00
RBP=0x0000000000000002 is an unknown value
RSI=0x0000023a49e40c70 points into unknown readable memory: 0x0000023a49e51bf0 | f0 1b e5 49 3a 02 00 00
RDI=
[error occurred during error reporting (printing register info, attempt 2), id 0xc0000005, EXCEPTION_ACCESS_VIOLATION (0xc0000005) at pc=0x00007ffc11c39a01]
R8 =0x0000000800110afc is pointing into metadata
R9 =0x0 is null
R10=0x0000023a49deba00 points into unknown readable memory: 0x00007ffc1245f1b0 | b0 f1 45 12 fc 7f 00 00
R11=0x0000000000000003 is an unknown value
R12=0x0 is null
R13=0xaaaaaaaaaaaaaaab is an unknown value
R14=0x0000000800110fb0 is a pointer to class: 
kotlin.reflect.jvm.internal.KCallableImpl$_parameters$1 {0x0000000800110fb8}
 - instance size:     3
 - klass size:        76
 - access:            final synchronized 
 - flags:             rewritten has_nonstatic_fields should_verify_class has_localvariable_table has_final_method 
 - state:             fully_initialized
 - name:              'kotlin/reflect/jvm/internal/KCallableImpl$_parameters$1'
 - super:             'kotlin/jvm/internal/Lambda'
 - sub:               
 - arrays:            null
 - methods:           Array<T>(0x0000023a65adae60)
 - method ordering:   Array<T>(0x0000023a65000018)
 - default_methods:   Array<T>(0x0000000000000000)
 - local interfaces:  Array<T>(0x0000023a65adae50)
 - trans. interfaces: Array<T>(0x0000023a65adb320)
 - constants:         constant pool [160] {0x0000023a65ada878} for 'kotlin/reflect/jvm/internal/KCallableImpl$_parameters$1' cache=0x0000023a65adb370
 - class loader data:  loader data: 0x0000023a6417b010 for instance a 'jdk/internal/loader/ClassLoaders$AppClassLoader'{0x00000007ffbf3e00}
 - source file:       'KCallableImpl.kt'
 - class annotations:       Array<T>(0x0000023a65adb288)
 - class type annotations:  Array<T>(0x0000000000000000)
 - field annotations:       Array<T>(0x0000000000000000)
 - field type annotations:  Array<T>(0x0000000000000000)
 - generic signature: 'Lkotlin/jvm/internal/Lambda;Lkotlin/jvm/functions/Function0<Ljava/util/ArrayList<Lkotlin/reflect/KParameter;>;>;'
 - inner classes:     Array<T>(0x0000023a65adb2d0)
 - nest members:     Array<T>(0x0000023a65000028)
 - permitted subclasses:     Array<T>(0x0000023a65000028)
 - java mirror:       a 'java/lang/Class'{0x000000070374e920} = 'kotlin/reflect/jvm/internal/KCallableImpl$_parameters$1'
 - vtable length      6  (start addr: 0x0000000800111198)
 - itable length      8 (start addr: 0x00000008001111c8)
 - ---- static fields (0 words):
 - ---- non-static fields (2 words):
 - private final 'arity' 'I' @12 
 - final synthetic 'this$0' 'Lkotlin/reflect/jvm/internal/KCallableImpl;' @16 
 - non-static oop maps: 16-16 
R15=0x000000070bfbc668 is an oop: kotlin.reflect.jvm.internal.ReflectProperties$LazySoftVal 
{0x000000070bfbc668} - klass: 'kotlin/reflect/jvm/internal/ReflectProperties$LazySoftVal'
 - ---- fields (total size 3 words):
 - private final 'initializer' 'Lkotlin/jvm/functions/Function0;' @12  
[error occurred during error reporting (printing register info, attempt 3), id 0xc0000005, EXCEPTION_ACCESS_VIOLATION (0xc0000005) at pc=0x00007ffc121b62cc]
Top of Stack: (sp=0x0000007805eff358)
0x0000007805eff358:   00007ffc11e15d9a 0000000000000000
0x0000007805eff368:   0000000000393870 000080e88a48e5b3
0x0000007805eff378:   0000007805eff530 000000070bfbc680
0x0000007805eff388:   00007ffc11e15b6f 0000023a49e5e690
0x0000007805eff398:   0000007805eff530 0000000800110fa8
0x0000007805eff3a8:   00007ffc121c3c7c 000000070bfbc67c
0x0000007805eff3b8:   00007ffc11e134ed 000000070bfbc674
0x0000007805eff3c8:   00007ffc11e13d9d 0000007805eff400
0x0000007805eff3d8:   00007ffc11e13132 0000007805eff4f0
0x0000007805eff3e8:   0000000000000001 000000070bfbc668
0x0000007805eff3f8:   00007ffc11e13132 0000000800110d58
0x0000007805eff408:   0000000000000003 0000007805eff530
0x0000007805eff418:   0000000000000000 0000023a49e5e690
0x0000007805eff428:   00007ffc11e30ed0 000000070bfbc668
0x0000007805eff438:   0000023a49e40c80 0000007805eff4f0
0x0000007805eff448:   0000023a49e40c80 000000070bfbc668
0x0000007805eff458:   00007ffc11e2d711 00000000012378cd
0x0000007805eff468:   0000007805dff8c0 000000070bf5aeb0
0x0000007805eff478:   00007ffc11e2ed44 0000000001240000
0x0000007805eff488:   00007ffc11e2f29c 000000070bfbc628
0x0000007805eff498:   00000000012378cd 0000000000393870
0x0000007805eff4a8:   0000000000000000 0000000000000002
0x0000007805eff4b8:   0000000000000001 0000023a49e5e690
0x0000007805eff4c8:   00007ffc11e2dfe3 0000000000000555
0x0000007805eff4d8:   0000000000000000 0000007805dff801
0x0000007805eff4e8:   0000000000000000 0000023a49e40c70
0x0000007805eff4f8:   0000023a49e5e690 000000070be00000
0x0000007805eff508:   0000000000040000 000000070be00000
0x0000007805eff518:   0000000000040000 0000000000000000
0x0000007805eff528:   00000000002faf08 00007ffc12460a98
0x0000007805eff538:   0000023a64020ba0 0000000700000003
0x0000007805eff548:   0000023a49deba00 0000023a49e5e690 

Instructions: (pc=0x00007ffc11c39a01)
0x00007ffc11c39901:   08 8b 0d 10 c6 9e 00 49 d3 e0 4c 03 05 fe c5 9e
0x00007ffc11c39911:   00 eb 04 4c 8b 41 08 45 8b 48 08 45 85 c9 7e 0e
0x00007ffc11c39921:   41 f6 c1 01 75 53 41 c1 f9 03 49 63 c1 c3 79 49
0x00007ffc11c39931:   84 c0 41 b8 0c 00 00 00 8b 05 c9 d6 9e 00 b9 10
0x00007ffc11c39941:   00 00 00 41 0f 45 c8 ff c8 4c 63 c0 41 8b c1 48
0x00007ffc11c39951:   c1 f8 10 0f b6 c0 48 63 14 11 41 8b c9 83 e1 3f
0x00007ffc11c39961:   48 d3 e2 49 8d 0c 10 49 f7 d0 48 03 c1 49 c1 e8
0x00007ffc11c39971:   03 48 c1 e8 03 49 23 c0 c3 49 8b 00 49 8b c8 48
0x00007ffc11c39981:   ff a0 00 01 00 00 cc cc cc cc cc cc cc cc cc 4c
0x00007ffc11c39991:   8b c2 48 8b d1 45 8b 48 08 45 85 c9 7e 0e 41 f6
0x00007ffc11c399a1:   c1 01 75 56 41 c1 f9 03 49 63 c1 c3 79 4c 80 3d
0x00007ffc11c399b1:   5a d8 9e 00 00 b8 0c 00 00 00 b9 10 00 00 00 0f
0x00007ffc11c399c1:   45 c8 8b 05 3f d6 9e 00 ff c8 4c 63 c0 41 8b c1
0x00007ffc11c399d1:   48 c1 f8 10 48 63 14 11 41 8b c9 83 e1 3f 0f b6
0x00007ffc11c399e1:   c0 48 d3 e2 49 8d 0c 10 49 f7 d0 48 03 c1 49 c1
0x00007ffc11c399f1:   e8 03 48 c1 e8 03 49 23 c0 c3 49 8b 00 49 8b c8
0x00007ffc11c39a01:   48 ff a0 00 01 00 00 cc cc cc cc cc cc cc cc 40
0x00007ffc11c39a11:   53 48 83 ec 20 48 8b d9 49 8b c0 33 c9 45 0f b6
0x00007ffc11c39a21:   c1 48 89 0b 48 89 4b 08 48 8b cb 48 89 53 10 48
0x00007ffc11c39a31:   8b d0 e8 28 09 00 00 48 8b c3 48 83 c4 20 5b c3
0x00007ffc11c39a41:   cc cc cc cc cc cc cc cc cc cc cc cc cc cc cc 40
0x00007ffc11c39a51:   53 48 83 ec 20 33 c0 44 88 41 10 45 0f b6 c1 48
0x00007ffc11c39a61:   89 01 48 89 41 08 48 8b d9 e8 01 0a 00 00 48 8b
0x00007ffc11c39a71:   c3 48 83 c4 20 5b c3 cc cc cc cc cc cc cc cc 40
0x00007ffc11c39a81:   53 48 83 ec 20 33 c0 48 8b d9 48 89 01 48 89 41
0x00007ffc11c39a91:   08 e8 99 0b 00 00 48 8b c3 48 83 c4 20 5b c3 48
0x00007ffc11c39aa1:   8b c1 48 8b 09 48 85 c9 74 3c 48 8b 40 08 48 83
0x00007ffc11c39ab1:   c0 3f 48 c1 e8 06 48 8d 14 c5 00 00 00 00 48 3b
0x00007ffc11c39ac1:   15 aa da 9e 00 0f 82 f4 05 f8 ff 48 8b 05 45 96
0x00007ffc11c39ad1:   a6 00 48 ff ca 48 03 d0 48 ff c8 48 f7 d0 48 23
0x00007ffc11c39ae1:   d0 e9 f9 46 58 00 c3 cc cc cc cc cc cc cc cc 48
0x00007ffc11c39af1:   83 ec 38 48 8d 0c cd 00 00 00 00 48 3b 0d 6d da 


Stack slot to memory mapping:

stack at sp + 0 slots: 0x00007ffc11e15d9a jvm.dll
stack at sp + 1 slots: 0x0 is null
stack at sp + 2 slots: 0x0000000000393870 is an unknown value
stack at sp + 3 slots: 0x000080e88a48e5b3 is an unknown value
stack at sp + 4 slots: 0x0000007805eff530 points into unknown readable memory: 0x00007ffc12460a98 | 98 0a 46 12 fc 7f 00 00
stack at sp + 5 slots: 
[error occurred during error reporting (inspecting top of stack), id 0xc0000005, EXCEPTION_ACCESS_VIOLATION (0xc0000005) at pc=0x00007ffc11c39a01]
stack at sp + 6 slots: 0x00007ffc11e15b6f jvm.dll
stack at sp + 7 slots: 0x0000023a49e5e690 points into unknown readable memory: 0x00007ffc12460a78 | 78 0a 46 12 fc 7f 00 00


---------------  P R O C E S S  ---------------

Threads class SMR info:
_java_thread_list=0x0000023a644347d0, length=13, elements={
0x0000023a47bea640, 0x0000023a641e8d30, 0x0000023a641e9c50, 0x0000023a641ec820,
0x0000023a641ed280, 0x0000023a641edce0, 0x0000023a641cd720, 0x0000023a641d66d0,
0x0000023a641ff1b0, 0x0000023a643c0a40, 0x0000023a643bce20, 0x0000023a641fe410,
0x0000023a641fdd40
}

Java Threads: ( => current thread )
  0x0000023a47bea640 JavaThread "main"                              [_thread_blocked, id=10944, stack(0x0000007805b00000,0x0000007805c00000) (1024K)]
  0x0000023a641e8d30 JavaThread "Reference Handler"          daemon [_thread_blocked, id=6548, stack(0x0000007806300000,0x0000007806400000) (1024K)]
  0x0000023a641e9c50 JavaThread "Finalizer"                  daemon [_thread_blocked, id=9656, stack(0x0000007806400000,0x0000007806500000) (1024K)]
  0x0000023a641ec820 JavaThread "Signal Dispatcher"          daemon [_thread_blocked, id=7232, stack(0x0000007806500000,0x0000007806600000) (1024K)]
  0x0000023a641ed280 JavaThread "Attach Listener"            daemon [_thread_blocked, id=18276, stack(0x0000007806600000,0x0000007806700000) (1024K)]
  0x0000023a641edce0 JavaThread "Service Thread"             daemon [_thread_blocked, id=16556, stack(0x0000007806700000,0x0000007806800000) (1024K)]
  0x0000023a641cd720 JavaThread "Monitor Deflation Thread"   daemon [_thread_blocked, id=16796, stack(0x0000007806800000,0x0000007806900000) (1024K)]
  0x0000023a641d66d0 JavaThread "C2 CompilerThread0"         daemon [_thread_in_native, id=1604, stack(0x0000007806900000,0x0000007806a00000) (1024K)]
  0x0000023a641ff1b0 JavaThread "C1 CompilerThread0"         daemon [_thread_blocked, id=1080, stack(0x0000007806a00000,0x0000007806b00000) (1024K)]
  0x0000023a643c0a40 JavaThread "Notification Thread"        daemon [_thread_blocked, id=12828, stack(0x0000007806b00000,0x0000007806c00000) (1024K)]
  0x0000023a643bce20 JavaThread "Common-Cleaner"             daemon [_thread_blocked, id=16164, stack(0x0000007806c00000,0x0000007806d00000) (1024K)]
  0x0000023a641fe410 JavaThread "C2 CompilerThread1"         daemon [_thread_blocked, id=17060, stack(0x0000007806d00000,0x0000007806e00000) (1024K)]
  0x0000023a641fdd40 JavaThread "C2 CompilerThread2"         daemon [_thread_in_native, id=17980, stack(0x0000007806e00000,0x0000007806f00000) (1024K)]
Total: 13

Other Threads:
  0x0000023a64178b80 VMThread "VM Thread"                           [id=10828, stack(0x0000007806200000,0x0000007806300000) (1024K)]
  0x0000023a63fbd320 WatcherThread "VM Periodic Task Thread"        [id=8084, stack(0x0000007806100000,0x0000007806200000) (1024K)]
  0x0000023a49e40580 WorkerThread "GC Thread#0"                     [id=14536, stack(0x0000007805c00000,0x0000007805d00000) (1024K)]
  0x0000023a64bf88e0 WorkerThread "GC Thread#1"                     [id=14976, stack(0x0000007806f00000,0x0000007807000000) (1024K)]
  0x0000023a64bf8c80 WorkerThread "GC Thread#2"                     [id=11052, stack(0x0000007807000000,0x0000007807100000) (1024K)]
  0x0000023a64bf9020 WorkerThread "GC Thread#3"                     [id=8264, stack(0x0000007807100000,0x0000007807200000) (1024K)]
  0x0000023a64bf93c0 WorkerThread "GC Thread#4"                     [id=16272, stack(0x0000007807200000,0x0000007807300000) (1024K)]
  0x0000023a64bf9760 WorkerThread "GC Thread#5"                     [id=15164, stack(0x0000007807300000,0x0000007807400000) (1024K)]
  0x0000023a6928a4c0 WorkerThread "GC Thread#6"                     [id=15568, stack(0x0000007807400000,0x0000007807500000) (1024K)]
  0x0000023a6928a860 WorkerThread "GC Thread#7"                     [id=8112, stack(0x0000007807500000,0x0000007807600000) (1024K)]
  0x0000023a6928afa0 WorkerThread "GC Thread#8"                     [id=15408, stack(0x0000007807600000,0x0000007807700000) (1024K)]
  0x0000023a69511910 WorkerThread "GC Thread#9"                     [id=16060, stack(0x0000007807900000,0x0000007807a00000) (1024K)]
  0x0000023a49e51bf0 ConcurrentGCThread "G1 Main Marker"            [id=11100, stack(0x0000007805d00000,0x0000007805e00000) (1024K)]
=>0x0000023a49e52e90 WorkerThread "G1 Conc#0"                       [id=13284, stack(0x0000007805e00000,0x0000007805f00000) (1024K)]
  0x0000023a6928b340 WorkerThread "G1 Conc#1"                       [id=16480, stack(0x0000007807700000,0x0000007807800000) (1024K)]
  0x0000023a6928ac00 WorkerThread "G1 Conc#2"                       [id=13152, stack(0x0000007807800000,0x0000007807900000) (1024K)]
  0x0000023a63e8f550 ConcurrentGCThread "G1 Refine#0"               [id=16396, stack(0x0000007805f00000,0x0000007806000000) (1024K)]
  0x0000023a63e8ff60 ConcurrentGCThread "G1 Service"                [id=16908, stack(0x0000007806000000,0x0000007806100000) (1024K)]
Total: 18

Threads with active compile tasks:
C2 CompilerThread0    12421 18791       4       org.jetbrains.kotlin.ir.interpreter.preprocessor.IrInterpreterConstGetterPreprocessor::visitFunctionAccess (10 bytes)
C2 CompilerThread1    12421 18925       4       org.jetbrains.kotlin.ir.interpreter.preprocessor.IrInterpreterKCallableNamePreprocessor::visitDeclaration (10 bytes)
C2 CompilerThread2    12421 18860       4       org.jetbrains.kotlin.ir.interpreter.transformer.IrConstExpressionTransformer::visitCall (46 bytes)
Total: 3

VM state: not at safepoint (normal execution)

VM Mutex/Monitor currently owned by a thread:  ([mutex/lock_event])
[0x00007ffc126a21c8] Heap_lock - owner thread: 0x0000023a641fe410

Heap address: 0x0000000702e00000, size: 4050 MB, Compressed Oops mode: Zero based, Oop shift amount: 3

CDS archive(s) not mapped
Compressed class space mapped at: 0x0000000800000000-0x0000000840000000, reserved size: 1073741824
Narrow klass base: 0x0000000800000000, Narrow klass shift: 0, Narrow klass range: 0x40000000

GC Precious Log:
 CardTable entry size: 512
 Card Set container configuration: InlinePtr #cards 4 size 8 Array Of Cards #cards 16 size 48 Howl #buckets 8 coarsen threshold 3686 Howl Bitmap #cards 512 size 80 coarsen threshold 460 Card regions per heap region 1 cards per card region 4096
 CPUs: 12 total, 12 available
 Memory: 16197M
 Large Page Support: Disabled
 NUMA Support: Disabled
 Compressed Oops: Enabled (Zero based)
 Heap Region Size: 2M
 Heap Min Capacity: 8M
 Heap Initial Capacity: 254M
 Heap Max Capacity: 4050M
 Pre-touch: Disabled
 Parallel Workers: 10
 Concurrent Workers: 3
 Concurrent Refinement Workers: 10
 Periodic GC: Disabled

Heap:
 garbage-first heap   total 360448K, used 239195K [0x0000000702e00000, 0x0000000800000000)
  region size 2048K, 9 young (18432K), 4 survivors (8192K)
 Metaspace       used 83260K, committed 83648K, reserved 1179648K
  class space    used 8549K, committed 8704K, reserved 1048576K

Heap Regions: E=young(eden), S=young(survivor), O=old, HS=humongous(starts), HC=humongous(continues), CS=collection set, F=free, TAMS=top-at-mark-start, PB=parsable bottom
|   0|0x0000000702e00000, 0x0000000703000000, 0x0000000703000000|100%|HS|  |TAMS 0x0000000703000000| PB 0x0000000702e00000| Complete 
|   1|0x0000000703000000, 0x0000000703200000, 0x0000000703200000|100%|HC|  |TAMS 0x0000000703200000| PB 0x0000000703000000| Complete 
|   2|0x0000000703200000, 0x0000000703400000, 0x0000000703400000|100%| O|  |TAMS 0x0000000703400000| PB 0x0000000703200000| Untracked 
|   3|0x0000000703400000, 0x0000000703600000, 0x0000000703600000|100%| O|  |TAMS 0x0000000703600000| PB 0x0000000703400000| Untracked 
|   4|0x0000000703600000, 0x0000000703800000, 0x0000000703800000|100%| O|  |TAMS 0x0000000703800000| PB 0x0000000703600000| Untracked 
|   5|0x0000000703800000, 0x0000000703a00000, 0x0000000703a00000|100%| O|  |TAMS 0x0000000703a00000| PB 0x0000000703800000| Untracked 
|   6|0x0000000703a00000, 0x0000000703c00000, 0x0000000703c00000|100%| O|  |TAMS 0x0000000703c00000| PB 0x0000000703a00000| Untracked 
|   7|0x0000000703c00000, 0x0000000703e00000, 0x0000000703e00000|100%| O|  |TAMS 0x0000000703e00000| PB 0x0000000703c00000| Untracked 
|   8|0x0000000703e00000, 0x0000000704000000, 0x0000000704000000|100%| O|  |TAMS 0x0000000704000000| PB 0x0000000703e00000| Untracked 
|   9|0x0000000704000000, 0x0000000704200000, 0x0000000704200000|100%| O|  |TAMS 0x0000000704200000| PB 0x0000000704000000| Untracked 
|  10|0x0000000704200000, 0x0000000704400000, 0x0000000704400000|100%| O|  |TAMS 0x0000000704400000| PB 0x0000000704200000| Untracked 
|  11|0x0000000704400000, 0x0000000704600000, 0x0000000704600000|100%| O|  |TAMS 0x0000000704600000| PB 0x0000000704400000| Untracked 
|  12|0x0000000704600000, 0x0000000704800000, 0x0000000704800000|100%| O|  |TAMS 0x0000000704800000| PB 0x0000000704600000| Untracked 
|  13|0x0000000704800000, 0x0000000704a00000, 0x0000000704a00000|100%| O|  |TAMS 0x0000000704a00000| PB 0x0000000704800000| Untracked 
|  14|0x0000000704a00000, 0x0000000704c00000, 0x0000000704c00000|100%| O|  |TAMS 0x0000000704c00000| PB 0x0000000704a00000| Untracked 
|  15|0x0000000704c00000, 0x0000000704e00000, 0x0000000704e00000|100%| O|  |TAMS 0x0000000704e00000| PB 0x0000000704c00000| Untracked 
|  16|0x0000000704e00000, 0x0000000705000000, 0x0000000705000000|100%| O|  |TAMS 0x0000000705000000| PB 0x0000000704e00000| Untracked 
|  17|0x0000000705000000, 0x0000000705200000, 0x0000000705200000|100%| O|  |TAMS 0x0000000705200000| PB 0x0000000705000000| Untracked 
|  18|0x0000000705200000, 0x0000000705400000, 0x0000000705400000|100%| O|  |TAMS 0x0000000705400000| PB 0x0000000705200000| Untracked 
|  19|0x0000000705400000, 0x0000000705600000, 0x0000000705600000|100%| O|  |TAMS 0x0000000705600000| PB 0x0000000705400000| Untracked 
|  20|0x0000000705600000, 0x0000000705800000, 0x0000000705800000|100%| O|  |TAMS 0x0000000705800000| PB 0x0000000705600000| Untracked 
|  21|0x0000000705800000, 0x0000000705a00000, 0x0000000705a00000|100%| O|  |TAMS 0x0000000705a00000| PB 0x0000000705800000| Untracked 
|  22|0x0000000705a00000, 0x0000000705c00000, 0x0000000705c00000|100%| O|  |TAMS 0x0000000705c00000| PB 0x0000000705a00000| Untracked 
|  23|0x0000000705c00000, 0x0000000705e00000, 0x0000000705e00000|100%| O|  |TAMS 0x0000000705e00000| PB 0x0000000705c00000| Untracked 
|  24|0x0000000705e00000, 0x0000000706000000, 0x0000000706000000|100%| O|  |TAMS 0x0000000706000000| PB 0x0000000705e00000| Untracked 
|  25|0x0000000706000000, 0x0000000706200000, 0x0000000706200000|100%| O|  |TAMS 0x0000000706200000| PB 0x0000000706000000| Untracked 
|  26|0x0000000706200000, 0x0000000706400000, 0x0000000706400000|100%| O|  |TAMS 0x0000000706400000| PB 0x0000000706200000| Untracked 
|  27|0x0000000706400000, 0x0000000706600000, 0x0000000706600000|100%| O|  |TAMS 0x0000000706600000| PB 0x0000000706400000| Untracked 
|  28|0x0000000706600000, 0x0000000706800000, 0x0000000706800000|100%| O|  |TAMS 0x0000000706800000| PB 0x0000000706600000| Untracked 
|  29|0x0000000706800000, 0x0000000706a00000, 0x0000000706a00000|100%| O|  |TAMS 0x0000000706a00000| PB 0x0000000706800000| Untracked 
|  30|0x0000000706a00000, 0x0000000706c00000, 0x0000000706c00000|100%| O|  |TAMS 0x0000000706c00000| PB 0x0000000706a00000| Untracked 
|  31|0x0000000706c00000, 0x0000000706e00000, 0x0000000706e00000|100%| O|  |TAMS 0x0000000706e00000| PB 0x0000000706c00000| Untracked 
|  32|0x0000000706e00000, 0x0000000707000000, 0x0000000707000000|100%| O|  |TAMS 0x0000000707000000| PB 0x0000000706e00000| Untracked 
|  33|0x0000000707000000, 0x0000000707200000, 0x0000000707200000|100%| O|  |TAMS 0x0000000707200000| PB 0x0000000707000000| Untracked 
|  34|0x0000000707200000, 0x0000000707400000, 0x0000000707400000|100%| O|  |TAMS 0x0000000707400000| PB 0x0000000707200000| Untracked 
|  35|0x0000000707400000, 0x0000000707600000, 0x0000000707600000|100%| O|  |TAMS 0x0000000707600000| PB 0x0000000707400000| Untracked 
|  36|0x0000000707600000, 0x0000000707800000, 0x0000000707800000|100%| O|  |TAMS 0x0000000707600000| PB 0x0000000707600000| Untracked 
|  37|0x0000000707800000, 0x0000000707a00000, 0x0000000707a00000|100%| O|  |TAMS 0x0000000707a00000| PB 0x0000000707800000| Untracked 
|  38|0x0000000707a00000, 0x0000000707c00000, 0x0000000707c00000|100%| O|  |TAMS 0x0000000707c00000| PB 0x0000000707a00000| Untracked 
|  39|0x0000000707c00000, 0x0000000707e00000, 0x0000000707e00000|100%| O|  |TAMS 0x0000000707e00000| PB 0x0000000707c00000| Untracked 
|  40|0x0000000707e00000, 0x0000000708000000, 0x0000000708000000|100%| O|  |TAMS 0x0000000708000000| PB 0x0000000707e00000| Untracked 
|  41|0x0000000708000000, 0x0000000708200000, 0x0000000708200000|100%| O|  |TAMS 0x0000000708200000| PB 0x0000000708000000| Untracked 
|  42|0x0000000708200000, 0x0000000708400000, 0x0000000708400000|100%| O|  |TAMS 0x0000000708400000| PB 0x0000000708200000| Untracked 
|  43|0x0000000708400000, 0x0000000708600000, 0x0000000708600000|100%| O|  |TAMS 0x0000000708600000| PB 0x0000000708400000| Untracked 
|  44|0x0000000708600000, 0x0000000708800000, 0x0000000708800000|100%| O|  |TAMS 0x0000000708800000| PB 0x0000000708600000| Untracked 
|  45|0x0000000708800000, 0x0000000708a00000, 0x0000000708a00000|100%| O|  |TAMS 0x0000000708a00000| PB 0x0000000708800000| Untracked 
|  46|0x0000000708a00000, 0x0000000708c00000, 0x0000000708c00000|100%| O|  |TAMS 0x0000000708c00000| PB 0x0000000708a00000| Untracked 
|  47|0x0000000708c00000, 0x0000000708e00000, 0x0000000708e00000|100%| O|  |TAMS 0x0000000708e00000| PB 0x0000000708c00000| Untracked 
|  48|0x0000000708e00000, 0x0000000709000000, 0x0000000709000000|100%| O|  |TAMS 0x0000000709000000| PB 0x0000000708e00000| Untracked 
|  49|0x0000000709000000, 0x0000000709200000, 0x0000000709200000|100%| O|  |TAMS 0x0000000709200000| PB 0x0000000709000000| Untracked 
|  50|0x0000000709200000, 0x0000000709400000, 0x0000000709400000|100%| O|  |TAMS 0x0000000709400000| PB 0x0000000709200000| Untracked 
|  51|0x0000000709400000, 0x0000000709600000, 0x0000000709600000|100%| O|  |TAMS 0x0000000709600000| PB 0x0000000709400000| Untracked 
|  52|0x0000000709600000, 0x0000000709800000, 0x0000000709800000|100%| O|  |TAMS 0x0000000709800000| PB 0x0000000709600000| Untracked 
|  53|0x0000000709800000, 0x0000000709a00000, 0x0000000709a00000|100%| O|  |TAMS 0x0000000709800000| PB 0x0000000709800000| Untracked 
|  54|0x0000000709a00000, 0x0000000709c00000, 0x0000000709c00000|100%| O|  |TAMS 0x0000000709c00000| PB 0x0000000709a00000| Untracked 
|  55|0x0000000709c00000, 0x0000000709e00000, 0x0000000709e00000|100%| O|  |TAMS 0x0000000709e00000| PB 0x0000000709c00000| Untracked 
|  56|0x0000000709e00000, 0x000000070a000000, 0x000000070a000000|100%| O|  |TAMS 0x000000070a000000| PB 0x0000000709e00000| Untracked 
|  57|0x000000070a000000, 0x000000070a200000, 0x000000070a200000|100%| O|  |TAMS 0x000000070a200000| PB 0x000000070a000000| Untracked 
|  58|0x000000070a200000, 0x000000070a400000, 0x000000070a400000|100%| O|  |TAMS 0x000000070a400000| PB 0x000000070a200000| Untracked 
|  59|0x000000070a400000, 0x000000070a600000, 0x000000070a600000|100%| O|  |TAMS 0x000000070a600000| PB 0x000000070a400000| Untracked 
|  60|0x000000070a600000, 0x000000070a800000, 0x000000070a800000|100%| O|  |TAMS 0x000000070a800000| PB 0x000000070a600000| Untracked 
|  61|0x000000070a800000, 0x000000070aa00000, 0x000000070aa00000|100%| O|  |TAMS 0x000000070aa00000| PB 0x000000070a800000| Untracked 
|  62|0x000000070aa00000, 0x000000070ac00000, 0x000000070ac00000|100%| O|  |TAMS 0x000000070ac00000| PB 0x000000070aa00000| Untracked 
|  63|0x000000070ac00000, 0x000000070ae00000, 0x000000070ae00000|100%| O|  |TAMS 0x000000070ac00000| PB 0x000000070ac00000| Untracked 
|  64|0x000000070ae00000, 0x000000070b000000, 0x000000070b000000|100%| O|  |TAMS 0x000000070b000000| PB 0x000000070ae00000| Untracked 
|  65|0x000000070b000000, 0x000000070b200000, 0x000000070b200000|100%| O|  |TAMS 0x000000070b200000| PB 0x000000070b000000| Untracked 
|  66|0x000000070b200000, 0x000000070b400000, 0x000000070b400000|100%| O|  |TAMS 0x000000070b400000| PB 0x000000070b200000| Untracked 
|  67|0x000000070b400000, 0x000000070b600000, 0x000000070b600000|100%| O|  |TAMS 0x000000070b600000| PB 0x000000070b400000| Untracked 
|  68|0x000000070b600000, 0x000000070b800000, 0x000000070b800000|100%| O|  |TAMS 0x000000070b800000| PB 0x000000070b600000| Untracked 
|  69|0x000000070b800000, 0x000000070ba00000, 0x000000070ba00000|100%| O|  |TAMS 0x000000070ba00000| PB 0x000000070b800000| Untracked 
|  70|0x000000070ba00000, 0x000000070bc00000, 0x000000070bc00000|100%| O|  |TAMS 0x000000070bc00000| PB 0x000000070ba00000| Untracked 
|  71|0x000000070bc00000, 0x000000070be00000, 0x000000070be00000|100%| O|  |TAMS 0x000000070be00000| PB 0x000000070bc00000| Untracked 
|  72|0x000000070be00000, 0x000000070c000000, 0x000000070c000000|100%| O|  |TAMS 0x000000070c000000| PB 0x000000070be00000| Untracked 
|  73|0x000000070c000000, 0x000000070c200000, 0x000000070c200000|100%| O|  |TAMS 0x000000070c200000| PB 0x000000070c000000| Untracked 
|  74|0x000000070c200000, 0x000000070c400000, 0x000000070c400000|100%| O|  |TAMS 0x000000070c400000| PB 0x000000070c200000| Untracked 
|  75|0x000000070c400000, 0x000000070c600000, 0x000000070c600000|100%| O|  |TAMS 0x000000070c600000| PB 0x000000070c400000| Untracked 
|  76|0x000000070c600000, 0x000000070c800000, 0x000000070c800000|100%| O|  |TAMS 0x000000070c800000| PB 0x000000070c600000| Untracked 
|  77|0x000000070c800000, 0x000000070ca00000, 0x000000070ca00000|100%| O|  |TAMS 0x000000070ca00000| PB 0x000000070c800000| Untracked 
|  78|0x000000070ca00000, 0x000000070cc00000, 0x000000070cc00000|100%| O|  |TAMS 0x000000070cc00000| PB 0x000000070ca00000| Untracked 
|  79|0x000000070cc00000, 0x000000070ce00000, 0x000000070ce00000|100%| O|  |TAMS 0x000000070cc00000| PB 0x000000070cc00000| Untracked 
|  80|0x000000070ce00000, 0x000000070d000000, 0x000000070d000000|100%| O|  |TAMS 0x000000070ce00000| PB 0x000000070ce00000| Untracked 
|  81|0x000000070d000000, 0x000000070d200000, 0x000000070d200000|100%| O|  |TAMS 0x000000070d000000| PB 0x000000070d000000| Untracked 
|  82|0x000000070d200000, 0x000000070d400000, 0x000000070d400000|100%| O|  |TAMS 0x000000070d200000| PB 0x000000070d200000| Untracked 
|  83|0x000000070d400000, 0x000000070d600000, 0x000000070d600000|100%| O|  |TAMS 0x000000070d400000| PB 0x000000070d400000| Untracked 
|  84|0x000000070d600000, 0x000000070d800000, 0x000000070d800000|100%| O|  |TAMS 0x000000070d800000| PB 0x000000070d600000| Untracked 
|  85|0x000000070d800000, 0x000000070da00000, 0x000000070da00000|100%| O|  |TAMS 0x000000070da00000| PB 0x000000070d800000| Untracked 
|  86|0x000000070da00000, 0x000000070dc00000, 0x000000070dc00000|100%| O|  |TAMS 0x000000070dc00000| PB 0x000000070da00000| Untracked 
|  87|0x000000070dc00000, 0x000000070de00000, 0x000000070de00000|100%| O|  |TAMS 0x000000070de00000| PB 0x000000070dc00000| Untracked 
|  88|0x000000070de00000, 0x000000070e000000, 0x000000070e000000|100%| O|  |TAMS 0x000000070de00000| PB 0x000000070de00000| Untracked 
|  89|0x000000070e000000, 0x000000070e196fa0, 0x000000070e200000| 79%| O|  |TAMS 0x000000070e000000| PB 0x000000070e000000| Untracked 
|  90|0x000000070e200000, 0x000000070e200000, 0x000000070e400000|  0%| F|  |TAMS 0x000000070e200000| PB 0x000000070e200000| Untracked 
|  91|0x000000070e400000, 0x000000070e400000, 0x000000070e600000|  0%| F|  |TAMS 0x000000070e400000| PB 0x000000070e400000| Untracked 
|  92|0x000000070e600000, 0x000000070e600000, 0x000000070e800000|  0%| F|  |TAMS 0x000000070e600000| PB 0x000000070e600000| Untracked 
|  93|0x000000070e800000, 0x000000070ea00000, 0x000000070ea00000|100%| O|  |TAMS 0x000000070ea00000| PB 0x000000070e800000| Untracked 
|  94|0x000000070ea00000, 0x000000070ec00000, 0x000000070ec00000|100%| O|  |TAMS 0x000000070ec00000| PB 0x000000070ea00000| Untracked 
|  95|0x000000070ec00000, 0x000000070ee00000, 0x000000070ee00000|100%| O|  |TAMS 0x000000070ee00000| PB 0x000000070ec00000| Untracked 
|  96|0x000000070ee00000, 0x000000070f000000, 0x000000070f000000|100%| O|  |TAMS 0x000000070f000000| PB 0x000000070ee00000| Untracked 
|  97|0x000000070f000000, 0x000000070f000000, 0x000000070f200000|  0%| F|  |TAMS 0x000000070f000000| PB 0x000000070f000000| Untracked 
|  98|0x000000070f200000, 0x000000070f200000, 0x000000070f400000|  0%| F|  |TAMS 0x000000070f200000| PB 0x000000070f200000| Untracked 
|  99|0x000000070f400000, 0x000000070f400000, 0x000000070f600000|  0%| F|  |TAMS 0x000000070f400000| PB 0x000000070f400000| Untracked 
| 100|0x000000070f600000, 0x000000070f600000, 0x000000070f800000|  0%| F|  |TAMS 0x000000070f600000| PB 0x000000070f600000| Untracked 
| 101|0x000000070f800000, 0x000000070f800000, 0x000000070fa00000|  0%| F|  |TAMS 0x000000070f800000| PB 0x000000070f800000| Untracked 
| 102|0x000000070fa00000, 0x000000070fa00000, 0x000000070fc00000|  0%| F|  |TAMS 0x000000070fa00000| PB 0x000000070fa00000| Untracked 
| 103|0x000000070fc00000, 0x000000070fc00000, 0x000000070fe00000|  0%| F|  |TAMS 0x000000070fc00000| PB 0x000000070fc00000| Untracked 
| 104|0x000000070fe00000, 0x000000070fe00000, 0x0000000710000000|  0%| F|  |TAMS 0x000000070fe00000| PB 0x000000070fe00000| Untracked 
| 105|0x0000000710000000, 0x0000000710000000, 0x0000000710200000|  0%| F|  |TAMS 0x0000000710000000| PB 0x0000000710000000| Untracked 
| 106|0x0000000710200000, 0x0000000710200000, 0x0000000710400000|  0%| F|  |TAMS 0x0000000710200000| PB 0x0000000710200000| Untracked 
| 107|0x0000000710400000, 0x0000000710400000, 0x0000000710600000|  0%| F|  |TAMS 0x0000000710400000| PB 0x0000000710400000| Untracked 
| 108|0x0000000710600000, 0x0000000710600000, 0x0000000710800000|  0%| F|  |TAMS 0x0000000710600000| PB 0x0000000710600000| Untracked 
| 109|0x0000000710800000, 0x0000000710800000, 0x0000000710a00000|  0%| F|  |TAMS 0x0000000710800000| PB 0x0000000710800000| Untracked 
| 110|0x0000000710a00000, 0x0000000710a00000, 0x0000000710c00000|  0%| F|  |TAMS 0x0000000710a00000| PB 0x0000000710a00000| Untracked 
| 111|0x0000000710c00000, 0x0000000710e00000, 0x0000000710e00000|100%| S|CS|TAMS 0x0000000710c00000| PB 0x0000000710c00000| Complete 
| 112|0x0000000710e00000, 0x0000000711000000, 0x0000000711000000|100%| S|CS|TAMS 0x0000000710e00000| PB 0x0000000710e00000| Complete 
| 113|0x0000000711000000, 0x0000000711200000, 0x0000000711200000|100%| S|CS|TAMS 0x0000000711000000| PB 0x0000000711000000| Complete 
| 114|0x0000000711200000, 0x0000000711400000, 0x0000000711400000|100%| S|CS|TAMS 0x0000000711200000| PB 0x0000000711200000| Complete 
| 115|0x0000000711400000, 0x0000000711400000, 0x0000000711600000|  0%| F|  |TAMS 0x0000000711400000| PB 0x0000000711400000| Untracked 
| 116|0x0000000711600000, 0x0000000711600000, 0x0000000711800000|  0%| F|  |TAMS 0x0000000711600000| PB 0x0000000711600000| Untracked 
| 117|0x0000000711800000, 0x0000000711800000, 0x0000000711a00000|  0%| F|  |TAMS 0x0000000711800000| PB 0x0000000711800000| Untracked 
| 118|0x0000000711a00000, 0x0000000711a00000, 0x0000000711c00000|  0%| F|  |TAMS 0x0000000711a00000| PB 0x0000000711a00000| Untracked 
| 119|0x0000000711c00000, 0x0000000711c00000, 0x0000000711e00000|  0%| F|  |TAMS 0x0000000711c00000| PB 0x0000000711c00000| Untracked 
| 120|0x0000000711e00000, 0x0000000711e00000, 0x0000000712000000|  0%| F|  |TAMS 0x0000000711e00000| PB 0x0000000711e00000| Untracked 
| 121|0x0000000712000000, 0x0000000712000000, 0x0000000712200000|  0%| F|  |TAMS 0x0000000712000000| PB 0x0000000712000000| Untracked 
| 122|0x0000000712200000, 0x0000000712200000, 0x0000000712400000|  0%| F|  |TAMS 0x0000000712200000| PB 0x0000000712200000| Untracked 
| 123|0x0000000712400000, 0x0000000712400000, 0x0000000712600000|  0%| F|  |TAMS 0x0000000712400000| PB 0x0000000712400000| Untracked 
| 124|0x0000000712600000, 0x0000000712600000, 0x0000000712800000|  0%| F|  |TAMS 0x0000000712600000| PB 0x0000000712600000| Untracked 
| 125|0x0000000712800000, 0x0000000712800000, 0x0000000712a00000|  0%| F|  |TAMS 0x0000000712800000| PB 0x0000000712800000| Untracked 
| 126|0x0000000712a00000, 0x0000000712a00000, 0x0000000712c00000|  0%| F|  |TAMS 0x0000000712a00000| PB 0x0000000712a00000| Untracked 
| 127|0x0000000712c00000, 0x0000000712c00000, 0x0000000712e00000|  0%| F|  |TAMS 0x0000000712c00000| PB 0x0000000712c00000| Untracked 
| 128|0x0000000712e00000, 0x0000000712e00000, 0x0000000713000000|  0%| F|  |TAMS 0x0000000712e00000| PB 0x0000000712e00000| Untracked 
| 129|0x0000000713000000, 0x0000000713000000, 0x0000000713200000|  0%| F|  |TAMS 0x0000000713000000| PB 0x0000000713000000| Untracked 
| 130|0x0000000713200000, 0x0000000713200000, 0x0000000713400000|  0%| F|  |TAMS 0x0000000713200000| PB 0x0000000713200000| Untracked 
| 131|0x0000000713400000, 0x0000000713400000, 0x0000000713600000|  0%| F|  |TAMS 0x0000000713400000| PB 0x0000000713400000| Untracked 
| 132|0x0000000713600000, 0x0000000713600000, 0x0000000713800000|  0%| F|  |TAMS 0x0000000713600000| PB 0x0000000713600000| Untracked 
| 133|0x0000000713800000, 0x0000000713800000, 0x0000000713a00000|  0%| F|  |TAMS 0x0000000713800000| PB 0x0000000713800000| Untracked 
| 134|0x0000000713a00000, 0x0000000713a00000, 0x0000000713c00000|  0%| F|  |TAMS 0x0000000713a00000| PB 0x0000000713a00000| Untracked 
| 135|0x0000000713c00000, 0x0000000713c00000, 0x0000000713e00000|  0%| F|  |TAMS 0x0000000713c00000| PB 0x0000000713c00000| Untracked 
| 136|0x0000000713e00000, 0x0000000713e00000, 0x0000000714000000|  0%| F|  |TAMS 0x0000000713e00000| PB 0x0000000713e00000| Untracked 
| 137|0x0000000714000000, 0x0000000714000000, 0x0000000714200000|  0%| F|  |TAMS 0x0000000714000000| PB 0x0000000714000000| Untracked 
| 138|0x0000000714200000, 0x0000000714200000, 0x0000000714400000|  0%| F|  |TAMS 0x0000000714200000| PB 0x0000000714200000| Untracked 
| 139|0x0000000714400000, 0x0000000714400000, 0x0000000714600000|  0%| F|  |TAMS 0x0000000714400000| PB 0x0000000714400000| Untracked 
| 140|0x0000000714600000, 0x0000000714600000, 0x0000000714800000|  0%| F|  |TAMS 0x0000000714600000| PB 0x0000000714600000| Untracked 
| 141|0x0000000714800000, 0x0000000714800000, 0x0000000714a00000|  0%| F|  |TAMS 0x0000000714800000| PB 0x0000000714800000| Untracked 
| 142|0x0000000714a00000, 0x0000000714a00000, 0x0000000714c00000|  0%| F|  |TAMS 0x0000000714a00000| PB 0x0000000714a00000| Untracked 
| 143|0x0000000714c00000, 0x0000000714c00000, 0x0000000714e00000|  0%| F|  |TAMS 0x0000000714c00000| PB 0x0000000714c00000| Untracked 
| 144|0x0000000714e00000, 0x0000000714e00000, 0x0000000715000000|  0%| F|  |TAMS 0x0000000714e00000| PB 0x0000000714e00000| Untracked 
| 145|0x0000000715000000, 0x0000000715000000, 0x0000000715200000|  0%| F|  |TAMS 0x0000000715000000| PB 0x0000000715000000| Untracked 
| 146|0x0000000715200000, 0x0000000715200000, 0x0000000715400000|  0%| F|  |TAMS 0x0000000715200000| PB 0x0000000715200000| Untracked 
| 147|0x0000000715400000, 0x0000000715400000, 0x0000000715600000|  0%| F|  |TAMS 0x0000000715400000| PB 0x0000000715400000| Untracked 
| 148|0x0000000715600000, 0x0000000715600000, 0x0000000715800000|  0%| F|  |TAMS 0x0000000715600000| PB 0x0000000715600000| Untracked 
| 149|0x0000000715800000, 0x0000000715800000, 0x0000000715a00000|  0%| F|  |TAMS 0x0000000715800000| PB 0x0000000715800000| Untracked 
| 150|0x0000000715a00000, 0x0000000715a00000, 0x0000000715c00000|  0%| F|  |TAMS 0x0000000715a00000| PB 0x0000000715a00000| Untracked 
| 151|0x0000000715c00000, 0x0000000715c00000, 0x0000000715e00000|  0%| F|  |TAMS 0x0000000715c00000| PB 0x0000000715c00000| Untracked 
| 152|0x0000000715e00000, 0x0000000715e00000, 0x0000000716000000|  0%| F|  |TAMS 0x0000000715e00000| PB 0x0000000715e00000| Untracked 
| 153|0x0000000716000000, 0x0000000716000000, 0x0000000716200000|  0%| F|  |TAMS 0x0000000716000000| PB 0x0000000716000000| Untracked 
| 154|0x0000000716200000, 0x0000000716200000, 0x0000000716400000|  0%| F|  |TAMS 0x0000000716200000| PB 0x0000000716200000| Untracked 
| 155|0x0000000716400000, 0x0000000716400000, 0x0000000716600000|  0%| F|  |TAMS 0x0000000716400000| PB 0x0000000716400000| Untracked 
| 156|0x0000000716600000, 0x0000000716800000, 0x0000000716800000|100%| E|  |TAMS 0x0000000716600000| PB 0x0000000716600000| Complete 
| 157|0x0000000716800000, 0x0000000716a00000, 0x0000000716a00000|100%| E|CS|TAMS 0x0000000716800000| PB 0x0000000716800000| Complete 
| 158|0x0000000716a00000, 0x0000000716c00000, 0x0000000716c00000|100%| E|CS|TAMS 0x0000000716a00000| PB 0x0000000716a00000| Complete 
| 159|0x0000000716c00000, 0x0000000716e00000, 0x0000000716e00000|100%| E|CS|TAMS 0x0000000716c00000| PB 0x0000000716c00000| Complete 
| 160|0x0000000716e00000, 0x0000000717000000, 0x0000000717000000|100%| E|CS|TAMS 0x0000000716e00000| PB 0x0000000716e00000| Complete 
|2010|0x00000007fe200000, 0x00000007fe400000, 0x00000007fe400000|100%| O|  |TAMS 0x00000007fe2a6f30| PB 0x00000007fe200000| Untracked 
|2011|0x00000007fe400000, 0x00000007fe600000, 0x00000007fe600000|100%| O|  |TAMS 0x00000007fe600000| PB 0x00000007fe400000| Untracked 
|2012|0x00000007fe600000, 0x00000007fe800000, 0x00000007fe800000|100%| O|  |TAMS 0x00000007fe800000| PB 0x00000007fe600000| Untracked 
|2013|0x00000007fe800000, 0x00000007fea00000, 0x00000007fea00000|100%| O|  |TAMS 0x00000007fea00000| PB 0x00000007fe800000| Untracked 
|2014|0x00000007fea00000, 0x00000007fec00000, 0x00000007fec00000|100%| O|  |TAMS 0x00000007fec00000| PB 0x00000007fea00000| Untracked 
|2015|0x00000007fec00000, 0x00000007fee00000, 0x00000007fee00000|100%| O|  |TAMS 0x00000007fee00000| PB 0x00000007fec00000| Untracked 
|2016|0x00000007fee00000, 0x00000007ff000000, 0x00000007ff000000|100%| O|  |TAMS 0x00000007ff000000| PB 0x00000007fee00000| Untracked 
|2017|0x00000007ff000000, 0x00000007ff200000, 0x00000007ff200000|100%| O|  |TAMS 0x00000007ff200000| PB 0x00000007ff000000| Untracked 
|2018|0x00000007ff200000, 0x00000007ff400000, 0x00000007ff400000|100%| O|  |TAMS 0x00000007ff400000| PB 0x00000007ff200000| Untracked 
|2019|0x00000007ff400000, 0x00000007ff600000, 0x00000007ff600000|100%| O|  |TAMS 0x00000007ff600000| PB 0x00000007ff400000| Untracked 
|2020|0x00000007ff600000, 0x00000007ff800000, 0x00000007ff800000|100%| O|  |TAMS 0x00000007ff800000| PB 0x00000007ff600000| Untracked 
|2021|0x00000007ff800000, 0x00000007ffa00000, 0x00000007ffa00000|100%| O|  |TAMS 0x00000007ffa00000| PB 0x00000007ff800000| Untracked 
|2022|0x00000007ffa00000, 0x00000007ffc00000, 0x00000007ffc00000|100%| O|  |TAMS 0x00000007ffc00000| PB 0x00000007ffa00000| Untracked 
|2023|0x00000007ffc00000, 0x00000007ffe00000, 0x00000007ffe00000|100%| O|  |TAMS 0x00000007ffe00000| PB 0x00000007ffc00000| Untracked 
|2024|0x00000007ffe00000, 0x0000000800000000, 0x0000000800000000|100%| O|  |TAMS 0x0000000800000000| PB 0x00000007ffe00000| Untracked 

Card table byte_map: [0x0000023a5cc70000,0x0000023a5d460000] _byte_map_base: 0x0000023a59459000

Marking Bits: (CMBitMap*) 0x0000023a49e40c80
 Bits: [0x0000023a5d460000, 0x0000023a613a8000)

Polling page: 0x0000023a47bb0000

Metaspace:

Usage:
  Non-class:     72.96 MB used.
      Class:      8.35 MB used.
       Both:     81.31 MB used.

Virtual space:
  Non-class space:      128.00 MB reserved,      73.19 MB ( 57%) committed,  2 nodes.
      Class space:        1.00 GB reserved,       8.50 MB ( <1%) committed,  1 nodes.
             Both:        1.12 GB reserved,      81.69 MB (  7%) committed. 

Chunk freelists:
   Non-Class:  6.39 MB
       Class:  7.44 MB
        Both:  13.83 MB

MaxMetaspaceSize: unlimited
CompressedClassSpaceSize: 1.00 GB
Initial GC threshold: 21.00 MB
Current GC threshold: 116.50 MB
CDS: off
 - commit_granule_bytes: 65536.
 - commit_granule_words: 8192.
 - virtual_space_node_default_size: 8388608.
 - enlarge_chunks_in_place: 1.
 - use_allocation_guard: 0.


Internal statistics:

num_allocs_failed_limit: 9.
num_arena_births: 566.
num_arena_deaths: 0.
num_vsnodes_births: 3.
num_vsnodes_deaths: 0.
num_space_committed: 1304.
num_space_uncommitted: 0.
num_chunks_returned_to_freelist: 9.
num_chunks_taken_from_freelist: 3258.
num_chunk_merges: 9.
num_chunk_splits: 2621.
num_chunks_enlarged: 2271.
num_inconsistent_stats: 0.

CodeHeap 'non-profiled nmethods': size=120000Kb used=15747Kb max_used=15747Kb free=104252Kb
 bounds [0x0000023a54a00000, 0x0000023a55970000, 0x0000023a5bf30000]
CodeHeap 'profiled nmethods': size=120000Kb used=62382Kb max_used=62382Kb free=57617Kb
 bounds [0x0000023a4cf30000, 0x0000023a50c20000, 0x0000023a54460000]
CodeHeap 'non-nmethods': size=5760Kb used=1840Kb max_used=1886Kb free=3919Kb
 bounds [0x0000023a54460000, 0x0000023a546d0000, 0x0000023a54a00000]
 total_blobs=17636 nmethods=16811 adapters=722
 compilation: enabled
              stopped_count=0, restarted_count=0
 full_count=0

Compilation events (20 events):
Event: 12.372 Thread 0x0000023a641ff1b0 nmethod 18901 0x0000023a50bd9090 code [0x0000023a50bd9280, 0x0000023a50bd9598]
Event: 12.372 Thread 0x0000023a641ff1b0 18904       2       org.jetbrains.kotlin.ir.interpreter.preprocessor.IrInterpreterPreprocessor$DefaultImpls::visitProperty (22 bytes)
Event: 12.372 Thread 0x0000023a641ff1b0 nmethod 18904 0x0000023a50bd9790 code [0x0000023a50bd9a00, 0x0000023a50bda060]
Event: 12.372 Thread 0x0000023a641ff1b0 18905       2       org.jetbrains.kotlin.ir.interpreter.transformer.IrConstTransformer::visitExpressionBody (10 bytes)
Event: 12.372 Thread 0x0000023a641ff1b0 nmethod 18905 0x0000023a50bda490 code [0x0000023a50bda680, 0x0000023a50bda9d8]
Event: 12.372 Thread 0x0000023a641ff1b0 18906       2       org.jetbrains.kotlin.ir.interpreter.transformer.IrConstTransformer::visitExpressionBody (7 bytes)
Event: 12.373 Thread 0x0000023a641ff1b0 nmethod 18906 0x0000023a50bdac10 code [0x0000023a50bdae00, 0x0000023a50bdb118]
Event: 12.373 Thread 0x0000023a641ff1b0 18902       2       org.jetbrains.kotlin.ir.interpreter.checker.IrInterpreterCommonChecker::visitConst (10 bytes)
Event: 12.373 Thread 0x0000023a641ff1b0 nmethod 18902 0x0000023a50bdb310 code [0x0000023a50bdb540, 0x0000023a50bdba20]
Event: 12.373 Thread 0x0000023a641ff1b0 18907       2       org.jetbrains.kotlin.fir.backend.Fir2IrDeclarationStorage::createAndCacheIrField (109 bytes)
Event: 12.373 Thread 0x0000023a641ff1b0 nmethod 18907 0x0000023a50bdbd90 code [0x0000023a50bdc060, 0x0000023a50bdc870]
Event: 12.373 Thread 0x0000023a641ff1b0 18908       3       org.jetbrains.kotlin.fir.backend.Fir2IrDeclarationStorageKt::access$isFakeOverrideOrDelegated (6 bytes)
Event: 12.375 Thread 0x0000023a641ff1b0 nmethod 18908 0x0000023a50bdcd90 code [0x0000023a50bdd320, 0x0000023a50bdfcc8]
Event: 12.375 Thread 0x0000023a641ff1b0 18910   !   3       java.util.AbstractSet::equals (45 bytes)
Event: 12.375 Thread 0x0000023a641ff1b0 nmethod 18910 0x0000023a50be0990 code [0x0000023a50be0ba0, 0x0000023a50be12b8]
Event: 12.375 Thread 0x0000023a641ff1b0 18911       2       org.jetbrains.kotlin.fir.scopes.impl.FirClassSubstitutionScope::createSubstitutionOverrideFunction (745 bytes)
Event: 12.377 Thread 0x0000023a641ff1b0 nmethod 18911 0x0000023a50be1410 code [0x0000023a50be1a20, 0x0000023a50be39a0]
Event: 12.378 Thread 0x0000023a641d66d0 nmethod 18264 0x0000023a55939310 code [0x0000023a55939d40, 0x0000023a559435c0]
Event: 12.378 Thread 0x0000023a641ff1b0 18909       3       org.jetbrains.kotlin.fir.backend.Fir2IrDeclarationStorageKt::isFakeOverrideOrDelegated (15 bytes)
Event: 12.378 Thread 0x0000023a641fdd40 nmethod 18883 0x0000023a5594bd90 code [0x0000023a5594bfc0, 0x0000023a5594c920]

GC Heap History (20 events):
Event: 5.282 GC heap before
{Heap before GC invocations=21 (full 0):
 garbage-first heap   total 198656K, used 172033K [0x0000000702e00000, 0x0000000800000000)
  region size 2048K, 28 young (57344K), 3 survivors (6144K)
 Metaspace       used 59264K, committed 59584K, reserved 1114112K
  class space    used 6557K, committed 6720K, reserved 1048576K
}
Event: 5.289 GC heap after
{Heap after GC invocations=22 (full 0):
 garbage-first heap   total 278528K, used 123941K [0x0000000702e00000, 0x0000000800000000)
  region size 2048K, 4 young (8192K), 4 survivors (8192K)
 Metaspace       used 59264K, committed 59584K, reserved 1114112K
  class space    used 6557K, committed 6720K, reserved 1048576K
}
Event: 6.059 GC heap before
{Heap before GC invocations=22 (full 0):
 garbage-first heap   total 278528K, used 224293K [0x0000000702e00000, 0x0000000800000000)
  region size 2048K, 53 young (108544K), 4 survivors (8192K)
 Metaspace       used 59780K, committed 60096K, reserved 1114112K
  class space    used 6580K, committed 6720K, reserved 1048576K
}
Event: 6.066 GC heap after
{Heap after GC invocations=23 (full 0):
 garbage-first heap   total 278528K, used 130669K [0x0000000702e00000, 0x0000000800000000)
  region size 2048K, 6 young (12288K), 6 survivors (12288K)
 Metaspace       used 59780K, committed 60096K, reserved 1114112K
  class space    used 6580K, committed 6720K, reserved 1048576K
}
Event: 6.670 GC heap before
{Heap before GC invocations=23 (full 0):
 garbage-first heap   total 278528K, used 237165K [0x0000000702e00000, 0x0000000800000000)
  region size 2048K, 58 young (118784K), 6 survivors (12288K)
 Metaspace       used 60164K, committed 60480K, reserved 1114112K
  class space    used 6600K, committed 6720K, reserved 1048576K
}
Event: 6.679 GC heap after
{Heap after GC invocations=24 (full 0):
 garbage-first heap   total 278528K, used 140428K [0x0000000702e00000, 0x0000000800000000)
  region size 2048K, 8 young (16384K), 8 survivors (16384K)
 Metaspace       used 60164K, committed 60480K, reserved 1114112K
  class space    used 6600K, committed 6720K, reserved 1048576K
}
Event: 7.259 GC heap before
{Heap before GC invocations=24 (full 0):
 garbage-first heap   total 278528K, used 242828K [0x0000000702e00000, 0x0000000800000000)
  region size 2048K, 58 young (118784K), 8 survivors (16384K)
 Metaspace       used 60383K, committed 60672K, reserved 1114112K
  class space    used 6606K, committed 6720K, reserved 1048576K
}
Event: 7.267 GC heap after
{Heap after GC invocations=25 (full 0):
 garbage-first heap   total 278528K, used 145050K [0x0000000702e00000, 0x0000000800000000)
  region size 2048K, 3 young (6144K), 3 survivors (6144K)
 Metaspace       used 60383K, committed 60672K, reserved 1114112K
  class space    used 6606K, committed 6720K, reserved 1048576K
}
Event: 7.853 GC heap before
{Heap before GC invocations=26 (full 0):
 garbage-first heap   total 278528K, used 249498K [0x0000000702e00000, 0x0000000800000000)
  region size 2048K, 54 young (110592K), 3 survivors (6144K)
 Metaspace       used 60637K, committed 60992K, reserved 1114112K
  class space    used 6622K, committed 6784K, reserved 1048576K
}
Event: 7.860 GC heap after
{Heap after GC invocations=27 (full 0):
 garbage-first heap   total 278528K, used 151552K [0x0000000702e00000, 0x0000000800000000)
  region size 2048K, 6 young (12288K), 6 survivors (12288K)
 Metaspace       used 60637K, committed 60992K, reserved 1114112K
  class space    used 6622K, committed 6784K, reserved 1048576K
}
Event: 8.846 GC heap before
{Heap before GC invocations=27 (full 0):
 garbage-first heap   total 278528K, used 249856K [0x0000000702e00000, 0x0000000800000000)
  region size 2048K, 54 young (110592K), 6 survivors (12288K)
 Metaspace       used 64795K, committed 65152K, reserved 1114112K
  class space    used 6946K, committed 7104K, reserved 1048576K
}
Event: 8.858 GC heap after
{Heap after GC invocations=28 (full 0):
 garbage-first heap   total 278528K, used 156737K [0x0000000702e00000, 0x0000000800000000)
  region size 2048K, 7 young (14336K), 7 survivors (14336K)
 Metaspace       used 64795K, committed 65152K, reserved 1114112K
  class space    used 6946K, committed 7104K, reserved 1048576K
}
Event: 9.489 GC heap before
{Heap before GC invocations=28 (full 0):
 garbage-first heap   total 278528K, used 246849K [0x0000000702e00000, 0x0000000800000000)
  region size 2048K, 51 young (104448K), 7 survivors (14336K)
 Metaspace       used 70580K, committed 70912K, reserved 1114112K
  class space    used 7396K, committed 7552K, reserved 1048576K
}
Event: 9.502 GC heap after
{Heap after GC invocations=29 (full 0):
 garbage-first heap   total 335872K, used 165888K [0x0000000702e00000, 0x0000000800000000)
  region size 2048K, 7 young (14336K), 7 survivors (14336K)
 Metaspace       used 70580K, committed 70912K, reserved 1114112K
  class space    used 7396K, committed 7552K, reserved 1048576K
}
Event: 10.856 GC heap before
{Heap before GC invocations=30 (full 0):
 garbage-first heap   total 335872K, used 303104K [0x0000000702e00000, 0x0000000800000000)
  region size 2048K, 74 young (151552K), 7 survivors (14336K)
 Metaspace       used 78043K, committed 78336K, reserved 1179648K
  class space    used 8066K, committed 8192K, reserved 1048576K
}
Event: 10.876 GC heap after
{Heap after GC invocations=31 (full 0):
 garbage-first heap   total 337920K, used 186188K [0x0000000702e00000, 0x0000000800000000)
  region size 2048K, 10 young (20480K), 10 survivors (20480K)
 Metaspace       used 78043K, committed 78336K, reserved 1179648K
  class space    used 8066K, committed 8192K, reserved 1048576K
}
Event: 11.599 GC heap before
{Heap before GC invocations=31 (full 0):
 garbage-first heap   total 337920K, used 298828K [0x0000000702e00000, 0x0000000800000000)
  region size 2048K, 65 young (133120K), 10 survivors (20480K)
 Metaspace       used 79153K, committed 79552K, reserved 1179648K
  class space    used 8146K, committed 8320K, reserved 1048576K
}
Event: 11.639 GC heap after
{Heap after GC invocations=32 (full 0):
 garbage-first heap   total 360448K, used 219803K [0x0000000702e00000, 0x0000000800000000)
  region size 2048K, 9 young (18432K), 9 survivors (18432K)
 Metaspace       used 79153K, committed 79552K, reserved 1179648K
  class space    used 8146K, committed 8320K, reserved 1048576K
}
Event: 12.290 GC heap before
{Heap before GC invocations=32 (full 0):
 garbage-first heap   total 360448K, used 311963K [0x0000000702e00000, 0x0000000800000000)
  region size 2048K, 54 young (110592K), 9 survivors (18432K)
 Metaspace       used 83080K, committed 83520K, reserved 1179648K
  class space    used 8535K, committed 8704K, reserved 1048576K
}
Event: 12.303 GC heap after
{Heap after GC invocations=33 (full 0):
 garbage-first heap   total 360448K, used 231003K [0x0000000702e00000, 0x0000000800000000)
  region size 2048K, 4 young (8192K), 4 survivors (8192K)
 Metaspace       used 83080K, committed 83520K, reserved 1179648K
  class space    used 8535K, committed 8704K, reserved 1048576K
}

Dll operation events (3 events):
Event: 0.003 Loaded shared library C:\Program Files\Android\Android Studio\jbr\bin\java.dll
Event: 0.007 Loaded shared library C:\Program Files\Android\Android Studio\jbr\bin\zip.dll
Event: 0.559 Loaded shared library C:\Program Files\Android\Android Studio\jbr\bin\verify.dll

Deoptimization events (20 events):
Event: 12.321 Thread 0x0000023a47bea640 Uncommon trap: trap_request=0xffffff45 fr.pc=0x0000023a54f6f52c relative=0x00000000000000ec
Event: 12.321 Thread 0x0000023a47bea640 Uncommon trap: reason=unstable_if action=reinterpret pc=0x0000023a54f6f52c method=org.jetbrains.kotlin.fir.ClassMembersKt.isSubstitutionOrIntersectionOverride(Lorg/jetbrains/kotlin/fir/declarations/FirCallableDeclaration;)Z @ 17 c2
Event: 12.321 Thread 0x0000023a47bea640 DEOPT PACKING pc=0x0000023a54f6f52c sp=0x0000007805bfac80
Event: 12.321 Thread 0x0000023a47bea640 DEOPT UNPACKING pc=0x0000023a544b46a2 sp=0x0000007805bfabc0 mode 2
Event: 12.325 Thread 0x0000023a47bea640 Uncommon trap: trap_request=0xffffff45 fr.pc=0x0000023a55920870 relative=0x0000000000000230
Event: 12.325 Thread 0x0000023a47bea640 Uncommon trap: reason=unstable_if action=reinterpret pc=0x0000023a55920870 method=org.jetbrains.kotlin.ir.interpreter.UtilsKt.isAccessToNotNullableObject(Lorg/jetbrains/kotlin/ir/expressions/IrExpression;)Z @ 86 c2
Event: 12.325 Thread 0x0000023a47bea640 DEOPT PACKING pc=0x0000023a55920870 sp=0x0000007805bf8930
Event: 12.325 Thread 0x0000023a47bea640 DEOPT UNPACKING pc=0x0000023a544b46a2 sp=0x0000007805bf88c0 mode 2
Event: 12.338 Thread 0x0000023a47bea640 Uncommon trap: trap_request=0xffffff45 fr.pc=0x0000023a5591ea84 relative=0x00000000000002e4
Event: 12.338 Thread 0x0000023a47bea640 Uncommon trap: reason=unstable_if action=reinterpret pc=0x0000023a5591ea84 method=org.jetbrains.kotlin.ir.interpreter.checker.EvaluationMode$OnlyBuiltins.canEvaluateExpression(Lorg/jetbrains/kotlin/ir/expressions/IrExpression;)Z @ 22 c2
Event: 12.338 Thread 0x0000023a47bea640 DEOPT PACKING pc=0x0000023a5591ea84 sp=0x0000007805bf7930
Event: 12.338 Thread 0x0000023a47bea640 DEOPT UNPACKING pc=0x0000023a544b46a2 sp=0x0000007805bf7898 mode 2
Event: 12.338 Thread 0x0000023a47bea640 Uncommon trap: trap_request=0xffffff45 fr.pc=0x0000023a5591f80c relative=0x000000000000028c
Event: 12.338 Thread 0x0000023a47bea640 Uncommon trap: reason=unstable_if action=reinterpret pc=0x0000023a5591f80c method=org.jetbrains.kotlin.ir.interpreter.checker.EvaluationMode$OnlyBuiltins.canEvaluateExpression(Lorg/jetbrains/kotlin/ir/expressions/IrExpression;)Z @ 22 c2
Event: 12.338 Thread 0x0000023a47bea640 DEOPT PACKING pc=0x0000023a5591f80c sp=0x0000007805bf7620
Event: 12.338 Thread 0x0000023a47bea640 DEOPT UNPACKING pc=0x0000023a544b46a2 sp=0x0000007805bf75f0 mode 2
Event: 12.349 Thread 0x0000023a47bea640 Uncommon trap: trap_request=0xffffff45 fr.pc=0x0000023a55921c24 relative=0x0000000000000964
Event: 12.349 Thread 0x0000023a47bea640 Uncommon trap: reason=unstable_if action=reinterpret pc=0x0000023a55921c24 method=org.jetbrains.kotlin.ir.interpreter.UtilsKt.isAccessToNotNullableObject(Lorg/jetbrains/kotlin/ir/expressions/IrExpression;)Z @ 86 c2
Event: 12.349 Thread 0x0000023a47bea640 DEOPT PACKING pc=0x0000023a55921c24 sp=0x0000007805bf8d90
Event: 12.349 Thread 0x0000023a47bea640 DEOPT UNPACKING pc=0x0000023a544b46a2 sp=0x0000007805bf8c68 mode 2

Classes loaded (20 events):
Event: 10.726 Loading class java/util/Formatter$FormatString done
Event: 10.726 Loading class java/util/Formatter$FixedString done
Event: 10.726 Loading class java/util/Formatter$Conversion
Event: 10.727 Loading class java/util/Formatter$Conversion done
Event: 10.727 Loading class java/util/Formatter$FormatSpecifier
Event: 10.727 Loading class java/util/Formatter$FormatSpecifier done
Event: 10.727 Loading class java/util/Formattable
Event: 10.727 Loading class java/util/Formattable done
Event: 10.727 Loading class java/util/Formatter$Flags
Event: 10.727 Loading class java/util/Formatter$Flags done
Event: 10.751 Loading class java/lang/invoke/BoundMethodHandle$Species_LLJ
Event: 10.751 Loading class java/lang/invoke/BoundMethodHandle$Species_LLJ done
Event: 11.423 Loading class java/lang/invoke/BoundMethodHandle$Species_LLLJ
Event: 11.423 Loading class java/lang/invoke/BoundMethodHandle$Species_LLLJ done
Event: 11.424 Loading class java/lang/invoke/LambdaFormEditor$1
Event: 11.424 Loading class java/lang/invoke/LambdaFormEditor$1 done
Event: 11.424 Loading class java/util/TreeMap$EntrySet
Event: 11.424 Loading class java/util/TreeMap$EntrySet done
Event: 11.424 Loading class java/util/TreeMap$EntryIterator
Event: 11.424 Loading class java/util/TreeMap$EntryIterator done

Classes unloaded (0 events):
No events

Classes redefined (0 events):
No events

Internal exceptions (20 events):
Event: 9.709 Thread 0x0000023a47bea640 Exception <a 'java/lang/NoSuchMethodError'{0x00000007165aeac0}: 'java.lang.Object java.lang.invoke.DirectMethodHandle$Holder.newInvokeSpecial(java.lang.Object, java.lang.Object, java.lang.Object, java.lang.Object, java.lang.Object, java.lang.Object, java.lang.Object, int)'> (0x00000007165aeac0) 
thrown [s\src\hotspot\share\interpreter\linkResolver.cpp, line 784]
Event: 9.709 Thread 0x0000023a47bea640 Exception <a 'java/lang/NoSuchMethodError'{0x00000007165b30f0}: 'java.lang.Object java.lang.invoke.DirectMethodHandle$Holder.invokeSpecial(java.lang.Object, java.lang.Object, java.lang.Object, java.lang.Object, java.lang.Object, java.lang.Object, java.lang.Object, java.lang.Object, int)'> (0x00000007165b30f0) 
thrown [s\src\hotspot\share\interpreter\linkResolver.cpp, line 784]
Event: 10.092 Thread 0x0000023a47bea640 Implicit null exception at 0x0000023a550532d8 to 0x0000023a55053a74
Event: 10.192 Thread 0x0000023a47bea640 Implicit null exception at 0x0000023a55106858 to 0x0000023a551068cd
Event: 10.453 Thread 0x0000023a47bea640 Implicit null exception at 0x0000023a54fb52cf to 0x0000023a54fb6408
Event: 10.466 Thread 0x0000023a47bea640 Exception <a 'java/lang/NoSuchMethodError'{0x000000071173db80}: 'java.lang.Object java.lang.invoke.DirectMethodHandle$Holder.invokeStatic(java.lang.Object, java.lang.Object, int, java.lang.Object, java.lang.Object)'> (0x000000071173db80) 
thrown [s\src\hotspot\share\interpreter\linkResolver.cpp, line 784]
Event: 10.467 Thread 0x0000023a47bea640 Exception <a 'java/lang/NoSuchMethodError'{0x0000000711744c20}: 'java.lang.Object java.lang.invoke.DirectMethodHandle$Holder.newInvokeSpecial(java.lang.Object, java.lang.Object, int, java.lang.Object, java.lang.Object)'> (0x0000000711744c20) 
thrown [s\src\hotspot\share\interpreter\linkResolver.cpp, line 784]
Event: 10.467 Thread 0x0000023a47bea640 Exception <a 'java/lang/NoSuchMethodError'{0x0000000711748e38}: 'java.lang.Object java.lang.invoke.DirectMethodHandle$Holder.invokeSpecial(java.lang.Object, java.lang.Object, java.lang.Object, int, java.lang.Object, java.lang.Object)'> (0x0000000711748e38) 
thrown [s\src\hotspot\share\interpreter\linkResolver.cpp, line 784]
Event: 10.467 Thread 0x0000023a47bea640 Exception <a 'java/lang/NoSuchMethodError'{0x000000071174c670}: 'java.lang.Object java.lang.invoke.Invokers$Holder.linkToTargetMethod(java.lang.Object, int, java.lang.Object, java.lang.Object, java.lang.Object)'> (0x000000071174c670) 
thrown [s\src\hotspot\share\interpreter\linkResolver.cpp, line 784]
Event: 10.751 Thread 0x0000023a47bea640 Implicit null exception at 0x0000023a55668f66 to 0x0000023a55669470
Event: 10.781 Thread 0x0000023a47bea640 Exception <a 'java/lang/NoSuchMethodError'{0x000000070f193880}: 'java.lang.Object java.lang.invoke.DirectMethodHandle$Holder.invokeStatic(java.lang.Object, java.lang.Object, java.lang.Object, java.lang.Object, java.lang.Object, java.lang.Object, int, java.lang.Object)'> (0x000000070f193880) 
thrown [s\src\hotspot\share\interpreter\linkResolver.cpp, line 784]
Event: 10.781 Thread 0x0000023a47bea640 Exception <a 'java/lang/NoSuchMethodError'{0x000000070f19d678}: 'java.lang.Object java.lang.invoke.DirectMethodHandle$Holder.newInvokeSpecial(java.lang.Object, java.lang.Object, java.lang.Object, java.lang.Object, java.lang.Object, java.lang.Object, int)'> (0x000000070f19d678) 
thrown [s\src\hotspot\share\interpreter\linkResolver.cpp, line 784]
Event: 10.782 Thread 0x0000023a47bea640 Exception <a 'java/lang/NoSuchMethodError'{0x000000070f1a2260}: 'java.lang.Object java.lang.invoke.DirectMethodHandle$Holder.invokeSpecial(java.lang.Object, java.lang.Object, java.lang.Object, java.lang.Object, java.lang.Object, java.lang.Object, java.lang.Object, int)'> (0x000000070f1a2260) 
thrown [s\src\hotspot\share\interpreter\linkResolver.cpp, line 784]
Event: 11.393 Thread 0x0000023a47bea640 Implicit null exception at 0x0000023a55736de0 to 0x0000023a55736ea1
Event: 11.759 Thread 0x0000023a47bea640 Exception <a 'java/lang/NoSuchMethodError'{0x00000007152d4410}: 'java.lang.Object java.lang.invoke.DirectMethodHandle$Holder.invokeStatic(java.lang.Object, java.lang.Object, java.lang.Object, java.lang.Object, java.lang.Object, int, java.lang.Object, java.lang.Object)'> (0x00000007152d4410) 
thrown [s\src\hotspot\share\interpreter\linkResolver.cpp, line 784]
Event: 11.960 Thread 0x0000023a47bea640 Exception <a 'java/lang/NoSuchMethodError'{0x00000007135def20}: 'java.lang.Object java.lang.invoke.DirectMethodHandle$Holder.newInvokeSpecial(java.lang.Object, java.lang.Object, int, java.lang.Object)'> (0x00000007135def20) 
thrown [s\src\hotspot\share\interpreter\linkResolver.cpp, line 784]
Event: 11.960 Thread 0x0000023a47bea640 Exception <a 'java/lang/NoSuchMethodError'{0x00000007135e2ae0}: 'java.lang.Object java.lang.invoke.DirectMethodHandle$Holder.invokeSpecial(java.lang.Object, java.lang.Object, java.lang.Object, int, java.lang.Object)'> (0x00000007135e2ae0) 
thrown [s\src\hotspot\share\interpreter\linkResolver.cpp, line 784]
Event: 11.960 Thread 0x0000023a47bea640 Exception <a 'java/lang/NoSuchMethodError'{0x00000007135e61f0}: 'java.lang.Object java.lang.invoke.Invokers$Holder.linkToTargetMethod(java.lang.Object, int, java.lang.Object, java.lang.Object)'> (0x00000007135e61f0) 
thrown [s\src\hotspot\share\interpreter\linkResolver.cpp, line 784]
Event: 12.128 Thread 0x0000023a47bea640 Exception <a 'java/lang/NoSuchMethodError'{0x0000000711fe1988}: 'java.lang.Object java.lang.invoke.DirectMethodHandle$Holder.newInvokeSpecial(java.lang.Object, int, java.lang.Object, int)'> (0x0000000711fe1988) 
thrown [s\src\hotspot\share\interpreter\linkResolver.cpp, line 784]
Event: 12.213 Thread 0x0000023a47bea640 Implicit null exception at 0x0000023a5585680e to 0x0000023a55857060

ZGC Phase Switch (0 events):
No events

VM Operations (20 events):
Event: 12.097 Executing VM operation: HandshakeAllThreads (Deoptimize)
Event: 12.097 Executing VM operation: HandshakeAllThreads (Deoptimize) done
Event: 12.142 Executing VM operation: HandshakeAllThreads (Deoptimize)
Event: 12.142 Executing VM operation: HandshakeAllThreads (Deoptimize) done
Event: 12.143 Executing VM operation: HandshakeAllThreads (Deoptimize)
Event: 12.143 Executing VM operation: HandshakeAllThreads (Deoptimize) done
Event: 12.165 Executing VM operation: ICBufferFull
Event: 12.165 Executing VM operation: ICBufferFull done
Event: 12.181 Executing VM operation: HandshakeAllThreads (Deoptimize)
Event: 12.181 Executing VM operation: HandshakeAllThreads (Deoptimize) done
Event: 12.183 Executing VM operation: HandshakeAllThreads (Deoptimize)
Event: 12.183 Executing VM operation: HandshakeAllThreads (Deoptimize) done
Event: 12.203 Executing VM operation: HandshakeAllThreads (Deoptimize)
Event: 12.203 Executing VM operation: HandshakeAllThreads (Deoptimize) done
Event: 12.206 Executing VM operation: HandshakeAllThreads (Deoptimize)
Event: 12.206 Executing VM operation: HandshakeAllThreads (Deoptimize) done
Event: 12.234 Executing VM operation: ICBufferFull
Event: 12.234 Executing VM operation: ICBufferFull done
Event: 12.289 Executing VM operation: G1CollectForAllocation (G1 Evacuation Pause)
Event: 12.303 Executing VM operation: G1CollectForAllocation (G1 Evacuation Pause) done

Events (20 events):
Event: 9.571 Thread 0x0000023a64178b80 flushing nmethod 0x0000023a54a14310
Event: 9.571 Thread 0x0000023a64178b80 flushing nmethod 0x0000023a54a13590
Event: 9.571 Thread 0x0000023a64178b80 flushing nmethod 0x0000023a54a03110
Event: 9.571 Thread 0x0000023a64178b80 flushing nmethod 0x0000023a54a10690
Event: 9.571 Thread 0x0000023a64178b80 flushing nmethod 0x0000023a54a12f90
Event: 9.571 Thread 0x0000023a64178b80 flushing nmethod 0x0000023a54a0ab90
Event: 9.571 Thread 0x0000023a64178b80 flushing nmethod 0x0000023a54a0e190
Event: 9.571 Thread 0x0000023a64178b80 flushing nmethod 0x0000023a54a02790
Event: 9.571 Thread 0x0000023a64178b80 flushing nmethod 0x0000023a54a02490
Event: 9.571 Thread 0x0000023a64178b80 flushing nmethod 0x0000023a54a09d90
Event: 9.571 Thread 0x0000023a64178b80 flushing nmethod 0x0000023a54a09a90
Event: 9.571 Thread 0x0000023a64178b80 flushing nmethod 0x0000023a54a01e90
Event: 9.571 Thread 0x0000023a64178b80 flushing nmethod 0x0000023a54a0f910
Event: 9.571 Thread 0x0000023a64178b80 flushing nmethod 0x0000023a54a09790
Event: 9.571 Thread 0x0000023a64178b80 flushing nmethod 0x0000023a54a01b90
Event: 9.571 Thread 0x0000023a64178b80 flushing nmethod 0x0000023a54a01010
Event: 9.571 Thread 0x0000023a64178b80 flushing nmethod 0x0000023a54a00d10
Event: 9.571 Thread 0x0000023a64178b80 flushing nmethod 0x0000023a54a00910
Event: 9.571 Thread 0x0000023a64178b80 flushing nmethod 0x0000023a54a00610
Event: 9.571 Thread 0x0000023a64178b80 flushing nmethod 0x0000023a54a00310


Dynamic libraries:
0x00007ff68bab0000 - 0x00007ff68baba000 	C:\Program Files\Android\Android Studio\jbr\bin\java.exe
0x00007ffc46030000 - 0x00007ffc46228000 	C:\Windows\SYSTEM32\ntdll.dll
0x00007ffc44500000 - 0x00007ffc445c2000 	C:\Windows\System32\KERNEL32.DLL
0x00007ffc43840000 - 0x00007ffc43b3e000 	C:\Windows\System32\KERNELBASE.dll
0x00007ffc43e10000 - 0x00007ffc43f10000 	C:\Windows\System32\ucrtbase.dll
0x00007ffc0ea60000 - 0x00007ffc0ea78000 	C:\Program Files\Android\Android Studio\jbr\bin\jli.dll
0x00007ffc27af0000 - 0x00007ffc27b0b000 	C:\Program Files\Android\Android Studio\jbr\bin\VCRUNTIME140.dll
0x00007ffc44060000 - 0x00007ffc441fd000 	C:\Windows\System32\USER32.dll
0x00007ffc29340000 - 0x00007ffc295da000 	C:\Windows\WinSxS\amd64_microsoft.windows.common-controls_6595b64144ccf1df_6.0.19041.4355_none_60b8b9eb71f62e16\COMCTL32.dll
0x00007ffc43ca0000 - 0x00007ffc43cc2000 	C:\Windows\System32\win32u.dll
0x00007ffc445e0000 - 0x00007ffc4460b000 	C:\Windows\System32\GDI32.dll
0x00007ffc45490000 - 0x00007ffc4552e000 	C:\Windows\System32\msvcrt.dll
0x00007ffc43720000 - 0x00007ffc43837000 	C:\Windows\System32\gdi32full.dll
0x00007ffc43f10000 - 0x00007ffc43fad000 	C:\Windows\System32\msvcp_win.dll
0x00007ffc44930000 - 0x00007ffc4495f000 	C:\Windows\System32\IMM32.DLL
0x00007ffc317e0000 - 0x00007ffc317ec000 	C:\Program Files\Android\Android Studio\jbr\bin\vcruntime140_1.dll
0x00007ffc0be50000 - 0x00007ffc0bedd000 	C:\Program Files\Android\Android Studio\jbr\bin\msvcp140.dll
0x00007ffc11b00000 - 0x00007ffc1277d000 	C:\Program Files\Android\Android Studio\jbr\bin\server\jvm.dll
0x00007ffc446e0000 - 0x00007ffc44791000 	C:\Windows\System32\ADVAPI32.dll
0x00007ffc44960000 - 0x00007ffc449ff000 	C:\Windows\System32\sechost.dll
0x00007ffc44270000 - 0x00007ffc44393000 	C:\Windows\System32\RPCRT4.dll
0x00007ffc43fb0000 - 0x00007ffc43fd7000 	C:\Windows\System32\bcrypt.dll
0x00007ffc443a0000 - 0x00007ffc4440b000 	C:\Windows\System32\WS2_32.dll
0x00007ffc42bd0000 - 0x00007ffc42c1b000 	C:\Windows\SYSTEM32\POWRPROF.dll
0x00007ffc3af90000 - 0x00007ffc3af9a000 	C:\Windows\SYSTEM32\VERSION.dll
0x00007ffc3afa0000 - 0x00007ffc3afc7000 	C:\Windows\SYSTEM32\WINMM.dll
0x00007ffc42a90000 - 0x00007ffc42aa2000 	C:\Windows\SYSTEM32\UMPDC.dll
0x00007ffc41530000 - 0x00007ffc41542000 	C:\Windows\SYSTEM32\kernel.appcore.dll
0x00007ffc30e00000 - 0x00007ffc30e0a000 	C:\Program Files\Android\Android Studio\jbr\bin\jimage.dll
0x00007ffc37ec0000 - 0x00007ffc380a4000 	C:\Windows\SYSTEM32\DBGHELP.DLL
0x00007ffc2d880000 - 0x00007ffc2d8b4000 	C:\Windows\SYSTEM32\dbgcore.DLL
0x00007ffc43d80000 - 0x00007ffc43e02000 	C:\Windows\System32\bcryptPrimitives.dll
0x00007ffc1f750000 - 0x00007ffc1f76f000 	C:\Program Files\Android\Android Studio\jbr\bin\java.dll
0x00007ffc1ad20000 - 0x00007ffc1ad38000 	C:\Program Files\Android\Android Studio\jbr\bin\zip.dll
0x00007ffc45820000 - 0x00007ffc45f8d000 	C:\Windows\System32\SHELL32.dll
0x00007ffc41730000 - 0x00007ffc41ed4000 	C:\Windows\SYSTEM32\windows.storage.dll
0x00007ffc45130000 - 0x00007ffc45483000 	C:\Windows\System32\combase.dll
0x00007ffc43020000 - 0x00007ffc4304e000 	C:\Windows\SYSTEM32\Wldp.dll
0x00007ffc44610000 - 0x00007ffc446dd000 	C:\Windows\System32\OLEAUT32.dll
0x00007ffc44880000 - 0x00007ffc4492d000 	C:\Windows\System32\SHCORE.dll
0x00007ffc44820000 - 0x00007ffc44875000 	C:\Windows\System32\shlwapi.dll
0x00007ffc43600000 - 0x00007ffc43624000 	C:\Windows\SYSTEM32\profapi.dll
0x00007ffc36f00000 - 0x00007ffc36f10000 	C:\Program Files\Android\Android Studio\jbr\bin\net.dll
0x00007ffc3da00000 - 0x00007ffc3db0d000 	C:\Windows\SYSTEM32\WINHTTP.dll
0x00007ffc42e00000 - 0x00007ffc42e6a000 	C:\Windows\system32\mswsock.dll
0x00007ffc36ee0000 - 0x00007ffc36ef6000 	C:\Program Files\Android\Android Studio\jbr\bin\nio.dll
0x00007ffc2ade0000 - 0x00007ffc2adf0000 	C:\Program Files\Android\Android Studio\jbr\bin\verify.dll

dbghelp: loaded successfully - version: 4.0.5 - missing functions: none
symbol engine: initialized successfully - sym options: 0x614 - pdb path: .;C:\Program Files\Android\Android Studio\jbr\bin;C:\Windows\SYSTEM32;C:\Windows\WinSxS\amd64_microsoft.windows.common-controls_6595b64144ccf1df_6.0.19041.4355_none_60b8b9eb71f62e16;C:\Program Files\Android\Android Studio\jbr\bin\server

VM Arguments:
java_command: org.jetbrains.kotlin.cli.jvm.K2JVMCompiler @C:\Users\Kareem Zedan\StudioProjects\Capital_Taxi2\app\build\20250211_13345601460910562152.compiler.options
java_class_path (initial): C:\Users\Kareem Zedan\.gradle\caches\modules-2\files-2.1\org.jetbrains.kotlin\kotlin-compiler-embeddable\2.0.0\1de310de3446414381282ffc46c3ed3919a4d1da\kotlin-compiler-embeddable-2.0.0.jar;C:\Users\Kareem Zedan\.gradle\caches\modules-2\files-2.1\org.jetbrains.kotlin\kotlin-stdlib\2.0.0\b48df2c4aede9586cc931ead433bc02d6fd7879e\kotlin-stdlib-2.0.0.jar;C:\Users\Kareem Zedan\.gradle\caches\modules-2\files-2.1\org.jetbrains.kotlin\kotlin-script-runtime\2.0.0\fdc27dd047d592fa41d2dfa21e7621287a361612\kotlin-script-runtime-2.0.0.jar;C:\Users\Kareem Zedan\.gradle\caches\modules-2\files-2.1\org.jetbrains.kotlin\kotlin-reflect\1.6.10\1cbe9c92c12a94eea200d23c2bbaedaf3daf5132\kotlin-reflect-1.6.10.jar;C:\Users\Kareem Zedan\.gradle\caches\modules-2\files-2.1\org.jetbrains.kotlin\kotlin-daemon-embeddable\2.0.0\b39c612768614c4428c96ee9c65477181fffe9d\kotlin-daemon-embeddable-2.0.0.jar;C:\Users\Kareem Zedan\.gradle\caches\modules-2\files-2.1\org.jetbrains.intellij.deps\trove4j\1.0.20200330\3afb14d5f9ceb459d724e907a21145e8ff394f02\trove4j-1.0.20200330.jar;C:\Users\Kareem Zedan\.gradle\caches\modules-2\files-2.1\org.jetbrains\annotations\13.0\919f0dfe192fb4e063e7dacadee7f8bb9a2672a9\annotations-13.0.jar
Launcher Type: SUN_STANDARD

[Global flags]
     intx CICompilerCount                          = 4                                         {product} {ergonomic}
     uint ConcGCThreads                            = 3                                         {product} {ergonomic}
     uint G1ConcRefinementThreads                  = 10                                        {product} {ergonomic}
   size_t G1HeapRegionSize                         = 2097152                                   {product} {ergonomic}
    uintx GCDrainStackTargetSize                   = 64                                        {product} {ergonomic}
   size_t InitialHeapSize                          = 266338304                                 {product} {ergonomic}
   size_t MarkStackSize                            = 4194304                                   {product} {ergonomic}
   size_t MaxHeapSize                              = 4246732800                                {product} {ergonomic}
   size_t MaxNewSize                               = 2548039680                                {product} {ergonomic}
   size_t MinHeapDeltaBytes                        = 2097152                                   {product} {ergonomic}
   size_t MinHeapSize                              = 8388608                                   {product} {ergonomic}
    uintx NonNMethodCodeHeapSize                   = 5839372                                {pd product} {ergonomic}
    uintx NonProfiledCodeHeapSize                  = 122909434                              {pd product} {ergonomic}
    uintx ProfiledCodeHeapSize                     = 122909434                              {pd product} {ergonomic}
    uintx ReservedCodeCacheSize                    = 251658240                              {pd product} {ergonomic}
     bool SegmentedCodeCache                       = true                                      {product} {ergonomic}
   size_t SoftMaxHeapSize                          = 4246732800                             {manageable} {ergonomic}
     bool UseCompressedOops                        = true                           {product lp64_product} {ergonomic}
     bool UseG1GC                                  = true                                      {product} {ergonomic}
     bool UseLargePagesIndividualAllocation        = false                                  {pd product} {ergonomic}

Logging:
Log output configuration:
 #0: stdout all=warning uptime,level,tags foldmultilines=false
 #1: stderr all=off uptime,level,tags foldmultilines=false

Environment Variables:
PATH=C:\Program Files\Common Files\Oracle\Java\javapath;C:\Windows\system32;C:\Windows;C:\Windows\System32\Wbem;C:\Windows\System32\WindowsPowerShell\v1.0\;C:\Windows\System32\OpenSSH\;C:\Program Files (x86)\Windows Kits\10\Windows Performance Toolkit\;C:\Program Files\Git\cmd;C:\Program Files\nodejs\;C:\Users\Kareem Zedan\AppData\Local\Microsoft\WindowsApps;C:\Users\Kareem Zedan\AppData\Local\Programs\Microsoft VS Code\bin;C:\Users\Kareem Zedan\AppData\Local\Programs\Microsoft VS Code\bin;C:\Users\Kareem Zedan\.cache\firebase\tools\bin;C:\Users\Kareem Zedan\AppData\Local\Pub\Cache\bin;C:\Users\Kareem Zedan\AppData\Roaming\npm;C:\Program Files\jdk-17.0.12\bin;C:\src2\flutter\bin;C:\src2\flutter\bin\cache\dart-sdk\bin;
USERNAME=Kareem Zedan
OS=Windows_NT
PROCESSOR_IDENTIFIER=Intel64 Family 6 Model 151 Stepping 5, GenuineIntel
TMP=C:\Users\KAREEM~1\AppData\Local\Temp
TEMP=C:\Users\KAREEM~1\AppData\Local\Temp




Periodic native trim disabled

JNI global refs:
JNI global refs: 12, weak refs: 0

JNI global refs memory usage: 835, weak refs: 833

Process memory usage:
Resident Set Size: 678208K (4% of 16586164K total physical memory with 1540068K free physical memory)

OOME stack traces (most recent first):
Classloader memory used:
Loader jdk.internal.loader.ClassLoaders$AppClassLoader                                 : 68665K
Loader bootstrap                                                                       : 11665K
Loader java.net.URLClassLoader                                                         : 2928K

---------------  S Y S T E M  ---------------

OS:
 Windows 10 , 64 bit Build 19041 (10.0.19041.5072)
OS uptime: 4 days 2:08 hours
Hyper-V role detected

CPU: total 12 (initial active 12) (6 cores per cpu, 2 threads per core) family 6 model 151 stepping 5 microcode 0x32, cx8, cmov, fxsr, ht, mmx, 3dnowpref, sse, sse2, sse3, ssse3, sse4.1, sse4.2, popcnt, lzcnt, tsc, tscinvbit, avx, avx2, aes, erms, clmul, bmi1, bmi2, adx, sha, fma, vzeroupper, clflush, clflushopt, clwb, hv, rdtscp, rdpid, fsrm, f16c, cet_ibt, cet_ss
Processor Information for all 12 processors :
  Max Mhz: 2500, Current Mhz: 2500, Mhz Limit: 2500

Memory: 4k page, system-wide physical 16197M (1503M free)
TotalPageFile size 28494M (AvailPageFile size 4177M)
current process WorkingSet (physical memory assigned to process): 662M, peak: 675M
current process commit charge ("private bytes"): 696M, peak: 710M

vm_info: OpenJDK 64-Bit Server VM (21.0.3+-12282718-b509.11) for windows-amd64 JRE (21.0.3+-12282718-b509.11), built on 2024-08-27T17:34:15Z by "builder" with MS VC++ 16.10 / 16.11 (VS2019)

END.
