#
# A fatal error has been detected by the Java Runtime Environment:
#
#  EXCEPTION_ACCESS_VIOLATION (0xc0000005) at pc=0x00007ffad28e9a01, pid=13976, tid=15268
#
# JRE version: OpenJDK Runtime Environment (21.0.3) (build 21.0.3+-12282718-b509.11)
# Java VM: OpenJDK 64-Bit Server VM (21.0.3+-12282718-b509.11, mixed mode, tiered, compressed oops, compressed class ptrs, g1 gc, windows-amd64)
# Problematic frame:
# V  [jvm.dll+0x139a01]
#
# No core dump will be written. Minidumps are not enabled by default on client versions of Windows
#
# If you would like to submit a bug report, please visit:
#   https://youtrack.jetbrains.com/issues/JBR
#

---------------  S U M M A R Y ------------

Command Line: org.jetbrains.kotlin.cli.jvm.K2JVMCompiler @C:\Users\Kareem Zedan\StudioProjects\Capital_Taxi2\app\build\20250216_9934786646241103927.compiler.options

Host: 12th Gen Intel(R) Core(TM) i5-12400F, 12 cores, 15G,  Windows 10 , 64 bit Build 19041 (10.0.19041.5072)
Time: Sun Feb 16 21:25:02 2025 Egypt Standard Time elapsed time: 8.301892 seconds (0d 0h 0m 8s)

---------------  T H R E A D  ---------------

Current thread (0x0000012e3e5f3790):  WorkerThread "GC Thread#3"    [id=15268, stack(0x00000028e7f00000,0x00000028e8000000) (1024K)]

Stack: [0x00000028e7f00000,0x00000028e8000000],  sp=0x00000028e7fff618,  free space=1021k
Native frames: (J=compiled Java code, j=interpreted, Vv=VM code, C=native code)
V  [jvm.dll+0x139a01]


siginfo: EXCEPTION_ACCESS_VIOLATION (0xc0000005), reading address 0x00000020000080fa


Registers:
RAX=0x0000002000007ffa, RBX=0x0000000000000001, RCX=0x00000008000d4f6c, RDX=0x0000000710a6e680
RSP=0x00000028e7fff618, RBP=0x00000000000005e2, RSI=0x0000012e1f203d60, RDI=0x0000000000000001
R8 =0x00000008000d4f6c, R9 =0x0000000000000000, R10=0x0000000710a6e680, R11=0x00007ffb00ee15c3
R12=0x0000000000000002, R13=0x00000008000d4f6c, R14=0x0000000710a6e680, R15=0x0000012e422559d0
RIP=0x00007ffad28e9a01, EFLAGS=0x0000000000010246


Register to memory mapping:

RAX=0x0000002000007ffa is an unknown value
RBX=0x0000000000000001 is an unknown value
RCX=0x00000008000d4f6c is pointing into metadata
RDX=
[error occurred during error reporting (printing register info), id 0xc0000005, EXCEPTION_ACCESS_VIOLATION (0xc0000005) at pc=0x00007ffad28e9a01]
RSP=0x00000028e7fff618 points into unknown readable memory: 0x00007ffad2b03a5b | 5b 3a b0 d2 fa 7f 00 00
RBP=0x00000000000005e2 is an unknown value
RSI=0x0000012e1f203d60 points into unknown readable memory: 0x0000000000000000 | 00 00 00 00 00 00 00 00
RDI=0x0000000000000001 is an unknown value
R8 =0x00000008000d4f6c is pointing into metadata
R9 =0x0 is null
R10=
[error occurred during error reporting (printing register info, attempt 2), id 0xc0000005, EXCEPTION_ACCESS_VIOLATION (0xc0000005) at pc=0x00007ffad28e9a01]
R11=0x00007ffb00ee15c3 VCRUNTIME140.dll
R12=0x0000000000000002 is an unknown value
R13=0x00000008000d4f6c is pointing into metadata
R14=
[error occurred during error reporting (printing register info, attempt 3), id 0xc0000005, EXCEPTION_ACCESS_VIOLATION (0xc0000005) at pc=0x00007ffad28e9a01]
Top of Stack: (sp=0x00000028e7fff618)
0x00000028e7fff618:   00007ffad2b03a5b 0000000000000001
0x00000028e7fff628:   0000000000000001 0000000000000001
0x00000028e7fff638:   0000000800042f68 0000012e42255b58
0x00000028e7fff648:   00007ffad2b01e10 0000012e39288640
0x00000028e7fff658:   00007ffad2ebd2bb 0000012e422559e8
0x00000028e7fff668:   0000012e41aab6e0 0000012e42255b58
0x00000028e7fff678:   0000000000000000 0000000000000040
0x00000028e7fff688:   0000012e3e536eb0 0000000000000002
0x00000028e7fff698:   000000070cfd660c 0000012e1f203d60
0x00000028e7fff6a8:   00000000000005e2 0000012e422559d0
0x00000028e7fff6b8:   00007ffad2b04cca 0000012e42250000
0x00000028e7fff6c8:   0000000000000001 0000012e00000000
0x00000028e7fff6d8:   0000000000000001 000000070c073c00
0x00000028e7fff6e8:   0000000000000080 00000028e7fff8e0
0x00000028e7fff6f8:   0000000000000049 000000070c074010
0x00000028e7fff708:   00007ffad2b013ae 000000070c074000
0x00000028e7fff718:   0000012e422559d0 00000007fff1a600
0x00000028e7fff728:   0000000000000080 0000000004ef6213
0x00000028e7fff738:   0000000000000000 0000000000000002
0x00000028e7fff748:   00000028e7fff8e0 0000012e39272eb0
0x00000028e7fff758:   00007ffad2b0e46c 0000000000000080
0x00000028e7fff768:   0000012e39272eb0 00000028e7fff8e0
0x00000028e7fff778:   00007ffad2e73d4f 000000070c073c00
0x00000028e7fff788:   0000000000000080 00007ffad3117358
0x00000028e7fff798:   0000000000000000 0000012e1f1fc8d0
0x00000028e7fff7a8:   0000012e422559d0 00000028e7fff930
0x00000028e7fff7b8:   00007ffad2fbbb27 0000000000000049
0x00000028e7fff7c8:   0000012e39713b30 0000012e320c93c0
0x00000028e7fff7d8:   00007ffad2b10119 00000028e7fff8e0
0x00000028e7fff7e8:   0000000000000002 0000012e320c93a0
0x00000028e7fff7f8:   0000012e1f1f2630 0000000000000002
0x00000028e7fff808:   0000000000000015 0000012e1f1fbf20 

Instructions: (pc=0x00007ffad28e9a01)
0x00007ffad28e9901:   08 8b 0d 10 c6 9e 00 49 d3 e0 4c 03 05 fe c5 9e
0x00007ffad28e9911:   00 eb 04 4c 8b 41 08 45 8b 48 08 45 85 c9 7e 0e
0x00007ffad28e9921:   41 f6 c1 01 75 53 41 c1 f9 03 49 63 c1 c3 79 49
0x00007ffad28e9931:   84 c0 41 b8 0c 00 00 00 8b 05 c9 d6 9e 00 b9 10
0x00007ffad28e9941:   00 00 00 41 0f 45 c8 ff c8 4c 63 c0 41 8b c1 48
0x00007ffad28e9951:   c1 f8 10 0f b6 c0 48 63 14 11 41 8b c9 83 e1 3f
0x00007ffad28e9961:   48 d3 e2 49 8d 0c 10 49 f7 d0 48 03 c1 49 c1 e8
0x00007ffad28e9971:   03 48 c1 e8 03 49 23 c0 c3 49 8b 00 49 8b c8 48
0x00007ffad28e9981:   ff a0 00 01 00 00 cc cc cc cc cc cc cc cc cc 4c
0x00007ffad28e9991:   8b c2 48 8b d1 45 8b 48 08 45 85 c9 7e 0e 41 f6
0x00007ffad28e99a1:   c1 01 75 56 41 c1 f9 03 49 63 c1 c3 79 4c 80 3d
0x00007ffad28e99b1:   5a d8 9e 00 00 b8 0c 00 00 00 b9 10 00 00 00 0f
0x00007ffad28e99c1:   45 c8 8b 05 3f d6 9e 00 ff c8 4c 63 c0 41 8b c1
0x00007ffad28e99d1:   48 c1 f8 10 48 63 14 11 41 8b c9 83 e1 3f 0f b6
0x00007ffad28e99e1:   c0 48 d3 e2 49 8d 0c 10 49 f7 d0 48 03 c1 49 c1
0x00007ffad28e99f1:   e8 03 48 c1 e8 03 49 23 c0 c3 49 8b 00 49 8b c8
0x00007ffad28e9a01:   48 ff a0 00 01 00 00 cc cc cc cc cc cc cc cc 40
0x00007ffad28e9a11:   53 48 83 ec 20 48 8b d9 49 8b c0 33 c9 45 0f b6
0x00007ffad28e9a21:   c1 48 89 0b 48 89 4b 08 48 8b cb 48 89 53 10 48
0x00007ffad28e9a31:   8b d0 e8 28 09 00 00 48 8b c3 48 83 c4 20 5b c3
0x00007ffad28e9a41:   cc cc cc cc cc cc cc cc cc cc cc cc cc cc cc 40
0x00007ffad28e9a51:   53 48 83 ec 20 33 c0 44 88 41 10 45 0f b6 c1 48
0x00007ffad28e9a61:   89 01 48 89 41 08 48 8b d9 e8 01 0a 00 00 48 8b
0x00007ffad28e9a71:   c3 48 83 c4 20 5b c3 cc cc cc cc cc cc cc cc 40
0x00007ffad28e9a81:   53 48 83 ec 20 33 c0 48 8b d9 48 89 01 48 89 41
0x00007ffad28e9a91:   08 e8 99 0b 00 00 48 8b c3 48 83 c4 20 5b c3 48
0x00007ffad28e9aa1:   8b c1 48 8b 09 48 85 c9 74 3c 48 8b 40 08 48 83
0x00007ffad28e9ab1:   c0 3f 48 c1 e8 06 48 8d 14 c5 00 00 00 00 48 3b
0x00007ffad28e9ac1:   15 aa da 9e 00 0f 82 f4 05 f8 ff 48 8b 05 45 96
0x00007ffad28e9ad1:   a6 00 48 ff ca 48 03 d0 48 ff c8 48 f7 d0 48 23
0x00007ffad28e9ae1:   d0 e9 f9 46 58 00 c3 cc cc cc cc cc cc cc cc 48
0x00007ffad28e9af1:   83 ec 38 48 8d 0c cd 00 00 00 00 48 3b 0d 6d da 


Stack slot to memory mapping:

stack at sp + 0 slots: 0x00007ffad2b03a5b jvm.dll
stack at sp + 1 slots: 0x0000000000000001 is an unknown value
stack at sp + 2 slots: 0x0000000000000001 is an unknown value
stack at sp + 3 slots: 0x0000000000000001 is an unknown value
stack at sp + 4 slots: 0x0000000800042f68 is pointing into metadata
stack at sp + 5 slots: 0x0000012e42255b58 points into unknown readable memory: 0x00007ffad3116180 | 80 61 11 d3 fa 7f 00 00
stack at sp + 6 slots: 0x00007ffad2b01e10 jvm.dll
stack at sp + 7 slots: 0x0000012e39288640 points into unknown readable memory: 0x0000000710a00000 | 00 00 a0 10 07 00 00 00


---------------  P R O C E S S  ---------------

Threads class SMR info:
_java_thread_list=0x0000012e3f9af790, length=13, elements={
0x0000012e1d0acd30, 0x0000012e395fa9e0, 0x0000012e395fb800, 0x0000012e39603e60,
0x0000012e396048c0, 0x0000012e395dc3e0, 0x0000012e395dca50, 0x0000012e395ddbe0,
0x0000012e39616b90, 0x0000012e397e0dd0, 0x0000012e397eb250, 0x0000012e3985db10,
0x0000012e3f9b5e50
}

Java Threads: ( => current thread )
  0x0000012e1d0acd30 JavaThread "main"                              [_thread_blocked, id=14200, stack(0x00000028e6900000,0x00000028e6a00000) (1024K)]
  0x0000012e395fa9e0 JavaThread "Reference Handler"          daemon [_thread_blocked, id=2792, stack(0x00000028e7100000,0x00000028e7200000) (1024K)]
  0x0000012e395fb800 JavaThread "Finalizer"                  daemon [_thread_blocked, id=15340, stack(0x00000028e7200000,0x00000028e7300000) (1024K)]
  0x0000012e39603e60 JavaThread "Signal Dispatcher"          daemon [_thread_blocked, id=9324, stack(0x00000028e7300000,0x00000028e7400000) (1024K)]
  0x0000012e396048c0 JavaThread "Attach Listener"            daemon [_thread_blocked, id=11404, stack(0x00000028e7400000,0x00000028e7500000) (1024K)]
  0x0000012e395dc3e0 JavaThread "Service Thread"             daemon [_thread_blocked, id=13488, stack(0x00000028e7500000,0x00000028e7600000) (1024K)]
  0x0000012e395dca50 JavaThread "Monitor Deflation Thread"   daemon [_thread_blocked, id=13948, stack(0x00000028e7600000,0x00000028e7700000) (1024K)]
  0x0000012e395ddbe0 JavaThread "C2 CompilerThread0"         daemon [_thread_blocked, id=6864, stack(0x00000028e7700000,0x00000028e7800000) (1024K)]
  0x0000012e39616b90 JavaThread "C1 CompilerThread0"         daemon [_thread_blocked, id=6224, stack(0x00000028e7800000,0x00000028e7900000) (1024K)]
  0x0000012e397e0dd0 JavaThread "Notification Thread"        daemon [_thread_blocked, id=3096, stack(0x00000028e7900000,0x00000028e7a00000) (1024K)]
  0x0000012e397eb250 JavaThread "Common-Cleaner"             daemon [_thread_blocked, id=2156, stack(0x00000028e7a00000,0x00000028e7b00000) (1024K)]
  0x0000012e3985db10 JavaThread "C2 CompilerThread1"         daemon [_thread_blocked, id=9024, stack(0x00000028e7b00000,0x00000028e7c00000) (1024K)]
  0x0000012e3f9b5e50 JavaThread "C2 CompilerThread2"         daemon [_thread_blocked, id=3520, stack(0x00000028e7c00000,0x00000028e7d00000) (1024K)]
Total: 13

Other Threads:
  0x0000012e39418a40 VMThread "VM Thread"                           [id=6296, stack(0x00000028e7000000,0x00000028e7100000) (1024K)]
  0x0000012e393ccf20 WatcherThread "VM Periodic Task Thread"        [id=1340, stack(0x00000028e6f00000,0x00000028e7000000) (1024K)]
  0x0000012e1f251440 WorkerThread "GC Thread#0"                     [id=9956, stack(0x00000028e6a00000,0x00000028e6b00000) (1024K)]
  0x0000012e3e5f3050 WorkerThread "GC Thread#1"                     [id=7456, stack(0x00000028e7d00000,0x00000028e7e00000) (1024K)]
  0x0000012e3e5f33f0 WorkerThread "GC Thread#2"                     [id=5228, stack(0x00000028e7e00000,0x00000028e7f00000) (1024K)]
=>0x0000012e3e5f3790 WorkerThread "GC Thread#3"                     [id=15268, stack(0x00000028e7f00000,0x00000028e8000000) (1024K)]
  0x0000012e3e5f3f40 WorkerThread "GC Thread#4"                     [id=13384, stack(0x00000028e8000000,0x00000028e8100000) (1024K)]
  0x0000012e3e5e5360 WorkerThread "GC Thread#5"                     [id=10164, stack(0x00000028e8100000,0x00000028e8200000) (1024K)]
  0x0000012e3ed448d0 WorkerThread "GC Thread#6"                     [id=8292, stack(0x00000028e8200000,0x00000028e8300000) (1024K)]
  0x0000012e3ed42f70 WorkerThread "GC Thread#7"                     [id=9520, stack(0x00000028e8300000,0x00000028e8400000) (1024K)]
  0x0000012e3ed44530 WorkerThread "GC Thread#8"                     [id=5880, stack(0x00000028e8400000,0x00000028e8500000) (1024K)]
  0x0000012e3f086f50 WorkerThread "GC Thread#9"                     [id=5392, stack(0x00000028e8700000,0x00000028e8800000) (1024K)]
  0x0000012e1f262ab0 ConcurrentGCThread "G1 Main Marker"            [id=10540, stack(0x00000028e6b00000,0x00000028e6c00000) (1024K)]
  0x0000012e1f263d50 WorkerThread "G1 Conc#0"                       [id=12044, stack(0x00000028e6c00000,0x00000028e6d00000) (1024K)]
  0x0000012e3ed43310 WorkerThread "G1 Conc#1"                       [id=2520, stack(0x00000028e8500000,0x00000028e8600000) (1024K)]
  0x0000012e3ed436b0 WorkerThread "G1 Conc#2"                       [id=2632, stack(0x00000028e8600000,0x00000028e8700000) (1024K)]
  0x0000012e1f2bea50 ConcurrentGCThread "G1 Refine#0"               [id=8752, stack(0x00000028e6d00000,0x00000028e6e00000) (1024K)]
  0x0000012e392a07a0 ConcurrentGCThread "G1 Service"                [id=10248, stack(0x00000028e6e00000,0x00000028e6f00000) (1024K)]
Total: 18

Threads with active compile tasks:
C2 CompilerThread0     8316 12602       4       org.jetbrains.kotlin.fir.deserialization.FirDeserializationContext::<init> (229 bytes)
C1 CompilerThread0     8316 12663       3       org.jetbrains.kotlin.fir.visitors.FirDefaultVisitor::visitNamedReference (17 bytes)
Total: 2

VM state: at safepoint (normal execution)

VM Mutex/Monitor currently owned by a thread:  ([mutex/lock_event])
[0x00007ffad33520c8] Threads_lock - owner thread: 0x0000012e39418a40
[0x00007ffad33521c8] Heap_lock - owner thread: 0x0000012e1d0acd30

Heap address: 0x0000000702e00000, size: 4050 MB, Compressed Oops mode: Zero based, Oop shift amount: 3

CDS archive(s) not mapped
Compressed class space mapped at: 0x0000000800000000-0x0000000840000000, reserved size: 1073741824
Narrow klass base: 0x0000000800000000, Narrow klass shift: 0, Narrow klass range: 0x40000000

GC Precious Log:
 CardTable entry size: 512
 Card Set container configuration: InlinePtr #cards 4 size 8 Array Of Cards #cards 16 size 48 Howl #buckets 8 coarsen threshold 3686 Howl Bitmap #cards 512 size 80 coarsen threshold 460 Card regions per heap region 1 cards per card region 4096
 CPUs: 12 total, 12 available
 Memory: 16197M
 Large Page Support: Disabled
 NUMA Support: Disabled
 Compressed Oops: Enabled (Zero based)
 Heap Region Size: 2M
 Heap Min Capacity: 8M
 Heap Initial Capacity: 254M
 Heap Max Capacity: 4050M
 Pre-touch: Disabled
 Parallel Workers: 10
 Concurrent Workers: 3
 Concurrent Refinement Workers: 10
 Periodic GC: Disabled

Heap:
 garbage-first heap   total 292864K, used 263221K [0x0000000702e00000, 0x0000000800000000)
  region size 2048K, 60 young (122880K), 8 survivors (16384K)
 Metaspace       used 64194K, committed 64512K, reserved 1114112K
  class space    used 6952K, committed 7104K, reserved 1048576K

Heap Regions: E=young(eden), S=young(survivor), O=old, HS=humongous(starts), HC=humongous(continues), CS=collection set, F=free, TAMS=top-at-mark-start, PB=parsable bottom
|   0|0x0000000702e00000, 0x0000000703000000, 0x0000000703000000|100%|HS|  |TAMS 0x0000000702e00000| PB 0x0000000702e00000| Complete 
|   1|0x0000000703000000, 0x0000000703200000, 0x0000000703200000|100%|HC|  |TAMS 0x0000000703000000| PB 0x0000000703000000| Complete 
|   2|0x0000000703200000, 0x0000000703400000, 0x0000000703400000|100%| O|  |TAMS 0x0000000703200000| PB 0x0000000703200000| Untracked 
|   3|0x0000000703400000, 0x0000000703600000, 0x0000000703600000|100%| O|  |TAMS 0x0000000703400000| PB 0x0000000703400000| Untracked 
|   4|0x0000000703600000, 0x0000000703800000, 0x0000000703800000|100%| O|  |TAMS 0x0000000703600000| PB 0x0000000703600000| Untracked 
|   5|0x0000000703800000, 0x0000000703a00000, 0x0000000703a00000|100%| O|  |TAMS 0x0000000703800000| PB 0x0000000703800000| Untracked 
|   6|0x0000000703a00000, 0x0000000703c00000, 0x0000000703c00000|100%| O|  |TAMS 0x0000000703a00000| PB 0x0000000703a00000| Untracked 
|   7|0x0000000703c00000, 0x0000000703e00000, 0x0000000703e00000|100%| O|  |TAMS 0x0000000703c00000| PB 0x0000000703c00000| Untracked 
|   8|0x0000000703e00000, 0x0000000704000000, 0x0000000704000000|100%| O|  |TAMS 0x0000000703e00000| PB 0x0000000703e00000| Untracked 
|   9|0x0000000704000000, 0x0000000704200000, 0x0000000704200000|100%| O|  |TAMS 0x0000000704000000| PB 0x0000000704000000| Untracked 
|  10|0x0000000704200000, 0x0000000704400000, 0x0000000704400000|100%| O|  |TAMS 0x0000000704200000| PB 0x0000000704200000| Untracked 
|  11|0x0000000704400000, 0x0000000704600000, 0x0000000704600000|100%| O|  |TAMS 0x0000000704400000| PB 0x0000000704400000| Untracked 
|  12|0x0000000704600000, 0x0000000704800000, 0x0000000704800000|100%| O|  |TAMS 0x0000000704600000| PB 0x0000000704600000| Untracked 
|  13|0x0000000704800000, 0x0000000704a00000, 0x0000000704a00000|100%| O|  |TAMS 0x0000000704800000| PB 0x0000000704800000| Untracked 
|  14|0x0000000704a00000, 0x0000000704c00000, 0x0000000704c00000|100%| O|  |TAMS 0x0000000704a00000| PB 0x0000000704a00000| Untracked 
|  15|0x0000000704c00000, 0x0000000704e00000, 0x0000000704e00000|100%| O|  |TAMS 0x0000000704c00000| PB 0x0000000704c00000| Untracked 
|  16|0x0000000704e00000, 0x0000000705000000, 0x0000000705000000|100%| O|  |TAMS 0x0000000704e00000| PB 0x0000000704e00000| Untracked 
|  17|0x0000000705000000, 0x0000000705200000, 0x0000000705200000|100%| O|  |TAMS 0x0000000705000000| PB 0x0000000705000000| Untracked 
|  18|0x0000000705200000, 0x0000000705400000, 0x0000000705400000|100%| O|  |TAMS 0x0000000705200000| PB 0x0000000705200000| Untracked 
|  19|0x0000000705400000, 0x0000000705600000, 0x0000000705600000|100%| O|  |TAMS 0x0000000705400000| PB 0x0000000705400000| Untracked 
|  20|0x0000000705600000, 0x0000000705800000, 0x0000000705800000|100%| O|  |TAMS 0x0000000705600000| PB 0x0000000705600000| Untracked 
|  21|0x0000000705800000, 0x0000000705a00000, 0x0000000705a00000|100%| O|  |TAMS 0x0000000705800000| PB 0x0000000705800000| Untracked 
|  22|0x0000000705a00000, 0x0000000705c00000, 0x0000000705c00000|100%| O|  |TAMS 0x0000000705a00000| PB 0x0000000705a00000| Untracked 
|  23|0x0000000705c00000, 0x0000000705e00000, 0x0000000705e00000|100%| O|  |TAMS 0x0000000705c00000| PB 0x0000000705c00000| Untracked 
|  24|0x0000000705e00000, 0x0000000706000000, 0x0000000706000000|100%| O|  |TAMS 0x0000000705e00000| PB 0x0000000705e00000| Untracked 
|  25|0x0000000706000000, 0x0000000706200000, 0x0000000706200000|100%| O|  |TAMS 0x0000000706000000| PB 0x0000000706000000| Untracked 
|  26|0x0000000706200000, 0x0000000706400000, 0x0000000706400000|100%| O|  |TAMS 0x0000000706200000| PB 0x0000000706200000| Untracked 
|  27|0x0000000706400000, 0x0000000706600000, 0x0000000706600000|100%| O|  |TAMS 0x0000000706400000| PB 0x0000000706400000| Untracked 
|  28|0x0000000706600000, 0x0000000706800000, 0x0000000706800000|100%| O|  |TAMS 0x0000000706600000| PB 0x0000000706600000| Untracked 
|  29|0x0000000706800000, 0x0000000706a00000, 0x0000000706a00000|100%| O|  |TAMS 0x0000000706800000| PB 0x0000000706800000| Untracked 
|  30|0x0000000706a00000, 0x0000000706c00000, 0x0000000706c00000|100%| O|  |TAMS 0x0000000706a00000| PB 0x0000000706a00000| Untracked 
|  31|0x0000000706c00000, 0x0000000706e00000, 0x0000000706e00000|100%| O|  |TAMS 0x0000000706c00000| PB 0x0000000706c00000| Untracked 
|  32|0x0000000706e00000, 0x0000000707000000, 0x0000000707000000|100%| O|  |TAMS 0x0000000706e00000| PB 0x0000000706e00000| Untracked 
|  33|0x0000000707000000, 0x0000000707200000, 0x0000000707200000|100%| O|  |TAMS 0x0000000707000000| PB 0x0000000707000000| Untracked 
|  34|0x0000000707200000, 0x0000000707400000, 0x0000000707400000|100%| O|  |TAMS 0x0000000707200000| PB 0x0000000707200000| Untracked 
|  35|0x0000000707400000, 0x0000000707600000, 0x0000000707600000|100%| O|  |TAMS 0x0000000707400000| PB 0x0000000707400000| Untracked 
|  36|0x0000000707600000, 0x0000000707800000, 0x0000000707800000|100%| O|  |TAMS 0x0000000707600000| PB 0x0000000707600000| Untracked 
|  37|0x0000000707800000, 0x0000000707a00000, 0x0000000707a00000|100%| O|  |TAMS 0x0000000707800000| PB 0x0000000707800000| Untracked 
|  38|0x0000000707a00000, 0x0000000707c00000, 0x0000000707c00000|100%| O|CS|TAMS 0x0000000707a00000| PB 0x0000000707a00000| Complete 
|  39|0x0000000707c00000, 0x0000000707e00000, 0x0000000707e00000|100%| O|  |TAMS 0x0000000707c00000| PB 0x0000000707c00000| Untracked 
|  40|0x0000000707e00000, 0x0000000708000000, 0x0000000708000000|100%| O|  |TAMS 0x0000000707e00000| PB 0x0000000707e00000| Untracked 
|  41|0x0000000708000000, 0x0000000708200000, 0x0000000708200000|100%| O|  |TAMS 0x0000000708000000| PB 0x0000000708000000| Untracked 
|  42|0x0000000708200000, 0x0000000708400000, 0x0000000708400000|100%| O|  |TAMS 0x0000000708200000| PB 0x0000000708200000| Untracked 
|  43|0x0000000708400000, 0x0000000708600000, 0x0000000708600000|100%| O|  |TAMS 0x0000000708400000| PB 0x0000000708400000| Untracked 
|  44|0x0000000708600000, 0x0000000708800000, 0x0000000708800000|100%| O|  |TAMS 0x0000000708600000| PB 0x0000000708600000| Untracked 
|  45|0x0000000708800000, 0x0000000708a00000, 0x0000000708a00000|100%| O|  |TAMS 0x0000000708800000| PB 0x0000000708800000| Untracked 
|  46|0x0000000708a00000, 0x0000000708c00000, 0x0000000708c00000|100%| O|  |TAMS 0x0000000708a00000| PB 0x0000000708a00000| Untracked 
|  47|0x0000000708c00000, 0x0000000708e00000, 0x0000000708e00000|100%| O|  |TAMS 0x0000000708c00000| PB 0x0000000708c00000| Untracked 
|  48|0x0000000708e00000, 0x0000000709000000, 0x0000000709000000|100%| O|  |TAMS 0x0000000708e00000| PB 0x0000000708e00000| Untracked 
|  49|0x0000000709000000, 0x0000000709200000, 0x0000000709200000|100%| O|  |TAMS 0x0000000709000000| PB 0x0000000709000000| Untracked 
|  50|0x0000000709200000, 0x0000000709400000, 0x0000000709400000|100%| O|  |TAMS 0x0000000709200000| PB 0x0000000709200000| Untracked 
|  51|0x0000000709400000, 0x0000000709600000, 0x0000000709600000|100%| O|  |TAMS 0x0000000709400000| PB 0x0000000709400000| Untracked 
|  52|0x0000000709600000, 0x0000000709800000, 0x0000000709800000|100%| O|  |TAMS 0x0000000709600000| PB 0x0000000709600000| Untracked 
|  53|0x0000000709800000, 0x0000000709a00000, 0x0000000709a00000|100%| O|  |TAMS 0x0000000709800000| PB 0x0000000709800000| Untracked 
|  54|0x0000000709a00000, 0x0000000709c00000, 0x0000000709c00000|100%| O|  |TAMS 0x0000000709a00000| PB 0x0000000709a00000| Untracked 
|  55|0x0000000709c00000, 0x0000000709e00000, 0x0000000709e00000|100%| O|  |TAMS 0x0000000709c00000| PB 0x0000000709c00000| Untracked 
|  56|0x0000000709e00000, 0x000000070a000000, 0x000000070a000000|100%| O|  |TAMS 0x0000000709e00000| PB 0x0000000709e00000| Untracked 
|  57|0x000000070a000000, 0x000000070a200000, 0x000000070a200000|100%| O|  |TAMS 0x000000070a000000| PB 0x000000070a000000| Untracked 
|  58|0x000000070a200000, 0x000000070a400000, 0x000000070a400000|100%| O|  |TAMS 0x000000070a200000| PB 0x000000070a200000| Untracked 
|  59|0x000000070a400000, 0x000000070a600000, 0x000000070a600000|100%| O|  |TAMS 0x000000070a400000| PB 0x000000070a400000| Untracked 
|  60|0x000000070a600000, 0x000000070a800000, 0x000000070a800000|100%| O|CS|TAMS 0x000000070a600000| PB 0x000000070a600000| Complete 
|  61|0x000000070a800000, 0x000000070aa00000, 0x000000070aa00000|100%| O|  |TAMS 0x000000070a800000| PB 0x000000070a800000| Untracked 
|  62|0x000000070aa00000, 0x000000070ac00000, 0x000000070ac00000|100%| O|  |TAMS 0x000000070aa00000| PB 0x000000070aa00000| Untracked 
|  63|0x000000070ac00000, 0x000000070ae00000, 0x000000070ae00000|100%| O|  |TAMS 0x000000070ac00000| PB 0x000000070ac00000| Untracked 
|  64|0x000000070ae00000, 0x000000070b000000, 0x000000070b000000|100%| O|  |TAMS 0x000000070ae00000| PB 0x000000070ae00000| Untracked 
|  65|0x000000070b000000, 0x000000070b200000, 0x000000070b200000|100%| O|  |TAMS 0x000000070b000000| PB 0x000000070b000000| Untracked 
|  66|0x000000070b200000, 0x000000070b400000, 0x000000070b400000|100%| O|  |TAMS 0x000000070b200000| PB 0x000000070b200000| Untracked 
|  67|0x000000070b400000, 0x000000070b600000, 0x000000070b600000|100%| O|  |TAMS 0x000000070b400000| PB 0x000000070b400000| Untracked 
|  68|0x000000070b600000, 0x000000070b800000, 0x000000070b800000|100%| O|  |TAMS 0x000000070b600000| PB 0x000000070b600000| Untracked 
|  69|0x000000070b800000, 0x000000070ba00000, 0x000000070ba00000|100%| O|  |TAMS 0x000000070b800000| PB 0x000000070b800000| Untracked 
|  70|0x000000070ba00000, 0x000000070bb195e0, 0x000000070bc00000| 54%| O|  |TAMS 0x000000070ba00000| PB 0x000000070ba00000| Untracked 
|  71|0x000000070bc00000, 0x000000070bc00000, 0x000000070be00000|  0%| F|  |TAMS 0x000000070bc00000| PB 0x000000070bc00000| Untracked 
|  72|0x000000070be00000, 0x000000070be00000, 0x000000070c000000|  0%| F|  |TAMS 0x000000070be00000| PB 0x000000070be00000| Untracked 
|  73|0x000000070c000000, 0x000000070c200000, 0x000000070c200000|100%| O|  |TAMS 0x000000070c000000| PB 0x000000070c000000| Untracked 
|  74|0x000000070c200000, 0x000000070c400000, 0x000000070c400000|100%| S|  |TAMS 0x000000070c200000| PB 0x000000070c200000| Complete 
|  75|0x000000070c400000, 0x000000070c600000, 0x000000070c600000|100%| S|  |TAMS 0x000000070c400000| PB 0x000000070c400000| Complete 
|  76|0x000000070c600000, 0x000000070c800000, 0x000000070c800000|100%| S|  |TAMS 0x000000070c600000| PB 0x000000070c600000| Complete 
|  77|0x000000070c800000, 0x000000070c9dac00, 0x000000070ca00000| 92%| E|CS|TAMS 0x000000070c800000| PB 0x000000070c800000| Complete 
|  78|0x000000070ca00000, 0x000000070cc00000, 0x000000070cc00000|100%| E|CS|TAMS 0x000000070ca00000| PB 0x000000070ca00000| Complete 
|  79|0x000000070cc00000, 0x000000070ce00000, 0x000000070ce00000|100%| E|CS|TAMS 0x000000070cc00000| PB 0x000000070cc00000| Complete 
|  80|0x000000070ce00000, 0x000000070d000000, 0x000000070d000000|100%| S|  |TAMS 0x000000070ce00000| PB 0x000000070ce00000| Complete 
|  81|0x000000070d000000, 0x000000070d200000, 0x000000070d200000|100%| S|  |TAMS 0x000000070d000000| PB 0x000000070d000000| Complete 
|  82|0x000000070d200000, 0x000000070d400000, 0x000000070d400000|100%| E|CS|TAMS 0x000000070d200000| PB 0x000000070d200000| Complete 
|  83|0x000000070d400000, 0x000000070d600000, 0x000000070d600000|100%| E|CS|TAMS 0x000000070d400000| PB 0x000000070d400000| Complete 
|  84|0x000000070d600000, 0x000000070d800000, 0x000000070d800000|100%| S|  |TAMS 0x000000070d600000| PB 0x000000070d600000| Complete 
|  85|0x000000070d800000, 0x000000070da00000, 0x000000070da00000|100%| S|  |TAMS 0x000000070d800000| PB 0x000000070d800000| Complete 
|  86|0x000000070da00000, 0x000000070dc00000, 0x000000070dc00000|100%| S|  |TAMS 0x000000070da00000| PB 0x000000070da00000| Complete 
|  87|0x000000070dc00000, 0x000000070de00000, 0x000000070de00000|100%| E|CS|TAMS 0x000000070dc00000| PB 0x000000070dc00000| Complete 
|  88|0x000000070de00000, 0x000000070e000000, 0x000000070e000000|100%| E|CS|TAMS 0x000000070de00000| PB 0x000000070de00000| Complete 
|  89|0x000000070e000000, 0x000000070e200000, 0x000000070e200000|100%| E|CS|TAMS 0x000000070e000000| PB 0x000000070e000000| Complete 
|  90|0x000000070e200000, 0x000000070e400000, 0x000000070e400000|100%| E|CS|TAMS 0x000000070e200000| PB 0x000000070e200000| Complete 
|  91|0x000000070e400000, 0x000000070e600000, 0x000000070e600000|100%| E|CS|TAMS 0x000000070e400000| PB 0x000000070e400000| Complete 
|  92|0x000000070e600000, 0x000000070e800000, 0x000000070e800000|100%| E|CS|TAMS 0x000000070e600000| PB 0x000000070e600000| Complete 
|  93|0x000000070e800000, 0x000000070ea00000, 0x000000070ea00000|100%| E|CS|TAMS 0x000000070e800000| PB 0x000000070e800000| Complete 
|  94|0x000000070ea00000, 0x000000070ec00000, 0x000000070ec00000|100%| E|CS|TAMS 0x000000070ea00000| PB 0x000000070ea00000| Complete 
|  95|0x000000070ec00000, 0x000000070ee00000, 0x000000070ee00000|100%| E|CS|TAMS 0x000000070ec00000| PB 0x000000070ec00000| Complete 
|  96|0x000000070ee00000, 0x000000070f000000, 0x000000070f000000|100%| E|CS|TAMS 0x000000070ee00000| PB 0x000000070ee00000| Complete 
|  97|0x000000070f000000, 0x000000070f200000, 0x000000070f200000|100%| E|CS|TAMS 0x000000070f000000| PB 0x000000070f000000| Complete 
|  98|0x000000070f200000, 0x000000070f400000, 0x000000070f400000|100%| E|CS|TAMS 0x000000070f200000| PB 0x000000070f200000| Complete 
|  99|0x000000070f400000, 0x000000070f600000, 0x000000070f600000|100%| E|CS|TAMS 0x000000070f400000| PB 0x000000070f400000| Complete 
| 100|0x000000070f600000, 0x000000070f800000, 0x000000070f800000|100%| E|CS|TAMS 0x000000070f600000| PB 0x000000070f600000| Complete 
| 101|0x000000070f800000, 0x000000070fa00000, 0x000000070fa00000|100%| E|CS|TAMS 0x000000070f800000| PB 0x000000070f800000| Complete 
| 102|0x000000070fa00000, 0x000000070fc00000, 0x000000070fc00000|100%| E|CS|TAMS 0x000000070fa00000| PB 0x000000070fa00000| Complete 
| 103|0x000000070fc00000, 0x000000070fe00000, 0x000000070fe00000|100%| E|CS|TAMS 0x000000070fc00000| PB 0x000000070fc00000| Complete 
| 104|0x000000070fe00000, 0x0000000710000000, 0x0000000710000000|100%| E|CS|TAMS 0x000000070fe00000| PB 0x000000070fe00000| Complete 
| 105|0x0000000710000000, 0x0000000710200000, 0x0000000710200000|100%| E|CS|TAMS 0x0000000710000000| PB 0x0000000710000000| Complete 
| 106|0x0000000710200000, 0x0000000710400000, 0x0000000710400000|100%| E|CS|TAMS 0x0000000710200000| PB 0x0000000710200000| Complete 
| 107|0x0000000710400000, 0x0000000710600000, 0x0000000710600000|100%| E|CS|TAMS 0x0000000710400000| PB 0x0000000710400000| Complete 
| 108|0x0000000710600000, 0x0000000710800000, 0x0000000710800000|100%| E|CS|TAMS 0x0000000710600000| PB 0x0000000710600000| Complete 
| 109|0x0000000710800000, 0x0000000710a00000, 0x0000000710a00000|100%| E|CS|TAMS 0x0000000710800000| PB 0x0000000710800000| Complete 
| 110|0x0000000710a00000, 0x0000000710c00000, 0x0000000710c00000|100%| E|CS|TAMS 0x0000000710a00000| PB 0x0000000710a00000| Complete 
| 111|0x0000000710c00000, 0x0000000710e00000, 0x0000000710e00000|100%| E|CS|TAMS 0x0000000710c00000| PB 0x0000000710c00000| Complete 
| 112|0x0000000710e00000, 0x0000000711000000, 0x0000000711000000|100%| E|CS|TAMS 0x0000000710e00000| PB 0x0000000710e00000| Complete 
| 113|0x0000000711000000, 0x0000000711200000, 0x0000000711200000|100%| E|CS|TAMS 0x0000000711000000| PB 0x0000000711000000| Complete 
| 114|0x0000000711200000, 0x0000000711400000, 0x0000000711400000|100%| E|CS|TAMS 0x0000000711200000| PB 0x0000000711200000| Complete 
| 115|0x0000000711400000, 0x0000000711600000, 0x0000000711600000|100%| E|CS|TAMS 0x0000000711400000| PB 0x0000000711400000| Complete 
| 116|0x0000000711600000, 0x0000000711800000, 0x0000000711800000|100%| E|CS|TAMS 0x0000000711600000| PB 0x0000000711600000| Complete 
| 117|0x0000000711800000, 0x0000000711a00000, 0x0000000711a00000|100%| E|CS|TAMS 0x0000000711800000| PB 0x0000000711800000| Complete 
| 118|0x0000000711a00000, 0x0000000711c00000, 0x0000000711c00000|100%| E|CS|TAMS 0x0000000711a00000| PB 0x0000000711a00000| Complete 
| 119|0x0000000711c00000, 0x0000000711e00000, 0x0000000711e00000|100%| E|CS|TAMS 0x0000000711c00000| PB 0x0000000711c00000| Complete 
| 120|0x0000000711e00000, 0x0000000712000000, 0x0000000712000000|100%| E|CS|TAMS 0x0000000711e00000| PB 0x0000000711e00000| Complete 
| 121|0x0000000712000000, 0x0000000712200000, 0x0000000712200000|100%| E|CS|TAMS 0x0000000712000000| PB 0x0000000712000000| Complete 
| 122|0x0000000712200000, 0x0000000712400000, 0x0000000712400000|100%| E|CS|TAMS 0x0000000712200000| PB 0x0000000712200000| Complete 
| 123|0x0000000712400000, 0x0000000712600000, 0x0000000712600000|100%| E|CS|TAMS 0x0000000712400000| PB 0x0000000712400000| Complete 
| 124|0x0000000712600000, 0x0000000712800000, 0x0000000712800000|100%| E|CS|TAMS 0x0000000712600000| PB 0x0000000712600000| Complete 
| 125|0x0000000712800000, 0x0000000712a00000, 0x0000000712a00000|100%| E|CS|TAMS 0x0000000712800000| PB 0x0000000712800000| Complete 
| 126|0x0000000712a00000, 0x0000000712c00000, 0x0000000712c00000|100%| E|CS|TAMS 0x0000000712a00000| PB 0x0000000712a00000| Complete 
| 127|0x0000000712c00000, 0x0000000712e00000, 0x0000000712e00000|100%| E|CS|TAMS 0x0000000712c00000| PB 0x0000000712c00000| Complete 
| 128|0x0000000712e00000, 0x0000000713000000, 0x0000000713000000|100%| E|CS|TAMS 0x0000000712e00000| PB 0x0000000712e00000| Complete 
| 129|0x0000000713000000, 0x0000000713200000, 0x0000000713200000|100%| E|CS|TAMS 0x0000000713000000| PB 0x0000000713000000| Complete 
| 130|0x0000000713200000, 0x0000000713400000, 0x0000000713400000|100%| E|CS|TAMS 0x0000000713200000| PB 0x0000000713200000| Complete 
| 131|0x0000000713400000, 0x0000000713600000, 0x0000000713600000|100%| E|CS|TAMS 0x0000000713400000| PB 0x0000000713400000| Complete 
| 132|0x0000000713600000, 0x0000000713800000, 0x0000000713800000|100%| E|CS|TAMS 0x0000000713600000| PB 0x0000000713600000| Complete 
| 133|0x0000000713800000, 0x0000000713a00000, 0x0000000713a00000|100%| E|CS|TAMS 0x0000000713800000| PB 0x0000000713800000| Complete 
| 134|0x0000000713a00000, 0x0000000713c00000, 0x0000000713c00000|100%| E|CS|TAMS 0x0000000713a00000| PB 0x0000000713a00000| Complete 
| 135|0x0000000713c00000, 0x0000000713e00000, 0x0000000713e00000|100%| E|CS|TAMS 0x0000000713c00000| PB 0x0000000713c00000| Complete 
| 136|0x0000000713e00000, 0x0000000714000000, 0x0000000714000000|100%| E|CS|TAMS 0x0000000713e00000| PB 0x0000000713e00000| Complete 
| 137|0x0000000714000000, 0x0000000714200000, 0x0000000714200000|100%| E|CS|TAMS 0x0000000714000000| PB 0x0000000714000000| Complete 
| 138|0x0000000714200000, 0x0000000714400000, 0x0000000714400000|100%| E|CS|TAMS 0x0000000714200000| PB 0x0000000714200000| Complete 
|2021|0x00000007ff800000, 0x00000007ffa00000, 0x00000007ffa00000|100%| O|  |TAMS 0x00000007ff800000| PB 0x00000007ff800000| Untracked 
|2022|0x00000007ffa00000, 0x00000007ffc00000, 0x00000007ffc00000|100%| O|  |TAMS 0x00000007ffa00000| PB 0x00000007ffa00000| Untracked 
|2023|0x00000007ffc00000, 0x00000007ffe00000, 0x00000007ffe00000|100%| O|  |TAMS 0x00000007ffc00000| PB 0x00000007ffc00000| Untracked 
|2024|0x00000007ffe00000, 0x0000000800000000, 0x0000000800000000|100%| O|  |TAMS 0x00000007ffe00000| PB 0x00000007ffe00000| Untracked 

Card table byte_map: [0x0000012e32080000,0x0000012e32870000] _byte_map_base: 0x0000012e2e869000

Marking Bits: (CMBitMap*) 0x0000012e1f251b40
 Bits: [0x0000012e32870000, 0x0000012e367b8000)

Polling page: 0x0000012e1e9c0000

Metaspace:

Usage:
  Non-class:     55.90 MB used.
      Class:      6.79 MB used.
       Both:     62.69 MB used.

Virtual space:
  Non-class space:       64.00 MB reserved,      56.06 MB ( 88%) committed,  1 nodes.
      Class space:        1.00 GB reserved,       6.94 MB ( <1%) committed,  1 nodes.
             Both:        1.06 GB reserved,      63.00 MB (  6%) committed. 

Chunk freelists:
   Non-Class:  7.83 MB
       Class:  9.06 MB
        Both:  16.89 MB

MaxMetaspaceSize: unlimited
CompressedClassSpaceSize: 1.00 GB
Initial GC threshold: 21.00 MB
Current GC threshold: 99.69 MB
CDS: off
 - commit_granule_bytes: 65536.
 - commit_granule_words: 8192.
 - virtual_space_node_default_size: 8388608.
 - enlarge_chunks_in_place: 1.
 - use_allocation_guard: 0.


Internal statistics:

num_allocs_failed_limit: 3.
num_arena_births: 322.
num_arena_deaths: 0.
num_vsnodes_births: 2.
num_vsnodes_deaths: 0.
num_space_committed: 1005.
num_space_uncommitted: 0.
num_chunks_returned_to_freelist: 3.
num_chunks_taken_from_freelist: 2294.
num_chunk_merges: 3.
num_chunk_splits: 1858.
num_chunks_enlarged: 1676.
num_inconsistent_stats: 0.

CodeHeap 'non-profiled nmethods': size=120000Kb used=10230Kb max_used=10230Kb free=109770Kb
 bounds [0x0000012e29e10000, 0x0000012e2a810000, 0x0000012e31340000]
CodeHeap 'profiled nmethods': size=120000Kb used=37916Kb max_used=37916Kb free=82083Kb
 bounds [0x0000012e22340000, 0x0000012e24850000, 0x0000012e29870000]
CodeHeap 'non-nmethods': size=5760Kb used=1651Kb max_used=1711Kb free=4108Kb
 bounds [0x0000012e29870000, 0x0000012e29ae0000, 0x0000012e29e10000]
 total_blobs=11448 nmethods=10755 adapters=595
 compilation: enabled
              stopped_count=0, restarted_count=0
 full_count=0

Compilation events (20 events):
Event: 8.273 Thread 0x0000012e39616b90 nmethod 12656 0x0000012e24841790 code [0x0000012e24841940, 0x0000012e24841b90]
Event: 8.273 Thread 0x0000012e39616b90 12654       1       org.jetbrains.kotlin.fir.declarations.impl.FirDeclarationStatusImpl::getSource (2 bytes)
Event: 8.273 Thread 0x0000012e39616b90 nmethod 12654 0x0000012e2a80d210 code [0x0000012e2a80d3a0, 0x0000012e2a80d470]
Event: 8.273 Thread 0x0000012e39616b90 12655       1       org.jetbrains.kotlin.fir.declarations.impl.FirSimpleFunctionImpl::getContainerSource (5 bytes)
Event: 8.273 Thread 0x0000012e39616b90 nmethod 12655 0x0000012e2a80d510 code [0x0000012e2a80d6a0, 0x0000012e2a80d770]
Event: 8.273 Thread 0x0000012e39616b90 12657       3       org.jetbrains.kotlin.fir.analysis.checkers.expression.FirRecursiveProblemChecker::check$checkConeType (119 bytes)
Event: 8.274 Thread 0x0000012e39616b90 nmethod 12657 0x0000012e24841c90 code [0x0000012e24841f80, 0x0000012e24842f00]
Event: 8.274 Thread 0x0000012e39616b90 12658       3       org.jetbrains.kotlin.fir.analysis.checkers.FirHelpersKt::hasDiagnosticKind (65 bytes)
Event: 8.274 Thread 0x0000012e39616b90 nmethod 12658 0x0000012e24843410 code [0x0000012e248436e0, 0x0000012e24844628]
Event: 8.274 Thread 0x0000012e39616b90 12659       3       org.jetbrains.kotlin.resolve.checkers.OptInNames::getREQUIRES_OPT_IN_CLASS_ID (4 bytes)
Event: 8.274 Thread 0x0000012e39616b90 nmethod 12659 0x0000012e24844a90 code [0x0000012e24844c20, 0x0000012e24844d38]
Event: 8.274 Thread 0x0000012e39616b90 12660       3       org.jetbrains.kotlin.fir.symbols.impl.FirCallableSymbol::getContainerSource (11 bytes)
Event: 8.274 Thread 0x0000012e39616b90 nmethod 12660 0x0000012e24844e10 code [0x0000012e24844fe0, 0x0000012e248452d8]
Event: 8.274 Thread 0x0000012e39616b90 12661       3       org.jetbrains.kotlin.fir.expressions.FirWhenExpression::accept (13 bytes)
Event: 8.274 Thread 0x0000012e39616b90 nmethod 12661 0x0000012e24845410 code [0x0000012e24845640, 0x0000012e24845cf0]
Event: 8.275 Thread 0x0000012e39616b90 12664       3       org.jetbrains.kotlin.fir.symbols.impl.FirCallableSymbol::getTypeParameterSymbols (106 bytes)
Event: 8.275 Thread 0x0000012e39616b90 nmethod 12664 0x0000012e24845f90 code [0x0000012e248462e0, 0x0000012e248478e8]
Event: 8.275 Thread 0x0000012e39616b90 12662       3       org.jetbrains.kotlin.fir.visitors.FirDefaultVisitor::visitResolvedNamedReference (17 bytes)
Event: 8.275 Thread 0x0000012e39616b90 nmethod 12662 0x0000012e24848010 code [0x0000012e24848340, 0x0000012e24849478]
Event: 8.275 Thread 0x0000012e39616b90 12663       3       org.jetbrains.kotlin.fir.visitors.FirDefaultVisitor::visitNamedReference (17 bytes)

GC Heap History (20 events):
Event: 3.354 GC heap after
{Heap after GC invocations=17 (full 0):
 garbage-first heap   total 172032K, used 106959K [0x0000000702e00000, 0x0000000800000000)
  region size 2048K, 3 young (6144K), 3 survivors (6144K)
 Metaspace       used 56795K, committed 57152K, reserved 1114112K
  class space    used 6443K, committed 6592K, reserved 1048576K
}
Event: 3.720 GC heap before
{Heap before GC invocations=17 (full 0):
 garbage-first heap   total 172032K, used 145871K [0x0000000702e00000, 0x0000000800000000)
  region size 2048K, 22 young (45056K), 3 survivors (6144K)
 Metaspace       used 58111K, committed 58432K, reserved 1114112K
  class space    used 6523K, committed 6656K, reserved 1048576K
}
Event: 3.728 GC heap after
{Heap after GC invocations=18 (full 0):
 garbage-first heap   total 172032K, used 114055K [0x0000000702e00000, 0x0000000800000000)
  region size 2048K, 3 young (6144K), 3 survivors (6144K)
 Metaspace       used 58111K, committed 58432K, reserved 1114112K
  class space    used 6523K, committed 6656K, reserved 1048576K
}
Event: 3.973 GC heap before
{Heap before GC invocations=18 (full 0):
 garbage-first heap   total 172032K, used 148871K [0x0000000702e00000, 0x0000000800000000)
  region size 2048K, 20 young (40960K), 3 survivors (6144K)
 Metaspace       used 58570K, committed 58880K, reserved 1114112K
  class space    used 6530K, committed 6656K, reserved 1048576K
}
Event: 3.979 GC heap after
{Heap after GC invocations=19 (full 0):
 garbage-first heap   total 229376K, used 121660K [0x0000000702e00000, 0x0000000800000000)
  region size 2048K, 3 young (6144K), 3 survivors (6144K)
 Metaspace       used 58570K, committed 58880K, reserved 1114112K
  class space    used 6530K, committed 6656K, reserved 1048576K
}
Event: 4.525 GC heap before
{Heap before GC invocations=20 (full 0):
 garbage-first heap   total 229376K, used 189244K [0x0000000702e00000, 0x0000000800000000)
  region size 2048K, 36 young (73728K), 3 survivors (6144K)
 Metaspace       used 59233K, committed 59584K, reserved 1114112K
  class space    used 6564K, committed 6720K, reserved 1048576K
}
Event: 4.530 GC heap after
{Heap after GC invocations=21 (full 0):
 garbage-first heap   total 229376K, used 129156K [0x0000000702e00000, 0x0000000800000000)
  region size 2048K, 4 young (8192K), 4 survivors (8192K)
 Metaspace       used 59233K, committed 59584K, reserved 1114112K
  class space    used 6564K, committed 6720K, reserved 1048576K
}
Event: 4.945 GC heap before
{Heap before GC invocations=21 (full 0):
 garbage-first heap   total 229376K, used 194692K [0x0000000702e00000, 0x0000000800000000)
  region size 2048K, 36 young (73728K), 4 survivors (8192K)
 Metaspace       used 59635K, committed 59904K, reserved 1114112K
  class space    used 6590K, committed 6720K, reserved 1048576K
}
Event: 4.951 GC heap after
{Heap after GC invocations=22 (full 0):
 garbage-first heap   total 229376K, used 132995K [0x0000000702e00000, 0x0000000800000000)
  region size 2048K, 3 young (6144K), 3 survivors (6144K)
 Metaspace       used 59635K, committed 59904K, reserved 1114112K
  class space    used 6590K, committed 6720K, reserved 1048576K
}
Event: 5.404 GC heap before
{Heap before GC invocations=22 (full 0):
 garbage-first heap   total 229376K, used 200579K [0x0000000702e00000, 0x0000000800000000)
  region size 2048K, 36 young (73728K), 3 survivors (6144K)
 Metaspace       used 60183K, committed 60480K, reserved 1114112K
  class space    used 6624K, committed 6784K, reserved 1048576K
}
Event: 5.410 GC heap after
{Heap after GC invocations=23 (full 0):
 garbage-first heap   total 229376K, used 137657K [0x0000000702e00000, 0x0000000800000000)
  region size 2048K, 3 young (6144K), 3 survivors (6144K)
 Metaspace       used 60183K, committed 60480K, reserved 1114112K
  class space    used 6624K, committed 6784K, reserved 1048576K
}
Event: 5.948 GC heap before
{Heap before GC invocations=24 (full 0):
 garbage-first heap   total 243712K, used 203193K [0x0000000702e00000, 0x0000000800000000)
  region size 2048K, 35 young (71680K), 3 survivors (6144K)
 Metaspace       used 60415K, committed 60800K, reserved 1114112K
  class space    used 6629K, committed 6784K, reserved 1048576K
}
Event: 5.954 GC heap after
{Heap after GC invocations=25 (full 0):
 garbage-first heap   total 243712K, used 141666K [0x0000000702e00000, 0x0000000800000000)
  region size 2048K, 5 young (10240K), 5 survivors (10240K)
 Metaspace       used 60415K, committed 60800K, reserved 1114112K
  class space    used 6629K, committed 6784K, reserved 1048576K
}
Event: 6.632 GC heap before
{Heap before GC invocations=25 (full 0):
 garbage-first heap   total 243712K, used 217442K [0x0000000702e00000, 0x0000000800000000)
  region size 2048K, 42 young (86016K), 5 survivors (10240K)
 Metaspace       used 60664K, committed 60992K, reserved 1114112K
  class space    used 6640K, committed 6784K, reserved 1048576K
}
Event: 6.645 GC heap after
{Heap after GC invocations=26 (full 0):
 garbage-first heap   total 243712K, used 147401K [0x0000000702e00000, 0x0000000800000000)
  region size 2048K, 6 young (12288K), 6 survivors (12288K)
 Metaspace       used 60664K, committed 60992K, reserved 1114112K
  class space    used 6640K, committed 6784K, reserved 1048576K
}
Event: 6.985 GC heap before
{Heap before GC invocations=26 (full 0):
 garbage-first heap   total 243712K, used 214985K [0x0000000702e00000, 0x0000000800000000)
  region size 2048K, 39 young (79872K), 6 survivors (12288K)
 Metaspace       used 60859K, committed 61184K, reserved 1114112K
  class space    used 6646K, committed 6784K, reserved 1048576K
}
Event: 6.992 GC heap after
{Heap after GC invocations=27 (full 0):
 garbage-first heap   total 292864K, used 150588K [0x0000000702e00000, 0x0000000800000000)
  region size 2048K, 2 young (4096K), 2 survivors (4096K)
 Metaspace       used 60859K, committed 61184K, reserved 1114112K
  class space    used 6646K, committed 6784K, reserved 1048576K
}
Event: 7.575 GC heap before
{Heap before GC invocations=28 (full 0):
 garbage-first heap   total 292864K, used 263228K [0x0000000702e00000, 0x0000000800000000)
  region size 2048K, 57 young (116736K), 2 survivors (4096K)
 Metaspace       used 61065K, committed 61376K, reserved 1114112K
  class space    used 6658K, committed 6784K, reserved 1048576K
}
Event: 7.581 GC heap after
{Heap after GC invocations=29 (full 0):
 garbage-first heap   total 292864K, used 156725K [0x0000000702e00000, 0x0000000800000000)
  region size 2048K, 5 young (10240K), 5 survivors (10240K)
 Metaspace       used 61065K, committed 61376K, reserved 1114112K
  class space    used 6658K, committed 6784K, reserved 1048576K
}
Event: 8.276 GC heap before
{Heap before GC invocations=29 (full 0):
 garbage-first heap   total 292864K, used 263221K [0x0000000702e00000, 0x0000000800000000)
  region size 2048K, 57 young (116736K), 5 survivors (10240K)
 Metaspace       used 64194K, committed 64512K, reserved 1114112K
  class space    used 6952K, committed 7104K, reserved 1048576K
}

Dll operation events (3 events):
Event: 0.003 Loaded shared library C:\Program Files\Android\Android Studio\jbr\bin\java.dll
Event: 0.006 Loaded shared library C:\Program Files\Android\Android Studio\jbr\bin\zip.dll
Event: 0.528 Loaded shared library C:\Program Files\Android\Android Studio\jbr\bin\verify.dll

Deoptimization events (20 events):
Event: 8.217 Thread 0x0000012e1d0acd30 Uncommon trap: trap_request=0xffffff45 fr.pc=0x0000012e2a75600c relative=0x000000000000070c
Event: 8.217 Thread 0x0000012e1d0acd30 Uncommon trap: reason=unstable_if action=reinterpret pc=0x0000012e2a75600c method=org.jetbrains.kotlin.fir.expressions.FirExpressionUtilKt.unwrapAndFlattenArgumentTo(Lorg/jetbrains/kotlin/fir/expressions/FirExpression;Ljava/util/List;Z)V @ 9 c2
Event: 8.217 Thread 0x0000012e1d0acd30 DEOPT PACKING pc=0x0000012e2a75600c sp=0x00000028e69fd860
Event: 8.217 Thread 0x0000012e1d0acd30 DEOPT UNPACKING pc=0x0000012e298c46a2 sp=0x00000028e69fd790 mode 2
Event: 8.217 Thread 0x0000012e1d0acd30 Uncommon trap: trap_request=0xffffff45 fr.pc=0x0000012e2a43a8e8 relative=0x00000000000004e8
Event: 8.217 Thread 0x0000012e1d0acd30 Uncommon trap: reason=unstable_if action=reinterpret pc=0x0000012e2a43a8e8 method=org.jetbrains.kotlin.fir.expressions.FirExpressionUtilKt.unwrapAndFlattenArgumentTo(Lorg/jetbrains/kotlin/fir/expressions/FirExpression;Ljava/util/List;Z)V @ 9 c2
Event: 8.217 Thread 0x0000012e1d0acd30 DEOPT PACKING pc=0x0000012e2a43a8e8 sp=0x00000028e69fd7e0
Event: 8.217 Thread 0x0000012e1d0acd30 DEOPT UNPACKING pc=0x0000012e298c46a2 sp=0x00000028e69fd788 mode 2
Event: 8.217 Thread 0x0000012e1d0acd30 Uncommon trap: trap_request=0xffffff45 fr.pc=0x0000012e2a47232c relative=0x000000000000010c
Event: 8.217 Thread 0x0000012e1d0acd30 Uncommon trap: reason=unstable_if action=reinterpret pc=0x0000012e2a47232c method=java.util.ArrayList.indexOfRange(Ljava/lang/Object;II)I @ 7 c2
Event: 8.217 Thread 0x0000012e1d0acd30 DEOPT PACKING pc=0x0000012e2a47232c sp=0x00000028e69fd8f0
Event: 8.217 Thread 0x0000012e1d0acd30 DEOPT UNPACKING pc=0x0000012e298c46a2 sp=0x00000028e69fd7b0 mode 2
Event: 8.222 Thread 0x0000012e1d0acd30 Uncommon trap: trap_request=0xffffff45 fr.pc=0x0000012e29f22a4c relative=0x00000000000007cc
Event: 8.222 Thread 0x0000012e1d0acd30 Uncommon trap: reason=unstable_if action=reinterpret pc=0x0000012e29f22a4c method=org.jetbrains.kotlin.utils.SmartSet.add(Ljava/lang/Object;)Z @ 32 c2
Event: 8.222 Thread 0x0000012e1d0acd30 DEOPT PACKING pc=0x0000012e29f22a4c sp=0x00000028e69fc7b0
Event: 8.222 Thread 0x0000012e1d0acd30 DEOPT UNPACKING pc=0x0000012e298c46a2 sp=0x00000028e69fc768 mode 2
Event: 8.239 Thread 0x0000012e1d0acd30 Uncommon trap: trap_request=0xffffffc6 fr.pc=0x0000012e2a56d248 relative=0x0000000000000508
Event: 8.239 Thread 0x0000012e1d0acd30 Uncommon trap: reason=bimorphic_or_optimized_type_check action=maybe_recompile pc=0x0000012e2a56d248 method=org.jetbrains.kotlin.fir.resolve.substitution.ConeSubstitutorByMap.substituteType(Lorg/jetbrains/kotlin/fir/types/ConeKotlinType;)Lorg/jetbrains/ko
Event: 8.239 Thread 0x0000012e1d0acd30 DEOPT PACKING pc=0x0000012e2a56d248 sp=0x00000028e69fd060
Event: 8.239 Thread 0x0000012e1d0acd30 DEOPT UNPACKING pc=0x0000012e298c46a2 sp=0x00000028e69fcff0 mode 2

Classes loaded (20 events):
Event: 8.124 Loading class java/text/Format done
Event: 8.124 Loading class java/text/MessageFormat done
Event: 8.124 Loading class java/util/Locale$Category
Event: 8.125 Loading class java/util/Locale$Category done
Event: 8.125 Loading class sun/util/locale/BaseLocale$Key
Event: 8.125 Loading class sun/util/locale/BaseLocale$Key done
Event: 8.125 Loading class sun/util/locale/BaseLocale$Cache
Event: 8.125 Loading class sun/util/locale/LocaleObjectCache
Event: 8.125 Loading class sun/util/locale/LocaleObjectCache done
Event: 8.125 Loading class sun/util/locale/BaseLocale$Cache done
Event: 8.125 Loading class sun/util/locale/LocaleObjectCache$CacheEntry
Event: 8.125 Loading class sun/util/locale/LocaleObjectCache$CacheEntry done
Event: 8.125 Loading class java/util/Locale$Cache
Event: 8.125 Loading class java/util/Locale$Cache done
Event: 8.152 Loading class java/text/ChoiceFormat
Event: 8.152 Loading class java/text/NumberFormat
Event: 8.152 Loading class java/text/NumberFormat done
Event: 8.152 Loading class java/text/ChoiceFormat done
Event: 8.204 Loading class java/security/CodeSigner
Event: 8.204 Loading class java/security/CodeSigner done

Classes unloaded (0 events):
No events

Classes redefined (0 events):
No events

Internal exceptions (20 events):
Event: 2.919 Thread 0x0000012e1d0acd30 Exception <a 'java/lang/NoSuchMethodError'{0x000000070a537140}: 'java.lang.Object java.lang.invoke.DirectMethodHandle$Holder.invokeStatic(java.lang.Object, int, java.lang.Object, java.lang.Object)'> (0x000000070a537140) 
thrown [s\src\hotspot\share\interpreter\linkResolver.cpp, line 784]
Event: 2.919 Thread 0x0000012e1d0acd30 Exception <a 'java/lang/NoSuchMethodError'{0x000000070a53e2c0}: 'java.lang.Object java.lang.invoke.DirectMethodHandle$Holder.newInvokeSpecial(java.lang.Object, int, java.lang.Object)'> (0x000000070a53e2c0) 
thrown [s\src\hotspot\share\interpreter\linkResolver.cpp, line 784]
Event: 3.006 Thread 0x0000012e1d0acd30 Exception <a 'java/lang/NoSuchMethodError'{0x0000000712be2768}: 'java.lang.Object java.lang.invoke.DirectMethodHandle$Holder.invokeStatic(java.lang.Object, java.lang.Object, java.lang.Object, int, java.lang.Object, java.lang.Object)'> (0x0000000712be2768) 
thrown [s\src\hotspot\share\interpreter\linkResolver.cpp, line 784]
Event: 3.007 Thread 0x0000012e1d0acd30 Exception <a 'java/lang/NoSuchMethodError'{0x0000000712beabc8}: 'java.lang.Object java.lang.invoke.DirectMethodHandle$Holder.newInvokeSpecial(java.lang.Object, java.lang.Object, java.lang.Object, int)'> (0x0000000712beabc8) 
thrown [s\src\hotspot\share\interpreter\linkResolver.cpp, line 784]
Event: 3.007 Thread 0x0000012e1d0acd30 Exception <a 'java/lang/NoSuchMethodError'{0x0000000712bef468}: 'java.lang.Object java.lang.invoke.DirectMethodHandle$Holder.invokeSpecial(java.lang.Object, java.lang.Object, java.lang.Object, java.lang.Object, int)'> (0x0000000712bef468) 
thrown [s\src\hotspot\share\interpreter\linkResolver.cpp, line 784]
Event: 3.007 Thread 0x0000012e1d0acd30 Exception <a 'java/lang/NoSuchMethodError'{0x0000000712bf3660}: 'java.lang.Object java.lang.invoke.Invokers$Holder.linkToTargetMethod(java.lang.Object, java.lang.Object, int, java.lang.Object)'> (0x0000000712bf3660) 
thrown [s\src\hotspot\share\interpreter\linkResolver.cpp, line 784]
Event: 3.044 Thread 0x0000012e1d0acd30 Exception <a 'java/lang/NoSuchMethodError'{0x000000070c8ca448}: 'java.lang.Object java.lang.invoke.DirectMethodHandle$Holder.newInvokeSpecial(java.lang.Object, int, java.lang.Object, java.lang.Object, java.lang.Object)'> (0x000000070c8ca448) 
thrown [s\src\hotspot\share\interpreter\linkResolver.cpp, line 784]
Event: 3.044 Thread 0x0000012e1d0acd30 Exception <a 'java/lang/NoSuchMethodError'{0x000000070c8d2018}: 'java.lang.Object java.lang.invoke.Invokers$Holder.linkToTargetMethod(int, java.lang.Object, java.lang.Object, java.lang.Object, java.lang.Object)'> (0x000000070c8d2018) 
thrown [s\src\hotspot\share\interpreter\linkResolver.cpp, line 784]
Event: 3.183 Thread 0x0000012e1d0acd30 Exception <a 'java/lang/NoSuchMethodError'{0x000000070b6e1b00}: 'java.lang.Object java.lang.invoke.DirectMethodHandle$Holder.newInvokeSpecial(java.lang.Object, java.lang.Object, java.lang.Object, int, int)'> (0x000000070b6e1b00) 
thrown [s\src\hotspot\share\interpreter\linkResolver.cpp, line 784]
Event: 3.303 Thread 0x0000012e1d0acd30 Exception <a 'java/lang/NoSuchMethodError'{0x000000070a972a10}: 'java.lang.Object java.lang.invoke.DirectMethodHandle$Holder.newInvokeSpecial(java.lang.Object, java.lang.Object, java.lang.Object, java.lang.Object, int, int)'> (0x000000070a972a10) 
thrown [s\src\hotspot\share\interpreter\linkResolver.cpp, line 784]
Event: 3.304 Thread 0x0000012e1d0acd30 Exception <a 'java/lang/NoSuchMethodError'{0x000000070a97a7a0}: 'java.lang.Object java.lang.invoke.Invokers$Holder.linkToTargetMethod(java.lang.Object, java.lang.Object, java.lang.Object, int, int, java.lang.Object)'> (0x000000070a97a7a0) 
thrown [s\src\hotspot\share\interpreter\linkResolver.cpp, line 784]
Event: 3.542 Thread 0x0000012e1d0acd30 Exception <a 'java/lang/NoSuchMethodError'{0x000000070bff4b08}: 'java.lang.Object java.lang.invoke.DirectMethodHandle$Holder.newInvokeSpecial(java.lang.Object, java.lang.Object, java.lang.Object, java.lang.Object, java.lang.Object, java.lang.Object, java.lang.Object, java.lang.Object, java.lang.Object)'> (0x000000070bff4b08) 
thrown [s\src\hotspot\share\interpreter\linkResolver.cpp, line 784]
Event: 3.578 Thread 0x0000012e1d0acd30 Exception <a 'java/lang/NoSuchMethodError'{0x000000070bba8b78}: 'java.lang.Object java.lang.invoke.DirectMethodHandle$Holder.newInvokeSpecial(java.lang.Object, java.lang.Object, java.lang.Object, java.lang.Object, java.lang.Object, int)'> (0x000000070bba8b78) 
thrown [s\src\hotspot\share\interpreter\linkResolver.cpp, line 784]
Event: 3.578 Thread 0x0000012e1d0acd30 Exception <a 'java/lang/NoSuchMethodError'{0x000000070bbadc98}: 'java.lang.Object java.lang.invoke.DirectMethodHandle$Holder.invokeSpecial(java.lang.Object, java.lang.Object, java.lang.Object, java.lang.Object, java.lang.Object, java.lang.Object, int)'> (0x000000070bbadc98) 
thrown [s\src\hotspot\share\interpreter\linkResolver.cpp, line 784]
Event: 3.802 Thread 0x0000012e1d0acd30 Implicit null exception at 0x0000012e2a37ccfc to 0x0000012e2a37cf3c
Event: 5.238 Thread 0x0000012e1d0acd30 Implicit null exception at 0x0000012e2a0a2e8c to 0x0000012e2a0a3480
Event: 6.909 Thread 0x0000012e1d0acd30 Implicit null exception at 0x0000012e2a6a2529 to 0x0000012e2a6a5660
Event: 6.909 Thread 0x0000012e1d0acd30 Implicit null exception at 0x0000012e2a65f229 to 0x0000012e2a65f5d9
Event: 7.245 Thread 0x0000012e1d0acd30 Implicit null exception at 0x0000012e2a37e8f8 to 0x0000012e2a381984
Event: 7.872 Thread 0x0000012e1d0acd30 Implicit null exception at 0x0000012e29f02cce to 0x0000012e29f0357c

ZGC Phase Switch (0 events):
No events

VM Operations (20 events):
Event: 7.785 Executing VM operation: ICBufferFull done
Event: 7.912 Executing VM operation: ICBufferFull
Event: 7.912 Executing VM operation: ICBufferFull done
Event: 7.976 Executing VM operation: HandshakeAllThreads (Deoptimize)
Event: 7.976 Executing VM operation: HandshakeAllThreads (Deoptimize) done
Event: 8.044 Executing VM operation: ICBufferFull
Event: 8.045 Executing VM operation: ICBufferFull done
Event: 8.070 Executing VM operation: HandshakeAllThreads (Deoptimize)
Event: 8.070 Executing VM operation: HandshakeAllThreads (Deoptimize) done
Event: 8.078 Executing VM operation: HandshakeAllThreads (Deoptimize)
Event: 8.078 Executing VM operation: HandshakeAllThreads (Deoptimize) done
Event: 8.221 Executing VM operation: ICBufferFull
Event: 8.221 Executing VM operation: ICBufferFull done
Event: 8.231 Executing VM operation: HandshakeAllThreads (Deoptimize)
Event: 8.231 Executing VM operation: HandshakeAllThreads (Deoptimize) done
Event: 8.235 Executing VM operation: HandshakeAllThreads (Deoptimize)
Event: 8.235 Executing VM operation: HandshakeAllThreads (Deoptimize) done
Event: 8.235 Executing VM operation: HandshakeAllThreads (Deoptimize)
Event: 8.235 Executing VM operation: HandshakeAllThreads (Deoptimize) done
Event: 8.275 Executing VM operation: G1CollectForAllocation (G1 Evacuation Pause)

Events (20 events):
Event: 7.057 Thread 0x0000012e39418a40 flushing nmethod 0x0000012e2a0da410
Event: 7.057 Thread 0x0000012e39418a40 flushing nmethod 0x0000012e2a0edb90
Event: 7.057 Thread 0x0000012e39418a40 flushing nmethod 0x0000012e2a0f4990
Event: 7.057 Thread 0x0000012e39418a40 flushing nmethod 0x0000012e29f09c10
Event: 7.057 Thread 0x0000012e39418a40 flushing nmethod 0x0000012e29f65890
Event: 7.057 Thread 0x0000012e39418a40 flushing nmethod 0x0000012e29f3f410
Event: 7.057 Thread 0x0000012e39418a40 flushing nmethod 0x0000012e29feba90
Event: 7.057 Thread 0x0000012e39418a40 flushing nmethod 0x0000012e29fa7a10
Event: 7.057 Thread 0x0000012e39418a40 flushing nmethod 0x0000012e29ee2010
Event: 7.057 Thread 0x0000012e39418a40 flushing nmethod 0x0000012e29f4eb10
Event: 7.057 Thread 0x0000012e39418a40 flushing nmethod 0x0000012e29ee1110
Event: 7.057 Thread 0x0000012e39418a40 flushing nmethod 0x0000012e29f5e390
Event: 7.057 Thread 0x0000012e39418a40 flushing nmethod 0x0000012e29f3d690
Event: 7.057 Thread 0x0000012e39418a40 flushing nmethod 0x0000012e29f00b90
Event: 7.057 Thread 0x0000012e39418a40 flushing nmethod 0x0000012e29ef5810
Event: 7.057 Thread 0x0000012e39418a40 flushing nmethod 0x0000012e29f18590
Event: 7.057 Thread 0x0000012e39418a40 flushing nmethod 0x0000012e29f03b10
Event: 7.057 Thread 0x0000012e39418a40 flushing nmethod 0x0000012e29ef3190
Event: 7.057 Thread 0x0000012e39418a40 flushing nmethod 0x0000012e29e6fe10
Event: 7.057 Thread 0x0000012e39418a40 flushing nmethod 0x0000012e29e80e10


Dynamic libraries:
0x00007ff6e9ca0000 - 0x00007ff6e9caa000 	C:\Program Files\Android\Android Studio\jbr\bin\java.exe
0x00007ffb34e10000 - 0x00007ffb35008000 	C:\Windows\SYSTEM32\ntdll.dll
0x00007ffb345b0000 - 0x00007ffb34672000 	C:\Windows\System32\KERNEL32.DLL
0x00007ffb32500000 - 0x00007ffb327fe000 	C:\Windows\System32\KERNELBASE.dll
0x00007ffb32d30000 - 0x00007ffb32e30000 	C:\Windows\System32\ucrtbase.dll
0x00007ffb00ee0000 - 0x00007ffb00efb000 	C:\Program Files\Android\Android Studio\jbr\bin\VCRUNTIME140.dll
0x00007ffb12e90000 - 0x00007ffb12ea8000 	C:\Program Files\Android\Android Studio\jbr\bin\jli.dll
0x00007ffb33190000 - 0x00007ffb3332d000 	C:\Windows\System32\USER32.dll
0x00007ffb1c1b0000 - 0x00007ffb1c44a000 	C:\Windows\WinSxS\amd64_microsoft.windows.common-controls_6595b64144ccf1df_6.0.19041.4355_none_60b8b9eb71f62e16\COMCTL32.dll
0x00007ffb32b30000 - 0x00007ffb32b52000 	C:\Windows\System32\win32u.dll
0x00007ffb34d30000 - 0x00007ffb34dce000 	C:\Windows\System32\msvcrt.dll
0x00007ffb34730000 - 0x00007ffb3475b000 	C:\Windows\System32\GDI32.dll
0x00007ffb32a10000 - 0x00007ffb32b27000 	C:\Windows\System32\gdi32full.dll
0x00007ffb32c00000 - 0x00007ffb32c9d000 	C:\Windows\System32\msvcp_win.dll
0x00007ffb33c60000 - 0x00007ffb33c8f000 	C:\Windows\System32\IMM32.DLL
0x00007ffb1b230000 - 0x00007ffb1b23c000 	C:\Program Files\Android\Android Studio\jbr\bin\vcruntime140_1.dll
0x00007ffb00700000 - 0x00007ffb0078d000 	C:\Program Files\Android\Android Studio\jbr\bin\msvcp140.dll
0x00007ffad27b0000 - 0x00007ffad342d000 	C:\Program Files\Android\Android Studio\jbr\bin\server\jvm.dll
0x00007ffb34bd0000 - 0x00007ffb34c81000 	C:\Windows\System32\ADVAPI32.dll
0x00007ffb33330000 - 0x00007ffb333cf000 	C:\Windows\System32\sechost.dll
0x00007ffb34a10000 - 0x00007ffb34b33000 	C:\Windows\System32\RPCRT4.dll
0x00007ffb32bd0000 - 0x00007ffb32bf7000 	C:\Windows\System32\bcrypt.dll
0x00007ffb347c0000 - 0x00007ffb3482b000 	C:\Windows\System32\WS2_32.dll
0x00007ffb31a00000 - 0x00007ffb31a4b000 	C:\Windows\SYSTEM32\POWRPROF.dll
0x00007ffb2b130000 - 0x00007ffb2b13a000 	C:\Windows\SYSTEM32\VERSION.dll
0x00007ffb29d60000 - 0x00007ffb29d87000 	C:\Windows\SYSTEM32\WINMM.dll
0x00007ffb31870000 - 0x00007ffb31882000 	C:\Windows\SYSTEM32\UMPDC.dll
0x00007ffb30310000 - 0x00007ffb30322000 	C:\Windows\SYSTEM32\kernel.appcore.dll
0x00007ffb17090000 - 0x00007ffb1709a000 	C:\Program Files\Android\Android Studio\jbr\bin\jimage.dll
0x00007ffb26be0000 - 0x00007ffb26dc4000 	C:\Windows\SYSTEM32\DBGHELP.DLL
0x00007ffb1c500000 - 0x00007ffb1c534000 	C:\Windows\SYSTEM32\dbgcore.DLL
0x00007ffb32ca0000 - 0x00007ffb32d22000 	C:\Windows\System32\bcryptPrimitives.dll
0x00007ffb009d0000 - 0x00007ffb009ef000 	C:\Program Files\Android\Android Studio\jbr\bin\java.dll
0x00007ffaff6e0000 - 0x00007ffaff6f8000 	C:\Program Files\Android\Android Studio\jbr\bin\zip.dll
0x00007ffb33c90000 - 0x00007ffb343fd000 	C:\Windows\System32\SHELL32.dll
0x00007ffb30510000 - 0x00007ffb30cb4000 	C:\Windows\SYSTEM32\windows.storage.dll
0x00007ffb32e30000 - 0x00007ffb33183000 	C:\Windows\System32\combase.dll
0x00007ffb31e00000 - 0x00007ffb31e2e000 	C:\Windows\SYSTEM32\Wldp.dll
0x00007ffb34420000 - 0x00007ffb344ed000 	C:\Windows\System32\OLEAUT32.dll
0x00007ffb34500000 - 0x00007ffb345ad000 	C:\Windows\System32\SHCORE.dll
0x00007ffb349b0000 - 0x00007ffb34a05000 	C:\Windows\System32\shlwapi.dll
0x00007ffb323e0000 - 0x00007ffb32404000 	C:\Windows\SYSTEM32\profapi.dll
0x00007ffb167b0000 - 0x00007ffb167c0000 	C:\Program Files\Android\Android Studio\jbr\bin\net.dll
0x00007ffb2c760000 - 0x00007ffb2c86d000 	C:\Windows\SYSTEM32\WINHTTP.dll
0x00007ffb31be0000 - 0x00007ffb31c4a000 	C:\Windows\system32\mswsock.dll
0x00007ffafc570000 - 0x00007ffafc586000 	C:\Program Files\Android\Android Studio\jbr\bin\nio.dll
0x00007ffb0f5a0000 - 0x00007ffb0f5b0000 	C:\Program Files\Android\Android Studio\jbr\bin\verify.dll

dbghelp: loaded successfully - version: 4.0.5 - missing functions: none
symbol engine: initialized successfully - sym options: 0x614 - pdb path: .;C:\Program Files\Android\Android Studio\jbr\bin;C:\Windows\SYSTEM32;C:\Windows\WinSxS\amd64_microsoft.windows.common-controls_6595b64144ccf1df_6.0.19041.4355_none_60b8b9eb71f62e16;C:\Program Files\Android\Android Studio\jbr\bin\server

VM Arguments:
java_command: org.jetbrains.kotlin.cli.jvm.K2JVMCompiler @C:\Users\Kareem Zedan\StudioProjects\Capital_Taxi2\app\build\20250216_9934786646241103927.compiler.options
java_class_path (initial): C:\Users\Kareem Zedan\.gradle\caches\modules-2\files-2.1\org.jetbrains.kotlin\kotlin-compiler-embeddable\2.0.0\1de310de3446414381282ffc46c3ed3919a4d1da\kotlin-compiler-embeddable-2.0.0.jar;C:\Users\Kareem Zedan\.gradle\caches\modules-2\files-2.1\org.jetbrains.kotlin\kotlin-stdlib\2.0.0\b48df2c4aede9586cc931ead433bc02d6fd7879e\kotlin-stdlib-2.0.0.jar;C:\Users\Kareem Zedan\.gradle\caches\modules-2\files-2.1\org.jetbrains.kotlin\kotlin-script-runtime\2.0.0\fdc27dd047d592fa41d2dfa21e7621287a361612\kotlin-script-runtime-2.0.0.jar;C:\Users\Kareem Zedan\.gradle\caches\modules-2\files-2.1\org.jetbrains.kotlin\kotlin-reflect\1.6.10\1cbe9c92c12a94eea200d23c2bbaedaf3daf5132\kotlin-reflect-1.6.10.jar;C:\Users\Kareem Zedan\.gradle\caches\modules-2\files-2.1\org.jetbrains.kotlin\kotlin-daemon-embeddable\2.0.0\b39c612768614c4428c96ee9c65477181fffe9d\kotlin-daemon-embeddable-2.0.0.jar;C:\Users\Kareem Zedan\.gradle\caches\modules-2\files-2.1\org.jetbrains.intellij.deps\trove4j\1.0.20200330\3afb14d5f9ceb459d724e907a21145e8ff394f02\trove4j-1.0.20200330.jar;C:\Users\Kareem Zedan\.gradle\caches\modules-2\files-2.1\org.jetbrains\annotations\13.0\919f0dfe192fb4e063e7dacadee7f8bb9a2672a9\annotations-13.0.jar
Launcher Type: SUN_STANDARD

[Global flags]
     intx CICompilerCount                          = 4                                         {product} {ergonomic}
     uint ConcGCThreads                            = 3                                         {product} {ergonomic}
     uint G1ConcRefinementThreads                  = 10                                        {product} {ergonomic}
   size_t G1HeapRegionSize                         = 2097152                                   {product} {ergonomic}
    uintx GCDrainStackTargetSize                   = 64                                        {product} {ergonomic}
   size_t InitialHeapSize                          = 266338304                                 {product} {ergonomic}
   size_t MarkStackSize                            = 4194304                                   {product} {ergonomic}
   size_t MaxHeapSize                              = 4246732800                                {product} {ergonomic}
   size_t MaxNewSize                               = 2548039680                                {product} {ergonomic}
   size_t MinHeapDeltaBytes                        = 2097152                                   {product} {ergonomic}
   size_t MinHeapSize                              = 8388608                                   {product} {ergonomic}
    uintx NonNMethodCodeHeapSize                   = 5839372                                {pd product} {ergonomic}
    uintx NonProfiledCodeHeapSize                  = 122909434                              {pd product} {ergonomic}
    uintx ProfiledCodeHeapSize                     = 122909434                              {pd product} {ergonomic}
    uintx ReservedCodeCacheSize                    = 251658240                              {pd product} {ergonomic}
     bool SegmentedCodeCache                       = true                                      {product} {ergonomic}
   size_t SoftMaxHeapSize                          = 4246732800                             {manageable} {ergonomic}
     bool UseCompressedOops                        = true                           {product lp64_product} {ergonomic}
     bool UseG1GC                                  = true                                      {product} {ergonomic}
     bool UseLargePagesIndividualAllocation        = false                                  {pd product} {ergonomic}

Logging:
Log output configuration:
 #0: stdout all=warning uptime,level,tags foldmultilines=false
 #1: stderr all=off uptime,level,tags foldmultilines=false

Environment Variables:
PATH=C:\Program Files\Common Files\Oracle\Java\javapath;C:\Windows\system32;C:\Windows;C:\Windows\System32\Wbem;C:\Windows\System32\WindowsPowerShell\v1.0\;C:\Windows\System32\OpenSSH\;C:\Program Files (x86)\Windows Kits\10\Windows Performance Toolkit\;C:\Program Files\Git\cmd;C:\Program Files\nodejs\;C:\Users\Kareem Zedan\AppData\Local\Microsoft\WindowsApps;C:\Users\Kareem Zedan\AppData\Local\Programs\Microsoft VS Code\bin;C:\Users\Kareem Zedan\AppData\Local\Programs\Microsoft VS Code\bin;C:\Users\Kareem Zedan\.cache\firebase\tools\bin;C:\Users\Kareem Zedan\AppData\Local\Pub\Cache\bin;C:\Users\Kareem Zedan\AppData\Roaming\npm;C:\Program Files\jdk-17.0.12\bin;C:\src2\flutter\bin;C:\src2\flutter\bin\cache\dart-sdk\bin;C:\Users\Kareem Zedan\AppData\Local\Google\Cloud SDK\google-cloud-sdk\bin
USERNAME=Kareem Zedan
OS=Windows_NT
PROCESSOR_IDENTIFIER=Intel64 Family 6 Model 151 Stepping 5, GenuineIntel
TMP=C:\Users\KAREEM~1\AppData\Local\Temp
TEMP=C:\Users\KAREEM~1\AppData\Local\Temp




Periodic native trim disabled

JNI global refs:
JNI global refs: 12, weak refs: 0

JNI global refs memory usage: 835, weak refs: 833

Process memory usage:
Resident Set Size: 546520K (3% of 16586164K total physical memory with 1445564K free physical memory)

OOME stack traces (most recent first):
Classloader memory used:
Loader jdk.internal.loader.ClassLoaders$AppClassLoader                                 : 52726K
Loader bootstrap                                                                       : 11202K
Loader java.net.URLClassLoader                                                         : 265K

---------------  S Y S T E M  ---------------

OS:
 Windows 10 , 64 bit Build 19041 (10.0.19041.5072)
OS uptime: 0 days 5:55 hours
Hyper-V role detected

CPU: total 12 (initial active 12) (6 cores per cpu, 2 threads per core) family 6 model 151 stepping 5 microcode 0x32, cx8, cmov, fxsr, ht, mmx, 3dnowpref, sse, sse2, sse3, ssse3, sse4.1, sse4.2, popcnt, lzcnt, tsc, tscinvbit, avx, avx2, aes, erms, clmul, bmi1, bmi2, adx, sha, fma, vzeroupper, clflush, clflushopt, clwb, hv, rdtscp, rdpid, fsrm, f16c, cet_ibt, cet_ss
Processor Information for all 12 processors :
  Max Mhz: 2500, Current Mhz: 2500, Mhz Limit: 2500

Memory: 4k page, system-wide physical 16197M (1411M free)
TotalPageFile size 26949M (AvailPageFile size 7688M)
current process WorkingSet (physical memory assigned to process): 533M, peak: 541M
current process commit charge ("private bytes"): 566M, peak: 575M

vm_info: OpenJDK 64-Bit Server VM (21.0.3+-12282718-b509.11) for windows-amd64 JRE (21.0.3+-12282718-b509.11), built on 2024-08-27T17:34:15Z by "builder" with MS VC++ 16.10 / 16.11 (VS2019)

END.
