#
# A fatal error has been detected by the Java Runtime Environment:
#
#  EXCEPTION_ACCESS_VIOLATION (0xc0000005) at pc=0x00007ffad28e9a01, pid=10284, tid=2884
#
# JRE version: OpenJDK Runtime Environment (21.0.3) (build 21.0.3+-12282718-b509.11)
# Java VM: OpenJDK 64-Bit Server VM (21.0.3+-12282718-b509.11, mixed mode, tiered, compressed oops, compressed class ptrs, g1 gc, windows-amd64)
# Problematic frame:
# V  [jvm.dll+0x139a01]
#
# No core dump will be written. Minidumps are not enabled by default on client versions of Windows
#
# If you would like to submit a bug report, please visit:
#   https://youtrack.jetbrains.com/issues/JBR
#

---------------  S U M M A R Y ------------

Command Line: org.jetbrains.kotlin.cli.jvm.K2JVMCompiler @C:\Users\Kareem Zedan\StudioProjects\Capital_Taxi2\app\build\20250216_11763686579692546915.compiler.options

Host: 12th Gen Intel(R) Core(TM) i5-12400F, 12 cores, 15G,  Windows 10 , 64 bit Build 19041 (10.0.19041.5072)
Time: Sun Feb 16 21:16:48 2025 Egypt Standard Time elapsed time: 9.435708 seconds (0d 0h 0m 9s)

---------------  T H R E A D  ---------------

Current thread (0x0000019266af2330):  WorkerThread "GC Thread#8"    [id=2884, stack(0x00000016f6800000,0x00000016f6900000) (1024K)]

Stack: [0x00000016f6800000,0x00000016f6900000],  sp=0x00000016f68ff248,  free space=1020k
Native frames: (J=compiled Java code, j=interpreted, Vv=VM code, C=native code)
V  [jvm.dll+0x139a01]


siginfo: EXCEPTION_ACCESS_VIOLATION (0xc0000005), reading address 0x00000028000080fa


Registers:
RAX=0x0000002800007ffa, RBX=0x0000000000000001, RCX=0x0000000800066484, RDX=0x000000071061d6a8
RSP=0x00000016f68ff248, RBP=0x00000000000002f3, RSI=0x0000019247c33280, RDI=0x0000000000000001
R8 =0x0000000800066484, R9 =0x0000000000000000, R10=0x000000071061d6a8, R11=0x0000000000000001
R12=0x0000000000000001, R13=0x0000000800066484, R14=0x000000071061d6a8, R15=0x000001926bfa1aa0
RIP=0x00007ffad28e9a01, EFLAGS=0x0000000000010246


Register to memory mapping:

RAX=0x0000002800007ffa is an unknown value
RBX=0x0000000000000001 is an unknown value
RCX=0x0000000800066484 is pointing into metadata
RDX=
[error occurred during error reporting (printing register info), id 0xc0000005, EXCEPTION_ACCESS_VIOLATION (0xc0000005) at pc=0x00007ffad28e9a01]
RSP=0x00000016f68ff248 points into unknown readable memory: 0x00007ffad2b03a5b | 5b 3a b0 d2 fa 7f 00 00
RBP=0x00000000000002f3 is an unknown value
RSI=0x0000019247c33280 points into unknown readable memory: 0x0000000000000000 | 00 00 00 00 00 00 00 00
RDI=0x0000000000000001 is an unknown value
R8 =0x0000000800066484 is pointing into metadata
R9 =0x0 is null
R10=
[error occurred during error reporting (printing register info, attempt 2), id 0xc0000005, EXCEPTION_ACCESS_VIOLATION (0xc0000005) at pc=0x00007ffad28e9a01]
R11=0x0000000000000001 is an unknown value
R12=0x0000000000000001 is an unknown value
R13=0x0000000800066484 is pointing into metadata
R14=
[error occurred during error reporting (printing register info, attempt 3), id 0xc0000005, EXCEPTION_ACCESS_VIOLATION (0xc0000005) at pc=0x00007ffad28e9a01]
Top of Stack: (sp=0x00000016f68ff248)
0x00000016f68ff248:   00007ffad2b03a5b 0000000000000001
0x00000016f68ff258:   0000000000000001 000000070cd57820
0x00000016f68ff268:   0000019266ff9150 000000070cd561a0
0x00000016f68ff278:   00007ffad2b01de9 0000019261cb6a90
0x00000016f68ff288:   00007ffad2ebd2bb 000001926bfa1ab8
0x00000016f68ff298:   000001926705f5f0 000001926bfa1c28
0x00000016f68ff2a8:   0000000000000000 0000000000000040
0x00000016f68ff2b8:   0000019266ff9150 0000000000000001
0x00000016f68ff2c8:   000000070cd577fc 0000019247c33280
0x00000016f68ff2d8:   00000000000002f3 000001926bfa1aa0
0x00000016f68ff2e8:   00007ffad2b04cca 000001926bfa0000
0x00000016f68ff2f8:   0000019247c30001 0000019200000000
0x00000016f68ff308:   0000000000000001 0000000708283a00
0x00000016f68ff318:   0000000000000040 00000016f68ff510
0x00000016f68ff328:   000000000000002a 0000000708283c00
0x00000016f68ff338:   00007ffad2b013ae 0000000708283c00
0x00000016f68ff348:   000001926bfa1aa0 000000070827c600
0x00000016f68ff358:   0000000000000040 00000000059d6cff
0x00000016f68ff368:   0000000000000000 0000000000000001
0x00000016f68ff378:   00000016f68ff510 0000019247ce98e0
0x00000016f68ff388:   00007ffad2b0e46c 0000000000000040
0x00000016f68ff398:   0000019247ce98e0 00000016f68ff510
0x00000016f68ff3a8:   00007ffad2e73d4f 0000000708283a00
0x00000016f68ff3b8:   0000000000000040 00007ffad3117358
0x00000016f68ff3c8:   0000000000000000 0000019245ad1770
0x00000016f68ff3d8:   000001926bfa1aa0 00000016f68ff560
0x00000016f68ff3e8:   00007ffad2fbbb27 000000000000002a
0x00000016f68ff3f8:   0000019266111570 000001925aada440
0x00000016f68ff408:   00007ffad2b10119 00000016f68ff510
0x00000016f68ff418:   0000000000000004 000001925aada41e
0x00000016f68ff428:   0000019245acd7a0 0000000000000004
0x00000016f68ff438:   000000000000002c 0000019245ad0a30 

Instructions: (pc=0x00007ffad28e9a01)
0x00007ffad28e9901:   08 8b 0d 10 c6 9e 00 49 d3 e0 4c 03 05 fe c5 9e
0x00007ffad28e9911:   00 eb 04 4c 8b 41 08 45 8b 48 08 45 85 c9 7e 0e
0x00007ffad28e9921:   41 f6 c1 01 75 53 41 c1 f9 03 49 63 c1 c3 79 49
0x00007ffad28e9931:   84 c0 41 b8 0c 00 00 00 8b 05 c9 d6 9e 00 b9 10
0x00007ffad28e9941:   00 00 00 41 0f 45 c8 ff c8 4c 63 c0 41 8b c1 48
0x00007ffad28e9951:   c1 f8 10 0f b6 c0 48 63 14 11 41 8b c9 83 e1 3f
0x00007ffad28e9961:   48 d3 e2 49 8d 0c 10 49 f7 d0 48 03 c1 49 c1 e8
0x00007ffad28e9971:   03 48 c1 e8 03 49 23 c0 c3 49 8b 00 49 8b c8 48
0x00007ffad28e9981:   ff a0 00 01 00 00 cc cc cc cc cc cc cc cc cc 4c
0x00007ffad28e9991:   8b c2 48 8b d1 45 8b 48 08 45 85 c9 7e 0e 41 f6
0x00007ffad28e99a1:   c1 01 75 56 41 c1 f9 03 49 63 c1 c3 79 4c 80 3d
0x00007ffad28e99b1:   5a d8 9e 00 00 b8 0c 00 00 00 b9 10 00 00 00 0f
0x00007ffad28e99c1:   45 c8 8b 05 3f d6 9e 00 ff c8 4c 63 c0 41 8b c1
0x00007ffad28e99d1:   48 c1 f8 10 48 63 14 11 41 8b c9 83 e1 3f 0f b6
0x00007ffad28e99e1:   c0 48 d3 e2 49 8d 0c 10 49 f7 d0 48 03 c1 49 c1
0x00007ffad28e99f1:   e8 03 48 c1 e8 03 49 23 c0 c3 49 8b 00 49 8b c8
0x00007ffad28e9a01:   48 ff a0 00 01 00 00 cc cc cc cc cc cc cc cc 40
0x00007ffad28e9a11:   53 48 83 ec 20 48 8b d9 49 8b c0 33 c9 45 0f b6
0x00007ffad28e9a21:   c1 48 89 0b 48 89 4b 08 48 8b cb 48 89 53 10 48
0x00007ffad28e9a31:   8b d0 e8 28 09 00 00 48 8b c3 48 83 c4 20 5b c3
0x00007ffad28e9a41:   cc cc cc cc cc cc cc cc cc cc cc cc cc cc cc 40
0x00007ffad28e9a51:   53 48 83 ec 20 33 c0 44 88 41 10 45 0f b6 c1 48
0x00007ffad28e9a61:   89 01 48 89 41 08 48 8b d9 e8 01 0a 00 00 48 8b
0x00007ffad28e9a71:   c3 48 83 c4 20 5b c3 cc cc cc cc cc cc cc cc 40
0x00007ffad28e9a81:   53 48 83 ec 20 33 c0 48 8b d9 48 89 01 48 89 41
0x00007ffad28e9a91:   08 e8 99 0b 00 00 48 8b c3 48 83 c4 20 5b c3 48
0x00007ffad28e9aa1:   8b c1 48 8b 09 48 85 c9 74 3c 48 8b 40 08 48 83
0x00007ffad28e9ab1:   c0 3f 48 c1 e8 06 48 8d 14 c5 00 00 00 00 48 3b
0x00007ffad28e9ac1:   15 aa da 9e 00 0f 82 f4 05 f8 ff 48 8b 05 45 96
0x00007ffad28e9ad1:   a6 00 48 ff ca 48 03 d0 48 ff c8 48 f7 d0 48 23
0x00007ffad28e9ae1:   d0 e9 f9 46 58 00 c3 cc cc cc cc cc cc cc cc 48
0x00007ffad28e9af1:   83 ec 38 48 8d 0c cd 00 00 00 00 48 3b 0d 6d da 


Stack slot to memory mapping:

stack at sp + 0 slots: 0x00007ffad2b03a5b jvm.dll
stack at sp + 1 slots: 0x0000000000000001 is an unknown value
stack at sp + 2 slots: 0x0000000000000001 is an unknown value
stack at sp + 3 slots: 0x000000070cd57820 is an oop: [Ljava.lang.Object; 
{0x000000070cd57820} - klass: 'java/lang/Object'[]
 - length: 10
stack at sp + 4 slots: 0x0000019266ff9150 points into unknown readable memory: 0x0000000000000002 | 02 00 00 00 00 00 00 00
stack at sp + 5 slots: 
[error occurred during error reporting (inspecting top of stack), id 0xc0000005, EXCEPTION_ACCESS_VIOLATION (0xc0000005) at pc=0x00007ffad28e9996]
stack at sp + 6 slots: 0x00007ffad2b01de9 jvm.dll
stack at sp + 7 slots: 0x0000019261cb6a90 points into unknown readable memory: 0x0000000710600000 | 00 00 60 10 07 00 00 00


---------------  P R O C E S S  ---------------

Threads class SMR info:
_java_thread_list=0x0000019269088550, length=13, elements={
0x0000019245aceaf0, 0x000001926607ee80, 0x000001926607f9e0, 0x00000192660887d0,
0x0000019266068e70, 0x00000192660698d0, 0x000001926605d470, 0x000001926605fe20,
0x00000192660a0120, 0x000001926624ea10, 0x000001926624de20, 0x00000192660a07f0,
0x000001926609d170
}

Java Threads: ( => current thread )
  0x0000019245aceaf0 JavaThread "main"                              [_thread_blocked, id=13764, stack(0x00000016f4e00000,0x00000016f4f00000) (1024K)]
  0x000001926607ee80 JavaThread "Reference Handler"          daemon [_thread_blocked, id=2088, stack(0x00000016f5600000,0x00000016f5700000) (1024K)]
  0x000001926607f9e0 JavaThread "Finalizer"                  daemon [_thread_blocked, id=4400, stack(0x00000016f5700000,0x00000016f5800000) (1024K)]
  0x00000192660887d0 JavaThread "Signal Dispatcher"          daemon [_thread_blocked, id=7312, stack(0x00000016f5800000,0x00000016f5900000) (1024K)]
  0x0000019266068e70 JavaThread "Attach Listener"            daemon [_thread_blocked, id=13212, stack(0x00000016f5900000,0x00000016f5a00000) (1024K)]
  0x00000192660698d0 JavaThread "Service Thread"             daemon [_thread_blocked, id=1772, stack(0x00000016f5a00000,0x00000016f5b00000) (1024K)]
  0x000001926605d470 JavaThread "Monitor Deflation Thread"   daemon [_thread_blocked, id=7904, stack(0x00000016f5b00000,0x00000016f5c00000) (1024K)]
  0x000001926605fe20 JavaThread "C2 CompilerThread0"         daemon [_thread_blocked, id=14288, stack(0x00000016f5c00000,0x00000016f5d00000) (1024K)]
  0x00000192660a0120 JavaThread "C1 CompilerThread0"         daemon [_thread_blocked, id=4952, stack(0x00000016f5d00000,0x00000016f5e00000) (1024K)]
  0x000001926624ea10 JavaThread "Notification Thread"        daemon [_thread_blocked, id=312, stack(0x00000016f5e00000,0x00000016f5f00000) (1024K)]
  0x000001926624de20 JavaThread "Common-Cleaner"             daemon [_thread_blocked, id=4596, stack(0x00000016f5f00000,0x00000016f6000000) (1024K)]
  0x00000192660a07f0 JavaThread "C2 CompilerThread1"         daemon [_thread_blocked, id=7088, stack(0x00000016f6000000,0x00000016f6100000) (1024K)]
  0x000001926609d170 JavaThread "C2 CompilerThread2"         daemon [_thread_blocked, id=7796, stack(0x00000016f6b00000,0x00000016f6c00000) (1024K)]
Total: 13

Other Threads:
  0x0000019261e63640 VMThread "VM Thread"                           [id=10792, stack(0x00000016f5500000,0x00000016f5600000) (1024K)]
  0x0000019261dfd630 WatcherThread "VM Periodic Task Thread"        [id=14664, stack(0x00000016f5400000,0x00000016f5500000) (1024K)]
  0x0000019247c80150 WorkerThread "GC Thread#0"                     [id=14116, stack(0x00000016f4f00000,0x00000016f5000000) (1024K)]
  0x0000019266ad49e0 WorkerThread "GC Thread#1"                     [id=6436, stack(0x00000016f6200000,0x00000016f6300000) (1024K)]
  0x0000019266ae32c0 WorkerThread "GC Thread#2"                     [id=4664, stack(0x00000016f6300000,0x00000016f6400000) (1024K)]
  0x0000019266ae3660 WorkerThread "GC Thread#3"                     [id=11952, stack(0x00000016f6400000,0x00000016f6500000) (1024K)]
  0x0000019266ae3a00 WorkerThread "GC Thread#4"                     [id=9200, stack(0x00000016f6500000,0x00000016f6600000) (1024K)]
  0x0000019266af2e10 WorkerThread "GC Thread#5"                     [id=14372, stack(0x00000016f6600000,0x00000016f6700000) (1024K)]
  0x0000019266af2a70 WorkerThread "GC Thread#6"                     [id=3012, stack(0x00000016f6100000,0x00000016f6200000) (1024K)]
  0x0000019266af1850 WorkerThread "GC Thread#7"                     [id=9156, stack(0x00000016f6700000,0x00000016f6800000) (1024K)]
=>0x0000019266af2330 WorkerThread "GC Thread#8"                     [id=2884, stack(0x00000016f6800000,0x00000016f6900000) (1024K)]
  0x00000192660bb990 WorkerThread "GC Thread#9"                     [id=13492, stack(0x00000016f6c00000,0x00000016f6d00000) (1024K)]
  0x0000019247c91fc0 ConcurrentGCThread "G1 Main Marker"            [id=12292, stack(0x00000016f5000000,0x00000016f5100000) (1024K)]
  0x0000019247c93260 WorkerThread "G1 Conc#0"                       [id=8564, stack(0x00000016f5100000,0x00000016f5200000) (1024K)]
  0x0000019266af1bf0 WorkerThread "G1 Conc#1"                       [id=6676, stack(0x00000016f6900000,0x00000016f6a00000) (1024K)]
  0x00000192660b9550 WorkerThread "G1 Conc#2"                       [id=11804, stack(0x00000016f6a00000,0x00000016f6b00000) (1024K)]
  0x0000019247cee4a0 ConcurrentGCThread "G1 Refine#0"               [id=5128, stack(0x00000016f5200000,0x00000016f5300000) (1024K)]
  0x0000019261cce2a0 ConcurrentGCThread "G1 Service"                [id=11404, stack(0x00000016f5300000,0x00000016f5400000) (1024K)]
Total: 18

Threads with active compile tasks:
C2 CompilerThread0     9449 12301       4       org.jetbrains.kotlin.fir.resolve.transformers.FirCallCompletionResultsWriterTransformer::createArgumentsMapping (768 bytes)
C2 CompilerThread1     9449 12238       4       org.jetbrains.kotlin.fir.resolve.ResolveUtilsKt::transformExpressionUsingSmartcastInfo (67 bytes)
C2 CompilerThread2     9449 12300       4       org.jetbrains.kotlin.fir.QualifiedNameResolutionKt::resolveRootPartOfQualifier (515 bytes)
Total: 3

VM state: at safepoint (normal execution)

VM Mutex/Monitor currently owned by a thread:  ([mutex/lock_event])
[0x00007ffad33520c8] Threads_lock - owner thread: 0x0000019261e63640
[0x00007ffad33521c8] Heap_lock - owner thread: 0x0000019245aceaf0

Heap address: 0x0000000702e00000, size: 4050 MB, Compressed Oops mode: Zero based, Oop shift amount: 3

CDS archive(s) not mapped
Compressed class space mapped at: 0x0000000800000000-0x0000000840000000, reserved size: 1073741824
Narrow klass base: 0x0000000800000000, Narrow klass shift: 0, Narrow klass range: 0x40000000

GC Precious Log:
 CardTable entry size: 512
 Card Set container configuration: InlinePtr #cards 4 size 8 Array Of Cards #cards 16 size 48 Howl #buckets 8 coarsen threshold 3686 Howl Bitmap #cards 512 size 80 coarsen threshold 460 Card regions per heap region 1 cards per card region 4096
 CPUs: 12 total, 12 available
 Memory: 16197M
 Large Page Support: Disabled
 NUMA Support: Disabled
 Compressed Oops: Enabled (Zero based)
 Heap Region Size: 2M
 Heap Min Capacity: 8M
 Heap Initial Capacity: 254M
 Heap Max Capacity: 4050M
 Pre-touch: Disabled
 Parallel Workers: 10
 Concurrent Workers: 3
 Concurrent Refinement Workers: 10
 Periodic GC: Disabled

Heap:
 garbage-first heap   total 270336K, used 243278K [0x0000000702e00000, 0x0000000800000000)
  region size 2048K, 48 young (98304K), 6 survivors (12288K)
 Metaspace       used 62914K, committed 63232K, reserved 1114112K
  class space    used 6835K, committed 6976K, reserved 1048576K

Heap Regions: E=young(eden), S=young(survivor), O=old, HS=humongous(starts), HC=humongous(continues), CS=collection set, F=free, TAMS=top-at-mark-start, PB=parsable bottom
|   0|0x0000000702e00000, 0x0000000703000000, 0x0000000703000000|100%|HS|  |TAMS 0x0000000702e00000| PB 0x0000000702e00000| Complete 
|   1|0x0000000703000000, 0x0000000703200000, 0x0000000703200000|100%|HC|  |TAMS 0x0000000703000000| PB 0x0000000703000000| Complete 
|   2|0x0000000703200000, 0x0000000703400000, 0x0000000703400000|100%| O|  |TAMS 0x0000000703200000| PB 0x0000000703200000| Untracked 
|   3|0x0000000703400000, 0x0000000703600000, 0x0000000703600000|100%| O|  |TAMS 0x0000000703400000| PB 0x0000000703400000| Untracked 
|   4|0x0000000703600000, 0x0000000703800000, 0x0000000703800000|100%| O|  |TAMS 0x0000000703600000| PB 0x0000000703600000| Untracked 
|   5|0x0000000703800000, 0x0000000703a00000, 0x0000000703a00000|100%| O|  |TAMS 0x0000000703800000| PB 0x0000000703800000| Untracked 
|   6|0x0000000703a00000, 0x0000000703c00000, 0x0000000703c00000|100%| O|  |TAMS 0x0000000703a00000| PB 0x0000000703a00000| Untracked 
|   7|0x0000000703c00000, 0x0000000703e00000, 0x0000000703e00000|100%| O|  |TAMS 0x0000000703c00000| PB 0x0000000703c00000| Untracked 
|   8|0x0000000703e00000, 0x0000000704000000, 0x0000000704000000|100%| O|  |TAMS 0x0000000703e00000| PB 0x0000000703e00000| Untracked 
|   9|0x0000000704000000, 0x0000000704200000, 0x0000000704200000|100%| O|  |TAMS 0x0000000704000000| PB 0x0000000704000000| Untracked 
|  10|0x0000000704200000, 0x0000000704400000, 0x0000000704400000|100%| O|  |TAMS 0x0000000704200000| PB 0x0000000704200000| Untracked 
|  11|0x0000000704400000, 0x0000000704600000, 0x0000000704600000|100%| O|  |TAMS 0x0000000704400000| PB 0x0000000704400000| Untracked 
|  12|0x0000000704600000, 0x0000000704800000, 0x0000000704800000|100%| O|  |TAMS 0x0000000704600000| PB 0x0000000704600000| Untracked 
|  13|0x0000000704800000, 0x0000000704a00000, 0x0000000704a00000|100%| O|  |TAMS 0x0000000704800000| PB 0x0000000704800000| Untracked 
|  14|0x0000000704a00000, 0x0000000704c00000, 0x0000000704c00000|100%| O|  |TAMS 0x0000000704a00000| PB 0x0000000704a00000| Untracked 
|  15|0x0000000704c00000, 0x0000000704e00000, 0x0000000704e00000|100%| O|  |TAMS 0x0000000704c00000| PB 0x0000000704c00000| Untracked 
|  16|0x0000000704e00000, 0x0000000705000000, 0x0000000705000000|100%| O|  |TAMS 0x0000000704e00000| PB 0x0000000704e00000| Untracked 
|  17|0x0000000705000000, 0x0000000705200000, 0x0000000705200000|100%| O|  |TAMS 0x0000000705000000| PB 0x0000000705000000| Untracked 
|  18|0x0000000705200000, 0x0000000705400000, 0x0000000705400000|100%| O|  |TAMS 0x0000000705200000| PB 0x0000000705200000| Untracked 
|  19|0x0000000705400000, 0x0000000705600000, 0x0000000705600000|100%| O|  |TAMS 0x0000000705400000| PB 0x0000000705400000| Untracked 
|  20|0x0000000705600000, 0x0000000705800000, 0x0000000705800000|100%| O|  |TAMS 0x0000000705600000| PB 0x0000000705600000| Untracked 
|  21|0x0000000705800000, 0x0000000705a00000, 0x0000000705a00000|100%| O|  |TAMS 0x0000000705800000| PB 0x0000000705800000| Untracked 
|  22|0x0000000705a00000, 0x0000000705c00000, 0x0000000705c00000|100%| O|  |TAMS 0x0000000705a00000| PB 0x0000000705a00000| Untracked 
|  23|0x0000000705c00000, 0x0000000705e00000, 0x0000000705e00000|100%| O|  |TAMS 0x0000000705c00000| PB 0x0000000705c00000| Untracked 
|  24|0x0000000705e00000, 0x0000000706000000, 0x0000000706000000|100%| O|  |TAMS 0x0000000705e00000| PB 0x0000000705e00000| Untracked 
|  25|0x0000000706000000, 0x0000000706200000, 0x0000000706200000|100%| O|  |TAMS 0x0000000706000000| PB 0x0000000706000000| Untracked 
|  26|0x0000000706200000, 0x0000000706400000, 0x0000000706400000|100%| O|  |TAMS 0x0000000706200000| PB 0x0000000706200000| Untracked 
|  27|0x0000000706400000, 0x0000000706600000, 0x0000000706600000|100%| O|  |TAMS 0x0000000706400000| PB 0x0000000706400000| Untracked 
|  28|0x0000000706600000, 0x0000000706800000, 0x0000000706800000|100%| O|  |TAMS 0x0000000706600000| PB 0x0000000706600000| Untracked 
|  29|0x0000000706800000, 0x0000000706a00000, 0x0000000706a00000|100%| O|  |TAMS 0x0000000706800000| PB 0x0000000706800000| Untracked 
|  30|0x0000000706a00000, 0x0000000706c00000, 0x0000000706c00000|100%| O|  |TAMS 0x0000000706a00000| PB 0x0000000706a00000| Untracked 
|  31|0x0000000706c00000, 0x0000000706e00000, 0x0000000706e00000|100%| O|  |TAMS 0x0000000706c00000| PB 0x0000000706c00000| Untracked 
|  32|0x0000000706e00000, 0x0000000707000000, 0x0000000707000000|100%| O|  |TAMS 0x0000000706e00000| PB 0x0000000706e00000| Untracked 
|  33|0x0000000707000000, 0x0000000707200000, 0x0000000707200000|100%| O|  |TAMS 0x0000000707000000| PB 0x0000000707000000| Untracked 
|  34|0x0000000707200000, 0x0000000707400000, 0x0000000707400000|100%| O|  |TAMS 0x0000000707200000| PB 0x0000000707200000| Untracked 
|  35|0x0000000707400000, 0x0000000707600000, 0x0000000707600000|100%| O|  |TAMS 0x0000000707400000| PB 0x0000000707400000| Untracked 
|  36|0x0000000707600000, 0x0000000707800000, 0x0000000707800000|100%| O|  |TAMS 0x0000000707600000| PB 0x0000000707600000| Untracked 
|  37|0x0000000707800000, 0x0000000707a00000, 0x0000000707a00000|100%| O|  |TAMS 0x0000000707800000| PB 0x0000000707800000| Untracked 
|  38|0x0000000707a00000, 0x0000000707c00000, 0x0000000707c00000|100%| O|  |TAMS 0x0000000707a00000| PB 0x0000000707a00000| Untracked 
|  39|0x0000000707c00000, 0x0000000707e00000, 0x0000000707e00000|100%| O|  |TAMS 0x0000000707c00000| PB 0x0000000707c00000| Untracked 
|  40|0x0000000707e00000, 0x0000000708000000, 0x0000000708000000|100%| O|  |TAMS 0x0000000707e00000| PB 0x0000000707e00000| Untracked 
|  41|0x0000000708000000, 0x0000000708200000, 0x0000000708200000|100%| O|  |TAMS 0x0000000708000000| PB 0x0000000708000000| Untracked 
|  42|0x0000000708200000, 0x0000000708400000, 0x0000000708400000|100%| O|  |TAMS 0x0000000708200000| PB 0x0000000708200000| Untracked 
|  43|0x0000000708400000, 0x0000000708600000, 0x0000000708600000|100%| O|  |TAMS 0x0000000708400000| PB 0x0000000708400000| Untracked 
|  44|0x0000000708600000, 0x0000000708800000, 0x0000000708800000|100%| O|  |TAMS 0x0000000708600000| PB 0x0000000708600000| Untracked 
|  45|0x0000000708800000, 0x0000000708a00000, 0x0000000708a00000|100%| O|  |TAMS 0x0000000708800000| PB 0x0000000708800000| Untracked 
|  46|0x0000000708a00000, 0x0000000708c00000, 0x0000000708c00000|100%| O|  |TAMS 0x0000000708a00000| PB 0x0000000708a00000| Untracked 
|  47|0x0000000708c00000, 0x0000000708e00000, 0x0000000708e00000|100%| O|  |TAMS 0x0000000708c00000| PB 0x0000000708c00000| Untracked 
|  48|0x0000000708e00000, 0x0000000709000000, 0x0000000709000000|100%| O|  |TAMS 0x0000000708e00000| PB 0x0000000708e00000| Untracked 
|  49|0x0000000709000000, 0x0000000709200000, 0x0000000709200000|100%| O|  |TAMS 0x0000000709000000| PB 0x0000000709000000| Untracked 
|  50|0x0000000709200000, 0x0000000709400000, 0x0000000709400000|100%| O|  |TAMS 0x0000000709200000| PB 0x0000000709200000| Untracked 
|  51|0x0000000709400000, 0x0000000709600000, 0x0000000709600000|100%| O|  |TAMS 0x0000000709400000| PB 0x0000000709400000| Untracked 
|  52|0x0000000709600000, 0x0000000709800000, 0x0000000709800000|100%| O|  |TAMS 0x0000000709600000| PB 0x0000000709600000| Untracked 
|  53|0x0000000709800000, 0x0000000709a00000, 0x0000000709a00000|100%| O|  |TAMS 0x0000000709800000| PB 0x0000000709800000| Untracked 
|  54|0x0000000709a00000, 0x0000000709c00000, 0x0000000709c00000|100%| O|  |TAMS 0x0000000709a00000| PB 0x0000000709a00000| Untracked 
|  55|0x0000000709c00000, 0x0000000709e00000, 0x0000000709e00000|100%| O|CS|TAMS 0x0000000709c00000| PB 0x0000000709c00000| Complete 
|  56|0x0000000709e00000, 0x000000070a000000, 0x000000070a000000|100%| O|  |TAMS 0x0000000709e00000| PB 0x0000000709e00000| Untracked 
|  57|0x000000070a000000, 0x000000070a200000, 0x000000070a200000|100%| O|  |TAMS 0x000000070a000000| PB 0x000000070a000000| Untracked 
|  58|0x000000070a200000, 0x000000070a400000, 0x000000070a400000|100%| O|  |TAMS 0x000000070a200000| PB 0x000000070a200000| Untracked 
|  59|0x000000070a400000, 0x000000070a600000, 0x000000070a600000|100%| O|  |TAMS 0x000000070a400000| PB 0x000000070a400000| Untracked 
|  60|0x000000070a600000, 0x000000070a800000, 0x000000070a800000|100%| O|  |TAMS 0x000000070a600000| PB 0x000000070a600000| Untracked 
|  61|0x000000070a800000, 0x000000070aa00000, 0x000000070aa00000|100%| O|CS|TAMS 0x000000070a800000| PB 0x000000070a800000| Complete 
|  62|0x000000070aa00000, 0x000000070ac00000, 0x000000070ac00000|100%| O|  |TAMS 0x000000070aa00000| PB 0x000000070aa00000| Untracked 
|  63|0x000000070ac00000, 0x000000070ae00000, 0x000000070ae00000|100%| O|  |TAMS 0x000000070ac00000| PB 0x000000070ac00000| Untracked 
|  64|0x000000070ae00000, 0x000000070b000000, 0x000000070b000000|100%| O|  |TAMS 0x000000070ae00000| PB 0x000000070ae00000| Untracked 
|  65|0x000000070b000000, 0x000000070b200000, 0x000000070b200000|100%| O|  |TAMS 0x000000070b000000| PB 0x000000070b000000| Untracked 
|  66|0x000000070b200000, 0x000000070b400000, 0x000000070b400000|100%| O|  |TAMS 0x000000070b200000| PB 0x000000070b200000| Untracked 
|  67|0x000000070b400000, 0x000000070b600000, 0x000000070b600000|100%| O|  |TAMS 0x000000070b400000| PB 0x000000070b400000| Untracked 
|  68|0x000000070b600000, 0x000000070b800000, 0x000000070b800000|100%| O|  |TAMS 0x000000070b600000| PB 0x000000070b600000| Untracked 
|  69|0x000000070b800000, 0x000000070ba00000, 0x000000070ba00000|100%| O|  |TAMS 0x000000070b800000| PB 0x000000070b800000| Untracked 
|  70|0x000000070ba00000, 0x000000070bc00000, 0x000000070bc00000|100%| O|  |TAMS 0x000000070ba00000| PB 0x000000070ba00000| Untracked 
|  71|0x000000070bc00000, 0x000000070be00000, 0x000000070be00000|100%| O|  |TAMS 0x000000070bc00000| PB 0x000000070bc00000| Untracked 
|  72|0x000000070be00000, 0x000000070c000000, 0x000000070c000000|100%| O|  |TAMS 0x000000070be00000| PB 0x000000070be00000| Untracked 
|  73|0x000000070c000000, 0x000000070c200000, 0x000000070c200000|100%| O|  |TAMS 0x000000070c000000| PB 0x000000070c000000| Untracked 
|  74|0x000000070c200000, 0x000000070c400000, 0x000000070c400000|100%| O|  |TAMS 0x000000070c200000| PB 0x000000070c200000| Untracked 
|  75|0x000000070c400000, 0x000000070c600000, 0x000000070c600000|100%| O|  |TAMS 0x000000070c400000| PB 0x000000070c400000| Untracked 
|  76|0x000000070c600000, 0x000000070c793dc8, 0x000000070c800000| 78%| O|  |TAMS 0x000000070c600000| PB 0x000000070c600000| Untracked 
|  77|0x000000070c800000, 0x000000070c800000, 0x000000070ca00000|  0%| F|  |TAMS 0x000000070c800000| PB 0x000000070c800000| Untracked 
|  78|0x000000070ca00000, 0x000000070ca00000, 0x000000070cc00000|  0%| F|  |TAMS 0x000000070ca00000| PB 0x000000070ca00000| Untracked 
|  79|0x000000070cc00000, 0x000000070ce00000, 0x000000070ce00000|100%| S|  |TAMS 0x000000070cc00000| PB 0x000000070cc00000| Complete 
|  80|0x000000070ce00000, 0x000000070d000000, 0x000000070d000000|100%| S|  |TAMS 0x000000070ce00000| PB 0x000000070ce00000| Complete 
|  81|0x000000070d000000, 0x000000070d200000, 0x000000070d200000|100%| S|  |TAMS 0x000000070d000000| PB 0x000000070d000000| Complete 
|  82|0x000000070d200000, 0x000000070d400000, 0x000000070d400000|100%| S|  |TAMS 0x000000070d200000| PB 0x000000070d200000| Complete 
|  83|0x000000070d400000, 0x000000070d600000, 0x000000070d600000|100%| S|  |TAMS 0x000000070d400000| PB 0x000000070d400000| Complete 
|  84|0x000000070d600000, 0x000000070d800000, 0x000000070d800000|100%| S|  |TAMS 0x000000070d600000| PB 0x000000070d600000| Complete 
|  85|0x000000070d800000, 0x000000070da00000, 0x000000070da00000|100%| E|CS|TAMS 0x000000070d800000| PB 0x000000070d800000| Complete 
|  86|0x000000070da00000, 0x000000070dc00000, 0x000000070dc00000|100%| E|CS|TAMS 0x000000070da00000| PB 0x000000070da00000| Complete 
|  87|0x000000070dc00000, 0x000000070ddcf0c0, 0x000000070de00000| 90%| E|CS|TAMS 0x000000070dc00000| PB 0x000000070dc00000| Complete 
|  88|0x000000070de00000, 0x000000070e000000, 0x000000070e000000|100%| E|CS|TAMS 0x000000070de00000| PB 0x000000070de00000| Complete 
|  89|0x000000070e000000, 0x000000070e200000, 0x000000070e200000|100%| E|CS|TAMS 0x000000070e000000| PB 0x000000070e000000| Complete 
|  90|0x000000070e200000, 0x000000070e400000, 0x000000070e400000|100%| E|CS|TAMS 0x000000070e200000| PB 0x000000070e200000| Complete 
|  91|0x000000070e400000, 0x000000070e600000, 0x000000070e600000|100%| E|CS|TAMS 0x000000070e400000| PB 0x000000070e400000| Complete 
|  92|0x000000070e600000, 0x000000070e800000, 0x000000070e800000|100%| E|CS|TAMS 0x000000070e600000| PB 0x000000070e600000| Complete 
|  93|0x000000070e800000, 0x000000070ea00000, 0x000000070ea00000|100%| E|CS|TAMS 0x000000070e800000| PB 0x000000070e800000| Complete 
|  94|0x000000070ea00000, 0x000000070ec00000, 0x000000070ec00000|100%| E|CS|TAMS 0x000000070ea00000| PB 0x000000070ea00000| Complete 
|  95|0x000000070ec00000, 0x000000070ee00000, 0x000000070ee00000|100%| E|CS|TAMS 0x000000070ec00000| PB 0x000000070ec00000| Complete 
|  96|0x000000070ee00000, 0x000000070f000000, 0x000000070f000000|100%| E|CS|TAMS 0x000000070ee00000| PB 0x000000070ee00000| Complete 
|  97|0x000000070f000000, 0x000000070f200000, 0x000000070f200000|100%| E|CS|TAMS 0x000000070f000000| PB 0x000000070f000000| Complete 
|  98|0x000000070f200000, 0x000000070f400000, 0x000000070f400000|100%| E|CS|TAMS 0x000000070f200000| PB 0x000000070f200000| Complete 
|  99|0x000000070f400000, 0x000000070f600000, 0x000000070f600000|100%| E|CS|TAMS 0x000000070f400000| PB 0x000000070f400000| Complete 
| 100|0x000000070f600000, 0x000000070f800000, 0x000000070f800000|100%| E|CS|TAMS 0x000000070f600000| PB 0x000000070f600000| Complete 
| 101|0x000000070f800000, 0x000000070fa00000, 0x000000070fa00000|100%| E|CS|TAMS 0x000000070f800000| PB 0x000000070f800000| Complete 
| 102|0x000000070fa00000, 0x000000070fc00000, 0x000000070fc00000|100%| E|CS|TAMS 0x000000070fa00000| PB 0x000000070fa00000| Complete 
| 103|0x000000070fc00000, 0x000000070fe00000, 0x000000070fe00000|100%| E|CS|TAMS 0x000000070fc00000| PB 0x000000070fc00000| Complete 
| 104|0x000000070fe00000, 0x0000000710000000, 0x0000000710000000|100%| E|CS|TAMS 0x000000070fe00000| PB 0x000000070fe00000| Complete 
| 105|0x0000000710000000, 0x0000000710200000, 0x0000000710200000|100%| E|CS|TAMS 0x0000000710000000| PB 0x0000000710000000| Complete 
| 106|0x0000000710200000, 0x0000000710400000, 0x0000000710400000|100%| E|CS|TAMS 0x0000000710200000| PB 0x0000000710200000| Complete 
| 107|0x0000000710400000, 0x0000000710600000, 0x0000000710600000|100%| E|CS|TAMS 0x0000000710400000| PB 0x0000000710400000| Complete 
| 108|0x0000000710600000, 0x0000000710800000, 0x0000000710800000|100%| E|CS|TAMS 0x0000000710600000| PB 0x0000000710600000| Complete 
| 109|0x0000000710800000, 0x0000000710a00000, 0x0000000710a00000|100%| E|CS|TAMS 0x0000000710800000| PB 0x0000000710800000| Complete 
| 110|0x0000000710a00000, 0x0000000710c00000, 0x0000000710c00000|100%| E|CS|TAMS 0x0000000710a00000| PB 0x0000000710a00000| Complete 
| 111|0x0000000710c00000, 0x0000000710e00000, 0x0000000710e00000|100%| E|CS|TAMS 0x0000000710c00000| PB 0x0000000710c00000| Complete 
| 112|0x0000000710e00000, 0x0000000711000000, 0x0000000711000000|100%| E|CS|TAMS 0x0000000710e00000| PB 0x0000000710e00000| Complete 
| 113|0x0000000711000000, 0x0000000711200000, 0x0000000711200000|100%| E|CS|TAMS 0x0000000711000000| PB 0x0000000711000000| Complete 
| 114|0x0000000711200000, 0x0000000711400000, 0x0000000711400000|100%| E|CS|TAMS 0x0000000711200000| PB 0x0000000711200000| Complete 
| 115|0x0000000711400000, 0x0000000711600000, 0x0000000711600000|100%| E|CS|TAMS 0x0000000711400000| PB 0x0000000711400000| Complete 
| 116|0x0000000711600000, 0x0000000711800000, 0x0000000711800000|100%| E|CS|TAMS 0x0000000711600000| PB 0x0000000711600000| Complete 
| 117|0x0000000711800000, 0x0000000711a00000, 0x0000000711a00000|100%| E|CS|TAMS 0x0000000711800000| PB 0x0000000711800000| Complete 
| 118|0x0000000711a00000, 0x0000000711c00000, 0x0000000711c00000|100%| E|CS|TAMS 0x0000000711a00000| PB 0x0000000711a00000| Complete 
| 119|0x0000000711c00000, 0x0000000711e00000, 0x0000000711e00000|100%| E|CS|TAMS 0x0000000711c00000| PB 0x0000000711c00000| Complete 
| 120|0x0000000711e00000, 0x0000000712000000, 0x0000000712000000|100%| E|CS|TAMS 0x0000000711e00000| PB 0x0000000711e00000| Complete 
| 121|0x0000000712000000, 0x0000000712200000, 0x0000000712200000|100%| E|CS|TAMS 0x0000000712000000| PB 0x0000000712000000| Complete 
| 122|0x0000000712200000, 0x0000000712400000, 0x0000000712400000|100%| E|CS|TAMS 0x0000000712200000| PB 0x0000000712200000| Complete 
| 123|0x0000000712400000, 0x0000000712600000, 0x0000000712600000|100%| E|CS|TAMS 0x0000000712400000| PB 0x0000000712400000| Complete 
| 124|0x0000000712600000, 0x0000000712800000, 0x0000000712800000|100%| E|CS|TAMS 0x0000000712600000| PB 0x0000000712600000| Complete 
| 125|0x0000000712800000, 0x0000000712a00000, 0x0000000712a00000|100%| E|CS|TAMS 0x0000000712800000| PB 0x0000000712800000| Complete 
| 126|0x0000000712a00000, 0x0000000712c00000, 0x0000000712c00000|100%| E|CS|TAMS 0x0000000712a00000| PB 0x0000000712a00000| Complete 
| 127|0x0000000712c00000, 0x0000000712e00000, 0x0000000712e00000|100%| E|CS|TAMS 0x0000000712c00000| PB 0x0000000712c00000| Complete 
| 128|0x0000000712e00000, 0x0000000713000000, 0x0000000713000000|100%| E|CS|TAMS 0x0000000712e00000| PB 0x0000000712e00000| Complete 
| 129|0x0000000713000000, 0x0000000713200000, 0x0000000713200000|100%| E|CS|TAMS 0x0000000713000000| PB 0x0000000713000000| Complete 
| 130|0x0000000713200000, 0x0000000713400000, 0x0000000713400000|100%| E|CS|TAMS 0x0000000713200000| PB 0x0000000713200000| Complete 
| 131|0x0000000713400000, 0x0000000713600000, 0x0000000713600000|100%| E|CS|TAMS 0x0000000713400000| PB 0x0000000713400000| Complete 

Card table byte_map: [0x000001925aab0000,0x000001925b2a0000] _byte_map_base: 0x0000019257299000

Marking Bits: (CMBitMap*) 0x0000019247c80850
 Bits: [0x000001925b2a0000, 0x000001925f1e8000)

Polling page: 0x0000019245ba0000

Metaspace:

Usage:
  Non-class:     54.76 MB used.
      Class:      6.67 MB used.
       Both:     61.44 MB used.

Virtual space:
  Non-class space:       64.00 MB reserved,      54.94 MB ( 86%) committed,  1 nodes.
      Class space:        1.00 GB reserved,       6.81 MB ( <1%) committed,  1 nodes.
             Both:        1.06 GB reserved,      61.75 MB (  6%) committed. 

Chunk freelists:
   Non-Class:  8.53 MB
       Class:  9.17 MB
        Both:  17.70 MB

MaxMetaspaceSize: unlimited
CompressedClassSpaceSize: 1.00 GB
Initial GC threshold: 21.00 MB
Current GC threshold: 99.94 MB
CDS: off
 - commit_granule_bytes: 65536.
 - commit_granule_words: 8192.
 - virtual_space_node_default_size: 8388608.
 - enlarge_chunks_in_place: 1.
 - use_allocation_guard: 0.


Internal statistics:

num_allocs_failed_limit: 3.
num_arena_births: 320.
num_arena_deaths: 0.
num_vsnodes_births: 2.
num_vsnodes_deaths: 0.
num_space_committed: 985.
num_space_uncommitted: 0.
num_chunks_returned_to_freelist: 3.
num_chunks_taken_from_freelist: 2230.
num_chunk_merges: 3.
num_chunk_splits: 1813.
num_chunks_enlarged: 1640.
num_inconsistent_stats: 0.

CodeHeap 'non-profiled nmethods': size=120000Kb used=9941Kb max_used=9941Kb free=110058Kb
 bounds [0x0000019252840000, 0x0000019253200000, 0x0000019259d70000]
CodeHeap 'profiled nmethods': size=120000Kb used=37634Kb max_used=37634Kb free=82365Kb
 bounds [0x000001924ad70000, 0x000001924d240000, 0x00000192522a0000]
CodeHeap 'non-nmethods': size=5760Kb used=1643Kb max_used=1727Kb free=4116Kb
 bounds [0x00000192522a0000, 0x0000019252510000, 0x0000019252840000]
 total_blobs=11187 nmethods=10501 adapters=588
 compilation: enabled
              stopped_count=0, restarted_count=0
 full_count=0

Compilation events (20 events):
Event: 9.401 Thread 0x00000192660a0120 12336       3       org.jetbrains.kotlin.diagnostics.AbstractKtDiagnosticWithParametersRenderer::<init> (25 bytes)
Event: 9.401 Thread 0x00000192660a0120 nmethod 12336 0x000001924d22a890 code [0x000001924d22aa40, 0x000001924d22ad18]
Event: 9.401 Thread 0x00000192660a0120 12338       3       kotlin.reflect.jvm.internal.pcollections.HashPMap::plus (81 bytes)
Event: 9.401 Thread 0x00000192660a0120 nmethod 12338 0x000001924d22ae10 code [0x000001924d22b0c0, 0x000001924d22be58]
Event: 9.403 Thread 0x000001926605fe20 nmethod 12302 0x00000192531eff90 code [0x00000192531f04a0, 0x00000192531f31f8]
Event: 9.403 Thread 0x000001926605fe20 12301       4       org.jetbrains.kotlin.fir.resolve.transformers.FirCallCompletionResultsWriterTransformer::createArgumentsMapping (768 bytes)
Event: 9.407 Thread 0x00000192660a0120 12339       3       java.text.MessageFormat::applyPattern (422 bytes)
Event: 9.408 Thread 0x00000192660a0120 nmethod 12339 0x000001924d22c390 code [0x000001924d22c840, 0x000001924d22f570]
Event: 9.410 Thread 0x00000192660a0120 12340       3       java.text.Format::<init> (5 bytes)
Event: 9.410 Thread 0x00000192660a0120 nmethod 12340 0x000001924d230490 code [0x000001924d230640, 0x000001924d2307a8]
Event: 9.410 Thread 0x00000192660a0120 12341       3       java.util.Locale::getDefault (63 bytes)
Event: 9.411 Thread 0x00000192660a0120 nmethod 12341 0x000001924d230890 code [0x000001924d230ac0, 0x000001924d2312c0]
Event: 9.411 Thread 0x00000192660a0120 12342       3       java.text.MessageFormat::<init> (56 bytes)
Event: 9.411 Thread 0x00000192660a0120 nmethod 12342 0x000001924d231510 code [0x000001924d231700, 0x000001924d231d30]
Event: 9.411 Thread 0x00000192660a0120 12343       3       org.jetbrains.kotlin.diagnostics.KtDiagnosticFactoryToRendererMap::put (53 bytes)
Event: 9.411 Thread 0x00000192660a0120 nmethod 12343 0x000001924d231e90 code [0x000001924d232100, 0x000001924d232a88]
Event: 9.411 Thread 0x00000192660a0120 12344       3       org.jetbrains.kotlin.utils.DummyDelegate::getValue (11 bytes)
Event: 9.411 Thread 0x00000192660a0120 nmethod 12344 0x000001924d232e10 code [0x000001924d233020, 0x000001924d2335c8]
Event: 9.414 Thread 0x00000192660a0120 12345       3       org.jetbrains.kotlin.diagnostics.KtDiagnosticWithParameters1Renderer::<init> (18 bytes)
Event: 9.414 Thread 0x00000192660a0120 nmethod 12345 0x000001924d233810 code [0x000001924d233a60, 0x000001924d234330]

GC Heap History (20 events):
Event: 4.278 GC heap after
{Heap after GC invocations=16 (full 0):
 garbage-first heap   total 206848K, used 102135K [0x0000000702e00000, 0x0000000800000000)
  region size 2048K, 5 young (10240K), 5 survivors (10240K)
 Metaspace       used 56464K, committed 56704K, reserved 1114112K
  class space    used 6417K, committed 6528K, reserved 1048576K
}
Event: 4.934 GC heap before
{Heap before GC invocations=16 (full 0):
 garbage-first heap   total 206848K, used 163575K [0x0000000702e00000, 0x0000000800000000)
  region size 2048K, 35 young (71680K), 5 survivors (10240K)
 Metaspace       used 58532K, committed 58880K, reserved 1114112K
  class space    used 6527K, committed 6656K, reserved 1048576K
}
Event: 4.946 GC heap after
{Heap after GC invocations=17 (full 0):
 garbage-first heap   total 206848K, used 112640K [0x0000000702e00000, 0x0000000800000000)
  region size 2048K, 5 young (10240K), 5 survivors (10240K)
 Metaspace       used 58532K, committed 58880K, reserved 1114112K
  class space    used 6527K, committed 6656K, reserved 1048576K
}
Event: 5.626 GC heap before
{Heap before GC invocations=17 (full 0):
 garbage-first heap   total 206848K, used 172032K [0x0000000702e00000, 0x0000000800000000)
  region size 2048K, 34 young (69632K), 5 survivors (10240K)
 Metaspace       used 59045K, committed 59328K, reserved 1114112K
  class space    used 6531K, committed 6656K, reserved 1048576K
}
Event: 5.638 GC heap after
{Heap after GC invocations=18 (full 0):
 garbage-first heap   total 206848K, used 124455K [0x0000000702e00000, 0x0000000800000000)
  region size 2048K, 5 young (10240K), 5 survivors (10240K)
 Metaspace       used 59045K, committed 59328K, reserved 1114112K
  class space    used 6531K, committed 6656K, reserved 1048576K
}
Event: 6.073 GC heap before
{Heap before GC invocations=19 (full 0):
 garbage-first heap   total 215040K, used 175655K [0x0000000702e00000, 0x0000000800000000)
  region size 2048K, 30 young (61440K), 5 survivors (10240K)
 Metaspace       used 59512K, committed 59840K, reserved 1114112K
  class space    used 6574K, committed 6720K, reserved 1048576K
}
Event: 6.078 GC heap after
{Heap after GC invocations=20 (full 0):
 garbage-first heap   total 215040K, used 128490K [0x0000000702e00000, 0x0000000800000000)
  region size 2048K, 2 young (4096K), 2 survivors (4096K)
 Metaspace       used 59512K, committed 59840K, reserved 1114112K
  class space    used 6574K, committed 6720K, reserved 1048576K
}
Event: 6.447 GC heap before
{Heap before GC invocations=20 (full 0):
 garbage-first heap   total 215040K, used 185834K [0x0000000702e00000, 0x0000000800000000)
  region size 2048K, 30 young (61440K), 2 survivors (4096K)
 Metaspace       used 59800K, committed 60096K, reserved 1114112K
  class space    used 6589K, committed 6720K, reserved 1048576K
}
Event: 6.453 GC heap after
{Heap after GC invocations=21 (full 0):
 garbage-first heap   total 215040K, used 131830K [0x0000000702e00000, 0x0000000800000000)
  region size 2048K, 4 young (8192K), 4 survivors (8192K)
 Metaspace       used 59800K, committed 60096K, reserved 1114112K
  class space    used 6589K, committed 6720K, reserved 1048576K
}
Event: 6.873 GC heap before
{Heap before GC invocations=21 (full 0):
 garbage-first heap   total 215040K, used 189174K [0x0000000702e00000, 0x0000000800000000)
  region size 2048K, 32 young (65536K), 4 survivors (8192K)
 Metaspace       used 60229K, committed 60544K, reserved 1114112K
  class space    used 6619K, committed 6720K, reserved 1048576K
}
Event: 6.878 GC heap after
{Heap after GC invocations=22 (full 0):
 garbage-first heap   total 258048K, used 136147K [0x0000000702e00000, 0x0000000800000000)
  region size 2048K, 2 young (4096K), 2 survivors (4096K)
 Metaspace       used 60229K, committed 60544K, reserved 1114112K
  class space    used 6619K, committed 6720K, reserved 1048576K
}
Event: 7.427 GC heap before
{Heap before GC invocations=23 (full 0):
 garbage-first heap   total 258048K, used 222163K [0x0000000702e00000, 0x0000000800000000)
  region size 2048K, 44 young (90112K), 2 survivors (4096K)
 Metaspace       used 60521K, committed 60864K, reserved 1114112K
  class space    used 6629K, committed 6784K, reserved 1048576K
}
Event: 7.432 GC heap after
{Heap after GC invocations=24 (full 0):
 garbage-first heap   total 258048K, used 140979K [0x0000000702e00000, 0x0000000800000000)
  region size 2048K, 5 young (10240K), 5 survivors (10240K)
 Metaspace       used 60521K, committed 60864K, reserved 1114112K
  class space    used 6629K, committed 6784K, reserved 1048576K
}
Event: 7.918 GC heap before
{Heap before GC invocations=24 (full 0):
 garbage-first heap   total 258048K, used 226995K [0x0000000702e00000, 0x0000000800000000)
  region size 2048K, 47 young (96256K), 5 survivors (10240K)
 Metaspace       used 60808K, committed 61120K, reserved 1114112K
  class space    used 6643K, committed 6784K, reserved 1048576K
}
Event: 7.926 GC heap after
{Heap after GC invocations=25 (full 0):
 garbage-first heap   total 258048K, used 146723K [0x0000000702e00000, 0x0000000800000000)
  region size 2048K, 6 young (12288K), 6 survivors (12288K)
 Metaspace       used 60808K, committed 61120K, reserved 1114112K
  class space    used 6643K, committed 6784K, reserved 1048576K
}
Event: 8.361 GC heap before
{Heap before GC invocations=25 (full 0):
 garbage-first heap   total 258048K, used 230691K [0x0000000702e00000, 0x0000000800000000)
  region size 2048K, 47 young (96256K), 6 survivors (12288K)
 Metaspace       used 61032K, committed 61312K, reserved 1114112K
  class space    used 6653K, committed 6784K, reserved 1048576K
}
Event: 8.369 GC heap after
{Heap after GC invocations=26 (full 0):
 garbage-first heap   total 258048K, used 152033K [0x0000000702e00000, 0x0000000800000000)
  region size 2048K, 3 young (6144K), 3 survivors (6144K)
 Metaspace       used 61032K, committed 61312K, reserved 1114112K
  class space    used 6653K, committed 6784K, reserved 1048576K
}
Event: 8.851 GC heap before
{Heap before GC invocations=27 (full 0):
 garbage-first heap   total 270336K, used 233953K [0x0000000702e00000, 0x0000000800000000)
  region size 2048K, 43 young (88064K), 3 survivors (6144K)
 Metaspace       used 61145K, committed 61440K, reserved 1114112K
  class space    used 6658K, committed 6784K, reserved 1048576K
}
Event: 8.856 GC heap after
{Heap after GC invocations=28 (full 0):
 garbage-first heap   total 270336K, used 157262K [0x0000000702e00000, 0x0000000800000000)
  region size 2048K, 5 young (10240K), 5 survivors (10240K)
 Metaspace       used 61145K, committed 61440K, reserved 1114112K
  class space    used 6658K, committed 6784K, reserved 1048576K
}
Event: 9.415 GC heap before
{Heap before GC invocations=28 (full 0):
 garbage-first heap   total 270336K, used 243278K [0x0000000702e00000, 0x0000000800000000)
  region size 2048K, 47 young (96256K), 5 survivors (10240K)
 Metaspace       used 62914K, committed 63232K, reserved 1114112K
  class space    used 6835K, committed 6976K, reserved 1048576K
}

Dll operation events (3 events):
Event: 0.003 Loaded shared library C:\Program Files\Android\Android Studio\jbr\bin\java.dll
Event: 0.007 Loaded shared library C:\Program Files\Android\Android Studio\jbr\bin\zip.dll
Event: 0.654 Loaded shared library C:\Program Files\Android\Android Studio\jbr\bin\verify.dll

Deoptimization events (20 events):
Event: 9.288 Thread 0x0000019245aceaf0 DEOPT PACKING pc=0x000001925299fc78 sp=0x00000016f4ef9ef0
Event: 9.288 Thread 0x0000019245aceaf0 DEOPT UNPACKING pc=0x00000192522f46a2 sp=0x00000016f4ef9ea0 mode 2
Event: 9.289 Thread 0x0000019245aceaf0 Uncommon trap: trap_request=0xffffff45 fr.pc=0x0000019252da0f54 relative=0x0000000000000c94
Event: 9.289 Thread 0x0000019245aceaf0 Uncommon trap: reason=unstable_if action=reinterpret pc=0x0000019252da0f54 method=org.jetbrains.kotlin.fir.CopyUtilsKt.computeTypeAttributes(Ljava/util/List;Lorg/jetbrains/kotlin/fir/FirSession;Ljava/util/List;ZZ)Lorg/jetbrains/kotlin/fir/types/ConeAttrib
Event: 9.289 Thread 0x0000019245aceaf0 DEOPT PACKING pc=0x0000019252da0f54 sp=0x00000016f4ef95d0
Event: 9.289 Thread 0x0000019245aceaf0 DEOPT UNPACKING pc=0x00000192522f46a2 sp=0x00000016f4ef9550 mode 2
Event: 9.297 Thread 0x0000019245aceaf0 DEOPT PACKING pc=0x000001924c65a0f4 sp=0x00000016f4ef8d50
Event: 9.297 Thread 0x0000019245aceaf0 DEOPT UNPACKING pc=0x00000192522f4e42 sp=0x00000016f4ef83a0 mode 0
Event: 9.316 Thread 0x0000019245aceaf0 Uncommon trap: trap_request=0xffffffde fr.pc=0x0000019252eeccc4 relative=0x0000000000001be4
Event: 9.316 Thread 0x0000019245aceaf0 Uncommon trap: reason=class_check action=maybe_recompile pc=0x0000019252eeccc4 method=org.jetbrains.kotlin.fir.resolve.calls.CheckDispatchReceiver.check(Lorg/jetbrains/kotlin/fir/resolve/calls/Candidate;Lorg/jetbrains/kotlin/fir/resolve/calls/CallInfo;Lor
Event: 9.316 Thread 0x0000019245aceaf0 DEOPT PACKING pc=0x0000019252eeccc4 sp=0x00000016f4ef7130
Event: 9.316 Thread 0x0000019245aceaf0 DEOPT UNPACKING pc=0x00000192522f46a2 sp=0x00000016f4ef70c8 mode 2
Event: 9.319 Thread 0x0000019245aceaf0 Uncommon trap: trap_request=0xffffffde fr.pc=0x0000019252eeccc4 relative=0x0000000000001be4
Event: 9.319 Thread 0x0000019245aceaf0 Uncommon trap: reason=class_check action=maybe_recompile pc=0x0000019252eeccc4 method=org.jetbrains.kotlin.fir.resolve.calls.CheckDispatchReceiver.check(Lorg/jetbrains/kotlin/fir/resolve/calls/Candidate;Lorg/jetbrains/kotlin/fir/resolve/calls/CallInfo;Lor
Event: 9.319 Thread 0x0000019245aceaf0 DEOPT PACKING pc=0x0000019252eeccc4 sp=0x00000016f4ef7130
Event: 9.319 Thread 0x0000019245aceaf0 DEOPT UNPACKING pc=0x00000192522f46a2 sp=0x00000016f4ef70c8 mode 2
Event: 9.412 Thread 0x0000019245aceaf0 Uncommon trap: trap_request=0xffffff45 fr.pc=0x00000192528a65b0 relative=0x0000000000000190
Event: 9.412 Thread 0x0000019245aceaf0 Uncommon trap: reason=unstable_if action=reinterpret pc=0x00000192528a65b0 method=java.lang.String.equals(Ljava/lang/Object;)Z @ 33 c2
Event: 9.412 Thread 0x0000019245aceaf0 DEOPT PACKING pc=0x00000192528a65b0 sp=0x00000016f4efbee0
Event: 9.412 Thread 0x0000019245aceaf0 DEOPT UNPACKING pc=0x00000192522f46a2 sp=0x00000016f4efbe70 mode 2

Classes loaded (20 events):
Event: 9.389 Loading class java/text/MessageFormat
Event: 9.389 Loading class java/text/Format
Event: 9.389 Loading class java/text/Format done
Event: 9.389 Loading class java/text/MessageFormat done
Event: 9.390 Loading class java/util/Locale$Category
Event: 9.390 Loading class java/util/Locale$Category done
Event: 9.390 Loading class sun/util/locale/BaseLocale$Key
Event: 9.390 Loading class sun/util/locale/BaseLocale$Key done
Event: 9.390 Loading class sun/util/locale/BaseLocale$Cache
Event: 9.390 Loading class sun/util/locale/LocaleObjectCache
Event: 9.390 Loading class sun/util/locale/LocaleObjectCache done
Event: 9.390 Loading class sun/util/locale/BaseLocale$Cache done
Event: 9.390 Loading class sun/util/locale/LocaleObjectCache$CacheEntry
Event: 9.390 Loading class sun/util/locale/LocaleObjectCache$CacheEntry done
Event: 9.390 Loading class java/util/Locale$Cache
Event: 9.390 Loading class java/util/Locale$Cache done
Event: 9.411 Loading class java/text/ChoiceFormat
Event: 9.411 Loading class java/text/NumberFormat
Event: 9.412 Loading class java/text/NumberFormat done
Event: 9.412 Loading class java/text/ChoiceFormat done

Classes unloaded (0 events):
No events

Classes redefined (0 events):
No events

Internal exceptions (20 events):
Event: 3.921 Thread 0x0000019245aceaf0 Exception <a 'java/lang/NoSuchMethodError'{0x000000070d8d9248}: 'java.lang.Object java.lang.invoke.DirectMethodHandle$Holder.newInvokeSpecial(java.lang.Object, java.lang.Object, java.lang.Object, java.lang.Object, int, java.lang.Object, java.lang.Object)'> (0x000000070d8d9248) 
thrown [s\src\hotspot\share\interpreter\linkResolver.cpp, line 784]
Event: 3.970 Thread 0x0000019245aceaf0 Exception <a 'java/lang/NoSuchMethodError'{0x000000070d30ec68}: 'java.lang.Object java.lang.invoke.DirectMethodHandle$Holder.invokeStatic(java.lang.Object, int, java.lang.Object, java.lang.Object)'> (0x000000070d30ec68) 
thrown [s\src\hotspot\share\interpreter\linkResolver.cpp, line 784]
Event: 3.970 Thread 0x0000019245aceaf0 Exception <a 'java/lang/NoSuchMethodError'{0x000000070d315de8}: 'java.lang.Object java.lang.invoke.DirectMethodHandle$Holder.newInvokeSpecial(java.lang.Object, int, java.lang.Object)'> (0x000000070d315de8) 
thrown [s\src\hotspot\share\interpreter\linkResolver.cpp, line 784]
Event: 4.042 Thread 0x0000019245aceaf0 Exception <a 'java/lang/NoSuchMethodError'{0x000000070cfb4dc8}: 'java.lang.Object java.lang.invoke.DirectMethodHandle$Holder.invokeStatic(java.lang.Object, java.lang.Object, java.lang.Object, int, java.lang.Object, java.lang.Object)'> (0x000000070cfb4dc8) 
thrown [s\src\hotspot\share\interpreter\linkResolver.cpp, line 784]
Event: 4.042 Thread 0x0000019245aceaf0 Exception <a 'java/lang/NoSuchMethodError'{0x000000070cfbd228}: 'java.lang.Object java.lang.invoke.DirectMethodHandle$Holder.newInvokeSpecial(java.lang.Object, java.lang.Object, java.lang.Object, int)'> (0x000000070cfbd228) 
thrown [s\src\hotspot\share\interpreter\linkResolver.cpp, line 784]
Event: 4.042 Thread 0x0000019245aceaf0 Exception <a 'java/lang/NoSuchMethodError'{0x000000070cfc1ac8}: 'java.lang.Object java.lang.invoke.DirectMethodHandle$Holder.invokeSpecial(java.lang.Object, java.lang.Object, java.lang.Object, java.lang.Object, int)'> (0x000000070cfc1ac8) 
thrown [s\src\hotspot\share\interpreter\linkResolver.cpp, line 784]
Event: 4.042 Thread 0x0000019245aceaf0 Exception <a 'java/lang/NoSuchMethodError'{0x000000070cfc5cc0}: 'java.lang.Object java.lang.invoke.Invokers$Holder.linkToTargetMethod(java.lang.Object, java.lang.Object, int, java.lang.Object)'> (0x000000070cfc5cc0) 
thrown [s\src\hotspot\share\interpreter\linkResolver.cpp, line 784]
Event: 4.078 Thread 0x0000019245aceaf0 Exception <a 'java/lang/NoSuchMethodError'{0x000000070ca935b8}: 'java.lang.Object java.lang.invoke.DirectMethodHandle$Holder.newInvokeSpecial(java.lang.Object, int, java.lang.Object, java.lang.Object, java.lang.Object)'> (0x000000070ca935b8) 
thrown [s\src\hotspot\share\interpreter\linkResolver.cpp, line 784]
Event: 4.078 Thread 0x0000019245aceaf0 Exception <a 'java/lang/NoSuchMethodError'{0x000000070ca9b188}: 'java.lang.Object java.lang.invoke.Invokers$Holder.linkToTargetMethod(int, java.lang.Object, java.lang.Object, java.lang.Object, java.lang.Object)'> (0x000000070ca9b188) 
thrown [s\src\hotspot\share\interpreter\linkResolver.cpp, line 784]
Event: 4.235 Thread 0x0000019245aceaf0 Exception <a 'java/lang/NoSuchMethodError'{0x000000070b892018}: 'java.lang.Object java.lang.invoke.DirectMethodHandle$Holder.newInvokeSpecial(java.lang.Object, java.lang.Object, java.lang.Object, int, int)'> (0x000000070b892018) 
thrown [s\src\hotspot\share\interpreter\linkResolver.cpp, line 784]
Event: 4.385 Thread 0x0000019245aceaf0 Exception <a 'java/lang/NoSuchMethodError'{0x000000070eaad2d0}: 'java.lang.Object java.lang.invoke.DirectMethodHandle$Holder.newInvokeSpecial(java.lang.Object, java.lang.Object, java.lang.Object, java.lang.Object, int, int)'> (0x000000070eaad2d0) 
thrown [s\src\hotspot\share\interpreter\linkResolver.cpp, line 784]
Event: 4.386 Thread 0x0000019245aceaf0 Exception <a 'java/lang/NoSuchMethodError'{0x000000070eab5060}: 'java.lang.Object java.lang.invoke.Invokers$Holder.linkToTargetMethod(java.lang.Object, java.lang.Object, java.lang.Object, int, int, java.lang.Object)'> (0x000000070eab5060) 
thrown [s\src\hotspot\share\interpreter\linkResolver.cpp, line 784]
Event: 4.655 Thread 0x0000019245aceaf0 Exception <a 'java/lang/NoSuchMethodError'{0x000000070d7506c8}: 'java.lang.Object java.lang.invoke.DirectMethodHandle$Holder.newInvokeSpecial(java.lang.Object, java.lang.Object, java.lang.Object, java.lang.Object, java.lang.Object, java.lang.Object, java.lang.Object, java.lang.Object, java.lang.Object)'> (0x000000070d7506c8) 
thrown [s\src\hotspot\share\interpreter\linkResolver.cpp, line 784]
Event: 4.698 Thread 0x0000019245aceaf0 Exception <a 'java/lang/NoSuchMethodError'{0x000000070d303b88}: 'java.lang.Object java.lang.invoke.DirectMethodHandle$Holder.newInvokeSpecial(java.lang.Object, java.lang.Object, java.lang.Object, java.lang.Object, java.lang.Object, int)'> (0x000000070d303b88) 
thrown [s\src\hotspot\share\interpreter\linkResolver.cpp, line 784]
Event: 4.699 Thread 0x0000019245aceaf0 Exception <a 'java/lang/NoSuchMethodError'{0x000000070d308010}: 'java.lang.Object java.lang.invoke.DirectMethodHandle$Holder.invokeSpecial(java.lang.Object, java.lang.Object, java.lang.Object, java.lang.Object, java.lang.Object, java.lang.Object, int)'> (0x000000070d308010) 
thrown [s\src\hotspot\share\interpreter\linkResolver.cpp, line 784]
Event: 4.959 Thread 0x0000019245aceaf0 Implicit null exception at 0x0000019252dc3cbf to 0x0000019252dc7010
Event: 4.959 Thread 0x0000019245aceaf0 Implicit null exception at 0x0000019252d860fc to 0x0000019252d8633c
Event: 6.734 Thread 0x0000019245aceaf0 Implicit null exception at 0x0000019252b7898c to 0x0000019252b78f80
Event: 8.028 Thread 0x0000019245aceaf0 Implicit null exception at 0x000001925304c0a5 to 0x000001925304c455
Event: 9.145 Thread 0x0000019245aceaf0 Implicit null exception at 0x0000019252ac0dce to 0x0000019252ac1678

ZGC Phase Switch (0 events):
No events

VM Operations (20 events):
Event: 8.369 Executing VM operation: G1CollectForAllocation (G1 Evacuation Pause) done
Event: 8.428 Executing VM operation: G1PauseRemark
Event: 8.438 Executing VM operation: G1PauseRemark done
Event: 8.460 Executing VM operation: G1PauseCleanup
Event: 8.460 Executing VM operation: G1PauseCleanup done
Event: 8.794 Executing VM operation: ICBufferFull
Event: 8.794 Executing VM operation: ICBufferFull done
Event: 8.851 Executing VM operation: G1CollectForAllocation (G1 Evacuation Pause)
Event: 8.856 Executing VM operation: G1CollectForAllocation (G1 Evacuation Pause) done
Event: 9.151 Executing VM operation: ICBufferFull
Event: 9.151 Executing VM operation: ICBufferFull done
Event: 9.251 Executing VM operation: HandshakeAllThreads (Deoptimize)
Event: 9.251 Executing VM operation: HandshakeAllThreads (Deoptimize) done
Event: 9.289 Executing VM operation: ICBufferFull
Event: 9.289 Executing VM operation: ICBufferFull done
Event: 9.342 Executing VM operation: HandshakeAllThreads (Deoptimize)
Event: 9.342 Executing VM operation: HandshakeAllThreads (Deoptimize) done
Event: 9.351 Executing VM operation: HandshakeAllThreads (Deoptimize)
Event: 9.351 Executing VM operation: HandshakeAllThreads (Deoptimize) done
Event: 9.415 Executing VM operation: G1CollectForAllocation (G1 Evacuation Pause)

Events (20 events):
Event: 8.437 Thread 0x0000019261e63640 flushing nmethod 0x0000019252c94f90
Event: 8.437 Thread 0x0000019261e63640 flushing nmethod 0x0000019252b78710
Event: 8.437 Thread 0x0000019261e63640 flushing nmethod 0x0000019252c37290
Event: 8.437 Thread 0x0000019261e63640 flushing nmethod 0x0000019252984310
Event: 8.437 Thread 0x0000019261e63640 flushing nmethod 0x0000019252b98e90
Event: 8.437 Thread 0x0000019261e63640 flushing nmethod 0x0000019252abf510
Event: 8.437 Thread 0x0000019261e63640 flushing nmethod 0x0000019252b3b290
Event: 8.437 Thread 0x0000019261e63640 flushing nmethod 0x0000019252ae4390
Event: 8.437 Thread 0x0000019261e63640 flushing nmethod 0x0000019252a0b910
Event: 8.437 Thread 0x0000019261e63640 flushing nmethod 0x000001925287e490
Event: 8.438 Thread 0x0000019261e63640 flushing nmethod 0x0000019252a56e10
Event: 8.438 Thread 0x0000019261e63640 flushing nmethod 0x0000019252aa6310
Event: 8.438 Thread 0x0000019261e63640 flushing nmethod 0x00000192529d6610
Event: 8.438 Thread 0x0000019261e63640 flushing nmethod 0x0000019252980090
Event: 8.438 Thread 0x0000019261e63640 flushing nmethod 0x0000019252941710
Event: 8.438 Thread 0x0000019261e63640 flushing nmethod 0x00000192528bfa10
Event: 8.438 Thread 0x0000019261e63640 flushing nmethod 0x00000192528d9e90
Event: 8.438 Thread 0x0000019261e63640 flushing nmethod 0x0000019252927710
Event: 8.438 Thread 0x0000019261e63640 flushing nmethod 0x0000019252909b90
Event: 8.438 Thread 0x0000019261e63640 flushing nmethod 0x000001925287cc10


Dynamic libraries:
0x00007ff6e9ca0000 - 0x00007ff6e9caa000 	C:\Program Files\Android\Android Studio\jbr\bin\java.exe
0x00007ffb34e10000 - 0x00007ffb35008000 	C:\Windows\SYSTEM32\ntdll.dll
0x00007ffb345b0000 - 0x00007ffb34672000 	C:\Windows\System32\KERNEL32.DLL
0x00007ffb32500000 - 0x00007ffb327fe000 	C:\Windows\System32\KERNELBASE.dll
0x00007ffb32d30000 - 0x00007ffb32e30000 	C:\Windows\System32\ucrtbase.dll
0x00007ffb00ee0000 - 0x00007ffb00efb000 	C:\Program Files\Android\Android Studio\jbr\bin\VCRUNTIME140.dll
0x00007ffb12e90000 - 0x00007ffb12ea8000 	C:\Program Files\Android\Android Studio\jbr\bin\jli.dll
0x00007ffb33190000 - 0x00007ffb3332d000 	C:\Windows\System32\USER32.dll
0x00007ffb1c1b0000 - 0x00007ffb1c44a000 	C:\Windows\WinSxS\amd64_microsoft.windows.common-controls_6595b64144ccf1df_6.0.19041.4355_none_60b8b9eb71f62e16\COMCTL32.dll
0x00007ffb32b30000 - 0x00007ffb32b52000 	C:\Windows\System32\win32u.dll
0x00007ffb34730000 - 0x00007ffb3475b000 	C:\Windows\System32\GDI32.dll
0x00007ffb34d30000 - 0x00007ffb34dce000 	C:\Windows\System32\msvcrt.dll
0x00007ffb32a10000 - 0x00007ffb32b27000 	C:\Windows\System32\gdi32full.dll
0x00007ffb32c00000 - 0x00007ffb32c9d000 	C:\Windows\System32\msvcp_win.dll
0x00007ffb33c60000 - 0x00007ffb33c8f000 	C:\Windows\System32\IMM32.DLL
0x00007ffb1b230000 - 0x00007ffb1b23c000 	C:\Program Files\Android\Android Studio\jbr\bin\vcruntime140_1.dll
0x00007ffb00700000 - 0x00007ffb0078d000 	C:\Program Files\Android\Android Studio\jbr\bin\msvcp140.dll
0x00007ffad27b0000 - 0x00007ffad342d000 	C:\Program Files\Android\Android Studio\jbr\bin\server\jvm.dll
0x00007ffb34bd0000 - 0x00007ffb34c81000 	C:\Windows\System32\ADVAPI32.dll
0x00007ffb33330000 - 0x00007ffb333cf000 	C:\Windows\System32\sechost.dll
0x00007ffb34a10000 - 0x00007ffb34b33000 	C:\Windows\System32\RPCRT4.dll
0x00007ffb32bd0000 - 0x00007ffb32bf7000 	C:\Windows\System32\bcrypt.dll
0x00007ffb347c0000 - 0x00007ffb3482b000 	C:\Windows\System32\WS2_32.dll
0x00007ffb31a00000 - 0x00007ffb31a4b000 	C:\Windows\SYSTEM32\POWRPROF.dll
0x00007ffb29d60000 - 0x00007ffb29d87000 	C:\Windows\SYSTEM32\WINMM.dll
0x00007ffb2b130000 - 0x00007ffb2b13a000 	C:\Windows\SYSTEM32\VERSION.dll
0x00007ffb31870000 - 0x00007ffb31882000 	C:\Windows\SYSTEM32\UMPDC.dll
0x00007ffb30310000 - 0x00007ffb30322000 	C:\Windows\SYSTEM32\kernel.appcore.dll
0x00007ffb17090000 - 0x00007ffb1709a000 	C:\Program Files\Android\Android Studio\jbr\bin\jimage.dll
0x00007ffb26be0000 - 0x00007ffb26dc4000 	C:\Windows\SYSTEM32\DBGHELP.DLL
0x00007ffb1c500000 - 0x00007ffb1c534000 	C:\Windows\SYSTEM32\dbgcore.DLL
0x00007ffb32ca0000 - 0x00007ffb32d22000 	C:\Windows\System32\bcryptPrimitives.dll
0x00007ffb009d0000 - 0x00007ffb009ef000 	C:\Program Files\Android\Android Studio\jbr\bin\java.dll
0x00007ffaff6e0000 - 0x00007ffaff6f8000 	C:\Program Files\Android\Android Studio\jbr\bin\zip.dll
0x00007ffb33c90000 - 0x00007ffb343fd000 	C:\Windows\System32\SHELL32.dll
0x00007ffb30510000 - 0x00007ffb30cb4000 	C:\Windows\SYSTEM32\windows.storage.dll
0x00007ffb32e30000 - 0x00007ffb33183000 	C:\Windows\System32\combase.dll
0x00007ffb31e00000 - 0x00007ffb31e2e000 	C:\Windows\SYSTEM32\Wldp.dll
0x00007ffb34420000 - 0x00007ffb344ed000 	C:\Windows\System32\OLEAUT32.dll
0x00007ffb34500000 - 0x00007ffb345ad000 	C:\Windows\System32\SHCORE.dll
0x00007ffb349b0000 - 0x00007ffb34a05000 	C:\Windows\System32\shlwapi.dll
0x00007ffb323e0000 - 0x00007ffb32404000 	C:\Windows\SYSTEM32\profapi.dll
0x00007ffb167b0000 - 0x00007ffb167c0000 	C:\Program Files\Android\Android Studio\jbr\bin\net.dll
0x00007ffb2c760000 - 0x00007ffb2c86d000 	C:\Windows\SYSTEM32\WINHTTP.dll
0x00007ffb31be0000 - 0x00007ffb31c4a000 	C:\Windows\system32\mswsock.dll
0x00007ffafc570000 - 0x00007ffafc586000 	C:\Program Files\Android\Android Studio\jbr\bin\nio.dll
0x00007ffb0f5a0000 - 0x00007ffb0f5b0000 	C:\Program Files\Android\Android Studio\jbr\bin\verify.dll

dbghelp: loaded successfully - version: 4.0.5 - missing functions: none
symbol engine: initialized successfully - sym options: 0x614 - pdb path: .;C:\Program Files\Android\Android Studio\jbr\bin;C:\Windows\SYSTEM32;C:\Windows\WinSxS\amd64_microsoft.windows.common-controls_6595b64144ccf1df_6.0.19041.4355_none_60b8b9eb71f62e16;C:\Program Files\Android\Android Studio\jbr\bin\server

VM Arguments:
java_command: org.jetbrains.kotlin.cli.jvm.K2JVMCompiler @C:\Users\Kareem Zedan\StudioProjects\Capital_Taxi2\app\build\20250216_11763686579692546915.compiler.options
java_class_path (initial): C:\Users\Kareem Zedan\.gradle\caches\modules-2\files-2.1\org.jetbrains.kotlin\kotlin-compiler-embeddable\2.0.0\1de310de3446414381282ffc46c3ed3919a4d1da\kotlin-compiler-embeddable-2.0.0.jar;C:\Users\Kareem Zedan\.gradle\caches\modules-2\files-2.1\org.jetbrains.kotlin\kotlin-stdlib\2.0.0\b48df2c4aede9586cc931ead433bc02d6fd7879e\kotlin-stdlib-2.0.0.jar;C:\Users\Kareem Zedan\.gradle\caches\modules-2\files-2.1\org.jetbrains.kotlin\kotlin-script-runtime\2.0.0\fdc27dd047d592fa41d2dfa21e7621287a361612\kotlin-script-runtime-2.0.0.jar;C:\Users\Kareem Zedan\.gradle\caches\modules-2\files-2.1\org.jetbrains.kotlin\kotlin-reflect\1.6.10\1cbe9c92c12a94eea200d23c2bbaedaf3daf5132\kotlin-reflect-1.6.10.jar;C:\Users\Kareem Zedan\.gradle\caches\modules-2\files-2.1\org.jetbrains.kotlin\kotlin-daemon-embeddable\2.0.0\b39c612768614c4428c96ee9c65477181fffe9d\kotlin-daemon-embeddable-2.0.0.jar;C:\Users\Kareem Zedan\.gradle\caches\modules-2\files-2.1\org.jetbrains.intellij.deps\trove4j\1.0.20200330\3afb14d5f9ceb459d724e907a21145e8ff394f02\trove4j-1.0.20200330.jar;C:\Users\Kareem Zedan\.gradle\caches\modules-2\files-2.1\org.jetbrains\annotations\13.0\919f0dfe192fb4e063e7dacadee7f8bb9a2672a9\annotations-13.0.jar
Launcher Type: SUN_STANDARD

[Global flags]
     intx CICompilerCount                          = 4                                         {product} {ergonomic}
     uint ConcGCThreads                            = 3                                         {product} {ergonomic}
     uint G1ConcRefinementThreads                  = 10                                        {product} {ergonomic}
   size_t G1HeapRegionSize                         = 2097152                                   {product} {ergonomic}
    uintx GCDrainStackTargetSize                   = 64                                        {product} {ergonomic}
   size_t InitialHeapSize                          = 266338304                                 {product} {ergonomic}
   size_t MarkStackSize                            = 4194304                                   {product} {ergonomic}
   size_t MaxHeapSize                              = 4246732800                                {product} {ergonomic}
   size_t MaxNewSize                               = 2548039680                                {product} {ergonomic}
   size_t MinHeapDeltaBytes                        = 2097152                                   {product} {ergonomic}
   size_t MinHeapSize                              = 8388608                                   {product} {ergonomic}
    uintx NonNMethodCodeHeapSize                   = 5839372                                {pd product} {ergonomic}
    uintx NonProfiledCodeHeapSize                  = 122909434                              {pd product} {ergonomic}
    uintx ProfiledCodeHeapSize                     = 122909434                              {pd product} {ergonomic}
    uintx ReservedCodeCacheSize                    = 251658240                              {pd product} {ergonomic}
     bool SegmentedCodeCache                       = true                                      {product} {ergonomic}
   size_t SoftMaxHeapSize                          = 4246732800                             {manageable} {ergonomic}
     bool UseCompressedOops                        = true                           {product lp64_product} {ergonomic}
     bool UseG1GC                                  = true                                      {product} {ergonomic}
     bool UseLargePagesIndividualAllocation        = false                                  {pd product} {ergonomic}

Logging:
Log output configuration:
 #0: stdout all=warning uptime,level,tags foldmultilines=false
 #1: stderr all=off uptime,level,tags foldmultilines=false

Environment Variables:
PATH=C:\Program Files\Common Files\Oracle\Java\javapath;C:\Windows\system32;C:\Windows;C:\Windows\System32\Wbem;C:\Windows\System32\WindowsPowerShell\v1.0\;C:\Windows\System32\OpenSSH\;C:\Program Files (x86)\Windows Kits\10\Windows Performance Toolkit\;C:\Program Files\Git\cmd;C:\Program Files\nodejs\;C:\Users\Kareem Zedan\AppData\Local\Microsoft\WindowsApps;C:\Users\Kareem Zedan\AppData\Local\Programs\Microsoft VS Code\bin;C:\Users\Kareem Zedan\AppData\Local\Programs\Microsoft VS Code\bin;C:\Users\Kareem Zedan\.cache\firebase\tools\bin;C:\Users\Kareem Zedan\AppData\Local\Pub\Cache\bin;C:\Users\Kareem Zedan\AppData\Roaming\npm;C:\Program Files\jdk-17.0.12\bin;C:\src2\flutter\bin;C:\src2\flutter\bin\cache\dart-sdk\bin;C:\Users\Kareem Zedan\AppData\Local\Google\Cloud SDK\google-cloud-sdk\bin
USERNAME=Kareem Zedan
OS=Windows_NT
PROCESSOR_IDENTIFIER=Intel64 Family 6 Model 151 Stepping 5, GenuineIntel
TMP=C:\Users\KAREEM~1\AppData\Local\Temp
TEMP=C:\Users\KAREEM~1\AppData\Local\Temp




Periodic native trim disabled

JNI global refs:
JNI global refs: 13, weak refs: 9

JNI global refs memory usage: 835, weak refs: 833

Process memory usage:
Resident Set Size: 527736K (3% of 16586164K total physical memory with 912148K free physical memory)

OOME stack traces (most recent first):
Classloader memory used:
Loader jdk.internal.loader.ClassLoaders$AppClassLoader                                 : 51469K
Loader bootstrap                                                                       : 11211K
Loader java.net.URLClassLoader                                                         : 232K

---------------  S Y S T E M  ---------------

OS:
 Windows 10 , 64 bit Build 19041 (10.0.19041.5072)
OS uptime: 0 days 5:47 hours
Hyper-V role detected

CPU: total 12 (initial active 12) (6 cores per cpu, 2 threads per core) family 6 model 151 stepping 5 microcode 0x32, cx8, cmov, fxsr, ht, mmx, 3dnowpref, sse, sse2, sse3, ssse3, sse4.1, sse4.2, popcnt, lzcnt, tsc, tscinvbit, avx, avx2, aes, erms, clmul, bmi1, bmi2, adx, sha, fma, vzeroupper, clflush, clflushopt, clwb, hv, rdtscp, rdpid, fsrm, f16c, cet_ibt, cet_ss
Processor Information for all 12 processors :
  Max Mhz: 2500, Current Mhz: 2500, Mhz Limit: 2500

Memory: 4k page, system-wide physical 16197M (890M free)
TotalPageFile size 26949M (AvailPageFile size 7798M)
current process WorkingSet (physical memory assigned to process): 515M, peak: 520M
current process commit charge ("private bytes"): 547M, peak: 553M

vm_info: OpenJDK 64-Bit Server VM (21.0.3+-12282718-b509.11) for windows-amd64 JRE (21.0.3+-12282718-b509.11), built on 2024-08-27T17:34:15Z by "builder" with MS VC++ 16.10 / 16.11 (VS2019)

END.
