#
# A fatal error has been detected by the Java Runtime Environment:
#
#  EXCEPTION_ACCESS_VIOLATION (0xc0000005) at pc=0x00007ffa5fd96ed1, pid=25400, tid=24344
#
# JRE version: OpenJDK Runtime Environment (21.0.3) (build 21.0.3+-12282718-b509.11)
# Java VM: OpenJDK 64-Bit Server VM (21.0.3+-12282718-b509.11, mixed mode, tiered, compressed oops, compressed class ptrs, g1 gc, windows-amd64)
# Problematic frame:
# V  [jvm.dll+0x3b6ed1]
#
# No core dump will be written. Minidumps are not enabled by default on client versions of Windows
#
# If you would like to submit a bug report, please visit:
#   https://youtrack.jetbrains.com/issues/JBR
#

---------------  S U M M A R Y ------------

Command Line: org.jetbrains.kotlin.cli.jvm.K2JVMCompiler @C:\Users\Kareem Zedan\StudioProjects\Capital_Taxi2\app\build\20241210_9623381004692999343.compiler.options

Host: 12th Gen Intel(R) Core(TM) i5-12400F, 12 cores, 15G,  Windows 10 , 64 bit Build 19041 (10.0.19041.4957)
Time: Tue Dec 10 01:23:00 2024 Egypt Standard Time elapsed time: 7.024054 seconds (0d 0h 0m 7s)

---------------  T H R E A D  ---------------

Current thread (0x00000256fa5c6490):  JavaThread "C2 CompilerThread1" daemon [_thread_in_native, id=24344, stack(0x0000009a3d000000,0x0000009a3d100000) (1024K)]


Current CompileTask:
C2:   7024 15724       4       jdk.internal.loader.BuiltinClassLoader::defineClass (121 bytes)

Stack: [0x0000009a3d000000,0x0000009a3d100000],  sp=0x0000009a3d0fcbb0,  free space=1010k
Native frames: (J=compiled Java code, j=interpreted, Vv=VM code, C=native code)
V  [jvm.dll+0x3b6ed1]
V  [jvm.dll+0x5d6bc6]
V  [jvm.dll+0x1ddb40]
V  [jvm.dll+0x246c54]
V  [jvm.dll+0x2460d1]
V  [jvm.dll+0x1c5804]
V  [jvm.dll+0x25575c]
V  [jvm.dll+0x253c36]
V  [jvm.dll+0x3ec996]
V  [jvm.dll+0x800d78]
V  [jvm.dll+0x6c98cd]
C  [ucrtbase.dll+0x21bb2]
C  [KERNEL32.DLL+0x17374]
C  [ntdll.dll+0x4cc91]


siginfo: EXCEPTION_ACCESS_VIOLATION (0xc0000005), writing address 0x00006ffa60569f60


Registers:
RAX=0x0000009a3d0fe630, RBX=0x00006ffa60569f60, RCX=0x0000025699c064e0, RDX=0x0000000000000003
RSP=0x0000009a3d0fcbb0, RBP=0x00000256fa5c2e00, RSI=0x0000000000000018, RDI=0x000002569fc6e5b0
R8 =0x0000000000000000, R9 =0x00000256fa7560e0, R10=0x00007ffa60569f60, R11=0x0000009a3d0fcbe8
R12=0x0000000000000000, R13=0x00000256fa7560e0, R14=0x0000000000000034, R15=0x0000000000000020
RIP=0x00007ffa5fd96ed1, EFLAGS=0x0000000000010202


Register to memory mapping:

RAX=0x0000009a3d0fe630 is pointing into the stack for thread: 0x00000256fa5c6490
RBX=0x00006ffa60569f60 is an unknown value
RCX=0x0000025699c064e0 points into unknown readable memory: 0x0000025699c04d00 | 00 4d c0 99 56 02 00 00
RDX=0x0000000000000003 is an unknown value
RSP=0x0000009a3d0fcbb0 is pointing into the stack for thread: 0x00000256fa5c6490
RBP=0x00000256fa5c2e00 points into unknown readable memory: 0x0000000000000000 | 00 00 00 00 00 00 00 00
RSI=0x0000000000000018 is an unknown value
RDI=0x000002569fc6e5b0 points into unknown readable memory: 0x0000000800000000 | 00 00 00 00 08 00 00 00
R8 =0x0 is null
R9 =0x00000256fa7560e0 points into unknown readable memory: 0x0000000000000007 | 07 00 00 00 00 00 00 00
R10=0x00007ffa60569f60 jvm.dll
R11=0x0000009a3d0fcbe8 is pointing into the stack for thread: 0x00000256fa5c6490
R12=0x0 is null
R13=0x00000256fa7560e0 points into unknown readable memory: 0x0000000000000007 | 07 00 00 00 00 00 00 00
R14=0x0000000000000034 is an unknown value
R15=0x0000000000000020 is an unknown value

Top of Stack: (sp=0x0000009a3d0fcbb0)
0x0000009a3d0fcbb0:   0000000000000006 000002569f701d18
0x0000009a3d0fcbc0:   0000000000000096 00000000000004b0
0x0000009a3d0fcbd0:   0000000000000115 0000000000000115
0x0000009a3d0fcbe0:   0000009a3d0fce30 00007ffa5ffb6bc6
0x0000009a3d0fcbf0:   0000000000000003 0000009a3d0fcc99
0x0000009a3d0fcc00:   000002569fc6e5b0 0000009a3d0fcc99
0x0000009a3d0fcc10:   0000009a3d0fcc88 00007ffa601f3f40
0x0000009a3d0fcc20:   00000256fa58c838 00000000000004b0
0x0000009a3d0fcc30:   0000025600000008 00000256fa7560e0
0x0000009a3d0fcc40:   000002569f701c30 0000025600000000
0x0000009a3d0fcc50:   00000256fa5c2e34 00000256fa5c2e20
0x0000009a3d0fcc60:   00000256fa7560e0 00000256a00ffe20
0x0000009a3d0fcc70:   000000000016b8d0 00000256a0102430
0x0000009a3d0fcc80:   00000256a0107e08 0000009a00000040
0x0000009a3d0fcc90:   000002569f706ce8 00007ffa00000040
0x0000009a3d0fcca0:   00000256fa7560e0 0000000000000000
0x0000009a3d0fccb0:   0000000000000001 00000256fa636580
0x0000009a3d0fccc0:   00000000000003d8 00000256fa636968
0x0000009a3d0fccd0:   00000256fa636590 0000000000000000
0x0000009a3d0fcce0:   0000009a3d0fd220 0000009a3d0fd140
0x0000009a3d0fccf0:   0000009a3d0fce00 00007ffa5fbbdb40
0x0000009a3d0fcd00:   0000009a00000000 0000009a00000001
0x0000009a3d0fcd10:   000002569f832f58 000002569f701d18
0x0000009a3d0fcd20:   00000256fa756000 0000000000007fd8
0x0000009a3d0fcd30:   0000000000000007 00000256fa636580
0x0000009a3d0fcd40:   000002569662ad40 0000025696630cf0
0x0000009a3d0fcd50:   0000025696632d28 00000000001290d8
0x0000009a3d0fcd60:   0000000000000000 0000000000000000
0x0000009a3d0fcd70:   00007ffa60505020 0000000000000000
0x0000009a3d0fcd80:   00007ffa60505020 00007ffa6031ad18
0x0000009a3d0fcd90:   0000000000000000 0000000000000000
0x0000009a3d0fcda0:   0000000000000000 00007ffa6031ad18 

Instructions: (pc=0x00007ffa5fd96ed1)
0x00007ffa5fd96dd1:   18 48 8b 88 68 06 00 00 48 8b 99 80 00 00 00 48
0x00007ffa5fd96de1:   8b 83 d8 08 00 00 48 85 c0 75 0c e8 7f 09 00 00
0x00007ffa5fd96df1:   48 8b 83 d8 08 00 00 48 8b 08 0f 57 c0 48 89 8b
0x00007ffa5fd96e01:   d8 08 00 00 0f 11 00 0f 11 40 10 48 83 c4 20 5b
0x00007ffa5fd96e11:   c3 cc cc cc cc cc cc cc cc cc cc cc cc cc cc 48
0x00007ffa5fd96e21:   89 5c 24 08 57 48 83 ec 20 8b da 48 8b f9 e8 6c
0x00007ffa5fd96e31:   ff ff ff c1 eb 08 3b 5f 04 72 08 44 8d 43 01 44
0x00007ffa5fd96e41:   89 47 04 48 8b 4f 08 48 89 04 d9 48 8b 5c 24 30
0x00007ffa5fd96e51:   48 83 c4 20 5f c3 cc cc cc cc cc cc cc cc cc 48
0x00007ffa5fd96e61:   89 5c 24 08 48 89 6c 24 10 48 89 74 24 18 57 41
0x00007ffa5fd96e71:   56 41 57 48 83 ec 20 8b c2 48 8b f9 8b 15 55 62
0x00007ffa5fd96e81:   82 00 41 be 34 00 00 00 48 8d 34 c5 00 00 00 00
0x00007ffa5fd96e91:   48 8b 41 08 48 8b 1c 06 65 48 8b 04 25 58 00 00
0x00007ffa5fd96ea1:   00 48 8b 2c d0 41 80 3c 2e 00 75 05 e8 ee 0c 4d
0x00007ffa5fd96eb1:   00 41 bf 20 00 00 00 49 8b 04 2f 48 8b 88 68 06
0x00007ffa5fd96ec1:   00 00 48 8b 81 80 00 00 00 48 8b 88 d8 08 00 00
0x00007ffa5fd96ed1:   48 89 0b 41 80 3c 2e 00 75 05 e8 c0 0c 4d 00 49
0x00007ffa5fd96ee1:   8b 04 2f 48 8b 6c 24 48 48 8b 88 68 06 00 00 48
0x00007ffa5fd96ef1:   8b 81 80 00 00 00 48 8d 0d 62 30 7d 00 48 89 98
0x00007ffa5fd96f01:   d8 08 00 00 48 8b 47 08 48 8b 5c 24 40 48 89 0c
0x00007ffa5fd96f11:   06 48 8b 74 24 50 48 83 c4 20 41 5f 41 5e 5f c3
0x00007ffa5fd96f21:   cc cc cc cc cc cc cc cc cc cc cc cc cc cc cc 48
0x00007ffa5fd96f31:   89 5c 24 10 57 48 83 ec 20 81 c2 ff 00 00 00 33
0x00007ffa5fd96f41:   db c1 ea 08 48 8b f9 48 89 19 89 91 90 00 00 00
0x00007ffa5fd96f51:   83 fa 10 77 09 48 83 c1 10 e9 82 00 00 00 65 48
0x00007ffa5fd96f61:   8b 04 25 58 00 00 00 8b 0d 6a 61 82 00 48 89 74
0x00007ffa5fd96f71:   24 30 48 8b 34 c8 b8 34 00 00 00 38 1c 30 75 0b
0x00007ffa5fd96f81:   e8 1a 0c 4d 00 8b 97 90 00 00 00 b8 20 00 00 00
0x00007ffa5fd96f91:   48 c1 e2 03 48 8b 04 30 48 8b 74 24 30 48 8b 88
0x00007ffa5fd96fa1:   68 06 00 00 48 8b 81 80 00 00 00 4c 8b 88 d0 08
0x00007ffa5fd96fb1:   00 00 49 8b 49 18 49 8b 41 20 48 2b c1 48 3b c2
0x00007ffa5fd96fc1:   72 0a 48 8d 04 11 49 89 41 18 eb 0e 45 33 c0 49 


Stack slot to memory mapping:

stack at sp + 0 slots: 0x0000000000000006 is an unknown value
stack at sp + 1 slots: 0x000002569f701d18 points into unknown readable memory: 0x0000000000000000 | 00 00 00 00 00 00 00 00
stack at sp + 2 slots: 0x0000000000000096 is an unknown value
stack at sp + 3 slots: 0x00000000000004b0 is an unknown value
stack at sp + 4 slots: 0x0000000000000115 is an unknown value
stack at sp + 5 slots: 0x0000000000000115 is an unknown value
stack at sp + 6 slots: 0x0000009a3d0fce30 is pointing into the stack for thread: 0x00000256fa5c6490
stack at sp + 7 slots: 0x00007ffa5ffb6bc6 jvm.dll


---------------  P R O C E S S  ---------------

Threads class SMR info:
_java_thread_list=0x00000256fa7b08c0, length=13, elements={
0x00000256ecec0790, 0x00000256fa5a9f80, 0x00000256fa5aada0, 0x00000256fa5b6fb0,
0x00000256fa58a570, 0x00000256fa58abe0, 0x00000256fa58d650, 0x00000256fa597130,
0x00000256fa5c5dc0, 0x00000256fa6ab270, 0x00000256fa6a8b10, 0x00000256fa5c6490,
0x00000256fa5c6b60
}

Java Threads: ( => current thread )
  0x00000256ecec0790 JavaThread "main"                              [_thread_in_vm, id=12244, stack(0x0000009a3be00000,0x0000009a3bf00000) (1024K)]
  0x00000256fa5a9f80 JavaThread "Reference Handler"          daemon [_thread_blocked, id=21964, stack(0x0000009a3c600000,0x0000009a3c700000) (1024K)]
  0x00000256fa5aada0 JavaThread "Finalizer"                  daemon [_thread_blocked, id=5760, stack(0x0000009a3c700000,0x0000009a3c800000) (1024K)]
  0x00000256fa5b6fb0 JavaThread "Signal Dispatcher"          daemon [_thread_blocked, id=20576, stack(0x0000009a3c800000,0x0000009a3c900000) (1024K)]
  0x00000256fa58a570 JavaThread "Attach Listener"            daemon [_thread_blocked, id=6952, stack(0x0000009a3c900000,0x0000009a3ca00000) (1024K)]
  0x00000256fa58abe0 JavaThread "Service Thread"             daemon [_thread_blocked, id=6472, stack(0x0000009a3ca00000,0x0000009a3cb00000) (1024K)]
  0x00000256fa58d650 JavaThread "Monitor Deflation Thread"   daemon [_thread_blocked, id=20888, stack(0x0000009a3cb00000,0x0000009a3cc00000) (1024K)]
  0x00000256fa597130 JavaThread "C2 CompilerThread0"         daemon [_thread_blocked, id=3508, stack(0x0000009a3cc00000,0x0000009a3cd00000) (1024K)]
  0x00000256fa5c5dc0 JavaThread "C1 CompilerThread0"         daemon [_thread_blocked, id=9932, stack(0x0000009a3cd00000,0x0000009a3ce00000) (1024K)]
  0x00000256fa6ab270 JavaThread "Notification Thread"        daemon [_thread_blocked, id=19788, stack(0x0000009a3ce00000,0x0000009a3cf00000) (1024K)]
  0x00000256fa6a8b10 JavaThread "Common-Cleaner"             daemon [_thread_blocked, id=15904, stack(0x0000009a3cf00000,0x0000009a3d000000) (1024K)]
=>0x00000256fa5c6490 JavaThread "C2 CompilerThread1"         daemon [_thread_in_native, id=24344, stack(0x0000009a3d000000,0x0000009a3d100000) (1024K)]
  0x00000256fa5c6b60 JavaThread "C2 CompilerThread2"         daemon [_thread_blocked, id=10836, stack(0x0000009a3d100000,0x0000009a3d200000) (1024K)]
Total: 13

Other Threads:
  0x00000256fa53cbb0 VMThread "VM Thread"                           [id=5712, stack(0x0000009a3c500000,0x0000009a3c600000) (1024K)]
  0x00000256fa370ef0 WatcherThread "VM Periodic Task Thread"        [id=25056, stack(0x0000009a3c400000,0x0000009a3c500000) (1024K)]
  0x00000256ef1c0d20 WorkerThread "GC Thread#0"                     [id=3968, stack(0x0000009a3bf00000,0x0000009a3c000000) (1024K)]
  0x00000256ff586490 WorkerThread "GC Thread#1"                     [id=10904, stack(0x0000009a3d200000,0x0000009a3d300000) (1024K)]
  0x00000256ff586830 WorkerThread "GC Thread#2"                     [id=10096, stack(0x0000009a3d300000,0x0000009a3d400000) (1024K)]
  0x00000256ff586bd0 WorkerThread "GC Thread#3"                     [id=2976, stack(0x0000009a3d400000,0x0000009a3d500000) (1024K)]
  0x00000256ff586f70 WorkerThread "GC Thread#4"                     [id=18952, stack(0x0000009a3d500000,0x0000009a3d600000) (1024K)]
  0x00000256ff5bdf60 WorkerThread "GC Thread#5"                     [id=17208, stack(0x0000009a3d600000,0x0000009a3d700000) (1024K)]
  0x000002568f24e220 WorkerThread "GC Thread#6"                     [id=22988, stack(0x0000009a3d700000,0x0000009a3d800000) (1024K)]
  0x000002568f24f7e0 WorkerThread "GC Thread#7"                     [id=24516, stack(0x0000009a3d800000,0x0000009a3d900000) (1024K)]
  0x000002568f24e960 WorkerThread "GC Thread#8"                     [id=11792, stack(0x0000009a3d900000,0x0000009a3da00000) (1024K)]
  0x000002568fc74700 WorkerThread "GC Thread#9"                     [id=20188, stack(0x0000009a3dc00000,0x0000009a3dd00000) (1024K)]
  0x00000256ef1d2390 ConcurrentGCThread "G1 Main Marker"            [id=12784, stack(0x0000009a3c000000,0x0000009a3c100000) (1024K)]
  0x00000256ef1d3630 WorkerThread "G1 Conc#0"                       [id=20068, stack(0x0000009a3c100000,0x0000009a3c200000) (1024K)]
  0x000002568f24ed00 WorkerThread "G1 Conc#1"                       [id=18304, stack(0x0000009a3da00000,0x0000009a3db00000) (1024K)]
  0x000002568f24f0a0 WorkerThread "G1 Conc#2"                       [id=8576, stack(0x0000009a3db00000,0x0000009a3dc00000) (1024K)]
  0x00000256fa23f7e0 ConcurrentGCThread "G1 Refine#0"               [id=13368, stack(0x0000009a3c200000,0x0000009a3c300000) (1024K)]
  0x00000256fa241360 ConcurrentGCThread "G1 Service"                [id=1196, stack(0x0000009a3c300000,0x0000009a3c400000) (1024K)]
Total: 18

Threads with active compile tasks:
C2 CompilerThread1     7036 15724       4       jdk.internal.loader.BuiltinClassLoader::defineClass (121 bytes)
Total: 1

VM state: not at safepoint (normal execution)

VM Mutex/Monitor currently owned by a thread: None

Heap address: 0x0000000702e00000, size: 4050 MB, Compressed Oops mode: Zero based, Oop shift amount: 3

CDS archive(s) not mapped
Compressed class space mapped at: 0x0000000800000000-0x0000000840000000, reserved size: 1073741824
Narrow klass base: 0x0000000800000000, Narrow klass shift: 0, Narrow klass range: 0x40000000

GC Precious Log:
 CardTable entry size: 512
 Card Set container configuration: InlinePtr #cards 4 size 8 Array Of Cards #cards 16 size 48 Howl #buckets 8 coarsen threshold 3686 Howl Bitmap #cards 512 size 80 coarsen threshold 460 Card regions per heap region 1 cards per card region 4096
 CPUs: 12 total, 12 available
 Memory: 16197M
 Large Page Support: Disabled
 NUMA Support: Disabled
 Compressed Oops: Enabled (Zero based)
 Heap Region Size: 2M
 Heap Min Capacity: 8M
 Heap Initial Capacity: 254M
 Heap Max Capacity: 4050M
 Pre-touch: Disabled
 Parallel Workers: 10
 Concurrent Workers: 3
 Concurrent Refinement Workers: 10
 Periodic GC: Disabled

Heap:
 garbage-first heap   total 264192K, used 179366K [0x0000000702e00000, 0x0000000800000000)
  region size 2048K, 19 young (38912K), 5 survivors (10240K)
 Metaspace       used 85133K, committed 85632K, reserved 1179648K
  class space    used 8907K, committed 9152K, reserved 1048576K

Heap Regions: E=young(eden), S=young(survivor), O=old, HS=humongous(starts), HC=humongous(continues), CS=collection set, F=free, TAMS=top-at-mark-start, PB=parsable bottom
|   0|0x0000000702e00000, 0x0000000703000000, 0x0000000703000000|100%|HS|  |TAMS 0x0000000702e00000| PB 0x0000000702e00000| Complete 
|   1|0x0000000703000000, 0x0000000703200000, 0x0000000703200000|100%|HC|  |TAMS 0x0000000703000000| PB 0x0000000703000000| Complete 
|   2|0x0000000703200000, 0x0000000703400000, 0x0000000703400000|100%| O|  |TAMS 0x0000000703200000| PB 0x0000000703200000| Untracked 
|   3|0x0000000703400000, 0x0000000703600000, 0x0000000703600000|100%| O|  |TAMS 0x0000000703400000| PB 0x0000000703400000| Untracked 
|   4|0x0000000703600000, 0x0000000703800000, 0x0000000703800000|100%| O|  |TAMS 0x0000000703600000| PB 0x0000000703600000| Untracked 
|   5|0x0000000703800000, 0x0000000703a00000, 0x0000000703a00000|100%| O|  |TAMS 0x0000000703800000| PB 0x0000000703800000| Untracked 
|   6|0x0000000703a00000, 0x0000000703c00000, 0x0000000703c00000|100%| O|  |TAMS 0x0000000703a00000| PB 0x0000000703a00000| Untracked 
|   7|0x0000000703c00000, 0x0000000703e00000, 0x0000000703e00000|100%| O|  |TAMS 0x0000000703c00000| PB 0x0000000703c00000| Untracked 
|   8|0x0000000703e00000, 0x0000000704000000, 0x0000000704000000|100%| O|  |TAMS 0x0000000703e00000| PB 0x0000000703e00000| Untracked 
|   9|0x0000000704000000, 0x0000000704200000, 0x0000000704200000|100%| O|  |TAMS 0x0000000704000000| PB 0x0000000704000000| Untracked 
|  10|0x0000000704200000, 0x0000000704400000, 0x0000000704400000|100%| O|  |TAMS 0x0000000704200000| PB 0x0000000704200000| Untracked 
|  11|0x0000000704400000, 0x0000000704600000, 0x0000000704600000|100%| O|  |TAMS 0x0000000704400000| PB 0x0000000704400000| Untracked 
|  12|0x0000000704600000, 0x0000000704800000, 0x0000000704800000|100%| O|  |TAMS 0x0000000704600000| PB 0x0000000704600000| Untracked 
|  13|0x0000000704800000, 0x0000000704a00000, 0x0000000704a00000|100%| O|  |TAMS 0x0000000704800000| PB 0x0000000704800000| Untracked 
|  14|0x0000000704a00000, 0x0000000704c00000, 0x0000000704c00000|100%| O|  |TAMS 0x0000000704a00000| PB 0x0000000704a00000| Untracked 
|  15|0x0000000704c00000, 0x0000000704e00000, 0x0000000704e00000|100%| O|  |TAMS 0x0000000704c00000| PB 0x0000000704c00000| Untracked 
|  16|0x0000000704e00000, 0x0000000705000000, 0x0000000705000000|100%| O|  |TAMS 0x0000000704e00000| PB 0x0000000704e00000| Untracked 
|  17|0x0000000705000000, 0x0000000705200000, 0x0000000705200000|100%| O|  |TAMS 0x0000000705000000| PB 0x0000000705000000| Untracked 
|  18|0x0000000705200000, 0x0000000705400000, 0x0000000705400000|100%| O|  |TAMS 0x0000000705200000| PB 0x0000000705200000| Untracked 
|  19|0x0000000705400000, 0x0000000705600000, 0x0000000705600000|100%| O|  |TAMS 0x0000000705400000| PB 0x0000000705400000| Untracked 
|  20|0x0000000705600000, 0x0000000705800000, 0x0000000705800000|100%| O|  |TAMS 0x0000000705600000| PB 0x0000000705600000| Untracked 
|  21|0x0000000705800000, 0x0000000705a00000, 0x0000000705a00000|100%| O|  |TAMS 0x0000000705800000| PB 0x0000000705800000| Untracked 
|  22|0x0000000705a00000, 0x0000000705c00000, 0x0000000705c00000|100%| O|  |TAMS 0x0000000705a00000| PB 0x0000000705a00000| Untracked 
|  23|0x0000000705c00000, 0x0000000705e00000, 0x0000000705e00000|100%| O|  |TAMS 0x0000000705c00000| PB 0x0000000705c00000| Untracked 
|  24|0x0000000705e00000, 0x0000000706000000, 0x0000000706000000|100%| O|  |TAMS 0x0000000705e00000| PB 0x0000000705e00000| Untracked 
|  25|0x0000000706000000, 0x0000000706200000, 0x0000000706200000|100%| O|  |TAMS 0x0000000706000000| PB 0x0000000706000000| Untracked 
|  26|0x0000000706200000, 0x0000000706400000, 0x0000000706400000|100%| O|  |TAMS 0x0000000706200000| PB 0x0000000706200000| Untracked 
|  27|0x0000000706400000, 0x0000000706600000, 0x0000000706600000|100%| O|  |TAMS 0x0000000706400000| PB 0x0000000706400000| Untracked 
|  28|0x0000000706600000, 0x0000000706800000, 0x0000000706800000|100%| O|  |TAMS 0x0000000706600000| PB 0x0000000706600000| Untracked 
|  29|0x0000000706800000, 0x0000000706a00000, 0x0000000706a00000|100%| O|  |TAMS 0x0000000706800000| PB 0x0000000706800000| Untracked 
|  30|0x0000000706a00000, 0x0000000706c00000, 0x0000000706c00000|100%| O|  |TAMS 0x0000000706a00000| PB 0x0000000706a00000| Untracked 
|  31|0x0000000706c00000, 0x0000000706e00000, 0x0000000706e00000|100%| O|  |TAMS 0x0000000706c00000| PB 0x0000000706c00000| Untracked 
|  32|0x0000000706e00000, 0x0000000707000000, 0x0000000707000000|100%| O|  |TAMS 0x0000000706e00000| PB 0x0000000706e00000| Untracked 
|  33|0x0000000707000000, 0x0000000707200000, 0x0000000707200000|100%| O|  |TAMS 0x0000000707000000| PB 0x0000000707000000| Untracked 
|  34|0x0000000707200000, 0x0000000707400000, 0x0000000707400000|100%| O|  |TAMS 0x0000000707200000| PB 0x0000000707200000| Untracked 
|  35|0x0000000707400000, 0x0000000707600000, 0x0000000707600000|100%| O|  |TAMS 0x0000000707400000| PB 0x0000000707400000| Untracked 
|  36|0x0000000707600000, 0x0000000707800000, 0x0000000707800000|100%| O|  |TAMS 0x0000000707600000| PB 0x0000000707600000| Untracked 
|  37|0x0000000707800000, 0x0000000707a00000, 0x0000000707a00000|100%| O|  |TAMS 0x0000000707800000| PB 0x0000000707800000| Untracked 
|  38|0x0000000707a00000, 0x0000000707c00000, 0x0000000707c00000|100%| O|  |TAMS 0x0000000707a00000| PB 0x0000000707a00000| Untracked 
|  39|0x0000000707c00000, 0x0000000707e00000, 0x0000000707e00000|100%| O|  |TAMS 0x0000000707c00000| PB 0x0000000707c00000| Untracked 
|  40|0x0000000707e00000, 0x0000000708000000, 0x0000000708000000|100%| O|  |TAMS 0x0000000707e00000| PB 0x0000000707e00000| Untracked 
|  41|0x0000000708000000, 0x0000000708200000, 0x0000000708200000|100%| O|  |TAMS 0x0000000708000000| PB 0x0000000708000000| Untracked 
|  42|0x0000000708200000, 0x0000000708400000, 0x0000000708400000|100%| O|  |TAMS 0x0000000708200000| PB 0x0000000708200000| Untracked 
|  43|0x0000000708400000, 0x0000000708600000, 0x0000000708600000|100%| O|  |TAMS 0x0000000708400000| PB 0x0000000708400000| Untracked 
|  44|0x0000000708600000, 0x0000000708800000, 0x0000000708800000|100%| O|  |TAMS 0x0000000708600000| PB 0x0000000708600000| Untracked 
|  45|0x0000000708800000, 0x0000000708a00000, 0x0000000708a00000|100%| O|  |TAMS 0x0000000708800000| PB 0x0000000708800000| Untracked 
|  46|0x0000000708a00000, 0x0000000708c00000, 0x0000000708c00000|100%| O|  |TAMS 0x0000000708a00000| PB 0x0000000708a00000| Untracked 
|  47|0x0000000708c00000, 0x0000000708e00000, 0x0000000708e00000|100%| O|  |TAMS 0x0000000708c00000| PB 0x0000000708c00000| Untracked 
|  48|0x0000000708e00000, 0x0000000709000000, 0x0000000709000000|100%| O|  |TAMS 0x0000000708e00000| PB 0x0000000708e00000| Untracked 
|  49|0x0000000709000000, 0x0000000709200000, 0x0000000709200000|100%| O|  |TAMS 0x0000000709000000| PB 0x0000000709000000| Untracked 
|  50|0x0000000709200000, 0x0000000709400000, 0x0000000709400000|100%| O|  |TAMS 0x0000000709200000| PB 0x0000000709200000| Untracked 
|  51|0x0000000709400000, 0x0000000709600000, 0x0000000709600000|100%| O|  |TAMS 0x0000000709400000| PB 0x0000000709400000| Untracked 
|  52|0x0000000709600000, 0x0000000709800000, 0x0000000709800000|100%| O|  |TAMS 0x0000000709600000| PB 0x0000000709600000| Untracked 
|  53|0x0000000709800000, 0x0000000709a00000, 0x0000000709a00000|100%| O|  |TAMS 0x0000000709800000| PB 0x0000000709800000| Untracked 
|  54|0x0000000709a00000, 0x0000000709c00000, 0x0000000709c00000|100%| O|  |TAMS 0x0000000709a00000| PB 0x0000000709a00000| Untracked 
|  55|0x0000000709c00000, 0x0000000709e00000, 0x0000000709e00000|100%| O|  |TAMS 0x0000000709c00000| PB 0x0000000709c00000| Untracked 
|  56|0x0000000709e00000, 0x000000070a000000, 0x000000070a000000|100%| O|  |TAMS 0x0000000709e00000| PB 0x0000000709e00000| Untracked 
|  57|0x000000070a000000, 0x000000070a200000, 0x000000070a200000|100%| O|  |TAMS 0x000000070a000000| PB 0x000000070a000000| Untracked 
|  58|0x000000070a200000, 0x000000070a400000, 0x000000070a400000|100%| O|  |TAMS 0x000000070a200000| PB 0x000000070a200000| Untracked 
|  59|0x000000070a400000, 0x000000070a600000, 0x000000070a600000|100%| O|  |TAMS 0x000000070a400000| PB 0x000000070a400000| Untracked 
|  60|0x000000070a600000, 0x000000070a800000, 0x000000070a800000|100%| O|  |TAMS 0x000000070a600000| PB 0x000000070a600000| Untracked 
|  61|0x000000070a800000, 0x000000070aa00000, 0x000000070aa00000|100%| O|Cm|TAMS 0x000000070a800000| PB 0x000000070a800000| Complete 
|  62|0x000000070aa00000, 0x000000070ac00000, 0x000000070ac00000|100%| O|Cm|TAMS 0x000000070aa00000| PB 0x000000070aa00000| Complete 
|  63|0x000000070ac00000, 0x000000070ae00000, 0x000000070ae00000|100%| O|  |TAMS 0x000000070ac00000| PB 0x000000070ac00000| Untracked 
|  64|0x000000070ae00000, 0x000000070b000000, 0x000000070b000000|100%| O|  |TAMS 0x000000070ae00000| PB 0x000000070ae00000| Untracked 
|  65|0x000000070b000000, 0x000000070b200000, 0x000000070b200000|100%| O|  |TAMS 0x000000070b000000| PB 0x000000070b000000| Untracked 
|  66|0x000000070b200000, 0x000000070b400000, 0x000000070b400000|100%| O|  |TAMS 0x000000070b200000| PB 0x000000070b200000| Untracked 
|  67|0x000000070b400000, 0x000000070b529af0, 0x000000070b600000| 58%| O|  |TAMS 0x000000070b400000| PB 0x000000070b400000| Untracked 
|  68|0x000000070b600000, 0x000000070b600000, 0x000000070b800000|  0%| F|  |TAMS 0x000000070b600000| PB 0x000000070b600000| Untracked 
|  69|0x000000070b800000, 0x000000070b800000, 0x000000070ba00000|  0%| F|  |TAMS 0x000000070b800000| PB 0x000000070b800000| Untracked 
|  70|0x000000070ba00000, 0x000000070ba00000, 0x000000070bc00000|  0%| F|  |TAMS 0x000000070ba00000| PB 0x000000070ba00000| Untracked 
|  71|0x000000070bc00000, 0x000000070bc00000, 0x000000070be00000|  0%| F|  |TAMS 0x000000070bc00000| PB 0x000000070bc00000| Untracked 
|  72|0x000000070be00000, 0x000000070be00000, 0x000000070c000000|  0%| F|  |TAMS 0x000000070be00000| PB 0x000000070be00000| Untracked 
|  73|0x000000070c000000, 0x000000070c000000, 0x000000070c200000|  0%| F|  |TAMS 0x000000070c000000| PB 0x000000070c000000| Untracked 
|  74|0x000000070c200000, 0x000000070c200000, 0x000000070c400000|  0%| F|  |TAMS 0x000000070c200000| PB 0x000000070c200000| Untracked 
|  75|0x000000070c400000, 0x000000070c400000, 0x000000070c600000|  0%| F|  |TAMS 0x000000070c400000| PB 0x000000070c400000| Untracked 
|  76|0x000000070c600000, 0x000000070c600000, 0x000000070c800000|  0%| F|  |TAMS 0x000000070c600000| PB 0x000000070c600000| Untracked 
|  77|0x000000070c800000, 0x000000070ca00000, 0x000000070ca00000|100%| S|CS|TAMS 0x000000070c800000| PB 0x000000070c800000| Complete 
|  78|0x000000070ca00000, 0x000000070cc00000, 0x000000070cc00000|100%| S|CS|TAMS 0x000000070ca00000| PB 0x000000070ca00000| Complete 
|  79|0x000000070cc00000, 0x000000070ce00000, 0x000000070ce00000|100%| S|CS|TAMS 0x000000070cc00000| PB 0x000000070cc00000| Complete 
|  80|0x000000070ce00000, 0x000000070d000000, 0x000000070d000000|100%| S|CS|TAMS 0x000000070ce00000| PB 0x000000070ce00000| Complete 
|  81|0x000000070d000000, 0x000000070d200000, 0x000000070d200000|100%| S|CS|TAMS 0x000000070d000000| PB 0x000000070d000000| Complete 
|  82|0x000000070d200000, 0x000000070d200000, 0x000000070d400000|  0%| F|  |TAMS 0x000000070d200000| PB 0x000000070d200000| Untracked 
|  83|0x000000070d400000, 0x000000070d400000, 0x000000070d600000|  0%| F|  |TAMS 0x000000070d400000| PB 0x000000070d400000| Untracked 
|  84|0x000000070d600000, 0x000000070d600000, 0x000000070d800000|  0%| F|  |TAMS 0x000000070d600000| PB 0x000000070d600000| Untracked 
|  85|0x000000070d800000, 0x000000070d800000, 0x000000070da00000|  0%| F|  |TAMS 0x000000070d800000| PB 0x000000070d800000| Untracked 
|  86|0x000000070da00000, 0x000000070da00000, 0x000000070dc00000|  0%| F|  |TAMS 0x000000070da00000| PB 0x000000070da00000| Untracked 
|  87|0x000000070dc00000, 0x000000070dc00000, 0x000000070de00000|  0%| F|  |TAMS 0x000000070dc00000| PB 0x000000070dc00000| Untracked 
|  88|0x000000070de00000, 0x000000070de00000, 0x000000070e000000|  0%| F|  |TAMS 0x000000070de00000| PB 0x000000070de00000| Untracked 
|  89|0x000000070e000000, 0x000000070e000000, 0x000000070e200000|  0%| F|  |TAMS 0x000000070e000000| PB 0x000000070e000000| Untracked 
|  90|0x000000070e200000, 0x000000070e200000, 0x000000070e400000|  0%| F|  |TAMS 0x000000070e200000| PB 0x000000070e200000| Untracked 
|  91|0x000000070e400000, 0x000000070e400000, 0x000000070e600000|  0%| F|  |TAMS 0x000000070e400000| PB 0x000000070e400000| Untracked 
|  92|0x000000070e600000, 0x000000070e600000, 0x000000070e800000|  0%| F|  |TAMS 0x000000070e600000| PB 0x000000070e600000| Untracked 
|  93|0x000000070e800000, 0x000000070e800000, 0x000000070ea00000|  0%| F|  |TAMS 0x000000070e800000| PB 0x000000070e800000| Untracked 
|  94|0x000000070ea00000, 0x000000070ea00000, 0x000000070ec00000|  0%| F|  |TAMS 0x000000070ea00000| PB 0x000000070ea00000| Untracked 
|  95|0x000000070ec00000, 0x000000070ec00000, 0x000000070ee00000|  0%| F|  |TAMS 0x000000070ec00000| PB 0x000000070ec00000| Untracked 
|  96|0x000000070ee00000, 0x000000070ee00000, 0x000000070f000000|  0%| F|  |TAMS 0x000000070ee00000| PB 0x000000070ee00000| Untracked 
|  97|0x000000070f000000, 0x000000070f000000, 0x000000070f200000|  0%| F|  |TAMS 0x000000070f000000| PB 0x000000070f000000| Untracked 
|  98|0x000000070f200000, 0x000000070f200000, 0x000000070f400000|  0%| F|  |TAMS 0x000000070f200000| PB 0x000000070f200000| Untracked 
|  99|0x000000070f400000, 0x000000070f400000, 0x000000070f600000|  0%| F|  |TAMS 0x000000070f400000| PB 0x000000070f400000| Untracked 
| 100|0x000000070f600000, 0x000000070f600000, 0x000000070f800000|  0%| F|  |TAMS 0x000000070f600000| PB 0x000000070f600000| Untracked 
| 101|0x000000070f800000, 0x000000070f800000, 0x000000070fa00000|  0%| F|  |TAMS 0x000000070f800000| PB 0x000000070f800000| Untracked 
| 102|0x000000070fa00000, 0x000000070fa00000, 0x000000070fc00000|  0%| F|  |TAMS 0x000000070fa00000| PB 0x000000070fa00000| Untracked 
| 103|0x000000070fc00000, 0x000000070fc00000, 0x000000070fe00000|  0%| F|  |TAMS 0x000000070fc00000| PB 0x000000070fc00000| Untracked 
| 104|0x000000070fe00000, 0x000000070fe00000, 0x0000000710000000|  0%| F|  |TAMS 0x000000070fe00000| PB 0x000000070fe00000| Untracked 
| 105|0x0000000710000000, 0x0000000710000000, 0x0000000710200000|  0%| F|  |TAMS 0x0000000710000000| PB 0x0000000710000000| Untracked 
| 106|0x0000000710200000, 0x0000000710200000, 0x0000000710400000|  0%| F|  |TAMS 0x0000000710200000| PB 0x0000000710200000| Untracked 
| 107|0x0000000710400000, 0x0000000710400000, 0x0000000710600000|  0%| F|  |TAMS 0x0000000710400000| PB 0x0000000710400000| Untracked 
| 108|0x0000000710600000, 0x0000000710600000, 0x0000000710800000|  0%| F|  |TAMS 0x0000000710600000| PB 0x0000000710600000| Untracked 
| 109|0x0000000710800000, 0x0000000710800000, 0x0000000710a00000|  0%| F|  |TAMS 0x0000000710800000| PB 0x0000000710800000| Untracked 
| 110|0x0000000710a00000, 0x0000000710a00000, 0x0000000710c00000|  0%| F|  |TAMS 0x0000000710a00000| PB 0x0000000710a00000| Untracked 
| 111|0x0000000710c00000, 0x0000000710c00000, 0x0000000710e00000|  0%| F|  |TAMS 0x0000000710c00000| PB 0x0000000710c00000| Untracked 
| 112|0x0000000710e00000, 0x0000000710e00000, 0x0000000711000000|  0%| F|  |TAMS 0x0000000710e00000| PB 0x0000000710e00000| Untracked 
| 113|0x0000000711000000, 0x0000000711200000, 0x0000000711200000|100%| E|CS|TAMS 0x0000000711000000| PB 0x0000000711000000| Complete 
| 114|0x0000000711200000, 0x000000071122b630, 0x0000000711400000|  8%| E|  |TAMS 0x0000000711200000| PB 0x0000000711200000| Complete 
| 115|0x0000000711400000, 0x0000000711600000, 0x0000000711600000|100%| E|CS|TAMS 0x0000000711400000| PB 0x0000000711400000| Complete 
| 116|0x0000000711600000, 0x0000000711800000, 0x0000000711800000|100%| E|CS|TAMS 0x0000000711600000| PB 0x0000000711600000| Complete 
| 117|0x0000000711800000, 0x0000000711a00000, 0x0000000711a00000|100%| E|CS|TAMS 0x0000000711800000| PB 0x0000000711800000| Complete 
| 118|0x0000000711a00000, 0x0000000711c00000, 0x0000000711c00000|100%| E|CS|TAMS 0x0000000711a00000| PB 0x0000000711a00000| Complete 
| 119|0x0000000711c00000, 0x0000000711e00000, 0x0000000711e00000|100%| E|CS|TAMS 0x0000000711c00000| PB 0x0000000711c00000| Complete 
| 120|0x0000000711e00000, 0x0000000712000000, 0x0000000712000000|100%| E|CS|TAMS 0x0000000711e00000| PB 0x0000000711e00000| Complete 
| 121|0x0000000712000000, 0x0000000712200000, 0x0000000712200000|100%| E|CS|TAMS 0x0000000712000000| PB 0x0000000712000000| Complete 
| 122|0x0000000712200000, 0x0000000712400000, 0x0000000712400000|100%| E|CS|TAMS 0x0000000712200000| PB 0x0000000712200000| Complete 
| 123|0x0000000712400000, 0x0000000712600000, 0x0000000712600000|100%| E|CS|TAMS 0x0000000712400000| PB 0x0000000712400000| Complete 
| 124|0x0000000712600000, 0x0000000712800000, 0x0000000712800000|100%| E|CS|TAMS 0x0000000712600000| PB 0x0000000712600000| Complete 
| 125|0x0000000712800000, 0x0000000712a00000, 0x0000000712a00000|100%| E|CS|TAMS 0x0000000712800000| PB 0x0000000712800000| Complete 
| 126|0x0000000712a00000, 0x0000000712c00000, 0x0000000712c00000|100%| E|CS|TAMS 0x0000000712a00000| PB 0x0000000712a00000| Complete 
|2023|0x00000007ffc00000, 0x00000007ffe00000, 0x00000007ffe00000|100%| O|  |TAMS 0x00000007ffc00000| PB 0x00000007ffc00000| Untracked 
|2024|0x00000007ffe00000, 0x0000000800000000, 0x0000000800000000|100%| O|  |TAMS 0x00000007ffe00000| PB 0x00000007ffe00000| Untracked 

Card table byte_map: [0x00000256f2ff0000,0x00000256f37e0000] _byte_map_base: 0x00000256ef7d9000

Marking Bits: (CMBitMap*) 0x00000256ef1c1420
 Bits: [0x00000256f37e0000, 0x00000256f7728000)

Polling page: 0x00000256ee930000

Metaspace:

Usage:
  Non-class:     74.45 MB used.
      Class:      8.70 MB used.
       Both:     83.15 MB used.

Virtual space:
  Non-class space:      128.00 MB reserved,      74.69 MB ( 58%) committed,  2 nodes.
      Class space:        1.00 GB reserved,       8.94 MB ( <1%) committed,  1 nodes.
             Both:        1.12 GB reserved,      83.62 MB (  7%) committed. 

Chunk freelists:
   Non-Class:  5.13 MB
       Class:  7.11 MB
        Both:  12.24 MB

MaxMetaspaceSize: unlimited
CompressedClassSpaceSize: 1.00 GB
Initial GC threshold: 21.00 MB
Current GC threshold: 131.88 MB
CDS: off
 - commit_granule_bytes: 65536.
 - commit_granule_words: 8192.
 - virtual_space_node_default_size: 8388608.
 - enlarge_chunks_in_place: 1.
 - use_allocation_guard: 0.


Internal statistics:

num_allocs_failed_limit: 6.
num_arena_births: 570.
num_arena_deaths: 0.
num_vsnodes_births: 3.
num_vsnodes_deaths: 0.
num_space_committed: 1335.
num_space_uncommitted: 0.
num_chunks_returned_to_freelist: 6.
num_chunks_taken_from_freelist: 3325.
num_chunk_merges: 6.
num_chunk_splits: 2686.
num_chunks_enlarged: 2329.
num_inconsistent_stats: 0.

CodeHeap 'non-profiled nmethods': size=120000Kb used=10082Kb max_used=11236Kb free=109917Kb
 bounds [0x0000025687ad0000, 0x00000256885d0000, 0x000002568f000000]
CodeHeap 'profiled nmethods': size=120000Kb used=49491Kb max_used=51119Kb free=70508Kb
 bounds [0x0000025680000000, 0x00000256831f0000, 0x0000025687530000]
CodeHeap 'non-nmethods': size=5760Kb used=1819Kb max_used=1875Kb free=3940Kb
 bounds [0x0000025687530000, 0x00000256877a0000, 0x0000025687ad0000]
 total_blobs=14614 nmethods=13795 adapters=720
 compilation: enabled
              stopped_count=0, restarted_count=0
 full_count=0

Compilation events (20 events):
Event: 6.975 Thread 0x00000256fa5c6b60 15747       4       java.lang.invoke.LambdaForm::prepare (108 bytes)
Event: 6.975 Thread 0x00000256fa5c6b60 nmethod 15747 0x0000025688183810 code [0x00000256881839a0, 0x0000025688183ab0]
Event: 6.976 Thread 0x00000256fa5c5dc0 15751       3       org.jetbrains.kotlin.backend.common.ClassLoweringVisitor::visitDeclarationReference (6 bytes)
Event: 6.977 Thread 0x00000256fa5c5dc0 nmethod 15751 0x000002568247ef10 code [0x000002568247f220, 0x00000256824800d0]
Event: 6.977 Thread 0x00000256fa5c5dc0 15752       3       org.jetbrains.kotlin.ir.expressions.IrCatch::accept (15 bytes)
Event: 6.977 Thread 0x00000256fa5c6b60 15753       4       java.lang.invoke.MethodHandle::<init> (37 bytes)
Event: 6.977 Thread 0x00000256fa5c5dc0 nmethod 15752 0x000002568164ab10 code [0x000002568164ad40, 0x000002568164b3f0]
Event: 6.978 Thread 0x00000256fa5c6b60 nmethod 15753 0x0000025688183110 code [0x00000256881832c0, 0x0000025688183650]
Event: 6.983 Thread 0x00000256fa5c5dc0 15754       3       org.jetbrains.kotlin.ir.visitors.IrElementTransformerVoid::visitStringConcatenation (10 bytes)
Event: 6.983 Thread 0x00000256fa5c5dc0 nmethod 15754 0x00000256817ddb10 code [0x00000256817ddd60, 0x00000256817de558]
Event: 6.983 Thread 0x00000256fa5c5dc0 15755       3       org.jetbrains.kotlin.ir.visitors.IrElementTransformerVoid::visitStringConcatenation (13 bytes)
Event: 6.984 Thread 0x00000256fa5c5dc0 nmethod 15755 0x0000025681892c90 code [0x0000025681892ec0, 0x0000025681893548]
Event: 6.989 Thread 0x00000256fa5c5dc0 15756       1       org.jetbrains.kotlin.backend.jvm.JvmBackendContext::getConfig (5 bytes)
Event: 6.989 Thread 0x00000256fa5c5dc0 nmethod 15756 0x0000025688182e10 code [0x0000025688182fa0, 0x0000025688183070]
Event: 6.990 Thread 0x00000256fa5c6b60 15757       4       org.jetbrains.kotlin.ir.visitors.IrElementTransformerVoid::visitMemberAccess (16 bytes)
Event: 6.991 Thread 0x00000256fa5c6b60 nmethod 15757 0x0000025688182a90 code [0x0000025688182c20, 0x0000025688182cf0]
Event: 6.991 Thread 0x00000256fa5c6b60 15758       4       org.jetbrains.kotlin.ir.visitors.IrElementTransformerVoid::visitValueAccess (16 bytes)
Event: 6.991 Thread 0x00000256fa5c6b60 nmethod 15758 0x0000025688182710 code [0x00000256881828a0, 0x0000025688182970]
Event: 6.991 Thread 0x00000256fa5c6b60 15759       4       org.jetbrains.kotlin.ir.visitors.IrElementTransformerVoid::visitBlock (16 bytes)
Event: 6.991 Thread 0x00000256fa5c6b60 nmethod 15759 0x0000025688182390 code [0x0000025688182520, 0x00000256881825f0]

GC Heap History (20 events):
Event: 2.343 GC heap before
{Heap before GC invocations=11 (full 0):
 garbage-first heap   total 155648K, used 113664K [0x0000000702e00000, 0x0000000800000000)
  region size 2048K, 30 young (61440K), 5 survivors (10240K)
 Metaspace       used 53212K, committed 53504K, reserved 1114112K
  class space    used 6029K, committed 6144K, reserved 1048576K
}
Event: 2.352 GC heap after
{Heap after GC invocations=12 (full 0):
 garbage-first heap   total 155648K, used 72704K [0x0000000702e00000, 0x0000000800000000)
  region size 2048K, 4 young (8192K), 4 survivors (8192K)
 Metaspace       used 53212K, committed 53504K, reserved 1114112K
  class space    used 6029K, committed 6144K, reserved 1048576K
}
Event: 2.861 GC heap before
{Heap before GC invocations=12 (full 0):
 garbage-first heap   total 155648K, used 121856K [0x0000000702e00000, 0x0000000800000000)
  region size 2048K, 28 young (57344K), 4 survivors (8192K)
 Metaspace       used 54662K, committed 54976K, reserved 1114112K
  class space    used 6095K, committed 6208K, reserved 1048576K
}
Event: 2.869 GC heap after
{Heap after GC invocations=13 (full 0):
 garbage-first heap   total 198656K, used 79872K [0x0000000702e00000, 0x0000000800000000)
  region size 2048K, 3 young (6144K), 3 survivors (6144K)
 Metaspace       used 54662K, committed 54976K, reserved 1114112K
  class space    used 6095K, committed 6208K, reserved 1048576K
}
Event: 3.372 GC heap before
{Heap before GC invocations=13 (full 0):
 garbage-first heap   total 198656K, used 153600K [0x0000000702e00000, 0x0000000800000000)
  region size 2048K, 40 young (81920K), 3 survivors (6144K)
 Metaspace       used 55650K, committed 56000K, reserved 1114112K
  class space    used 6148K, committed 6272K, reserved 1048576K
}
Event: 3.379 GC heap after
{Heap after GC invocations=14 (full 0):
 garbage-first heap   total 198656K, used 91926K [0x0000000702e00000, 0x0000000800000000)
  region size 2048K, 5 young (10240K), 5 survivors (10240K)
 Metaspace       used 55650K, committed 56000K, reserved 1114112K
  class space    used 6148K, committed 6272K, reserved 1048576K
}
Event: 3.510 GC heap before
{Heap before GC invocations=14 (full 0):
 garbage-first heap   total 198656K, used 112406K [0x0000000702e00000, 0x0000000800000000)
  region size 2048K, 16 young (32768K), 5 survivors (10240K)
 Metaspace       used 55812K, committed 56128K, reserved 1114112K
  class space    used 6153K, committed 6272K, reserved 1048576K
}
Event: 3.515 GC heap after
{Heap after GC invocations=15 (full 0):
 garbage-first heap   total 198656K, used 95735K [0x0000000702e00000, 0x0000000800000000)
  region size 2048K, 2 young (4096K), 2 survivors (4096K)
 Metaspace       used 55812K, committed 56128K, reserved 1114112K
  class space    used 6153K, committed 6272K, reserved 1048576K
}
Event: 3.961 GC heap before
{Heap before GC invocations=16 (full 0):
 garbage-first heap   total 198656K, used 163319K [0x0000000702e00000, 0x0000000800000000)
  region size 2048K, 35 young (71680K), 2 survivors (4096K)
 Metaspace       used 56028K, committed 56320K, reserved 1114112K
  class space    used 6162K, committed 6272K, reserved 1048576K
}
Event: 3.965 GC heap after
{Heap after GC invocations=17 (full 0):
 garbage-first heap   total 198656K, used 99548K [0x0000000702e00000, 0x0000000800000000)
  region size 2048K, 4 young (8192K), 4 survivors (8192K)
 Metaspace       used 56028K, committed 56320K, reserved 1114112K
  class space    used 6162K, committed 6272K, reserved 1048576K
}
Event: 4.409 GC heap before
{Heap before GC invocations=17 (full 0):
 garbage-first heap   total 198656K, used 167132K [0x0000000702e00000, 0x0000000800000000)
  region size 2048K, 37 young (75776K), 4 survivors (8192K)
 Metaspace       used 59237K, committed 59520K, reserved 1114112K
  class space    used 6470K, committed 6592K, reserved 1048576K
}
Event: 4.415 GC heap after
{Heap after GC invocations=18 (full 0):
 garbage-first heap   total 198656K, used 103924K [0x0000000702e00000, 0x0000000800000000)
  region size 2048K, 5 young (10240K), 5 survivors (10240K)
 Metaspace       used 59237K, committed 59520K, reserved 1114112K
  class space    used 6470K, committed 6592K, reserved 1048576K
}
Event: 4.984 GC heap before
{Heap before GC invocations=18 (full 0):
 garbage-first heap   total 198656K, used 171508K [0x0000000702e00000, 0x0000000800000000)
  region size 2048K, 38 young (77824K), 5 survivors (10240K)
 Metaspace       used 63783K, committed 64192K, reserved 1114112K
  class space    used 6946K, committed 7168K, reserved 1048576K
}
Event: 4.993 GC heap after
{Heap after GC invocations=19 (full 0):
 garbage-first heap   total 239616K, used 113096K [0x0000000702e00000, 0x0000000800000000)
  region size 2048K, 5 young (10240K), 5 survivors (10240K)
 Metaspace       used 63783K, committed 64192K, reserved 1114112K
  class space    used 6946K, committed 7168K, reserved 1048576K
}
Event: 5.661 GC heap before
{Heap before GC invocations=20 (full 0):
 garbage-first heap   total 239616K, used 203208K [0x0000000702e00000, 0x0000000800000000)
  region size 2048K, 49 young (100352K), 5 survivors (10240K)
 Metaspace       used 71458K, committed 71808K, reserved 1114112K
  class space    used 7608K, committed 7808K, reserved 1048576K
}
Event: 5.671 GC heap after
{Heap after GC invocations=21 (full 0):
 garbage-first heap   total 239616K, used 128242K [0x0000000702e00000, 0x0000000800000000)
  region size 2048K, 7 young (14336K), 7 survivors (14336K)
 Metaspace       used 71458K, committed 71808K, reserved 1114112K
  class space    used 7608K, committed 7808K, reserved 1048576K
}
Event: 6.283 GC heap before
{Heap before GC invocations=21 (full 0):
 garbage-first heap   total 239616K, used 206066K [0x0000000702e00000, 0x0000000800000000)
  region size 2048K, 45 young (92160K), 7 survivors (14336K)
 Metaspace       used 76641K, committed 77056K, reserved 1179648K
  class space    used 8058K, committed 8256K, reserved 1048576K
}
Event: 6.299 GC heap after
{Heap after GC invocations=22 (full 0):
 garbage-first heap   total 239616K, used 141302K [0x0000000702e00000, 0x0000000800000000)
  region size 2048K, 6 young (12288K), 6 survivors (12288K)
 Metaspace       used 76641K, committed 77056K, reserved 1179648K
  class space    used 8058K, committed 8256K, reserved 1048576K
}
Event: 6.736 GC heap before
{Heap before GC invocations=22 (full 0):
 garbage-first heap   total 239616K, used 208886K [0x0000000702e00000, 0x0000000800000000)
  region size 2048K, 39 young (79872K), 6 survivors (12288K)
 Metaspace       used 79946K, committed 80448K, reserved 1179648K
  class space    used 8402K, committed 8640K, reserved 1048576K
}
Event: 6.747 GC heap after
{Heap after GC invocations=23 (full 0):
 garbage-first heap   total 239616K, used 152742K [0x0000000702e00000, 0x0000000800000000)
  region size 2048K, 5 young (10240K), 5 survivors (10240K)
 Metaspace       used 79946K, committed 80448K, reserved 1179648K
  class space    used 8402K, committed 8640K, reserved 1048576K
}

Dll operation events (3 events):
Event: 0.003 Loaded shared library C:\Program Files\Android\Android Studio\jbr\bin\java.dll
Event: 0.006 Loaded shared library C:\Program Files\Android\Android Studio\jbr\bin\zip.dll
Event: 0.477 Loaded shared library C:\Program Files\Android\Android Studio\jbr\bin\verify.dll

Deoptimization events (20 events):
Event: 6.983 Thread 0x00000256ecec0790 Uncommon trap: trap_request=0xffffffde fr.pc=0x0000025688585550 relative=0x0000000000000090
Event: 6.983 Thread 0x00000256ecec0790 Uncommon trap: reason=class_check action=maybe_recompile pc=0x0000025688585550 method=org.jetbrains.kotlin.backend.jvm.ir.JvmIrTypeUtilsKt.getErasedUpperBound(Lorg/jetbrains/kotlin/ir/types/IrType;)Lorg/jetbrains/kotlin/ir/declarations/IrClass; @ 22 c2
Event: 6.983 Thread 0x00000256ecec0790 DEOPT PACKING pc=0x0000025688585550 sp=0x0000009a3befbe10
Event: 6.983 Thread 0x00000256ecec0790 DEOPT UNPACKING pc=0x00000256875846a2 sp=0x0000009a3befbd98 mode 2
Event: 6.992 Thread 0x00000256ecec0790 Uncommon trap: trap_request=0xffffffde fr.pc=0x00000256882da284 relative=0x0000000000000584
Event: 6.992 Thread 0x00000256ecec0790 Uncommon trap: reason=class_check action=maybe_recompile pc=0x00000256882da284 method=kotlin.collections.CollectionsKt___CollectionsKt.contains(Ljava/lang/Iterable;Ljava/lang/Object;)Z @ 7 c2
Event: 6.992 Thread 0x00000256ecec0790 DEOPT PACKING pc=0x00000256882da284 sp=0x0000009a3befbeb0
Event: 6.992 Thread 0x00000256ecec0790 DEOPT UNPACKING pc=0x00000256875846a2 sp=0x0000009a3befbe60 mode 2
Event: 6.992 Thread 0x00000256ecec0790 Uncommon trap: trap_request=0xffffffde fr.pc=0x00000256882da284 relative=0x0000000000000584
Event: 6.992 Thread 0x00000256ecec0790 Uncommon trap: reason=class_check action=maybe_recompile pc=0x00000256882da284 method=kotlin.collections.CollectionsKt___CollectionsKt.contains(Ljava/lang/Iterable;Ljava/lang/Object;)Z @ 7 c2
Event: 6.992 Thread 0x00000256ecec0790 DEOPT PACKING pc=0x00000256882da284 sp=0x0000009a3befc520
Event: 6.992 Thread 0x00000256ecec0790 DEOPT UNPACKING pc=0x00000256875846a2 sp=0x0000009a3befc4d0 mode 2
Event: 6.992 Thread 0x00000256ecec0790 Uncommon trap: trap_request=0xffffffde fr.pc=0x00000256882da284 relative=0x0000000000000584
Event: 6.992 Thread 0x00000256ecec0790 Uncommon trap: reason=class_check action=maybe_recompile pc=0x00000256882da284 method=kotlin.collections.CollectionsKt___CollectionsKt.contains(Ljava/lang/Iterable;Ljava/lang/Object;)Z @ 7 c2
Event: 6.992 Thread 0x00000256ecec0790 DEOPT PACKING pc=0x00000256882da284 sp=0x0000009a3befc520
Event: 6.992 Thread 0x00000256ecec0790 DEOPT UNPACKING pc=0x00000256875846a2 sp=0x0000009a3befc4d0 mode 2
Event: 6.992 Thread 0x00000256ecec0790 Uncommon trap: trap_request=0xffffffde fr.pc=0x00000256882da284 relative=0x0000000000000584
Event: 6.992 Thread 0x00000256ecec0790 Uncommon trap: reason=class_check action=maybe_recompile pc=0x00000256882da284 method=kotlin.collections.CollectionsKt___CollectionsKt.contains(Ljava/lang/Iterable;Ljava/lang/Object;)Z @ 7 c2
Event: 6.992 Thread 0x00000256ecec0790 DEOPT PACKING pc=0x00000256882da284 sp=0x0000009a3befb400
Event: 6.992 Thread 0x00000256ecec0790 DEOPT UNPACKING pc=0x00000256875846a2 sp=0x0000009a3befb3b0 mode 2

Classes loaded (20 events):
Event: 5.988 Loading class java/util/Formatter$FormatString done
Event: 5.988 Loading class java/util/Formatter$FixedString done
Event: 5.988 Loading class java/util/Formatter$Conversion
Event: 5.989 Loading class java/util/Formatter$Conversion done
Event: 5.989 Loading class java/util/Formatter$FormatSpecifier
Event: 5.989 Loading class java/util/Formatter$FormatSpecifier done
Event: 5.989 Loading class java/util/Formattable
Event: 5.989 Loading class java/util/Formattable done
Event: 5.989 Loading class java/util/Formatter$Flags
Event: 5.989 Loading class java/util/Formatter$Flags done
Event: 6.011 Loading class java/lang/invoke/BoundMethodHandle$Species_LLJ
Event: 6.011 Loading class java/lang/invoke/BoundMethodHandle$Species_LLJ done
Event: 6.409 Loading class java/lang/invoke/BoundMethodHandle$Species_LLLJ
Event: 6.409 Loading class java/lang/invoke/BoundMethodHandle$Species_LLLJ done
Event: 6.409 Loading class java/lang/invoke/LambdaFormEditor$1
Event: 6.409 Loading class java/lang/invoke/LambdaFormEditor$1 done
Event: 6.409 Loading class java/util/TreeMap$EntrySet
Event: 6.409 Loading class java/util/TreeMap$EntrySet done
Event: 6.409 Loading class java/util/TreeMap$EntryIterator
Event: 6.409 Loading class java/util/TreeMap$EntryIterator done

Classes unloaded (0 events):
No events

Classes redefined (0 events):
No events

Internal exceptions (20 events):
Event: 5.363 Thread 0x00000256ecec0790 Exception <a 'java/lang/NoSuchMethodError'{0x000000070df08cf8}: 'java.lang.Object java.lang.invoke.DirectMethodHandle$Holder.newInvokeSpecial(java.lang.Object, java.lang.Object, int, int)'> (0x000000070df08cf8) 
thrown [s\src\hotspot\share\interpreter\linkResolver.cpp, line 784]
Event: 5.363 Thread 0x00000256ecec0790 Exception <a 'java/lang/NoSuchMethodError'{0x000000070df0ceb8}: 'java.lang.Object java.lang.invoke.DirectMethodHandle$Holder.invokeSpecial(java.lang.Object, java.lang.Object, java.lang.Object, int, int)'> (0x000000070df0ceb8) 
thrown [s\src\hotspot\share\interpreter\linkResolver.cpp, line 784]
Event: 5.363 Thread 0x00000256ecec0790 Exception <a 'java/lang/NoSuchMethodError'{0x000000070df10a80}: 'java.lang.Object java.lang.invoke.Invokers$Holder.linkToTargetMethod(java.lang.Object, int, int, java.lang.Object)'> (0x000000070df10a80) 
thrown [s\src\hotspot\share\interpreter\linkResolver.cpp, line 784]
Event: 5.408 Thread 0x00000256ecec0790 Exception <a 'java/lang/NoSuchMethodError'{0x000000070dd91168}: 'java.lang.Object java.lang.invoke.DirectMethodHandle$Holder.newInvokeSpecial(java.lang.Object, java.lang.Object, java.lang.Object, java.lang.Object, java.lang.Object, java.lang.Object, java.lang.Object, int)'> (0x000000070dd91168) 
thrown [s\src\hotspot\share\interpreter\linkResolver.cpp, line 784]
Event: 5.408 Thread 0x00000256ecec0790 Exception <a 'java/lang/NoSuchMethodError'{0x000000070dd95798}: 'java.lang.Object java.lang.invoke.DirectMethodHandle$Holder.invokeSpecial(java.lang.Object, java.lang.Object, java.lang.Object, java.lang.Object, java.lang.Object, java.lang.Object, java.lang.Object, java.lang.Object, int)'> (0x000000070dd95798) 
thrown [s\src\hotspot\share\interpreter\linkResolver.cpp, line 784]
Event: 5.687 Thread 0x00000256ecec0790 Implicit null exception at 0x0000025688338ad8 to 0x0000025688338b4d
Event: 5.851 Thread 0x00000256ecec0790 Exception <a 'java/lang/NoSuchMethodError'{0x00000007100cfb00}: 'java.lang.Object java.lang.invoke.DirectMethodHandle$Holder.invokeStatic(java.lang.Object, java.lang.Object, int, java.lang.Object, java.lang.Object)'> (0x00000007100cfb00) 
thrown [s\src\hotspot\share\interpreter\linkResolver.cpp, line 784]
Event: 5.852 Thread 0x00000256ecec0790 Exception <a 'java/lang/NoSuchMethodError'{0x00000007100d6ba0}: 'java.lang.Object java.lang.invoke.DirectMethodHandle$Holder.newInvokeSpecial(java.lang.Object, java.lang.Object, int, java.lang.Object, java.lang.Object)'> (0x00000007100d6ba0) 
thrown [s\src\hotspot\share\interpreter\linkResolver.cpp, line 784]
Event: 5.852 Thread 0x00000256ecec0790 Exception <a 'java/lang/NoSuchMethodError'{0x00000007100dadb8}: 'java.lang.Object java.lang.invoke.DirectMethodHandle$Holder.invokeSpecial(java.lang.Object, java.lang.Object, java.lang.Object, int, java.lang.Object, java.lang.Object)'> (0x00000007100dadb8) 
thrown [s\src\hotspot\share\interpreter\linkResolver.cpp, line 784]
Event: 5.852 Thread 0x00000256ecec0790 Exception <a 'java/lang/NoSuchMethodError'{0x00000007100de5f0}: 'java.lang.Object java.lang.invoke.Invokers$Holder.linkToTargetMethod(java.lang.Object, int, java.lang.Object, java.lang.Object, java.lang.Object)'> (0x00000007100de5f0) 
thrown [s\src\hotspot\share\interpreter\linkResolver.cpp, line 784]
Event: 6.016 Thread 0x00000256ecec0790 Exception <a 'java/lang/NoSuchMethodError'{0x000000070ec915b0}: 'java.lang.Object java.lang.invoke.DirectMethodHandle$Holder.invokeStatic(java.lang.Object, java.lang.Object, java.lang.Object, java.lang.Object, java.lang.Object, java.lang.Object, int, java.lang.Object)'> (0x000000070ec915b0) 
thrown [s\src\hotspot\share\interpreter\linkResolver.cpp, line 784]
Event: 6.017 Thread 0x00000256ecec0790 Exception <a 'java/lang/NoSuchMethodError'{0x000000070ec9b440}: 'java.lang.Object java.lang.invoke.DirectMethodHandle$Holder.newInvokeSpecial(java.lang.Object, java.lang.Object, java.lang.Object, java.lang.Object, java.lang.Object, java.lang.Object, int)'> (0x000000070ec9b440) 
thrown [s\src\hotspot\share\interpreter\linkResolver.cpp, line 784]
Event: 6.017 Thread 0x00000256ecec0790 Exception <a 'java/lang/NoSuchMethodError'{0x000000070eca0028}: 'java.lang.Object java.lang.invoke.DirectMethodHandle$Holder.invokeSpecial(java.lang.Object, java.lang.Object, java.lang.Object, java.lang.Object, java.lang.Object, java.lang.Object, java.lang.Object, int)'> (0x000000070eca0028) 
thrown [s\src\hotspot\share\interpreter\linkResolver.cpp, line 784]
Event: 6.366 Thread 0x00000256ecec0790 Implicit null exception at 0x000002568847bae0 to 0x000002568847bba1
Event: 6.550 Thread 0x00000256ecec0790 Exception <a 'java/lang/NoSuchMethodError'{0x000000070ead9548}: 'java.lang.Object java.lang.invoke.DirectMethodHandle$Holder.invokeStatic(java.lang.Object, java.lang.Object, java.lang.Object, java.lang.Object, java.lang.Object, int, java.lang.Object, java.lang.Object)'> (0x000000070ead9548) 
thrown [s\src\hotspot\share\interpreter\linkResolver.cpp, line 784]
Event: 6.628 Thread 0x00000256ecec0790 Exception <a 'java/lang/NoSuchMethodError'{0x000000070e3f5180}: 'java.lang.Object java.lang.invoke.DirectMethodHandle$Holder.newInvokeSpecial(java.lang.Object, java.lang.Object, int, java.lang.Object)'> (0x000000070e3f5180) 
thrown [s\src\hotspot\share\interpreter\linkResolver.cpp, line 784]
Event: 6.628 Thread 0x00000256ecec0790 Exception <a 'java/lang/NoSuchMethodError'{0x000000070e3f8ff0}: 'java.lang.Object java.lang.invoke.DirectMethodHandle$Holder.invokeSpecial(java.lang.Object, java.lang.Object, java.lang.Object, int, java.lang.Object)'> (0x000000070e3f8ff0) 
thrown [s\src\hotspot\share\interpreter\linkResolver.cpp, line 784]
Event: 6.628 Thread 0x00000256ecec0790 Exception <a 'java/lang/NoSuchMethodError'{0x000000070e3fc9b0}: 'java.lang.Object java.lang.invoke.Invokers$Holder.linkToTargetMethod(java.lang.Object, int, java.lang.Object, java.lang.Object)'> (0x000000070e3fc9b0) 
thrown [s\src\hotspot\share\interpreter\linkResolver.cpp, line 784]
Event: 6.758 Thread 0x00000256ecec0790 Exception <a 'java/lang/NoSuchMethodError'{0x0000000712ac8ea0}: 'java.lang.Object java.lang.invoke.DirectMethodHandle$Holder.newInvokeSpecial(java.lang.Object, int, java.lang.Object, int)'> (0x0000000712ac8ea0) 
thrown [s\src\hotspot\share\interpreter\linkResolver.cpp, line 784]
Event: 6.831 Thread 0x00000256ecec0790 Implicit null exception at 0x0000025688570e0e to 0x00000256885715cc

ZGC Phase Switch (0 events):
No events

VM Operations (20 events):
Event: 6.769 Executing VM operation: HandshakeAllThreads (Deoptimize)
Event: 6.769 Executing VM operation: HandshakeAllThreads (Deoptimize) done
Event: 6.771 Executing VM operation: HandshakeAllThreads (Deoptimize)
Event: 6.771 Executing VM operation: HandshakeAllThreads (Deoptimize) done
Event: 6.789 Executing VM operation: G1PauseRemark
Event: 6.803 Executing VM operation: G1PauseRemark done
Event: 6.810 Executing VM operation: HandshakeAllThreads (Deoptimize)
Event: 6.810 Executing VM operation: HandshakeAllThreads (Deoptimize) done
Event: 6.823 Executing VM operation: G1PauseCleanup
Event: 6.823 Executing VM operation: G1PauseCleanup done
Event: 6.899 Executing VM operation: HandshakeAllThreads (Deoptimize)
Event: 6.899 Executing VM operation: HandshakeAllThreads (Deoptimize) done
Event: 6.908 Executing VM operation: ICBufferFull
Event: 6.908 Executing VM operation: ICBufferFull done
Event: 6.923 Executing VM operation: HandshakeAllThreads (Deoptimize)
Event: 6.923 Executing VM operation: HandshakeAllThreads (Deoptimize) done
Event: 6.932 Executing VM operation: HandshakeAllThreads (Deoptimize)
Event: 6.932 Executing VM operation: HandshakeAllThreads (Deoptimize) done
Event: 6.982 Executing VM operation: HandshakeAllThreads (Deoptimize)
Event: 6.982 Executing VM operation: HandshakeAllThreads (Deoptimize) done

Events (20 events):
Event: 6.802 Thread 0x00000256fa53cbb0 flushing nmethod 0x0000025687eb8a10
Event: 6.802 Thread 0x00000256fa53cbb0 flushing nmethod 0x0000025687c8af90
Event: 6.802 Thread 0x00000256fa53cbb0 flushing nmethod 0x0000025687e40790
Event: 6.802 Thread 0x00000256fa53cbb0 flushing nmethod 0x0000025687e8e990
Event: 6.802 Thread 0x00000256fa53cbb0 flushing nmethod 0x0000025687e79690
Event: 6.802 Thread 0x00000256fa53cbb0 flushing nmethod 0x0000025687e7c510
Event: 6.802 Thread 0x00000256fa53cbb0 flushing nmethod 0x0000025687e6da10
Event: 6.802 Thread 0x00000256fa53cbb0 flushing nmethod 0x0000025687e3f390
Event: 6.802 Thread 0x00000256fa53cbb0 flushing nmethod 0x0000025687dfc490
Event: 6.802 Thread 0x00000256fa53cbb0 flushing nmethod 0x0000025687ddbb90
Event: 6.802 Thread 0x00000256fa53cbb0 flushing nmethod 0x0000025687cdd010
Event: 6.802 Thread 0x00000256fa53cbb0 flushing nmethod 0x0000025687d4d510
Event: 6.802 Thread 0x00000256fa53cbb0 flushing nmethod 0x0000025687cc9190
Event: 6.802 Thread 0x00000256fa53cbb0 flushing nmethod 0x0000025687c9be90
Event: 6.802 Thread 0x00000256fa53cbb0 flushing nmethod 0x0000025687b25690
Event: 6.802 Thread 0x00000256fa53cbb0 flushing nmethod 0x0000025687c7d610
Event: 6.802 Thread 0x00000256fa53cbb0 flushing nmethod 0x0000025687c6ea10
Event: 6.802 Thread 0x00000256fa53cbb0 flushing nmethod 0x0000025687c6b310
Event: 6.802 Thread 0x00000256fa53cbb0 flushing nmethod 0x0000025687b33490
Event: 6.802 Thread 0x00000256fa53cbb0 flushing nmethod 0x0000025687b1f910


Dynamic libraries:
0x00007ff61f000000 - 0x00007ff61f00a000 	C:\Program Files\Android\Android Studio\jbr\bin\java.exe
0x00007ffaafd10000 - 0x00007ffaaff08000 	C:\Windows\SYSTEM32\ntdll.dll
0x00007ffaaf660000 - 0x00007ffaaf722000 	C:\Windows\System32\KERNEL32.DLL
0x00007ffaad3b0000 - 0x00007ffaad6ae000 	C:\Windows\System32\KERNELBASE.dll
0x00007ffaad7d0000 - 0x00007ffaad8d0000 	C:\Windows\System32\ucrtbase.dll
0x00007ffa9efb0000 - 0x00007ffa9efc8000 	C:\Program Files\Android\Android Studio\jbr\bin\jli.dll
0x00007ffa9edd0000 - 0x00007ffa9edeb000 	C:\Program Files\Android\Android Studio\jbr\bin\VCRUNTIME140.dll
0x00007ffaaf320000 - 0x00007ffaaf4bd000 	C:\Windows\System32\USER32.dll
0x00007ffaad770000 - 0x00007ffaad792000 	C:\Windows\System32\win32u.dll
0x00007ffaaf730000 - 0x00007ffaaf75b000 	C:\Windows\System32\GDI32.dll
0x00007ffa91a00000 - 0x00007ffa91c9a000 	C:\Windows\WinSxS\amd64_microsoft.windows.common-controls_6595b64144ccf1df_6.0.19041.4355_none_60b8b9eb71f62e16\COMCTL32.dll
0x00007ffaadc10000 - 0x00007ffaadd27000 	C:\Windows\System32\gdi32full.dll
0x00007ffaaf0a0000 - 0x00007ffaaf13e000 	C:\Windows\System32\msvcrt.dll
0x00007ffaad980000 - 0x00007ffaada1d000 	C:\Windows\System32\msvcp_win.dll
0x00007ffaaf010000 - 0x00007ffaaf03f000 	C:\Windows\System32\IMM32.DLL
0x00007ffa9edc0000 - 0x00007ffa9edcc000 	C:\Program Files\Android\Android Studio\jbr\bin\vcruntime140_1.dll
0x00007ffa8bc30000 - 0x00007ffa8bcbd000 	C:\Program Files\Android\Android Studio\jbr\bin\msvcp140.dll
0x00007ffa5f9e0000 - 0x00007ffa6065d000 	C:\Program Files\Android\Android Studio\jbr\bin\server\jvm.dll
0x00007ffaaf4c0000 - 0x00007ffaaf572000 	C:\Windows\System32\ADVAPI32.dll
0x00007ffaaef70000 - 0x00007ffaaf010000 	C:\Windows\System32\sechost.dll
0x00007ffaaf140000 - 0x00007ffaaf263000 	C:\Windows\System32\RPCRT4.dll
0x00007ffaad7a0000 - 0x00007ffaad7c7000 	C:\Windows\System32\bcrypt.dll
0x00007ffaae080000 - 0x00007ffaae0eb000 	C:\Windows\System32\WS2_32.dll
0x00007ffaac900000 - 0x00007ffaac94b000 	C:\Windows\SYSTEM32\POWRPROF.dll
0x00007ffaa4410000 - 0x00007ffaa441a000 	C:\Windows\SYSTEM32\VERSION.dll
0x00007ffaa4580000 - 0x00007ffaa45a7000 	C:\Windows\SYSTEM32\WINMM.dll
0x00007ffaac770000 - 0x00007ffaac782000 	C:\Windows\SYSTEM32\UMPDC.dll
0x00007ffaab130000 - 0x00007ffaab142000 	C:\Windows\SYSTEM32\kernel.appcore.dll
0x00007ffa9b1d0000 - 0x00007ffa9b1da000 	C:\Program Files\Android\Android Studio\jbr\bin\jimage.dll
0x00007ffaa1670000 - 0x00007ffaa1854000 	C:\Windows\SYSTEM32\DBGHELP.DLL
0x00007ffa944c0000 - 0x00007ffa944f4000 	C:\Windows\SYSTEM32\dbgcore.DLL
0x00007ffaada20000 - 0x00007ffaadaa2000 	C:\Windows\System32\bcryptPrimitives.dll
0x00007ffa94ab0000 - 0x00007ffa94acf000 	C:\Program Files\Android\Android Studio\jbr\bin\java.dll
0x00007ffa8d9c0000 - 0x00007ffa8d9d8000 	C:\Program Files\Android\Android Studio\jbr\bin\zip.dll
0x00007ffaae2a0000 - 0x00007ffaaea0f000 	C:\Windows\System32\SHELL32.dll
0x00007ffaab410000 - 0x00007ffaabbb4000 	C:\Windows\SYSTEM32\windows.storage.dll
0x00007ffaaf7c0000 - 0x00007ffaafb13000 	C:\Windows\System32\combase.dll
0x00007ffaacd00000 - 0x00007ffaacd2e000 	C:\Windows\SYSTEM32\Wldp.dll
0x00007ffaaea20000 - 0x00007ffaaeaed000 	C:\Windows\System32\OLEAUT32.dll
0x00007ffaaddc0000 - 0x00007ffaade6d000 	C:\Windows\System32\SHCORE.dll
0x00007ffaaf580000 - 0x00007ffaaf5d5000 	C:\Windows\System32\shlwapi.dll
0x00007ffaad2e0000 - 0x00007ffaad304000 	C:\Windows\SYSTEM32\profapi.dll
0x00007ffa8efe0000 - 0x00007ffa8eff0000 	C:\Program Files\Android\Android Studio\jbr\bin\net.dll
0x00007ffaa7980000 - 0x00007ffaa7a8d000 	C:\Windows\SYSTEM32\WINHTTP.dll
0x00007ffaacae0000 - 0x00007ffaacb4a000 	C:\Windows\system32\mswsock.dll
0x00007ffa8d9a0000 - 0x00007ffa8d9b6000 	C:\Program Files\Android\Android Studio\jbr\bin\nio.dll
0x00007ffaa2e50000 - 0x00007ffaa2e60000 	C:\Program Files\Android\Android Studio\jbr\bin\verify.dll

dbghelp: loaded successfully - version: 4.0.5 - missing functions: none
symbol engine: initialized successfully - sym options: 0x614 - pdb path: .;C:\Program Files\Android\Android Studio\jbr\bin;C:\Windows\SYSTEM32;C:\Windows\WinSxS\amd64_microsoft.windows.common-controls_6595b64144ccf1df_6.0.19041.4355_none_60b8b9eb71f62e16;C:\Program Files\Android\Android Studio\jbr\bin\server

VM Arguments:
java_command: org.jetbrains.kotlin.cli.jvm.K2JVMCompiler @C:\Users\Kareem Zedan\StudioProjects\Capital_Taxi2\app\build\20241210_9623381004692999343.compiler.options
java_class_path (initial): C:\Users\Kareem Zedan\.gradle\caches\modules-2\files-2.1\org.jetbrains.kotlin\kotlin-compiler-embeddable\2.0.0\1de310de3446414381282ffc46c3ed3919a4d1da\kotlin-compiler-embeddable-2.0.0.jar;C:\Users\Kareem Zedan\.gradle\caches\modules-2\files-2.1\org.jetbrains.kotlin\kotlin-stdlib\2.0.0\b48df2c4aede9586cc931ead433bc02d6fd7879e\kotlin-stdlib-2.0.0.jar;C:\Users\Kareem Zedan\.gradle\caches\modules-2\files-2.1\org.jetbrains.kotlin\kotlin-script-runtime\2.0.0\fdc27dd047d592fa41d2dfa21e7621287a361612\kotlin-script-runtime-2.0.0.jar;C:\Users\Kareem Zedan\.gradle\caches\modules-2\files-2.1\org.jetbrains.kotlin\kotlin-reflect\1.6.10\1cbe9c92c12a94eea200d23c2bbaedaf3daf5132\kotlin-reflect-1.6.10.jar;C:\Users\Kareem Zedan\.gradle\caches\modules-2\files-2.1\org.jetbrains.kotlin\kotlin-daemon-embeddable\2.0.0\b39c612768614c4428c96ee9c65477181fffe9d\kotlin-daemon-embeddable-2.0.0.jar;C:\Users\Kareem Zedan\.gradle\caches\modules-2\files-2.1\org.jetbrains.intellij.deps\trove4j\1.0.20200330\3afb14d5f9ceb459d724e907a21145e8ff394f02\trove4j-1.0.20200330.jar;C:\Users\Kareem Zedan\.gradle\caches\modules-2\files-2.1\org.jetbrains\annotations\13.0\919f0dfe192fb4e063e7dacadee7f8bb9a2672a9\annotations-13.0.jar
Launcher Type: SUN_STANDARD

[Global flags]
     intx CICompilerCount                          = 4                                         {product} {ergonomic}
     uint ConcGCThreads                            = 3                                         {product} {ergonomic}
     uint G1ConcRefinementThreads                  = 10                                        {product} {ergonomic}
   size_t G1HeapRegionSize                         = 2097152                                   {product} {ergonomic}
    uintx GCDrainStackTargetSize                   = 64                                        {product} {ergonomic}
   size_t InitialHeapSize                          = 266338304                                 {product} {ergonomic}
   size_t MarkStackSize                            = 4194304                                   {product} {ergonomic}
   size_t MaxHeapSize                              = 4246732800                                {product} {ergonomic}
   size_t MaxNewSize                               = 2548039680                                {product} {ergonomic}
   size_t MinHeapDeltaBytes                        = 2097152                                   {product} {ergonomic}
   size_t MinHeapSize                              = 8388608                                   {product} {ergonomic}
    uintx NonNMethodCodeHeapSize                   = 5839372                                {pd product} {ergonomic}
    uintx NonProfiledCodeHeapSize                  = 122909434                              {pd product} {ergonomic}
    uintx ProfiledCodeHeapSize                     = 122909434                              {pd product} {ergonomic}
    uintx ReservedCodeCacheSize                    = 251658240                              {pd product} {ergonomic}
     bool SegmentedCodeCache                       = true                                      {product} {ergonomic}
   size_t SoftMaxHeapSize                          = 4246732800                             {manageable} {ergonomic}
     bool UseCompressedOops                        = true                           {product lp64_product} {ergonomic}
     bool UseG1GC                                  = true                                      {product} {ergonomic}
     bool UseLargePagesIndividualAllocation        = false                                  {pd product} {ergonomic}

Logging:
Log output configuration:
 #0: stdout all=warning uptime,level,tags foldmultilines=false
 #1: stderr all=off uptime,level,tags foldmultilines=false

Environment Variables:
PATH=C:\Windows\system32;C:\Windows;C:\Windows\System32\Wbem;C:\Windows\System32\WindowsPowerShell\v1.0\;C:\Windows\System32\OpenSSH\;C:\Program Files (x86)\Windows Kits\10\Windows Performance Toolkit\;C:\Program Files\Git\cmd;C:\Program Files\nodejs\;C:\Users\Kareem Zedan\AppData\Local\Microsoft\WindowsApps;C:\Users\Kareem Zedan\AppData\Local\Programs\Microsoft VS Code\bin;C:\src\flutter\bin;C:\src\flutter\bin\cache\dart-sdk\bin;C:\Users\Kareem Zedan\AppData\Local\Programs\Microsoft VS Code\bin;C:\Users\Kareem Zedan\.cache\firebase\tools\bin;C:\Users\Kareem Zedan\AppData\Local\Pub\Cache\bin;C:\Users\Kareem Zedan\AppData\Roaming\npm;C:\Program Files\jdk-17.0.12\bin;
USERNAME=Kareem Zedan
OS=Windows_NT
PROCESSOR_IDENTIFIER=Intel64 Family 6 Model 151 Stepping 5, GenuineIntel
TMP=C:\Users\KAREEM~1\AppData\Local\Temp
TEMP=C:\Users\KAREEM~1\AppData\Local\Temp




Periodic native trim disabled

JNI global refs:
JNI global refs: 10, weak refs: 0

JNI global refs memory usage: 835, weak refs: 833

Process memory usage:
Resident Set Size: 582868K (3% of 16586164K total physical memory with 1432548K free physical memory)

OOME stack traces (most recent first):
Classloader memory used:
Loader jdk.internal.loader.ClassLoaders$AppClassLoader                                 : 70760K
Loader bootstrap                                                                       : 11722K
Loader java.net.URLClassLoader                                                         : 2755K

---------------  S Y S T E M  ---------------

OS:
 Windows 10 , 64 bit Build 19041 (10.0.19041.4957)
OS uptime: 12 days 3:08 hours
Hyper-V role detected

CPU: total 12 (initial active 12) (6 cores per cpu, 2 threads per core) family 6 model 151 stepping 5 microcode 0x32, cx8, cmov, fxsr, ht, mmx, 3dnowpref, sse, sse2, sse3, ssse3, sse4.1, sse4.2, popcnt, lzcnt, tsc, tscinvbit, avx, avx2, aes, erms, clmul, bmi1, bmi2, adx, sha, fma, vzeroupper, clflush, clflushopt, clwb, hv, rdtscp, rdpid, fsrm, f16c, cet_ibt, cet_ss
Processor Information for all 12 processors :
  Max Mhz: 2500, Current Mhz: 2500, Mhz Limit: 2500

Memory: 4k page, system-wide physical 16197M (1399M free)
TotalPageFile size 31557M (AvailPageFile size 8724M)
current process WorkingSet (physical memory assigned to process): 569M, peak: 569M
current process commit charge ("private bytes"): 601M, peak: 601M

vm_info: OpenJDK 64-Bit Server VM (21.0.3+-12282718-b509.11) for windows-amd64 JRE (21.0.3+-12282718-b509.11), built on 2024-08-27T17:34:15Z by "builder" with MS VC++ 16.10 / 16.11 (VS2019)

END.
