#
# A fatal error has been detected by the Java Runtime Environment:
#
#  EXCEPTION_ACCESS_VIOLATION (0xc0000005) at pc=0x00007ffad28e9996, pid=5868, tid=14096
#
# JRE version: OpenJDK Runtime Environment (21.0.3) (build 21.0.3+-12282718-b509.11)
# Java VM: OpenJDK 64-Bit Server VM (21.0.3+-12282718-b509.11, mixed mode, tiered, compressed oops, compressed class ptrs, g1 gc, windows-amd64)
# Problematic frame:
# V  [jvm.dll+0x139996]
#
# No core dump will be written. Minidumps are not enabled by default on client versions of Windows
#
# If you would like to submit a bug report, please visit:
#   https://youtrack.jetbrains.com/issues/JBR
#

---------------  S U M M A R Y ------------

Command Line: org.jetbrains.kotlin.cli.jvm.K2JVMCompiler @C:\Users\Kareem Zedan\StudioProjects\Capital_Taxi2\app\build\20250216_326088824412324596.compiler.options

Host: 12th Gen Intel(R) Core(TM) i5-12400F, 12 cores, 15G,  Windows 10 , 64 bit Build 19041 (10.0.19041.5072)
Time: Sun Feb 16 21:17:00 2025 Egypt Standard Time elapsed time: 4.694386 seconds (0d 0h 0m 4s)

---------------  T H R E A D  ---------------

Current thread (0x0000022e7ac40530):  WorkerThread "GC Thread#7"    [id=14096, stack(0x000000dcbb400000,0x000000dcbb500000) (1024K)]

Stack: [0x000000dcbb400000,0x000000dcbb500000],  sp=0x000000dcbb4ff228,  free space=1020k
Native frames: (J=compiled Java code, j=interpreted, Vv=VM code, C=native code)
V  [jvm.dll+0x139996]


siginfo: EXCEPTION_ACCESS_VIOLATION (0xc0000005), reading address 0x00000008e151398f


Registers:
RAX=0x0000000000000002, RBX=0x0000000000000001, RCX=0x000000070a89cbb8, RDX=0x000000070a89cbb8
RSP=0x000000dcbb4ff228, RBP=0x000000000000047f, RSI=0x0000022e5dbd10a0, RDI=0xe151397fe0d3f586
R8 =0x00000008e1513987, R9 =0xe151397fe0d3f586, R10=0x000000070a89cbb8, R11=0x0000000000000001
R12=0x000000000000000a, R13=0x00000008e1513987, R14=0x000000070a89cbb8, R15=0x0000022e08b7b9c0
RIP=0x00007ffad28e9996, EFLAGS=0x0000000000010206


Register to memory mapping:

RAX=0x0000000000000002 is an unknown value
RBX=0x0000000000000001 is an unknown value
RCX=
[error occurred during error reporting (printing register info), id 0xc0000005, EXCEPTION_ACCESS_VIOLATION (0xc0000005) at pc=0x00007ffad28e9996]
RDX=
[error occurred during error reporting (printing register info, attempt 2), id 0xc0000005, EXCEPTION_ACCESS_VIOLATION (0xc0000005) at pc=0x00007ffad28e9996]
RSP=0x000000dcbb4ff228 points into unknown readable memory: 0x00007ffad2b03a5b | 5b 3a b0 d2 fa 7f 00 00
RBP=0x000000000000047f is an unknown value
RSI=0x0000022e5dbd10a0 points into unknown readable memory: 0x0000000000000000 | 00 00 00 00 00 00 00 00
RDI=0xe151397fe0d3f586 is an unknown value
R8 =0x00000008e1513987 is an unknown value
R9 =0xe151397fe0d3f586 is an unknown value
R10=
[error occurred during error reporting (printing register info, attempt 3), id 0xc0000005, EXCEPTION_ACCESS_VIOLATION (0xc0000005) at pc=0x00007ffad28e9996]
Top of Stack: (sp=0x000000dcbb4ff228)
0x000000dcbb4ff228:   00007ffad2b03a5b 0000000000000009
0x000000dcbb4ff238:   0000000000000009 0000000000000001
0x000000dcbb4ff248:   00007ffad2ac7194 000000070bee0110
0x000000dcbb4ff258:   00007ffad2b01de9 0000022e5fe6c0f0
0x000000dcbb4ff268:   00007ffad2ebd2bb 0000022e08b7b9d8
0x000000dcbb4ff278:   0000000000000000 0000022e08b7bb48
0x000000dcbb4ff288:   0000000000000000 0000000000000040
0x000000dcbb4ff298:   0000022e7a700c90 000000000000000a
0x000000dcbb4ff2a8:   000000070929ebc0 0000022e5dbd10a0
0x000000dcbb4ff2b8:   000000000000047f 0000022e08b7b9c0
0x000000dcbb4ff2c8:   00007ffad2b04cca 0000022e08b70000
0x000000dcbb4ff2d8:   0000022e5dbd0100 0000000700000000
0x000000dcbb4ff2e8:   0000000000000009 0000000708675000
0x000000dcbb4ff2f8:   0000000000000280 000000dcbb4ff4f0
0x000000dcbb4ff308:   000000000000002c 0000000708676400
0x000000dcbb4ff318:   00007ffad2b013ae 0000000708676400
0x000000dcbb4ff328:   0000022e08b7b9c0 0000000708675000
0x000000dcbb4ff338:   0000000000000280 0000000002ca63d8
0x000000dcbb4ff348:   0000000000000000 000000000000000a
0x000000dcbb4ff358:   000000dcbb4ff4f0 0000022e5fe6ceb0
0x000000dcbb4ff368:   00007ffad2b0e46c 0000000000000280
0x000000dcbb4ff378:   0000022e5fe6ceb0 000000dcbb4ff4f0
0x000000dcbb4ff388:   00007ffad2e73d4f 0000000708675000
0x000000dcbb4ff398:   0000000000000280 00007ffad3117358
0x000000dcbb4ff3a8:   0000000000000000 0000022e5fdab520
0x000000dcbb4ff3b8:   0000022e08b7b9c0 000000dcbb4ff540
0x000000dcbb4ff3c8:   00007ffad2fbbb27 000000000000002c
0x000000dcbb4ff3d8:   0000022e7a397000 0000022e72c5c3c0
0x000000dcbb4ff3e8:   00007ffad2b10119 000000dcbb4ff4f0
0x000000dcbb4ff3f8:   0000000000000001 0000022e72c5c3b2
0x000000dcbb4ff408:   0000022e5dbcaaa0 0000000000000001
0x000000dcbb4ff418:   0000000000000008 0000022e5dbcf520 

Instructions: (pc=0x00007ffad28e9996)
0x00007ffad28e9896:   4c 63 c0 41 8b c1 48 c1 f8 10 48 63 14 19 41 8b
0x00007ffad28e98a6:   c9 83 e1 3f 48 d3 e2 0f b6 c8 49 8d 04 10 49 f7
0x00007ffad28e98b6:   d0 48 03 c8 49 c1 e8 03 48 c1 e9 03 49 23 c8 eb
0x00007ffad28e98c6:   12 49 8b 00 48 8b d3 49 8b c8 ff 90 00 01 00 00
0x00007ffad28e98d6:   48 8b c8 48 89 1f 48 8b c7 48 8b 5c 24 30 48 89
0x00007ffad28e98e6:   4f 08 48 83 c4 20 5f c3 cc cc 0f b6 05 19 d9 9e
0x00007ffad28e98f6:   00 48 8b d1 84 c0 74 16 44 8b 41 08 8b 0d 10 c6
0x00007ffad28e9906:   9e 00 49 d3 e0 4c 03 05 fe c5 9e 00 eb 04 4c 8b
0x00007ffad28e9916:   41 08 45 8b 48 08 45 85 c9 7e 0e 41 f6 c1 01 75
0x00007ffad28e9926:   53 41 c1 f9 03 49 63 c1 c3 79 49 84 c0 41 b8 0c
0x00007ffad28e9936:   00 00 00 8b 05 c9 d6 9e 00 b9 10 00 00 00 41 0f
0x00007ffad28e9946:   45 c8 ff c8 4c 63 c0 41 8b c1 48 c1 f8 10 0f b6
0x00007ffad28e9956:   c0 48 63 14 11 41 8b c9 83 e1 3f 48 d3 e2 49 8d
0x00007ffad28e9966:   0c 10 49 f7 d0 48 03 c1 49 c1 e8 03 48 c1 e8 03
0x00007ffad28e9976:   49 23 c0 c3 49 8b 00 49 8b c8 48 ff a0 00 01 00
0x00007ffad28e9986:   00 cc cc cc cc cc cc cc cc cc 4c 8b c2 48 8b d1
0x00007ffad28e9996:   45 8b 48 08 45 85 c9 7e 0e 41 f6 c1 01 75 56 41
0x00007ffad28e99a6:   c1 f9 03 49 63 c1 c3 79 4c 80 3d 5a d8 9e 00 00
0x00007ffad28e99b6:   b8 0c 00 00 00 b9 10 00 00 00 0f 45 c8 8b 05 3f
0x00007ffad28e99c6:   d6 9e 00 ff c8 4c 63 c0 41 8b c1 48 c1 f8 10 48
0x00007ffad28e99d6:   63 14 11 41 8b c9 83 e1 3f 0f b6 c0 48 d3 e2 49
0x00007ffad28e99e6:   8d 0c 10 49 f7 d0 48 03 c1 49 c1 e8 03 48 c1 e8
0x00007ffad28e99f6:   03 49 23 c0 c3 49 8b 00 49 8b c8 48 ff a0 00 01
0x00007ffad28e9a06:   00 00 cc cc cc cc cc cc cc cc 40 53 48 83 ec 20
0x00007ffad28e9a16:   48 8b d9 49 8b c0 33 c9 45 0f b6 c1 48 89 0b 48
0x00007ffad28e9a26:   89 4b 08 48 8b cb 48 89 53 10 48 8b d0 e8 28 09
0x00007ffad28e9a36:   00 00 48 8b c3 48 83 c4 20 5b c3 cc cc cc cc cc
0x00007ffad28e9a46:   cc cc cc cc cc cc cc cc cc cc 40 53 48 83 ec 20
0x00007ffad28e9a56:   33 c0 44 88 41 10 45 0f b6 c1 48 89 01 48 89 41
0x00007ffad28e9a66:   08 48 8b d9 e8 01 0a 00 00 48 8b c3 48 83 c4 20
0x00007ffad28e9a76:   5b c3 cc cc cc cc cc cc cc cc 40 53 48 83 ec 20
0x00007ffad28e9a86:   33 c0 48 8b d9 48 89 01 48 89 41 08 e8 99 0b 00 


Stack slot to memory mapping:

stack at sp + 0 slots: 0x00007ffad2b03a5b jvm.dll
stack at sp + 1 slots: 0x0000000000000009 is an unknown value
stack at sp + 2 slots: 0x0000000000000009 is an unknown value
stack at sp + 3 slots: 0x0000000000000001 is an unknown value
stack at sp + 4 slots: 0x00007ffad2ac7194 jvm.dll
stack at sp + 5 slots: 
[error occurred during error reporting (inspecting top of stack), id 0xc0000005, EXCEPTION_ACCESS_VIOLATION (0xc0000005) at pc=0x00007ffad28e9a01]
stack at sp + 6 slots: 0x00007ffad2b01de9 jvm.dll
stack at sp + 7 slots: 0x0000022e5fe6c0f0 points into unknown readable memory: 0x000000070a800000 | 00 00 80 0a 07 00 00 00


---------------  P R O C E S S  ---------------

Threads class SMR info:
_java_thread_list=0x0000022e7a403ad0, length=13, elements={
0x0000022e5dbcba60, 0x0000022e7a1a49f0, 0x0000022e7a1a5910, 0x0000022e7a1b9d30,
0x0000022e7a1ba790, 0x0000022e7a1c3240, 0x0000022e7a1c5cb0, 0x0000022e7a1c6a40,
0x0000022e7a1d4a00, 0x0000022e7a298d30, 0x0000022e7a299a50, 0x0000022e7a3d2960,
0x0000022e7a3d3010
}

Java Threads: ( => current thread )
  0x0000022e5dbcba60 JavaThread "main"                              [_thread_blocked, id=15184, stack(0x000000dcb9a00000,0x000000dcb9b00000) (1024K)]
  0x0000022e7a1a49f0 JavaThread "Reference Handler"          daemon [_thread_blocked, id=12404, stack(0x000000dcba200000,0x000000dcba300000) (1024K)]
  0x0000022e7a1a5910 JavaThread "Finalizer"                  daemon [_thread_blocked, id=3360, stack(0x000000dcba300000,0x000000dcba400000) (1024K)]
  0x0000022e7a1b9d30 JavaThread "Signal Dispatcher"          daemon [_thread_blocked, id=7172, stack(0x000000dcba400000,0x000000dcba500000) (1024K)]
  0x0000022e7a1ba790 JavaThread "Attach Listener"            daemon [_thread_blocked, id=13516, stack(0x000000dcba500000,0x000000dcba600000) (1024K)]
  0x0000022e7a1c3240 JavaThread "Service Thread"             daemon [_thread_blocked, id=12716, stack(0x000000dcba600000,0x000000dcba700000) (1024K)]
  0x0000022e7a1c5cb0 JavaThread "Monitor Deflation Thread"   daemon [_thread_blocked, id=4256, stack(0x000000dcba700000,0x000000dcba800000) (1024K)]
  0x0000022e7a1c6a40 JavaThread "C2 CompilerThread0"         daemon [_thread_blocked, id=13580, stack(0x000000dcba800000,0x000000dcba900000) (1024K)]
  0x0000022e7a1d4a00 JavaThread "C1 CompilerThread0"         daemon [_thread_blocked, id=10216, stack(0x000000dcba900000,0x000000dcbaa00000) (1024K)]
  0x0000022e7a298d30 JavaThread "Notification Thread"        daemon [_thread_blocked, id=6712, stack(0x000000dcbaa00000,0x000000dcbab00000) (1024K)]
  0x0000022e7a299a50 JavaThread "Common-Cleaner"             daemon [_thread_blocked, id=5976, stack(0x000000dcbab00000,0x000000dcbac00000) (1024K)]
  0x0000022e7a3d2960 JavaThread "C2 CompilerThread1"         daemon [_thread_blocked, id=14176, stack(0x000000dcbac00000,0x000000dcbad00000) (1024K)]
  0x0000022e7a3d3010 JavaThread "C2 CompilerThread2"         daemon [_thread_in_native, id=10484, stack(0x000000dcbad00000,0x000000dcbae00000) (1024K)]
Total: 13

Other Threads:
  0x0000022e7a148ab0 VMThread "VM Thread"                           [id=10680, stack(0x000000dcba100000,0x000000dcba200000) (1024K)]
  0x0000022e79f90880 WatcherThread "VM Periodic Task Thread"        [id=1660, stack(0x000000dcba000000,0x000000dcba100000) (1024K)]
  0x0000022e5fdfe790 WorkerThread "GC Thread#0"                     [id=11676, stack(0x000000dcb9b00000,0x000000dcb9c00000) (1024K)]
  0x0000022e7ac544c0 WorkerThread "GC Thread#1"                     [id=2752, stack(0x000000dcbae00000,0x000000dcbaf00000) (1024K)]
  0x0000022e7ac54860 WorkerThread "GC Thread#2"                     [id=12280, stack(0x000000dcbaf00000,0x000000dcbb000000) (1024K)]
  0x0000022e7ac61d80 WorkerThread "GC Thread#3"                     [id=13800, stack(0x000000dcbb000000,0x000000dcbb100000) (1024K)]
  0x0000022e7ac41010 WorkerThread "GC Thread#4"                     [id=7680, stack(0x000000dcbb100000,0x000000dcbb200000) (1024K)]
  0x0000022e7ac40c70 WorkerThread "GC Thread#5"                     [id=5300, stack(0x000000dcbb200000,0x000000dcbb300000) (1024K)]
  0x0000022e7ac40190 WorkerThread "GC Thread#6"                     [id=1984, stack(0x000000dcbb300000,0x000000dcbb400000) (1024K)]
=>0x0000022e7ac40530 WorkerThread "GC Thread#7"                     [id=14096, stack(0x000000dcbb400000,0x000000dcbb500000) (1024K)]
  0x0000022e7ac408d0 WorkerThread "GC Thread#8"                     [id=2568, stack(0x000000dcbb500000,0x000000dcbb600000) (1024K)]
  0x0000022e7f3c9d90 WorkerThread "GC Thread#9"                     [id=15180, stack(0x000000dcbb800000,0x000000dcbb900000) (1024K)]
  0x0000022e5fe10600 ConcurrentGCThread "G1 Main Marker"            [id=11816, stack(0x000000dcb9c00000,0x000000dcb9d00000) (1024K)]
  0x0000022e5fe118a0 WorkerThread "G1 Conc#0"                       [id=9728, stack(0x000000dcb9d00000,0x000000dcb9e00000) (1024K)]
  0x0000022e7f3c7cf0 WorkerThread "G1 Conc#1"                       [id=8364, stack(0x000000dcbb600000,0x000000dcbb700000) (1024K)]
  0x0000022e7f3c7210 WorkerThread "G1 Conc#2"                       [id=7716, stack(0x000000dcbb700000,0x000000dcbb800000) (1024K)]
  0x0000022e5fe6e5c0 ConcurrentGCThread "G1 Refine#0"               [id=2816, stack(0x000000dcb9e00000,0x000000dcb9f00000) (1024K)]
  0x0000022e79e602b0 ConcurrentGCThread "G1 Service"                [id=7424, stack(0x000000dcb9f00000,0x000000dcba000000) (1024K)]
Total: 18

Threads with active compile tasks:
C2 CompilerThread0     4707 9406       4       org.jetbrains.kotlin.fir.resolve.dfa.FirDataFlowAnalyzer::mergeIncomingFlow (54 bytes)
C2 CompilerThread1     4707 9610       4       org.jetbrains.kotlin.fir.FirVisibilityChecker::isSpecificDeclarationVisible (346 bytes)
C2 CompilerThread2     4707 9561       4       org.jetbrains.kotlin.fir.resolve.calls.tower.FirTowerResolveTask::processCandidatesWithGivenImplicitReceiverAsValue (1840 bytes)
Total: 3

VM state: at safepoint (normal execution)

VM Mutex/Monitor currently owned by a thread:  ([mutex/lock_event])
[0x00007ffad33520c8] Threads_lock - owner thread: 0x0000022e7a148ab0
[0x00007ffad33521c8] Heap_lock - owner thread: 0x0000022e5dbcba60

Heap address: 0x0000000702e00000, size: 4050 MB, Compressed Oops mode: Zero based, Oop shift amount: 3

CDS archive(s) not mapped
Compressed class space mapped at: 0x0000000800000000-0x0000000840000000, reserved size: 1073741824
Narrow klass base: 0x0000000800000000, Narrow klass shift: 0, Narrow klass range: 0x40000000

GC Precious Log:
 CardTable entry size: 512
 Card Set container configuration: InlinePtr #cards 4 size 8 Array Of Cards #cards 16 size 48 Howl #buckets 8 coarsen threshold 3686 Howl Bitmap #cards 512 size 80 coarsen threshold 460 Card regions per heap region 1 cards per card region 4096
 CPUs: 12 total, 12 available
 Memory: 16197M
 Large Page Support: Disabled
 NUMA Support: Disabled
 Compressed Oops: Enabled (Zero based)
 Heap Region Size: 2M
 Heap Min Capacity: 8M
 Heap Initial Capacity: 254M
 Heap Max Capacity: 4050M
 Pre-touch: Disabled
 Parallel Workers: 10
 Concurrent Workers: 3
 Concurrent Refinement Workers: 10
 Periodic GC: Disabled

Heap:
 garbage-first heap   total 221184K, used 181197K [0x0000000702e00000, 0x0000000800000000)
  region size 2048K, 35 young (71680K), 4 survivors (8192K)
 Metaspace       used 59333K, committed 59648K, reserved 1114112K
  class space    used 6566K, committed 6720K, reserved 1048576K

Heap Regions: E=young(eden), S=young(survivor), O=old, HS=humongous(starts), HC=humongous(continues), CS=collection set, F=free, TAMS=top-at-mark-start, PB=parsable bottom
|   0|0x0000000702e00000, 0x0000000703000000, 0x0000000703000000|100%|HS|  |TAMS 0x0000000703000000| PB 0x0000000702e00000| Complete 
|   1|0x0000000703000000, 0x0000000703200000, 0x0000000703200000|100%|HC|  |TAMS 0x0000000703200000| PB 0x0000000703000000| Complete 
|   2|0x0000000703200000, 0x0000000703400000, 0x0000000703400000|100%| O|  |TAMS 0x0000000703400000| PB 0x0000000703200000| Untracked 
|   3|0x0000000703400000, 0x0000000703600000, 0x0000000703600000|100%| O|  |TAMS 0x0000000703600000| PB 0x0000000703400000| Untracked 
|   4|0x0000000703600000, 0x0000000703800000, 0x0000000703800000|100%| O|  |TAMS 0x0000000703800000| PB 0x0000000703600000| Untracked 
|   5|0x0000000703800000, 0x0000000703a00000, 0x0000000703a00000|100%| O|  |TAMS 0x0000000703a00000| PB 0x0000000703800000| Untracked 
|   6|0x0000000703a00000, 0x0000000703c00000, 0x0000000703c00000|100%| O|  |TAMS 0x0000000703c00000| PB 0x0000000703a00000| Untracked 
|   7|0x0000000703c00000, 0x0000000703e00000, 0x0000000703e00000|100%| O|  |TAMS 0x0000000703e00000| PB 0x0000000703c00000| Untracked 
|   8|0x0000000703e00000, 0x0000000704000000, 0x0000000704000000|100%| O|  |TAMS 0x0000000704000000| PB 0x0000000703e00000| Untracked 
|   9|0x0000000704000000, 0x0000000704200000, 0x0000000704200000|100%| O|  |TAMS 0x0000000704200000| PB 0x0000000704000000| Untracked 
|  10|0x0000000704200000, 0x0000000704400000, 0x0000000704400000|100%| O|  |TAMS 0x0000000704400000| PB 0x0000000704200000| Untracked 
|  11|0x0000000704400000, 0x0000000704600000, 0x0000000704600000|100%| O|  |TAMS 0x0000000704600000| PB 0x0000000704400000| Untracked 
|  12|0x0000000704600000, 0x0000000704800000, 0x0000000704800000|100%| O|  |TAMS 0x0000000704800000| PB 0x0000000704600000| Untracked 
|  13|0x0000000704800000, 0x0000000704a00000, 0x0000000704a00000|100%| O|  |TAMS 0x0000000704a00000| PB 0x0000000704800000| Untracked 
|  14|0x0000000704a00000, 0x0000000704c00000, 0x0000000704c00000|100%| O|  |TAMS 0x0000000704c00000| PB 0x0000000704a00000| Untracked 
|  15|0x0000000704c00000, 0x0000000704e00000, 0x0000000704e00000|100%| O|  |TAMS 0x0000000704e00000| PB 0x0000000704c00000| Untracked 
|  16|0x0000000704e00000, 0x0000000705000000, 0x0000000705000000|100%| O|  |TAMS 0x0000000705000000| PB 0x0000000704e00000| Untracked 
|  17|0x0000000705000000, 0x0000000705200000, 0x0000000705200000|100%| O|  |TAMS 0x0000000705200000| PB 0x0000000705000000| Untracked 
|  18|0x0000000705200000, 0x0000000705400000, 0x0000000705400000|100%| O|  |TAMS 0x0000000705400000| PB 0x0000000705200000| Untracked 
|  19|0x0000000705400000, 0x0000000705600000, 0x0000000705600000|100%| O|  |TAMS 0x0000000705600000| PB 0x0000000705400000| Untracked 
|  20|0x0000000705600000, 0x0000000705800000, 0x0000000705800000|100%| O|  |TAMS 0x0000000705800000| PB 0x0000000705600000| Untracked 
|  21|0x0000000705800000, 0x0000000705a00000, 0x0000000705a00000|100%| O|  |TAMS 0x0000000705a00000| PB 0x0000000705800000| Untracked 
|  22|0x0000000705a00000, 0x0000000705c00000, 0x0000000705c00000|100%| O|  |TAMS 0x0000000705c00000| PB 0x0000000705a00000| Untracked 
|  23|0x0000000705c00000, 0x0000000705e00000, 0x0000000705e00000|100%| O|  |TAMS 0x0000000705e00000| PB 0x0000000705c00000| Untracked 
|  24|0x0000000705e00000, 0x0000000706000000, 0x0000000706000000|100%| O|  |TAMS 0x0000000706000000| PB 0x0000000705e00000| Untracked 
|  25|0x0000000706000000, 0x0000000706200000, 0x0000000706200000|100%| O|  |TAMS 0x0000000706200000| PB 0x0000000706000000| Untracked 
|  26|0x0000000706200000, 0x0000000706400000, 0x0000000706400000|100%| O|  |TAMS 0x0000000706400000| PB 0x0000000706200000| Untracked 
|  27|0x0000000706400000, 0x0000000706600000, 0x0000000706600000|100%| O|  |TAMS 0x0000000706600000| PB 0x0000000706400000| Untracked 
|  28|0x0000000706600000, 0x0000000706800000, 0x0000000706800000|100%| O|  |TAMS 0x0000000706800000| PB 0x0000000706600000| Untracked 
|  29|0x0000000706800000, 0x0000000706a00000, 0x0000000706a00000|100%| O|  |TAMS 0x0000000706a00000| PB 0x0000000706800000| Untracked 
|  30|0x0000000706a00000, 0x0000000706c00000, 0x0000000706c00000|100%| O|  |TAMS 0x0000000706c00000| PB 0x0000000706a00000| Untracked 
|  31|0x0000000706c00000, 0x0000000706e00000, 0x0000000706e00000|100%| O|  |TAMS 0x0000000706c00000| PB 0x0000000706c00000| Untracked 
|  32|0x0000000706e00000, 0x0000000707000000, 0x0000000707000000|100%| O|  |TAMS 0x0000000707000000| PB 0x0000000706e00000| Untracked 
|  33|0x0000000707000000, 0x0000000707200000, 0x0000000707200000|100%| O|  |TAMS 0x0000000707200000| PB 0x0000000707000000| Untracked 
|  34|0x0000000707200000, 0x0000000707400000, 0x0000000707400000|100%| O|  |TAMS 0x0000000707400000| PB 0x0000000707200000| Untracked 
|  35|0x0000000707400000, 0x0000000707600000, 0x0000000707600000|100%| O|  |TAMS 0x0000000707600000| PB 0x0000000707400000| Untracked 
|  36|0x0000000707600000, 0x0000000707800000, 0x0000000707800000|100%| O|  |TAMS 0x0000000707800000| PB 0x0000000707600000| Untracked 
|  37|0x0000000707800000, 0x0000000707a00000, 0x0000000707a00000|100%| O|  |TAMS 0x0000000707a00000| PB 0x0000000707800000| Untracked 
|  38|0x0000000707a00000, 0x0000000707c00000, 0x0000000707c00000|100%| O|  |TAMS 0x0000000707c00000| PB 0x0000000707a00000| Untracked 
|  39|0x0000000707c00000, 0x0000000707e00000, 0x0000000707e00000|100%| O|  |TAMS 0x0000000707e00000| PB 0x0000000707c00000| Untracked 
|  40|0x0000000707e00000, 0x0000000708000000, 0x0000000708000000|100%| O|  |TAMS 0x0000000708000000| PB 0x0000000707e00000| Untracked 
|  41|0x0000000708000000, 0x0000000708200000, 0x0000000708200000|100%| O|  |TAMS 0x0000000708200000| PB 0x0000000708000000| Untracked 
|  42|0x0000000708200000, 0x0000000708400000, 0x0000000708400000|100%| O|  |TAMS 0x0000000708400000| PB 0x0000000708200000| Untracked 
|  43|0x0000000708400000, 0x0000000708600000, 0x0000000708600000|100%| O|  |TAMS 0x0000000708600000| PB 0x0000000708400000| Untracked 
|  44|0x0000000708600000, 0x0000000708800000, 0x0000000708800000|100%| O|  |TAMS 0x0000000708800000| PB 0x0000000708600000| Untracked 
|  45|0x0000000708800000, 0x0000000708a00000, 0x0000000708a00000|100%| O|  |TAMS 0x0000000708a00000| PB 0x0000000708800000| Untracked 
|  46|0x0000000708a00000, 0x0000000708c00000, 0x0000000708c00000|100%| O|  |TAMS 0x0000000708c00000| PB 0x0000000708a00000| Untracked 
|  47|0x0000000708c00000, 0x0000000708e00000, 0x0000000708e00000|100%| O|  |TAMS 0x0000000708e00000| PB 0x0000000708c00000| Untracked 
|  48|0x0000000708e00000, 0x0000000709000000, 0x0000000709000000|100%| O|  |TAMS 0x0000000709000000| PB 0x0000000708e00000| Untracked 
|  49|0x0000000709000000, 0x0000000709200000, 0x0000000709200000|100%| O|  |TAMS 0x00000007090f3438| PB 0x0000000709000000| Untracked 
|  50|0x0000000709200000, 0x0000000709400000, 0x0000000709400000|100%| O|  |TAMS 0x0000000709200000| PB 0x0000000709200000| Untracked 
|  51|0x0000000709400000, 0x0000000709600000, 0x0000000709600000|100%| O|  |TAMS 0x0000000709400000| PB 0x0000000709400000| Untracked 
|  52|0x0000000709600000, 0x0000000709800000, 0x0000000709800000|100%| O|  |TAMS 0x0000000709600000| PB 0x0000000709600000| Untracked 
|  53|0x0000000709800000, 0x00000007099fdce0, 0x0000000709a00000| 99%| O|  |TAMS 0x0000000709800000| PB 0x0000000709800000| Untracked 
|  54|0x0000000709a00000, 0x0000000709a00000, 0x0000000709c00000|  0%| F|  |TAMS 0x0000000709a00000| PB 0x0000000709a00000| Untracked 
|  55|0x0000000709c00000, 0x0000000709c00000, 0x0000000709e00000|  0%| F|  |TAMS 0x0000000709c00000| PB 0x0000000709c00000| Untracked 
|  56|0x0000000709e00000, 0x0000000709e00000, 0x000000070a000000|  0%| F|  |TAMS 0x0000000709e00000| PB 0x0000000709e00000| Untracked 
|  57|0x000000070a000000, 0x000000070a000000, 0x000000070a200000|  0%| F|  |TAMS 0x000000070a000000| PB 0x000000070a000000| Untracked 
|  58|0x000000070a200000, 0x000000070a200000, 0x000000070a400000|  0%| F|  |TAMS 0x000000070a200000| PB 0x000000070a200000| Untracked 
|  59|0x000000070a400000, 0x000000070a600000, 0x000000070a600000|100%| E|CS|TAMS 0x000000070a400000| PB 0x000000070a400000| Complete 
|  60|0x000000070a600000, 0x000000070a800000, 0x000000070a800000|100%| E|CS|TAMS 0x000000070a600000| PB 0x000000070a600000| Complete 
|  61|0x000000070a800000, 0x000000070aa00000, 0x000000070aa00000|100%| E|CS|TAMS 0x000000070a800000| PB 0x000000070a800000| Complete 
|  62|0x000000070aa00000, 0x000000070ac00000, 0x000000070ac00000|100%| E|CS|TAMS 0x000000070aa00000| PB 0x000000070aa00000| Complete 
|  63|0x000000070ac00000, 0x000000070ac00000, 0x000000070ae00000|  0%| F|  |TAMS 0x000000070ac00000| PB 0x000000070ac00000| Untracked 
|  64|0x000000070ae00000, 0x000000070ae00000, 0x000000070b000000|  0%| F|  |TAMS 0x000000070ae00000| PB 0x000000070ae00000| Untracked 
|  65|0x000000070b000000, 0x000000070b000000, 0x000000070b200000|  0%| F|  |TAMS 0x000000070b000000| PB 0x000000070b000000| Untracked 
|  66|0x000000070b200000, 0x000000070b200000, 0x000000070b400000|  0%| F|  |TAMS 0x000000070b200000| PB 0x000000070b200000| Untracked 
|  67|0x000000070b400000, 0x000000070b400000, 0x000000070b600000|  0%| F|  |TAMS 0x000000070b400000| PB 0x000000070b400000| Untracked 
|  68|0x000000070b600000, 0x000000070b800000, 0x000000070b800000|100%| E|CS|TAMS 0x000000070b600000| PB 0x000000070b600000| Complete 
|  69|0x000000070b800000, 0x000000070b93d710, 0x000000070ba00000| 62%| S|  |TAMS 0x000000070b800000| PB 0x000000070b800000| Complete 
|  70|0x000000070ba00000, 0x000000070bc00000, 0x000000070bc00000|100%| S|  |TAMS 0x000000070ba00000| PB 0x000000070ba00000| Complete 
|  71|0x000000070bc00000, 0x000000070be00000, 0x000000070be00000|100%| S|  |TAMS 0x000000070bc00000| PB 0x000000070bc00000| Complete 
|  72|0x000000070be00000, 0x000000070c000000, 0x000000070c000000|100%| S|  |TAMS 0x000000070be00000| PB 0x000000070be00000| Complete 
|  73|0x000000070c000000, 0x000000070c200000, 0x000000070c200000|100%| E|CS|TAMS 0x000000070c000000| PB 0x000000070c000000| Complete 
|  74|0x000000070c200000, 0x000000070c400000, 0x000000070c400000|100%| E|CS|TAMS 0x000000070c200000| PB 0x000000070c200000| Complete 
|  75|0x000000070c400000, 0x000000070c600000, 0x000000070c600000|100%| E|CS|TAMS 0x000000070c400000| PB 0x000000070c400000| Complete 
|  76|0x000000070c600000, 0x000000070c800000, 0x000000070c800000|100%| E|CS|TAMS 0x000000070c600000| PB 0x000000070c600000| Complete 
|  77|0x000000070c800000, 0x000000070ca00000, 0x000000070ca00000|100%| E|CS|TAMS 0x000000070c800000| PB 0x000000070c800000| Complete 
|  78|0x000000070ca00000, 0x000000070cc00000, 0x000000070cc00000|100%| E|CS|TAMS 0x000000070ca00000| PB 0x000000070ca00000| Complete 
|  79|0x000000070cc00000, 0x000000070ce00000, 0x000000070ce00000|100%| E|CS|TAMS 0x000000070cc00000| PB 0x000000070cc00000| Complete 
|  80|0x000000070ce00000, 0x000000070d000000, 0x000000070d000000|100%| E|CS|TAMS 0x000000070ce00000| PB 0x000000070ce00000| Complete 
|  81|0x000000070d000000, 0x000000070d200000, 0x000000070d200000|100%| E|CS|TAMS 0x000000070d000000| PB 0x000000070d000000| Complete 
|  82|0x000000070d200000, 0x000000070d400000, 0x000000070d400000|100%| E|CS|TAMS 0x000000070d200000| PB 0x000000070d200000| Complete 
|  83|0x000000070d400000, 0x000000070d600000, 0x000000070d600000|100%| E|CS|TAMS 0x000000070d400000| PB 0x000000070d400000| Complete 
|  84|0x000000070d600000, 0x000000070d800000, 0x000000070d800000|100%| E|CS|TAMS 0x000000070d600000| PB 0x000000070d600000| Complete 
|  85|0x000000070d800000, 0x000000070da00000, 0x000000070da00000|100%| E|CS|TAMS 0x000000070d800000| PB 0x000000070d800000| Complete 
|  86|0x000000070da00000, 0x000000070dc00000, 0x000000070dc00000|100%| E|CS|TAMS 0x000000070da00000| PB 0x000000070da00000| Complete 
|  87|0x000000070dc00000, 0x000000070de00000, 0x000000070de00000|100%| E|CS|TAMS 0x000000070dc00000| PB 0x000000070dc00000| Complete 
|  88|0x000000070de00000, 0x000000070e000000, 0x000000070e000000|100%| E|CS|TAMS 0x000000070de00000| PB 0x000000070de00000| Complete 
|  89|0x000000070e000000, 0x000000070e200000, 0x000000070e200000|100%| E|CS|TAMS 0x000000070e000000| PB 0x000000070e000000| Complete 
|  90|0x000000070e200000, 0x000000070e400000, 0x000000070e400000|100%| E|CS|TAMS 0x000000070e200000| PB 0x000000070e200000| Complete 
|  91|0x000000070e400000, 0x000000070e600000, 0x000000070e600000|100%| E|CS|TAMS 0x000000070e400000| PB 0x000000070e400000| Complete 
|  92|0x000000070e600000, 0x000000070e800000, 0x000000070e800000|100%| E|CS|TAMS 0x000000070e600000| PB 0x000000070e600000| Complete 
|  93|0x000000070e800000, 0x000000070ea00000, 0x000000070ea00000|100%| E|CS|TAMS 0x000000070e800000| PB 0x000000070e800000| Complete 
|  94|0x000000070ea00000, 0x000000070ec00000, 0x000000070ec00000|100%| E|CS|TAMS 0x000000070ea00000| PB 0x000000070ea00000| Complete 
|  95|0x000000070ec00000, 0x000000070ee00000, 0x000000070ee00000|100%| E|CS|TAMS 0x000000070ec00000| PB 0x000000070ec00000| Complete 
|  96|0x000000070ee00000, 0x000000070f000000, 0x000000070f000000|100%| E|CS|TAMS 0x000000070ee00000| PB 0x000000070ee00000| Complete 
|  97|0x000000070f000000, 0x000000070f200000, 0x000000070f200000|100%| E|CS|TAMS 0x000000070f000000| PB 0x000000070f000000| Complete 
|  98|0x000000070f200000, 0x000000070f400000, 0x000000070f400000|100%| E|CS|TAMS 0x000000070f200000| PB 0x000000070f200000| Complete 
|  99|0x000000070f400000, 0x000000070f600000, 0x000000070f600000|100%| E|CS|TAMS 0x000000070f400000| PB 0x000000070f400000| Complete 
| 100|0x000000070f600000, 0x000000070f800000, 0x000000070f800000|100%| E|CS|TAMS 0x000000070f600000| PB 0x000000070f600000| Complete 
| 112|0x0000000710e00000, 0x0000000711000000, 0x0000000711000000|100%| E|CS|TAMS 0x0000000710e00000| PB 0x0000000710e00000| Complete 
| 113|0x0000000711000000, 0x0000000711200000, 0x0000000711200000|100%| E|CS|TAMS 0x0000000711000000| PB 0x0000000711000000| Complete 
| 126|0x0000000712a00000, 0x0000000712c00000, 0x0000000712c00000|100%| E|CS|TAMS 0x0000000712a00000| PB 0x0000000712a00000| Complete 
|2021|0x00000007ff800000, 0x00000007ffa00000, 0x00000007ffa00000|100%| O|  |TAMS 0x00000007ffa00000| PB 0x00000007ff800000| Untracked 
|2022|0x00000007ffa00000, 0x00000007ffc00000, 0x00000007ffc00000|100%| O|  |TAMS 0x00000007ffc00000| PB 0x00000007ffa00000| Untracked 
|2023|0x00000007ffc00000, 0x00000007ffe00000, 0x00000007ffe00000|100%| O|  |TAMS 0x00000007ffe00000| PB 0x00000007ffc00000| Untracked 
|2024|0x00000007ffe00000, 0x0000000800000000, 0x0000000800000000|100%| O|  |TAMS 0x0000000800000000| PB 0x00000007ffe00000| Untracked 

Card table byte_map: [0x0000022e72c30000,0x0000022e73420000] _byte_map_base: 0x0000022e6f419000

Marking Bits: (CMBitMap*) 0x0000022e5fdfee90
 Bits: [0x0000022e73420000, 0x0000022e77368000)

Polling page: 0x0000022e5f570000

Metaspace:

Usage:
  Non-class:     51.53 MB used.
      Class:      6.41 MB used.
       Both:     57.94 MB used.

Virtual space:
  Non-class space:       64.00 MB reserved,      51.69 MB ( 81%) committed,  1 nodes.
      Class space:        1.00 GB reserved,       6.56 MB ( <1%) committed,  1 nodes.
             Both:        1.06 GB reserved,      58.25 MB (  5%) committed. 

Chunk freelists:
   Non-Class:  11.77 MB
       Class:  9.42 MB
        Both:  21.19 MB

MaxMetaspaceSize: unlimited
CompressedClassSpaceSize: 1.00 GB
Initial GC threshold: 21.00 MB
Current GC threshold: 82.81 MB
CDS: off
 - commit_granule_bytes: 65536.
 - commit_granule_words: 8192.
 - virtual_space_node_default_size: 8388608.
 - enlarge_chunks_in_place: 1.
 - use_allocation_guard: 0.


Internal statistics:

num_allocs_failed_limit: 3.
num_arena_births: 320.
num_arena_deaths: 0.
num_vsnodes_births: 2.
num_vsnodes_deaths: 0.
num_space_committed: 930.
num_space_uncommitted: 0.
num_chunks_returned_to_freelist: 3.
num_chunks_taken_from_freelist: 2138.
num_chunk_merges: 3.
num_chunk_splits: 1720.
num_chunks_enlarged: 1542.
num_inconsistent_stats: 0.

CodeHeap 'non-profiled nmethods': size=120000Kb used=6636Kb max_used=6636Kb free=113363Kb
 bounds [0x0000022e6a9c0000, 0x0000022e6b040000, 0x0000022e71ef0000]
CodeHeap 'profiled nmethods': size=120000Kb used=31195Kb max_used=31195Kb free=88804Kb
 bounds [0x0000022e62ef0000, 0x0000022e64d70000, 0x0000022e6a420000]
CodeHeap 'non-nmethods': size=5760Kb used=1680Kb max_used=1712Kb free=4079Kb
 bounds [0x0000022e6a420000, 0x0000022e6a690000, 0x0000022e6a9c0000]
 total_blobs=9987 nmethods=9299 adapters=586
 compilation: enabled
              stopped_count=0, restarted_count=0
 full_count=0

Compilation events (20 events):
Event: 4.670 Thread 0x0000022e7a3d2960 9607       4       org.jetbrains.kotlin.fir.resolve.dfa.cfg.CFGNode::<init> (68 bytes)
Event: 4.671 Thread 0x0000022e7a1d4a00 nmethod 9608 0x0000022e64d53b10 code [0x0000022e64d53f20, 0x0000022e64d557f0]
Event: 4.671 Thread 0x0000022e7a1d4a00 9609       3       org.jetbrains.kotlin.fir.expressions.impl.FirBlockImpl::transformChildren (22 bytes)
Event: 4.671 Thread 0x0000022e7a1d4a00 nmethod 9609 0x0000022e64d56090 code [0x0000022e64d564a0, 0x0000022e64d57dd0]
Event: 4.672 Thread 0x0000022e7a1d4a00 9612       3       org.jetbrains.kotlin.fir.resolve.calls.tower.FirBaseTowerResolveTask::processLevel (283 bytes)
Event: 4.673 Thread 0x0000022e7a1d4a00 nmethod 9612 0x0000022e64d58690 code [0x0000022e64d589e0, 0x0000022e64d5a660]
Event: 4.673 Thread 0x0000022e7a1d4a00 9614   !   3       org.jetbrains.kotlin.fir.resolve.transformers.body.resolve.FirDeclarationsResolveTransformer::transformAnonymousFunction (424 bytes)
Event: 4.673 Thread 0x0000022e7a3d2960 nmethod 9607 0x0000022e6b03ac10 code [0x0000022e6b03adc0, 0x0000022e6b03b230]
Event: 4.673 Thread 0x0000022e7a3d2960 9610       4       org.jetbrains.kotlin.fir.FirVisibilityChecker::isSpecificDeclarationVisible (346 bytes)
Event: 4.677 Thread 0x0000022e7a1d4a00 nmethod 9614 0x0000022e64d5ae10 code [0x0000022e64d5b740, 0x0000022e64d60a38]
Event: 4.677 Thread 0x0000022e7a1d4a00 9618       3       org.jetbrains.kotlin.fir.resolve.calls.tower.FirBaseTowerResolveTask$processLevel$3::<init> (11 bytes)
Event: 4.677 Thread 0x0000022e7a1d4a00 nmethod 9618 0x0000022e64d62f10 code [0x0000022e64d63100, 0x0000022e64d635f8]
Event: 4.677 Thread 0x0000022e7a1d4a00 9616       3       org.jetbrains.kotlin.fir.resolve.calls.CandidateCollector::isSuccess (8 bytes)
Event: 4.678 Thread 0x0000022e7a1d4a00 nmethod 9616 0x0000022e64d63790 code [0x0000022e64d639e0, 0x0000022e64d640e8]
Event: 4.678 Thread 0x0000022e7a1d4a00 9617       3       kotlin.coroutines.jvm.internal.Boxing::boxBoolean (5 bytes)
Event: 4.678 Thread 0x0000022e7a1d4a00 nmethod 9617 0x0000022e64d64390 code [0x0000022e64d64540, 0x0000022e64d64708]
Event: 4.678 Thread 0x0000022e7a1d4a00 9613       3       org.jetbrains.kotlin.fir.resolve.transformers.body.resolve.FirAbstractBodyResolveTransformerDispatcher::transformAnonymousFunction (69 bytes)
Event: 4.678 Thread 0x0000022e7a1d4a00 nmethod 9613 0x0000022e64d64810 code [0x0000022e64d64ae0, 0x0000022e64d65810]
Event: 4.678 Thread 0x0000022e7a1d4a00 9615       3       org.jetbrains.kotlin.fir.declarations.impl.FirAnonymousFunctionImpl::transformAnnotations (10 bytes)
Event: 4.679 Thread 0x0000022e7a1d4a00 nmethod 9615 0x0000022e64d65c90 code [0x0000022e64d65f40, 0x0000022e64d66af0]

GC Heap History (20 events):
Event: 0.952 GC heap after
{Heap after GC invocations=6 (full 0):
 garbage-first heap   total 53248K, used 25652K [0x0000000702e00000, 0x0000000800000000)
  region size 2048K, 1 young (2048K), 1 survivors (2048K)
 Metaspace       used 29194K, committed 29376K, reserved 1114112K
  class space    used 3618K, committed 3712K, reserved 1048576K
}
Event: 1.082 GC heap before
{Heap before GC invocations=6 (full 0):
 garbage-first heap   total 53248K, used 39988K [0x0000000702e00000, 0x0000000800000000)
  region size 2048K, 9 young (18432K), 1 survivors (2048K)
 Metaspace       used 32711K, committed 33024K, reserved 1114112K
  class space    used 3992K, committed 4160K, reserved 1048576K
}
Event: 1.084 GC heap after
{Heap after GC invocations=7 (full 0):
 garbage-first heap   total 53248K, used 27111K [0x0000000702e00000, 0x0000000800000000)
  region size 2048K, 2 young (4096K), 2 survivors (4096K)
 Metaspace       used 32711K, committed 33024K, reserved 1114112K
  class space    used 3992K, committed 4160K, reserved 1048576K
}
Event: 1.194 GC heap before
{Heap before GC invocations=8 (full 0):
 garbage-first heap   total 53248K, used 39399K [0x0000000702e00000, 0x0000000800000000)
  region size 2048K, 9 young (18432K), 2 survivors (4096K)
 Metaspace       used 36204K, committed 36480K, reserved 1114112K
  class space    used 4338K, committed 4480K, reserved 1048576K
}
Event: 1.196 GC heap after
{Heap after GC invocations=9 (full 0):
 garbage-first heap   total 53248K, used 27753K [0x0000000702e00000, 0x0000000800000000)
  region size 2048K, 2 young (4096K), 2 survivors (4096K)
 Metaspace       used 36204K, committed 36480K, reserved 1114112K
  class space    used 4338K, committed 4480K, reserved 1048576K
}
Event: 1.349 GC heap before
{Heap before GC invocations=9 (full 0):
 garbage-first heap   total 53248K, used 40041K [0x0000000702e00000, 0x0000000800000000)
  region size 2048K, 9 young (18432K), 2 survivors (4096K)
 Metaspace       used 39145K, committed 39488K, reserved 1114112K
  class space    used 4606K, committed 4736K, reserved 1048576K
}
Event: 1.354 GC heap after
{Heap after GC invocations=10 (full 0):
 garbage-first heap   total 157696K, used 28701K [0x0000000702e00000, 0x0000000800000000)
  region size 2048K, 2 young (4096K), 2 survivors (4096K)
 Metaspace       used 39145K, committed 39488K, reserved 1114112K
  class space    used 4606K, committed 4736K, reserved 1048576K
}
Event: 1.904 GC heap before
{Heap before GC invocations=10 (full 0):
 garbage-first heap   total 157696K, used 116765K [0x0000000702e00000, 0x0000000800000000)
  region size 2048K, 46 young (94208K), 2 survivors (4096K)
 Metaspace       used 42579K, committed 42816K, reserved 1114112K
  class space    used 4900K, committed 4992K, reserved 1048576K
}
Event: 1.920 GC heap after
{Heap after GC invocations=11 (full 0):
 garbage-first heap   total 157696K, used 53248K [0x0000000702e00000, 0x0000000800000000)
  region size 2048K, 6 young (12288K), 6 survivors (12288K)
 Metaspace       used 42579K, committed 42816K, reserved 1114112K
  class space    used 4900K, committed 4992K, reserved 1048576K
}
Event: 2.318 GC heap before
{Heap before GC invocations=11 (full 0):
 garbage-first heap   total 157696K, used 106496K [0x0000000702e00000, 0x0000000800000000)
  region size 2048K, 32 young (65536K), 6 survivors (12288K)
 Metaspace       used 47449K, committed 47680K, reserved 1114112K
  class space    used 5393K, committed 5504K, reserved 1048576K
}
Event: 2.333 GC heap after
{Heap after GC invocations=12 (full 0):
 garbage-first heap   total 157696K, used 64512K [0x0000000702e00000, 0x0000000800000000)
  region size 2048K, 4 young (8192K), 4 survivors (8192K)
 Metaspace       used 47449K, committed 47680K, reserved 1114112K
  class space    used 5393K, committed 5504K, reserved 1048576K
}
Event: 2.472 GC heap before
{Heap before GC invocations=12 (full 0):
 garbage-first heap   total 157696K, used 115712K [0x0000000702e00000, 0x0000000800000000)
  region size 2048K, 29 young (59392K), 4 survivors (8192K)
 Metaspace       used 48167K, committed 48448K, reserved 1114112K
  class space    used 5433K, committed 5568K, reserved 1048576K
}
Event: 2.483 GC heap after
{Heap after GC invocations=13 (full 0):
 garbage-first heap   total 157696K, used 81810K [0x0000000702e00000, 0x0000000800000000)
  region size 2048K, 4 young (8192K), 4 survivors (8192K)
 Metaspace       used 48167K, committed 48448K, reserved 1114112K
  class space    used 5433K, committed 5568K, reserved 1048576K
}
Event: 2.651 GC heap before
{Heap before GC invocations=13 (full 0):
 garbage-first heap   total 157696K, used 122770K [0x0000000702e00000, 0x0000000800000000)
  region size 2048K, 24 young (49152K), 4 survivors (8192K)
 Metaspace       used 49851K, committed 50112K, reserved 1114112K
  class space    used 5605K, committed 5696K, reserved 1048576K
}
Event: 2.657 GC heap after
{Heap after GC invocations=14 (full 0):
 garbage-first heap   total 221184K, used 93184K [0x0000000702e00000, 0x0000000800000000)
  region size 2048K, 3 young (6144K), 3 survivors (6144K)
 Metaspace       used 49851K, committed 50112K, reserved 1114112K
  class space    used 5605K, committed 5696K, reserved 1048576K
}
Event: 3.410 GC heap before
{Heap before GC invocations=15 (full 0):
 garbage-first heap   total 221184K, used 166912K [0x0000000702e00000, 0x0000000800000000)
  region size 2048K, 39 young (79872K), 3 survivors (6144K)
 Metaspace       used 56794K, committed 57088K, reserved 1114112K
  class space    used 6444K, committed 6592K, reserved 1048576K
}
Event: 3.418 GC heap after
{Heap after GC invocations=16 (full 0):
 garbage-first heap   total 221184K, used 104448K [0x0000000702e00000, 0x0000000800000000)
  region size 2048K, 5 young (10240K), 5 survivors (10240K)
 Metaspace       used 56794K, committed 57088K, reserved 1114112K
  class space    used 6444K, committed 6592K, reserved 1048576K
}
Event: 4.012 GC heap before
{Heap before GC invocations=16 (full 0):
 garbage-first heap   total 221184K, used 176128K [0x0000000702e00000, 0x0000000800000000)
  region size 2048K, 40 young (81920K), 5 survivors (10240K)
 Metaspace       used 58618K, committed 58944K, reserved 1114112K
  class space    used 6532K, committed 6656K, reserved 1048576K
}
Event: 4.026 GC heap after
{Heap after GC invocations=17 (full 0):
 garbage-first heap   total 221184K, used 117709K [0x0000000702e00000, 0x0000000800000000)
  region size 2048K, 5 young (10240K), 5 survivors (10240K)
 Metaspace       used 58618K, committed 58944K, reserved 1114112K
  class space    used 6532K, committed 6656K, reserved 1048576K
}
Event: 4.679 GC heap before
{Heap before GC invocations=17 (full 0):
 garbage-first heap   total 221184K, used 181197K [0x0000000702e00000, 0x0000000800000000)
  region size 2048K, 36 young (73728K), 5 survivors (10240K)
 Metaspace       used 59333K, committed 59648K, reserved 1114112K
  class space    used 6566K, committed 6720K, reserved 1048576K
}

Dll operation events (3 events):
Event: 0.004 Loaded shared library C:\Program Files\Android\Android Studio\jbr\bin\java.dll
Event: 0.008 Loaded shared library C:\Program Files\Android\Android Studio\jbr\bin\zip.dll
Event: 0.545 Loaded shared library C:\Program Files\Android\Android Studio\jbr\bin\verify.dll

Deoptimization events (20 events):
Event: 4.569 Thread 0x0000022e5dbcba60 Uncommon trap: trap_request=0xffffff45 fr.pc=0x0000022e6aed30a0 relative=0x0000000000000860
Event: 4.570 Thread 0x0000022e5dbcba60 Uncommon trap: reason=unstable_if action=reinterpret pc=0x0000022e6aed30a0 method=org.jetbrains.kotlin.util.AttributeArrayOwner.registerComponent(Ljava/lang/String;Ljava/lang/Object;)V @ 90 c2
Event: 4.570 Thread 0x0000022e5dbcba60 DEOPT PACKING pc=0x0000022e6aed30a0 sp=0x000000dcb9af4300
Event: 4.570 Thread 0x0000022e5dbcba60 DEOPT UNPACKING pc=0x0000022e6a4746a2 sp=0x000000dcb9af42c0 mode 2
Event: 4.662 Thread 0x0000022e5dbcba60 Uncommon trap: trap_request=0xffffffc6 fr.pc=0x0000022e6b01f7a4 relative=0x00000000000007c4
Event: 4.662 Thread 0x0000022e5dbcba60 Uncommon trap: reason=bimorphic_or_optimized_type_check action=maybe_recompile pc=0x0000022e6b01f7a4 method=org.jetbrains.kotlin.fir.FirVisibilityChecker.isSpecificDeclarationVisible(Lorg/jetbrains/kotlin/fir/declarations/FirMemberDeclaration;Lorg/jetbrai
Event: 4.662 Thread 0x0000022e5dbcba60 DEOPT PACKING pc=0x0000022e6b01f7a4 sp=0x000000dcb9af2a10
Event: 4.662 Thread 0x0000022e5dbcba60 DEOPT UNPACKING pc=0x0000022e6a4746a2 sp=0x000000dcb9af29b0 mode 2
Event: 4.662 Thread 0x0000022e5dbcba60 Uncommon trap: trap_request=0xffffffc6 fr.pc=0x0000022e6b01f7a4 relative=0x00000000000007c4
Event: 4.662 Thread 0x0000022e5dbcba60 Uncommon trap: reason=bimorphic_or_optimized_type_check action=maybe_recompile pc=0x0000022e6b01f7a4 method=org.jetbrains.kotlin.fir.FirVisibilityChecker.isSpecificDeclarationVisible(Lorg/jetbrains/kotlin/fir/declarations/FirMemberDeclaration;Lorg/jetbrai
Event: 4.662 Thread 0x0000022e5dbcba60 DEOPT PACKING pc=0x0000022e6b01f7a4 sp=0x000000dcb9af2680
Event: 4.662 Thread 0x0000022e5dbcba60 DEOPT UNPACKING pc=0x0000022e6a4746a2 sp=0x000000dcb9af2620 mode 2
Event: 4.662 Thread 0x0000022e5dbcba60 Uncommon trap: trap_request=0xffffff45 fr.pc=0x0000022e6af3c670 relative=0x0000000000002970
Event: 4.662 Thread 0x0000022e5dbcba60 Uncommon trap: reason=unstable_if action=reinterpret pc=0x0000022e6af3c670 method=org.jetbrains.kotlin.fir.resolve.calls.tower.ProcessResult.plus(Lorg/jetbrains/kotlin/fir/resolve/calls/tower/ProcessResult;)Lorg/jetbrains/kotlin/fir/resolve/calls/tower/Pr
Event: 4.662 Thread 0x0000022e5dbcba60 DEOPT PACKING pc=0x0000022e6af3c670 sp=0x000000dcb9af3bc0
Event: 4.662 Thread 0x0000022e5dbcba60 DEOPT UNPACKING pc=0x0000022e6a4746a2 sp=0x000000dcb9af3a08 mode 2
Event: 4.671 Thread 0x0000022e5dbcba60 Uncommon trap: trap_request=0xffffff45 fr.pc=0x0000022e6af36b2c relative=0x00000000000028ac
Event: 4.671 Thread 0x0000022e5dbcba60 Uncommon trap: reason=unstable_if action=reinterpret pc=0x0000022e6af36b2c method=org.jetbrains.kotlin.fir.resolve.calls.tower.ProcessResult.plus(Lorg/jetbrains/kotlin/fir/resolve/calls/tower/ProcessResult;)Lorg/jetbrains/kotlin/fir/resolve/calls/tower/Pr
Event: 4.671 Thread 0x0000022e5dbcba60 DEOPT PACKING pc=0x0000022e6af36b2c sp=0x000000dcb9af4110
Event: 4.671 Thread 0x0000022e5dbcba60 DEOPT UNPACKING pc=0x0000022e6a4746a2 sp=0x000000dcb9af3fe0 mode 2

Classes loaded (20 events):
Event: 2.243 Loading class java/util/ArrayList$SubList$1
Event: 2.243 Loading class java/util/ArrayList$SubList$1 done
Event: 2.304 Loading class java/util/AbstractList$ListItr
Event: 2.304 Loading class java/util/AbstractList$ListItr done
Event: 2.604 Loading class java/util/RegularEnumSet$EnumSetIterator
Event: 2.604 Loading class java/util/RegularEnumSet$EnumSetIterator done
Event: 2.617 Loading class java/util/function/UnaryOperator
Event: 2.618 Loading class java/util/function/UnaryOperator done
Event: 2.690 Loading class java/util/function/ToIntFunction
Event: 2.690 Loading class java/util/function/ToIntFunction done
Event: 2.704 Loading class java/util/AbstractList$SubList$1
Event: 2.704 Loading class java/util/AbstractList$SubList$1 done
Event: 2.716 Loading class java/util/regex/Pattern$StartS
Event: 2.717 Loading class java/util/regex/Pattern$StartS done
Event: 2.799 Loading class java/util/AbstractMap$SimpleImmutableEntry
Event: 2.799 Loading class java/util/AbstractMap$SimpleImmutableEntry done
Event: 2.923 Loading class java/security/CodeSigner
Event: 2.923 Loading class java/security/CodeSigner done
Event: 3.608 Loading class java/lang/Byte$ByteCache
Event: 3.608 Loading class java/lang/Byte$ByteCache done

Classes unloaded (0 events):
No events

Classes redefined (0 events):
No events

Internal exceptions (20 events):
Event: 2.718 Thread 0x0000022e5dbcba60 Exception <a 'java/lang/NoSuchMethodError'{0x0000000711121f98}: 'java.lang.Object java.lang.invoke.DirectMethodHandle$Holder.newInvokeSpecial(java.lang.Object, java.lang.Object, java.lang.Object, java.lang.Object, int)'> (0x0000000711121f98) 
thrown [s\src\hotspot\share\interpreter\linkResolver.cpp, line 784]
Event: 2.718 Thread 0x0000022e5dbcba60 Exception <a 'java/lang/NoSuchMethodError'{0x00000007111265a0}: 'java.lang.Object java.lang.invoke.DirectMethodHandle$Holder.invokeSpecial(java.lang.Object, java.lang.Object, java.lang.Object, java.lang.Object, java.lang.Object, int)'> (0x00000007111265a0) 
thrown [s\src\hotspot\share\interpreter\linkResolver.cpp, line 784]
Event: 2.718 Thread 0x0000022e5dbcba60 Exception <a 'java/lang/NoSuchMethodError'{0x000000071112a570}: 'java.lang.Object java.lang.invoke.Invokers$Holder.linkToTargetMethod(java.lang.Object, java.lang.Object, java.lang.Object, int, java.lang.Object)'> (0x000000071112a570) 
thrown [s\src\hotspot\share\interpreter\linkResolver.cpp, line 784]
Event: 2.773 Thread 0x0000022e5dbcba60 Exception <a 'java/lang/NoSuchMethodError'{0x000000070f4273b8}: 'java.lang.Object java.lang.invoke.DirectMethodHandle$Holder.invokeStaticInit(java.lang.Object, java.lang.Object, java.lang.Object, java.lang.Object)'> (0x000000070f4273b8) 
thrown [s\src\hotspot\share\interpreter\linkResolver.cpp, line 784]
Event: 2.950 Thread 0x0000022e5dbcba60 Exception <a 'java/lang/NoSuchMethodError'{0x000000070e704b70}: 'java.lang.Object java.lang.invoke.DirectMethodHandle$Holder.newInvokeSpecial(java.lang.Object, java.lang.Object, java.lang.Object, java.lang.Object, int, java.lang.Object, java.lang.Object)'> (0x000000070e704b70) 
thrown [s\src\hotspot\share\interpreter\linkResolver.cpp, line 784]
Event: 2.995 Thread 0x0000022e5dbcba60 Exception <a 'java/lang/NoSuchMethodError'{0x000000070e139968}: 'java.lang.Object java.lang.invoke.DirectMethodHandle$Holder.invokeStatic(java.lang.Object, int, java.lang.Object, java.lang.Object)'> (0x000000070e139968) 
thrown [s\src\hotspot\share\interpreter\linkResolver.cpp, line 784]
Event: 2.995 Thread 0x0000022e5dbcba60 Exception <a 'java/lang/NoSuchMethodError'{0x000000070e140ae8}: 'java.lang.Object java.lang.invoke.DirectMethodHandle$Holder.newInvokeSpecial(java.lang.Object, int, java.lang.Object)'> (0x000000070e140ae8) 
thrown [s\src\hotspot\share\interpreter\linkResolver.cpp, line 784]
Event: 3.060 Thread 0x0000022e5dbcba60 Exception <a 'java/lang/NoSuchMethodError'{0x000000070ddddda8}: 'java.lang.Object java.lang.invoke.DirectMethodHandle$Holder.invokeStatic(java.lang.Object, java.lang.Object, java.lang.Object, int, java.lang.Object, java.lang.Object)'> (0x000000070ddddda8) 
thrown [s\src\hotspot\share\interpreter\linkResolver.cpp, line 784]
Event: 3.060 Thread 0x0000022e5dbcba60 Exception <a 'java/lang/NoSuchMethodError'{0x000000070dde6208}: 'java.lang.Object java.lang.invoke.DirectMethodHandle$Holder.newInvokeSpecial(java.lang.Object, java.lang.Object, java.lang.Object, int)'> (0x000000070dde6208) 
thrown [s\src\hotspot\share\interpreter\linkResolver.cpp, line 784]
Event: 3.060 Thread 0x0000022e5dbcba60 Exception <a 'java/lang/NoSuchMethodError'{0x000000070ddeaaa8}: 'java.lang.Object java.lang.invoke.DirectMethodHandle$Holder.invokeSpecial(java.lang.Object, java.lang.Object, java.lang.Object, java.lang.Object, int)'> (0x000000070ddeaaa8) 
thrown [s\src\hotspot\share\interpreter\linkResolver.cpp, line 784]
Event: 3.060 Thread 0x0000022e5dbcba60 Exception <a 'java/lang/NoSuchMethodError'{0x000000070ddeeca0}: 'java.lang.Object java.lang.invoke.Invokers$Holder.linkToTargetMethod(java.lang.Object, java.lang.Object, int, java.lang.Object)'> (0x000000070ddeeca0) 
thrown [s\src\hotspot\share\interpreter\linkResolver.cpp, line 784]
Event: 3.098 Thread 0x0000022e5dbcba60 Exception <a 'java/lang/NoSuchMethodError'{0x000000070d8bee30}: 'java.lang.Object java.lang.invoke.DirectMethodHandle$Holder.newInvokeSpecial(java.lang.Object, int, java.lang.Object, java.lang.Object, java.lang.Object)'> (0x000000070d8bee30) 
thrown [s\src\hotspot\share\interpreter\linkResolver.cpp, line 784]
Event: 3.098 Thread 0x0000022e5dbcba60 Exception <a 'java/lang/NoSuchMethodError'{0x000000070d8c6a00}: 'java.lang.Object java.lang.invoke.Invokers$Holder.linkToTargetMethod(int, java.lang.Object, java.lang.Object, java.lang.Object, java.lang.Object)'> (0x000000070d8c6a00) 
thrown [s\src\hotspot\share\interpreter\linkResolver.cpp, line 784]
Event: 3.257 Thread 0x0000022e5dbcba60 Exception <a 'java/lang/NoSuchMethodError'{0x000000070c6b9a90}: 'java.lang.Object java.lang.invoke.DirectMethodHandle$Holder.newInvokeSpecial(java.lang.Object, java.lang.Object, java.lang.Object, int, int)'> (0x000000070c6b9a90) 
thrown [s\src\hotspot\share\interpreter\linkResolver.cpp, line 784]
Event: 3.383 Thread 0x0000022e5dbcba60 Exception <a 'java/lang/NoSuchMethodError'{0x000000070b8cfa38}: 'java.lang.Object java.lang.invoke.DirectMethodHandle$Holder.newInvokeSpecial(java.lang.Object, java.lang.Object, java.lang.Object, java.lang.Object, int, int)'> (0x000000070b8cfa38) 
thrown [s\src\hotspot\share\interpreter\linkResolver.cpp, line 784]
Event: 3.383 Thread 0x0000022e5dbcba60 Exception <a 'java/lang/NoSuchMethodError'{0x000000070b8d7c58}: 'java.lang.Object java.lang.invoke.Invokers$Holder.linkToTargetMethod(java.lang.Object, java.lang.Object, java.lang.Object, int, int, java.lang.Object)'> (0x000000070b8d7c58) 
thrown [s\src\hotspot\share\interpreter\linkResolver.cpp, line 784]
Event: 3.634 Thread 0x0000022e5dbcba60 Exception <a 'java/lang/NoSuchMethodError'{0x000000070ea24770}: 'java.lang.Object java.lang.invoke.DirectMethodHandle$Holder.newInvokeSpecial(java.lang.Object, java.lang.Object, java.lang.Object, java.lang.Object, java.lang.Object, java.lang.Object, java.lang.Object, java.lang.Object, java.lang.Object)'> (0x000000070ea24770) 
thrown [s\src\hotspot\share\interpreter\linkResolver.cpp, line 784]
Event: 3.674 Thread 0x0000022e5dbcba60 Exception <a 'java/lang/NoSuchMethodError'{0x000000070e9cec30}: 'java.lang.Object java.lang.invoke.DirectMethodHandle$Holder.newInvokeSpecial(java.lang.Object, java.lang.Object, java.lang.Object, java.lang.Object, java.lang.Object, int)'> (0x000000070e9cec30) 
thrown [s\src\hotspot\share\interpreter\linkResolver.cpp, line 784]
Event: 3.674 Thread 0x0000022e5dbcba60 Exception <a 'java/lang/NoSuchMethodError'{0x000000070e9d30b8}: 'java.lang.Object java.lang.invoke.DirectMethodHandle$Holder.invokeSpecial(java.lang.Object, java.lang.Object, java.lang.Object, java.lang.Object, java.lang.Object, java.lang.Object, int)'> (0x000000070e9d30b8) 
thrown [s\src\hotspot\share\interpreter\linkResolver.cpp, line 784]
Event: 3.885 Thread 0x0000022e5dbcba60 Implicit null exception at 0x0000022e6aed12dc to 0x0000022e6aed14a4

ZGC Phase Switch (0 events):
No events

VM Operations (20 events):
Event: 3.665 Executing VM operation: HandshakeAllThreads (Deoptimize) done
Event: 3.680 Executing VM operation: HandshakeAllThreads (Deoptimize)
Event: 3.680 Executing VM operation: HandshakeAllThreads (Deoptimize) done
Event: 3.783 Executing VM operation: ICBufferFull
Event: 3.783 Executing VM operation: ICBufferFull done
Event: 3.863 Executing VM operation: ICBufferFull
Event: 3.864 Executing VM operation: ICBufferFull done
Event: 4.012 Executing VM operation: G1CollectForAllocation (G1 Evacuation Pause)
Event: 4.026 Executing VM operation: G1CollectForAllocation (G1 Evacuation Pause) done
Event: 4.181 Executing VM operation: ICBufferFull
Event: 4.181 Executing VM operation: ICBufferFull done
Event: 4.314 Executing VM operation: ICBufferFull
Event: 4.314 Executing VM operation: ICBufferFull done
Event: 4.433 Executing VM operation: ICBufferFull
Event: 4.433 Executing VM operation: ICBufferFull done
Event: 4.436 Executing VM operation: HandshakeAllThreads (Deoptimize)
Event: 4.436 Executing VM operation: HandshakeAllThreads (Deoptimize) done
Event: 4.643 Executing VM operation: ICBufferFull
Event: 4.643 Executing VM operation: ICBufferFull done
Event: 4.679 Executing VM operation: G1CollectForAllocation (G1 Evacuation Pause)

Events (20 events):
Event: 2.695 Thread 0x0000022e7a148ab0 flushing nmethod 0x0000022e6aa32910
Event: 2.695 Thread 0x0000022e7a148ab0 flushing nmethod 0x0000022e6aa30090
Event: 2.695 Thread 0x0000022e7a148ab0 flushing nmethod 0x0000022e6aa63e90
Event: 2.695 Thread 0x0000022e7a148ab0 flushing nmethod 0x0000022e6aa59a10
Event: 2.695 Thread 0x0000022e7a148ab0 flushing nmethod 0x0000022e6aa53890
Event: 2.695 Thread 0x0000022e7a148ab0 flushing nmethod 0x0000022e6aa1c390
Event: 2.695 Thread 0x0000022e7a148ab0 flushing nmethod 0x0000022e6aa51a10
Event: 2.695 Thread 0x0000022e7a148ab0 flushing nmethod 0x0000022e6aa4b990
Event: 2.695 Thread 0x0000022e7a148ab0 flushing nmethod 0x0000022e6aa49310
Event: 2.695 Thread 0x0000022e7a148ab0 flushing nmethod 0x0000022e6aa46890
Event: 2.695 Thread 0x0000022e7a148ab0 flushing nmethod 0x0000022e6aa3ce90
Event: 2.695 Thread 0x0000022e7a148ab0 flushing nmethod 0x0000022e6aa37490
Event: 2.695 Thread 0x0000022e7a148ab0 flushing nmethod 0x0000022e6aa2cf10
Event: 2.695 Thread 0x0000022e7a148ab0 flushing nmethod 0x0000022e6aa2b890
Event: 2.695 Thread 0x0000022e7a148ab0 flushing nmethod 0x0000022e6aa28490
Event: 2.695 Thread 0x0000022e7a148ab0 flushing nmethod 0x0000022e6aa25290
Event: 2.695 Thread 0x0000022e7a148ab0 flushing nmethod 0x0000022e6a9f9c90
Event: 2.695 Thread 0x0000022e7a148ab0 flushing nmethod 0x0000022e6a9e4510
Event: 2.695 Thread 0x0000022e7a148ab0 flushing nmethod 0x0000022e6a9e0590
Event: 2.695 Thread 0x0000022e7a148ab0 flushing nmethod 0x0000022e6a9d6a10


Dynamic libraries:
0x00007ff6e9ca0000 - 0x00007ff6e9caa000 	C:\Program Files\Android\Android Studio\jbr\bin\java.exe
0x00007ffb34e10000 - 0x00007ffb35008000 	C:\Windows\SYSTEM32\ntdll.dll
0x00007ffb345b0000 - 0x00007ffb34672000 	C:\Windows\System32\KERNEL32.DLL
0x00007ffb32500000 - 0x00007ffb327fe000 	C:\Windows\System32\KERNELBASE.dll
0x00007ffb32d30000 - 0x00007ffb32e30000 	C:\Windows\System32\ucrtbase.dll
0x00007ffb12e90000 - 0x00007ffb12ea8000 	C:\Program Files\Android\Android Studio\jbr\bin\jli.dll
0x00007ffb00ee0000 - 0x00007ffb00efb000 	C:\Program Files\Android\Android Studio\jbr\bin\VCRUNTIME140.dll
0x00007ffb33190000 - 0x00007ffb3332d000 	C:\Windows\System32\USER32.dll
0x00007ffb1c1b0000 - 0x00007ffb1c44a000 	C:\Windows\WinSxS\amd64_microsoft.windows.common-controls_6595b64144ccf1df_6.0.19041.4355_none_60b8b9eb71f62e16\COMCTL32.dll
0x00007ffb32b30000 - 0x00007ffb32b52000 	C:\Windows\System32\win32u.dll
0x00007ffb34730000 - 0x00007ffb3475b000 	C:\Windows\System32\GDI32.dll
0x00007ffb34d30000 - 0x00007ffb34dce000 	C:\Windows\System32\msvcrt.dll
0x00007ffb32a10000 - 0x00007ffb32b27000 	C:\Windows\System32\gdi32full.dll
0x00007ffb32c00000 - 0x00007ffb32c9d000 	C:\Windows\System32\msvcp_win.dll
0x00007ffb33c60000 - 0x00007ffb33c8f000 	C:\Windows\System32\IMM32.DLL
0x00007ffb1b230000 - 0x00007ffb1b23c000 	C:\Program Files\Android\Android Studio\jbr\bin\vcruntime140_1.dll
0x00007ffb00700000 - 0x00007ffb0078d000 	C:\Program Files\Android\Android Studio\jbr\bin\msvcp140.dll
0x00007ffad27b0000 - 0x00007ffad342d000 	C:\Program Files\Android\Android Studio\jbr\bin\server\jvm.dll
0x00007ffb34bd0000 - 0x00007ffb34c81000 	C:\Windows\System32\ADVAPI32.dll
0x00007ffb33330000 - 0x00007ffb333cf000 	C:\Windows\System32\sechost.dll
0x00007ffb34a10000 - 0x00007ffb34b33000 	C:\Windows\System32\RPCRT4.dll
0x00007ffb32bd0000 - 0x00007ffb32bf7000 	C:\Windows\System32\bcrypt.dll
0x00007ffb347c0000 - 0x00007ffb3482b000 	C:\Windows\System32\WS2_32.dll
0x00007ffb31a00000 - 0x00007ffb31a4b000 	C:\Windows\SYSTEM32\POWRPROF.dll
0x00007ffb29d60000 - 0x00007ffb29d87000 	C:\Windows\SYSTEM32\WINMM.dll
0x00007ffb2b130000 - 0x00007ffb2b13a000 	C:\Windows\SYSTEM32\VERSION.dll
0x00007ffb31870000 - 0x00007ffb31882000 	C:\Windows\SYSTEM32\UMPDC.dll
0x00007ffb30310000 - 0x00007ffb30322000 	C:\Windows\SYSTEM32\kernel.appcore.dll
0x00007ffb17090000 - 0x00007ffb1709a000 	C:\Program Files\Android\Android Studio\jbr\bin\jimage.dll
0x00007ffb26be0000 - 0x00007ffb26dc4000 	C:\Windows\SYSTEM32\DBGHELP.DLL
0x00007ffb1c500000 - 0x00007ffb1c534000 	C:\Windows\SYSTEM32\dbgcore.DLL
0x00007ffb32ca0000 - 0x00007ffb32d22000 	C:\Windows\System32\bcryptPrimitives.dll
0x00007ffb009d0000 - 0x00007ffb009ef000 	C:\Program Files\Android\Android Studio\jbr\bin\java.dll
0x00007ffaff6e0000 - 0x00007ffaff6f8000 	C:\Program Files\Android\Android Studio\jbr\bin\zip.dll
0x00007ffb33c90000 - 0x00007ffb343fd000 	C:\Windows\System32\SHELL32.dll
0x00007ffb30510000 - 0x00007ffb30cb4000 	C:\Windows\SYSTEM32\windows.storage.dll
0x00007ffb32e30000 - 0x00007ffb33183000 	C:\Windows\System32\combase.dll
0x00007ffb31e00000 - 0x00007ffb31e2e000 	C:\Windows\SYSTEM32\Wldp.dll
0x00007ffb34420000 - 0x00007ffb344ed000 	C:\Windows\System32\OLEAUT32.dll
0x00007ffb34500000 - 0x00007ffb345ad000 	C:\Windows\System32\SHCORE.dll
0x00007ffb349b0000 - 0x00007ffb34a05000 	C:\Windows\System32\shlwapi.dll
0x00007ffb323e0000 - 0x00007ffb32404000 	C:\Windows\SYSTEM32\profapi.dll
0x00007ffb167b0000 - 0x00007ffb167c0000 	C:\Program Files\Android\Android Studio\jbr\bin\net.dll
0x00007ffb2c760000 - 0x00007ffb2c86d000 	C:\Windows\SYSTEM32\WINHTTP.dll
0x00007ffb31be0000 - 0x00007ffb31c4a000 	C:\Windows\system32\mswsock.dll
0x00007ffafc570000 - 0x00007ffafc586000 	C:\Program Files\Android\Android Studio\jbr\bin\nio.dll
0x00007ffb0f5a0000 - 0x00007ffb0f5b0000 	C:\Program Files\Android\Android Studio\jbr\bin\verify.dll

dbghelp: loaded successfully - version: 4.0.5 - missing functions: none
symbol engine: initialized successfully - sym options: 0x614 - pdb path: .;C:\Program Files\Android\Android Studio\jbr\bin;C:\Windows\SYSTEM32;C:\Windows\WinSxS\amd64_microsoft.windows.common-controls_6595b64144ccf1df_6.0.19041.4355_none_60b8b9eb71f62e16;C:\Program Files\Android\Android Studio\jbr\bin\server

VM Arguments:
java_command: org.jetbrains.kotlin.cli.jvm.K2JVMCompiler @C:\Users\Kareem Zedan\StudioProjects\Capital_Taxi2\app\build\20250216_326088824412324596.compiler.options
java_class_path (initial): C:\Users\Kareem Zedan\.gradle\caches\modules-2\files-2.1\org.jetbrains.kotlin\kotlin-compiler-embeddable\2.0.0\1de310de3446414381282ffc46c3ed3919a4d1da\kotlin-compiler-embeddable-2.0.0.jar;C:\Users\Kareem Zedan\.gradle\caches\modules-2\files-2.1\org.jetbrains.kotlin\kotlin-stdlib\2.0.0\b48df2c4aede9586cc931ead433bc02d6fd7879e\kotlin-stdlib-2.0.0.jar;C:\Users\Kareem Zedan\.gradle\caches\modules-2\files-2.1\org.jetbrains.kotlin\kotlin-script-runtime\2.0.0\fdc27dd047d592fa41d2dfa21e7621287a361612\kotlin-script-runtime-2.0.0.jar;C:\Users\Kareem Zedan\.gradle\caches\modules-2\files-2.1\org.jetbrains.kotlin\kotlin-reflect\1.6.10\1cbe9c92c12a94eea200d23c2bbaedaf3daf5132\kotlin-reflect-1.6.10.jar;C:\Users\Kareem Zedan\.gradle\caches\modules-2\files-2.1\org.jetbrains.kotlin\kotlin-daemon-embeddable\2.0.0\b39c612768614c4428c96ee9c65477181fffe9d\kotlin-daemon-embeddable-2.0.0.jar;C:\Users\Kareem Zedan\.gradle\caches\modules-2\files-2.1\org.jetbrains.intellij.deps\trove4j\1.0.20200330\3afb14d5f9ceb459d724e907a21145e8ff394f02\trove4j-1.0.20200330.jar;C:\Users\Kareem Zedan\.gradle\caches\modules-2\files-2.1\org.jetbrains\annotations\13.0\919f0dfe192fb4e063e7dacadee7f8bb9a2672a9\annotations-13.0.jar
Launcher Type: SUN_STANDARD

[Global flags]
     intx CICompilerCount                          = 4                                         {product} {ergonomic}
     uint ConcGCThreads                            = 3                                         {product} {ergonomic}
     uint G1ConcRefinementThreads                  = 10                                        {product} {ergonomic}
   size_t G1HeapRegionSize                         = 2097152                                   {product} {ergonomic}
    uintx GCDrainStackTargetSize                   = 64                                        {product} {ergonomic}
   size_t InitialHeapSize                          = 266338304                                 {product} {ergonomic}
   size_t MarkStackSize                            = 4194304                                   {product} {ergonomic}
   size_t MaxHeapSize                              = 4246732800                                {product} {ergonomic}
   size_t MaxNewSize                               = 2548039680                                {product} {ergonomic}
   size_t MinHeapDeltaBytes                        = 2097152                                   {product} {ergonomic}
   size_t MinHeapSize                              = 8388608                                   {product} {ergonomic}
    uintx NonNMethodCodeHeapSize                   = 5839372                                {pd product} {ergonomic}
    uintx NonProfiledCodeHeapSize                  = 122909434                              {pd product} {ergonomic}
    uintx ProfiledCodeHeapSize                     = 122909434                              {pd product} {ergonomic}
    uintx ReservedCodeCacheSize                    = 251658240                              {pd product} {ergonomic}
     bool SegmentedCodeCache                       = true                                      {product} {ergonomic}
   size_t SoftMaxHeapSize                          = 4246732800                             {manageable} {ergonomic}
     bool UseCompressedOops                        = true                           {product lp64_product} {ergonomic}
     bool UseG1GC                                  = true                                      {product} {ergonomic}
     bool UseLargePagesIndividualAllocation        = false                                  {pd product} {ergonomic}

Logging:
Log output configuration:
 #0: stdout all=warning uptime,level,tags foldmultilines=false
 #1: stderr all=off uptime,level,tags foldmultilines=false

Environment Variables:
PATH=C:\Program Files\Common Files\Oracle\Java\javapath;C:\Windows\system32;C:\Windows;C:\Windows\System32\Wbem;C:\Windows\System32\WindowsPowerShell\v1.0\;C:\Windows\System32\OpenSSH\;C:\Program Files (x86)\Windows Kits\10\Windows Performance Toolkit\;C:\Program Files\Git\cmd;C:\Program Files\nodejs\;C:\Users\Kareem Zedan\AppData\Local\Microsoft\WindowsApps;C:\Users\Kareem Zedan\AppData\Local\Programs\Microsoft VS Code\bin;C:\Users\Kareem Zedan\AppData\Local\Programs\Microsoft VS Code\bin;C:\Users\Kareem Zedan\.cache\firebase\tools\bin;C:\Users\Kareem Zedan\AppData\Local\Pub\Cache\bin;C:\Users\Kareem Zedan\AppData\Roaming\npm;C:\Program Files\jdk-17.0.12\bin;C:\src2\flutter\bin;C:\src2\flutter\bin\cache\dart-sdk\bin;C:\Users\Kareem Zedan\AppData\Local\Google\Cloud SDK\google-cloud-sdk\bin
USERNAME=Kareem Zedan
OS=Windows_NT
PROCESSOR_IDENTIFIER=Intel64 Family 6 Model 151 Stepping 5, GenuineIntel
TMP=C:\Users\KAREEM~1\AppData\Local\Temp
TEMP=C:\Users\KAREEM~1\AppData\Local\Temp




Periodic native trim disabled

JNI global refs:
JNI global refs: 13, weak refs: 5

JNI global refs memory usage: 835, weak refs: 833

Process memory usage:
Resident Set Size: 456452K (2% of 16586164K total physical memory with 957692K free physical memory)

OOME stack traces (most recent first):
Classloader memory used:
Loader jdk.internal.loader.ClassLoaders$AppClassLoader                                 : 48039K
Loader bootstrap                                                                       : 11061K
Loader java.net.URLClassLoader                                                         : 232K

---------------  S Y S T E M  ---------------

OS:
 Windows 10 , 64 bit Build 19041 (10.0.19041.5072)
OS uptime: 0 days 5:47 hours
Hyper-V role detected

CPU: total 12 (initial active 12) (6 cores per cpu, 2 threads per core) family 6 model 151 stepping 5 microcode 0x32, cx8, cmov, fxsr, ht, mmx, 3dnowpref, sse, sse2, sse3, ssse3, sse4.1, sse4.2, popcnt, lzcnt, tsc, tscinvbit, avx, avx2, aes, erms, clmul, bmi1, bmi2, adx, sha, fma, vzeroupper, clflush, clflushopt, clwb, hv, rdtscp, rdpid, fsrm, f16c, cet_ibt, cet_ss
Processor Information for all 12 processors :
  Max Mhz: 2500, Current Mhz: 2500, Mhz Limit: 2500

Memory: 4k page, system-wide physical 16197M (936M free)
TotalPageFile size 26949M (AvailPageFile size 7869M)
current process WorkingSet (physical memory assigned to process): 445M, peak: 450M
current process commit charge ("private bytes"): 479M, peak: 484M

vm_info: OpenJDK 64-Bit Server VM (21.0.3+-12282718-b509.11) for windows-amd64 JRE (21.0.3+-12282718-b509.11), built on 2024-08-27T17:34:15Z by "builder" with MS VC++ 16.10 / 16.11 (VS2019)

END.
