#
# A fatal error has been detected by the Java Runtime Environment:
#
#  EXCEPTION_ACCESS_VIOLATION (0xc0000005) at pc=0x00007ffad299098a, pid=14860, tid=676
#
# JRE version: OpenJDK Runtime Environment (21.0.3) (build 21.0.3+-12282718-b509.11)
# Java VM: OpenJDK 64-Bit Server VM (21.0.3+-12282718-b509.11, mixed mode, tiered, compressed oops, compressed class ptrs, g1 gc, windows-amd64)
# Problematic frame:
# V  [jvm.dll+0x1e098a]
#
# No core dump will be written. Minidumps are not enabled by default on client versions of Windows
#
# If you would like to submit a bug report, please visit:
#   https://youtrack.jetbrains.com/issues/JBR
#

---------------  S U M M A R Y ------------

Command Line: org.jetbrains.kotlin.cli.jvm.K2JVMCompiler @C:\Users\Kareem Zedan\StudioProjects\Capital_Taxi2\app\build\20250216_10292712249953545941.compiler.options

Host: 12th Gen Intel(R) Core(TM) i5-12400F, 12 cores, 15G,  Windows 10 , 64 bit Build 19041 (10.0.19041.5072)
Time: Sun Feb 16 21:04:26 2025 Egypt Standard Time elapsed time: 0.958123 seconds (0d 0h 0m 0s)

---------------  T H R E A D  ---------------

Current thread (0x000002dd4da94250):  JavaThread "C2 CompilerThread0" daemon [_thread_in_native, id=676, stack(0x000000df2ad00000,0x000000df2ae00000) (1024K)]


Current CompileTask:
C2:    958 1772   !   4       jdk.internal.loader.BuiltinClassLoader::loadClassOrNull (143 bytes)

Stack: [0x000000df2ad00000,0x000000df2ae00000],  sp=0x000000df2adfc7e0,  free space=1009k
Native frames: (J=compiled Java code, j=interpreted, Vv=VM code, C=native code)
V  [jvm.dll+0x1e098a]
V  [jvm.dll+0x1dde9e]
V  [jvm.dll+0x246c54]
V  [jvm.dll+0x2460d1]
V  [jvm.dll+0x1c5804]
V  [jvm.dll+0x25575c]
V  [jvm.dll+0x253c36]
V  [jvm.dll+0x3ec996]
V  [jvm.dll+0x800d78]
V  [jvm.dll+0x6c98cd]
C  [ucrtbase.dll+0x21bb2]
C  [KERNEL32.DLL+0x17374]
C  [ntdll.dll+0x4cc91]


siginfo: EXCEPTION_ACCESS_VIOLATION (0xc0000005), reading address 0xffffffffffffffff


Registers:
RAX=0x5326d9c000007ffa, RBX=0x000000000000230d, RCX=0x000002dd5326d95c, RDX=0x0000000000000000
RSP=0x000000df2adfc7e0, RBP=0x000002dd52f8f390, RSI=0x000000df2adfccc0, RDI=0x000002dd555e2940
R8 =0x0000000000000003, R9 =0x0000000000000001, R10=0x0000000000000000, R11=0x3333333333333333
R12=0x0000000000000003, R13=0x0000000000000018, R14=0x000002dd5374c5f0, R15=0x00007ffad32d2d00
RIP=0x00007ffad299098a, EFLAGS=0x0000000000010297


Register to memory mapping:

RAX=0x5326d9c000007ffa is an unknown value
RBX=0x000000000000230d is an unknown value
RCX=0x000002dd5326d95c points into unknown readable memory: fa 7f 00 00
RDX=0x0 is null
RSP=0x000000df2adfc7e0 is pointing into the stack for thread: 0x000002dd4da94250
RBP=0x000002dd52f8f390 points into unknown readable memory: 0x00007ffad30d6850 | 50 68 0d d3 fa 7f 00 00
RSI=0x000000df2adfccc0 is pointing into the stack for thread: 0x000002dd4da94250
RDI=0x000002dd555e2940 points into unknown readable memory: 0x0000000000000000 | 00 00 00 00 00 00 00 00
R8 =0x0000000000000003 is an unknown value
R9 =0x0000000000000001 is an unknown value
R10=0x0 is null
R11=0x3333333333333333 is an unknown value
R12=0x0000000000000003 is an unknown value
R13=0x0000000000000018 is an unknown value
R14=0x000002dd5374c5f0 points into unknown readable memory: 0x00007ffad306d888 | 88 d8 06 d3 fa 7f 00 00
R15=0x00007ffad32d2d00 jvm.dll

Top of Stack: (sp=0x000000df2adfc7e0)
0x000000df2adfc7e0:   000002dd555e2940 000002dd5374c5f0
0x000000df2adfc7f0:   000000000000230d 000002dd52f8f390
0x000000df2adfc800:   0000032100000009 00007ffa00000004
0x000000df2adfc810:   000002dd52f8f390 0000000000000000
0x000000df2adfc820:   0000000000000000 0000000000000000
0x000000df2adfc830:   0000000000000001 000002dd5277e3c0
0x000000df2adfc840:   00000000000003d8 000002dd5277e7a8
0x000000df2adfc850:   000002dd5277e3d0 0000000000000000
0x000000df2adfc860:   000000df2adfcda0 000000df2adfc980
0x000000df2adfc870:   000000df2adfccc0 00007ffad298de9e
0x000000df2adfc880:   000000df2adfccc0 000000df2adfcc01
0x000000df2adfc890:   000000df2adfc901 0000000000000003
0x000000df2adfc8a0:   0000000000008200 000000000000000e
0x000000df2adfc8b0:   000000df2adfc907 000002dd5277e3c0
0x000000df2adfc8c0:   000002dd53fac460 000002dd53fb3dd8
0x000000df2adfc8d0:   000002dd53fb4448 00000000005a5fe0
0x000000df2adfc8e0:   0000000000000000 0000000000000000
0x000000df2adfc8f0:   00000000000082d8 000000000000a300
0x000000df2adfc900:   0000000000000000 00007ffad30ead18
0x000000df2adfc910:   0000000000000000 0000000000000000
0x000000df2adfc920:   0000000000000000 00007ffad30ead18
0x000000df2adfc930:   0000000000000000 000002dd4da46340
0x000000df2adfc940:   0000277b0000000c 000000df2adfe1b0
0x000000df2adfc950:   000002dd552ef050 000000014dbc1500
0x000000df2adfc960:   000002dd55461050 0000000000002481
0x000000df2adfc970:   000000df2adfc8b0 000002dd5277e3d0
0x000000df2adfc980:   00007ffad30eace8 000002dd0000000d
0x000000df2adfc990:   000000df2adfe1b0 000000df2adfccc0
0x000000df2adfc9a0:   00000000000028d2 00007ffad286fe73
0x000000df2adfc9b0:   000002dd0000000a 000000df2adfe1b0
0x000000df2adfc9c0:   000002dd53d90f90 0000000000000000
0x000000df2adfc9d0:   000002dd54236a80 000002dd54146010 

Instructions: (pc=0x00007ffad299098a)
0x00007ffad299088a:   86 08 01 00 00 48 63 51 28 8b 1c 90 85 db 0f 84
0x00007ffad299089a:   ca 01 00 00 45 84 c9 74 11 45 3b c4 75 0c 49 8b
0x00007ffad29908aa:   06 49 8b ce ff 90 d8 00 00 00 80 bc 24 b0 00 00
0x00007ffad29908ba:   00 00 74 17 80 be 18 01 00 00 00 74 0e 41 0f b7
0x00007ffad29908ca:   46 3a 44 3b e0 0f 83 93 01 00 00 48 8b 46 70 41
0x00007ffad29908da:   8b d4 48 69 fb b0 00 00 00 49 8b ce 48 03 78 20
0x00007ffad29908ea:   49 8b 06 ff 90 80 00 00 00 80 bc 24 a8 00 00 00
0x00007ffad29908fa:   00 4c 8b f8 75 2c 49 8b 4e 08 f2 0f 10 4d 08 f2
0x00007ffad299090a:   0f 59 ce 4a 8b 14 29 48 8b 4e 48 44 8b 42 28 48
0x00007ffad299091a:   8b 51 78 4a 8b 0c c2 f2 0f 10 41 08 66 0f 2f c1
0x00007ffad299092a:   77 53 8b 97 90 00 00 00 8b 87 94 00 00 00 3b d0
0x00007ffad299093a:   77 21 0f 1f 40 00 8b ca ff c2 49 8b 04 cf 48 21
0x00007ffad299094a:   44 cf 38 8b 87 94 00 00 00 3b d0 76 e9 8b 97 90
0x00007ffad299095a:   00 00 00 41 8b 4f 58 3b d1 73 0c 8b 87 94 00 00
0x00007ffad299096a:   00 89 8f 90 00 00 00 41 8b 4f 5c 3b c1 76 06 89
0x00007ffad299097a:   8f 94 00 00 00 49 8b 46 08 4a 8b 0c 28 48 8b 01
0x00007ffad299098a:   ff 50 68 8b c8 8b d8 e8 5a 80 53 00 8b d3 48 8d
0x00007ffad299099a:   4f 38 0f b6 e8 e8 fc 7d 53 00 84 c0 74 0a 81 8f
0x00007ffad29909aa:   a8 00 00 00 80 00 00 00 40 84 ed 0f 85 8f 00 00
0x00007ffad29909ba:   00 66 83 bf 9c 00 00 00 02 75 22 f7 87 a8 00 00
0x00007ffad29909ca:   00 00 04 00 00 75 16 49 8b cf e8 97 7f 53 00 84
0x00007ffad29909da:   c0 74 0a 81 8f a8 00 00 00 80 04 00 00 41 8b 46
0x00007ffad29909ea:   2c 83 e0 1f 3c 12 74 58 48 8b 4f 18 48 8d 41 ff
0x00007ffad29909fa:   48 83 f8 fd 77 0a 8b 41 2c 83 e0 1f 3c 12 74 40
0x00007ffad2990a0a:   48 8d 4f 38 e8 5d 7f 53 00 84 c0 74 33 48 c7 87
0x00007ffad2990a1a:   90 00 00 00 0a 00 00 00 0f 57 c0 0f 11 47 38 33
0x00007ffad2990a2a:   c9 0f 11 47 48 33 c0 0f 11 47 58 0f 11 47 68 0f
0x00007ffad2990a3a:   11 47 78 48 89 87 88 00 00 00 89 8f 98 00 00 00
0x00007ffad2990a4a:   48 8b 6c 24 30 48 8b b4 24 a0 00 00 00 f2 0f 10
0x00007ffad2990a5a:   45 08 66 0f 2f 47 10 76 05 f2 0f 11 47 10 44 8b
0x00007ffad2990a6a:   84 24 b8 00 00 00 41 ff c4 44 0f b6 8c 24 a8 00
0x00007ffad2990a7a:   00 00 49 83 c5 08 44 3b 64 24 28 0f 82 f5 fd ff 


Stack slot to memory mapping:

stack at sp + 0 slots: 0x000002dd555e2940 points into unknown readable memory: 0x0000000000000000 | 00 00 00 00 00 00 00 00
stack at sp + 1 slots: 0x000002dd5374c5f0 points into unknown readable memory: 0x00007ffad306d888 | 88 d8 06 d3 fa 7f 00 00
stack at sp + 2 slots: 0x000000000000230d is an unknown value
stack at sp + 3 slots: 0x000002dd52f8f390 points into unknown readable memory: 0x00007ffad30d6850 | 50 68 0d d3 fa 7f 00 00
stack at sp + 4 slots: 0x0000032100000009 is an unknown value
stack at sp + 5 slots: 0x00007ffa00000004 is an unknown value
stack at sp + 6 slots: 0x000002dd52f8f390 points into unknown readable memory: 0x00007ffad30d6850 | 50 68 0d d3 fa 7f 00 00
stack at sp + 7 slots: 0x0 is null


---------------  P R O C E S S  ---------------

Threads class SMR info:
_java_thread_list=0x000002dd4dc654f0, length=13, elements={
0x000002dd3368d3c0, 0x000002dd4daa9630, 0x000002dd4da85c10, 0x000002dd4dab2da0,
0x000002dd4dab3410, 0x000002dd4dab4220, 0x000002dd4dab88a0, 0x000002dd4da94250,
0x000002dd4dabaf20, 0x000002dd4dc51910, 0x000002dd4dc56fd0, 0x000002dd4dd0f1a0,
0x000002dd4dd0f850
}

Java Threads: ( => current thread )
  0x000002dd3368d3c0 JavaThread "main"                              [_thread_in_vm, id=7960, stack(0x000000df29f00000,0x000000df2a000000) (1024K)]
  0x000002dd4daa9630 JavaThread "Reference Handler"          daemon [_thread_blocked, id=5492, stack(0x000000df2a700000,0x000000df2a800000) (1024K)]
  0x000002dd4da85c10 JavaThread "Finalizer"                  daemon [_thread_blocked, id=13744, stack(0x000000df2a800000,0x000000df2a900000) (1024K)]
  0x000002dd4dab2da0 JavaThread "Signal Dispatcher"          daemon [_thread_blocked, id=8980, stack(0x000000df2a900000,0x000000df2aa00000) (1024K)]
  0x000002dd4dab3410 JavaThread "Attach Listener"            daemon [_thread_blocked, id=10908, stack(0x000000df2aa00000,0x000000df2ab00000) (1024K)]
  0x000002dd4dab4220 JavaThread "Service Thread"             daemon [_thread_blocked, id=13336, stack(0x000000df2ab00000,0x000000df2ac00000) (1024K)]
  0x000002dd4dab88a0 JavaThread "Monitor Deflation Thread"   daemon [_thread_blocked, id=13104, stack(0x000000df2ac00000,0x000000df2ad00000) (1024K)]
=>0x000002dd4da94250 JavaThread "C2 CompilerThread0"         daemon [_thread_in_native, id=676, stack(0x000000df2ad00000,0x000000df2ae00000) (1024K)]
  0x000002dd4dabaf20 JavaThread "C1 CompilerThread0"         daemon [_thread_in_vm, id=6960, stack(0x000000df2ae00000,0x000000df2af00000) (1024K)]
  0x000002dd4dc51910 JavaThread "Notification Thread"        daemon [_thread_blocked, id=7776, stack(0x000000df2af00000,0x000000df2b000000) (1024K)]
  0x000002dd4dc56fd0 JavaThread "Common-Cleaner"             daemon [_thread_blocked, id=2792, stack(0x000000df2b000000,0x000000df2b100000) (1024K)]
  0x000002dd4dd0f1a0 JavaThread "C2 CompilerThread1"         daemon [_thread_blocked, id=12012, stack(0x000000df2b100000,0x000000df2b200000) (1024K)]
  0x000002dd4dd0f850 JavaThread "C2 CompilerThread2"         daemon [_thread_blocked, id=12644, stack(0x000000df2b200000,0x000000df2b300000) (1024K)]
Total: 13

Other Threads:
  0x000002dd3155bef0 VMThread "VM Thread"                           [id=12900, stack(0x000000df2a600000,0x000000df2a700000) (1024K)]
  0x000002dd4d87ddd0 WatcherThread "VM Periodic Task Thread"        [id=14824, stack(0x000000df2a500000,0x000000df2a600000) (1024K)]
  0x000002dd3155acd0 WorkerThread "GC Thread#0"                     [id=8844, stack(0x000000df2a000000,0x000000df2a100000) (1024K)]
  0x000002dd524d04a0 WorkerThread "GC Thread#1"                     [id=11936, stack(0x000000df2b300000,0x000000df2b400000) (1024K)]
  0x000002dd524d0be0 WorkerThread "GC Thread#2"                     [id=3180, stack(0x000000df2b400000,0x000000df2b500000) (1024K)]
  0x000002dd524d0840 WorkerThread "GC Thread#3"                     [id=8200, stack(0x000000df2b500000,0x000000df2b600000) (1024K)]
  0x000002dd524d16c0 WorkerThread "GC Thread#4"                     [id=14812, stack(0x000000df2b600000,0x000000df2b700000) (1024K)]
  0x000002dd524cf620 WorkerThread "GC Thread#5"                     [id=11136, stack(0x000000df2b700000,0x000000df2b800000) (1024K)]
  0x000002dd524d1a60 WorkerThread "GC Thread#6"                     [id=10628, stack(0x000000df2b800000,0x000000df2b900000) (1024K)]
  0x000002dd524d1e00 WorkerThread "GC Thread#7"                     [id=6520, stack(0x000000df2b900000,0x000000df2ba00000) (1024K)]
  0x000002dd524d21a0 WorkerThread "GC Thread#8"                     [id=6732, stack(0x000000df2ba00000,0x000000df2bb00000) (1024K)]
  0x000002dd535bfbc0 WorkerThread "GC Thread#9"                     [id=14880, stack(0x000000df2bd00000,0x000000df2be00000) (1024K)]
  0x000002dd33700e10 ConcurrentGCThread "G1 Main Marker"            [id=14284, stack(0x000000df2a100000,0x000000df2a200000) (1024K)]
  0x000002dd3155bb50 WorkerThread "G1 Conc#0"                       [id=7468, stack(0x000000df2a200000,0x000000df2a300000) (1024K)]
  0x000002dd524cfd60 WorkerThread "G1 Conc#1"                       [id=13376, stack(0x000000df2bb00000,0x000000df2bc00000) (1024K)]
  0x000002dd524ceb40 WorkerThread "G1 Conc#2"                       [id=8280, stack(0x000000df2bc00000,0x000000df2bd00000) (1024K)]
  0x000002dd4d750550 ConcurrentGCThread "G1 Refine#0"               [id=740, stack(0x000000df2a300000,0x000000df2a400000) (1024K)]
  0x000002dd4d752af0 ConcurrentGCThread "G1 Service"                [id=2664, stack(0x000000df2a400000,0x000000df2a500000) (1024K)]
Total: 18

Threads with active compile tasks:
C2 CompilerThread0      982 1772   !   4       jdk.internal.loader.BuiltinClassLoader::loadClassOrNull (143 bytes)
C1 CompilerThread0      982 1875       3       java.lang.invoke.MethodHandleImpl::makePairwiseConvertByEditor (617 bytes)
Total: 2

VM state: not at safepoint (normal execution)

VM Mutex/Monitor currently owned by a thread: None

Heap address: 0x0000000702e00000, size: 4050 MB, Compressed Oops mode: Zero based, Oop shift amount: 3

CDS archive(s) not mapped
Compressed class space mapped at: 0x0000000800000000-0x0000000840000000, reserved size: 1073741824
Narrow klass base: 0x0000000800000000, Narrow klass shift: 0, Narrow klass range: 0x40000000

GC Precious Log:
 CardTable entry size: 512
 Card Set container configuration: InlinePtr #cards 4 size 8 Array Of Cards #cards 16 size 48 Howl #buckets 8 coarsen threshold 3686 Howl Bitmap #cards 512 size 80 coarsen threshold 460 Card regions per heap region 1 cards per card region 4096
 CPUs: 12 total, 12 available
 Memory: 16197M
 Large Page Support: Disabled
 NUMA Support: Disabled
 Compressed Oops: Enabled (Zero based)
 Heap Region Size: 2M
 Heap Min Capacity: 8M
 Heap Initial Capacity: 254M
 Heap Max Capacity: 4050M
 Pre-touch: Disabled
 Parallel Workers: 10
 Concurrent Workers: 3
 Concurrent Refinement Workers: 10
 Periodic GC: Disabled

Heap:
 garbage-first heap   total 53248K, used 25919K [0x0000000702e00000, 0x0000000800000000)
  region size 2048K, 2 young (4096K), 1 survivors (2048K)
 Metaspace       used 30738K, committed 30976K, reserved 1114112K
  class space    used 3785K, committed 3904K, reserved 1048576K

Heap Regions: E=young(eden), S=young(survivor), O=old, HS=humongous(starts), HC=humongous(continues), CS=collection set, F=free, TAMS=top-at-mark-start, PB=parsable bottom
|   0|0x0000000702e00000, 0x0000000703000000, 0x0000000703000000|100%|HS|  |TAMS 0x0000000702e00000| PB 0x0000000702e00000| Complete 
|   1|0x0000000703000000, 0x0000000703200000, 0x0000000703200000|100%|HC|  |TAMS 0x0000000703000000| PB 0x0000000703000000| Complete 
|   2|0x0000000703200000, 0x0000000703400000, 0x0000000703400000|100%| O|  |TAMS 0x0000000703200000| PB 0x0000000703200000| Untracked 
|   3|0x0000000703400000, 0x0000000703600000, 0x0000000703600000|100%| O|  |TAMS 0x0000000703400000| PB 0x0000000703400000| Untracked 
|   4|0x0000000703600000, 0x0000000703800000, 0x0000000703800000|100%| O|  |TAMS 0x0000000703600000| PB 0x0000000703600000| Untracked 
|   5|0x0000000703800000, 0x0000000703a00000, 0x0000000703a00000|100%| O|  |TAMS 0x0000000703800000| PB 0x0000000703800000| Untracked 
|   6|0x0000000703a00000, 0x0000000703c00000, 0x0000000703c00000|100%| O|  |TAMS 0x0000000703a00000| PB 0x0000000703a00000| Untracked 
|   7|0x0000000703c00000, 0x0000000703e00000, 0x0000000703e00000|100%| O|  |TAMS 0x0000000703c00000| PB 0x0000000703c00000| Untracked 
|   8|0x0000000703e00000, 0x0000000704000000, 0x0000000704000000|100%| O|  |TAMS 0x0000000703e00000| PB 0x0000000703e00000| Untracked 
|   9|0x0000000704000000, 0x0000000704200000, 0x0000000704200000|100%| O|  |TAMS 0x0000000704000000| PB 0x0000000704000000| Untracked 
|  10|0x0000000704200000, 0x0000000704400000, 0x0000000704400000|100%| O|Cm|TAMS 0x0000000704200000| PB 0x0000000704200000| Complete 
|  11|0x0000000704400000, 0x0000000704600000, 0x0000000704600000|100%| O|  |TAMS 0x0000000704400000| PB 0x0000000704400000| Untracked 
|  12|0x0000000704600000, 0x0000000704663d08, 0x0000000704800000| 19%| O|  |TAMS 0x0000000704600000| PB 0x0000000704600000| Untracked 
|  13|0x0000000704800000, 0x0000000704800000, 0x0000000704a00000|  0%| F|  |TAMS 0x0000000704800000| PB 0x0000000704800000| Untracked 
|  14|0x0000000704a00000, 0x0000000704a00000, 0x0000000704c00000|  0%| F|  |TAMS 0x0000000704a00000| PB 0x0000000704a00000| Untracked 
|  15|0x0000000704c00000, 0x0000000704c00000, 0x0000000704e00000|  0%| F|  |TAMS 0x0000000704c00000| PB 0x0000000704c00000| Untracked 
|  16|0x0000000704e00000, 0x0000000704e00000, 0x0000000705000000|  0%| F|  |TAMS 0x0000000704e00000| PB 0x0000000704e00000| Untracked 
|  17|0x0000000705000000, 0x00000007050ebf00, 0x0000000705200000| 46%| S|CS|TAMS 0x0000000705000000| PB 0x0000000705000000| Complete 
|  18|0x0000000705200000, 0x0000000705200000, 0x0000000705400000|  0%| F|  |TAMS 0x0000000705200000| PB 0x0000000705200000| Untracked 
|  19|0x0000000705400000, 0x0000000705400000, 0x0000000705600000|  0%| F|  |TAMS 0x0000000705400000| PB 0x0000000705400000| Untracked 
|  20|0x0000000705600000, 0x0000000705600000, 0x0000000705800000|  0%| F|  |TAMS 0x0000000705600000| PB 0x0000000705600000| Untracked 
|  21|0x0000000705800000, 0x0000000705800000, 0x0000000705a00000|  0%| F|  |TAMS 0x0000000705800000| PB 0x0000000705800000| Untracked 
|  22|0x0000000705a00000, 0x0000000705a00000, 0x0000000705c00000|  0%| F|  |TAMS 0x0000000705a00000| PB 0x0000000705a00000| Untracked 
| 111|0x0000000710c00000, 0x0000000710c00000, 0x0000000710e00000|  0%| F|  |TAMS 0x0000000710c00000| PB 0x0000000710c00000| Untracked 
| 112|0x0000000710e00000, 0x0000000710e00000, 0x0000000711000000|  0%| F|  |TAMS 0x0000000710e00000| PB 0x0000000710e00000| Untracked 
| 126|0x0000000712a00000, 0x0000000712ba6c98, 0x0000000712c00000| 82%| E|  |TAMS 0x0000000712a00000| PB 0x0000000712a00000| Complete 

Card table byte_map: [0x000002dd46520000,0x000002dd46d10000] _byte_map_base: 0x000002dd42d09000

Marking Bits: (CMBitMap*) 0x000002dd336f06b0
 Bits: [0x000002dd46d10000, 0x000002dd4ac58000)

Polling page: 0x000002dd31520000

Metaspace:

Usage:
  Non-class:     26.32 MB used.
      Class:      3.70 MB used.
       Both:     30.02 MB used.

Virtual space:
  Non-class space:       64.00 MB reserved,      26.44 MB ( 41%) committed,  1 nodes.
      Class space:        1.00 GB reserved,       3.81 MB ( <1%) committed,  1 nodes.
             Both:        1.06 GB reserved,      30.25 MB (  3%) committed. 

Chunk freelists:
   Non-Class:  5.27 MB
       Class:  12.12 MB
        Both:  17.39 MB

MaxMetaspaceSize: unlimited
CompressedClassSpaceSize: 1.00 GB
Initial GC threshold: 21.00 MB
Current GC threshold: 50.31 MB
CDS: off
 - commit_granule_bytes: 65536.
 - commit_granule_words: 8192.
 - virtual_space_node_default_size: 8388608.
 - enlarge_chunks_in_place: 1.
 - use_allocation_guard: 0.


Internal statistics:

num_allocs_failed_limit: 3.
num_arena_births: 194.
num_arena_deaths: 0.
num_vsnodes_births: 2.
num_vsnodes_deaths: 0.
num_space_committed: 484.
num_space_uncommitted: 0.
num_chunks_returned_to_freelist: 3.
num_chunks_taken_from_freelist: 995.
num_chunk_merges: 3.
num_chunk_splits: 779.
num_chunks_enlarged: 686.
num_inconsistent_stats: 0.

CodeHeap 'non-profiled nmethods': size=120000Kb used=771Kb max_used=792Kb free=119229Kb
 bounds [0x000002dd3e2b0000, 0x000002dd3e520000, 0x000002dd457e0000]
CodeHeap 'profiled nmethods': size=120000Kb used=3129Kb max_used=3366Kb free=116870Kb
 bounds [0x000002dd367e0000, 0x000002dd36b30000, 0x000002dd3dd10000]
CodeHeap 'non-nmethods': size=5760Kb used=1441Kb max_used=1453Kb free=4319Kb
 bounds [0x000002dd3dd10000, 0x000002dd3df80000, 0x000002dd3e2b0000]
 total_blobs=2288 nmethods=1748 adapters=444
 compilation: enabled
              stopped_count=0, restarted_count=0
 full_count=0

Compilation events (20 events):
Event: 0.940 Thread 0x000002dd4dabaf20 1851   !   3       com.sun.proxy.jdk.proxy1.$Proxy6::annotationType (29 bytes)
Event: 0.940 Thread 0x000002dd4dabaf20 nmethod 1851 0x000002dd36b1d190 code [0x000002dd36b1d360, 0x000002dd36b1d768]
Event: 0.940 Thread 0x000002dd4dabaf20 1852       3       org.jetbrains.kotlin.container.CacheKt$$Lambda/0x00000008003c2d88::invoke (8 bytes)
Event: 0.940 Thread 0x000002dd4dabaf20 nmethod 1852 0x000002dd36b1d910 code [0x000002dd36b1dac0, 0x000002dd36b1dd08]
Event: 0.940 Thread 0x000002dd4dabaf20 1853       3       org.jetbrains.kotlin.container.CacheKt::getRegistrations$lambda$2 (75 bytes)
Event: 0.941 Thread 0x000002dd4dabaf20 nmethod 1853 0x000002dd36b1de10 code [0x000002dd36b1e240, 0x000002dd36b20198]
Event: 0.941 Thread 0x000002dd4dabaf20 1849       3       java.lang.reflect.Proxy::newProxyInstance (35 bytes)
Event: 0.941 Thread 0x000002dd4dabaf20 nmethod 1849 0x000002dd36b20a10 code [0x000002dd36b20c00, 0x000002dd36b20fd8]
Event: 0.941 Thread 0x000002dd4dabaf20 1850       3       java.util.LinkedHashMap::<init> (21 bytes)
Event: 0.941 Thread 0x000002dd4dabaf20 nmethod 1850 0x000002dd36b21190 code [0x000002dd36b21360, 0x000002dd36b215d0]
Event: 0.941 Thread 0x000002dd4dabaf20 1856       3       kotlin.reflect.jvm.internal.impl.name.FqName::<init> (26 bytes)
Event: 0.941 Thread 0x000002dd4dabaf20 nmethod 1856 0x000002dd36b21710 code [0x000002dd36b21900, 0x000002dd36b21dc0]
Event: 0.941 Thread 0x000002dd4dabaf20 1857       3       kotlin.reflect.jvm.internal.impl.name.FqNameUnsafe::<init> (31 bytes)
Event: 0.941 Thread 0x000002dd4dabaf20 nmethod 1857 0x000002dd36b21f90 code [0x000002dd36b22160, 0x000002dd36b22470]
Event: 0.941 Thread 0x000002dd4dabaf20 1858       3       kotlin.reflect.jvm.internal.pcollections.IntTree::rebalanced (32 bytes)
Event: 0.942 Thread 0x000002dd4dabaf20 nmethod 1858 0x000002dd36b22590 code [0x000002dd36b22740, 0x000002dd36b22948]
Event: 0.942 Thread 0x000002dd4dabaf20 1855       1       java.lang.reflect.Method::getAnnotationBytes (5 bytes)
Event: 0.942 Thread 0x000002dd4dabaf20 nmethod 1855 0x000002dd3e375690 code [0x000002dd3e375820, 0x000002dd3e3758f0]
Event: 0.951 Thread 0x000002dd4dabaf20 1860       3       kotlin.reflect.jvm.internal.impl.name.Name::identifier (18 bytes)
Event: 0.951 Thread 0x000002dd4dabaf20 nmethod 1860 0x000002dd36b22a10 code [0x000002dd36b22be0, 0x000002dd36b22f38]

GC Heap History (10 events):
Event: 0.327 GC heap before
{Heap before GC invocations=0 (full 0):
 garbage-first heap   total 260096K, used 24576K [0x0000000702e00000, 0x0000000800000000)
  region size 2048K, 11 young (22528K), 0 survivors (0K)
 Metaspace       used 14017K, committed 14144K, reserved 1114112K
  class space    used 1369K, committed 1472K, reserved 1048576K
}
Event: 0.329 GC heap after
{Heap after GC invocations=1 (full 0):
 garbage-first heap   total 260096K, used 7157K [0x0000000702e00000, 0x0000000800000000)
  region size 2048K, 2 young (4096K), 2 survivors (4096K)
 Metaspace       used 14017K, committed 14144K, reserved 1114112K
  class space    used 1369K, committed 1472K, reserved 1048576K
}
Event: 0.520 GC heap before
{Heap before GC invocations=1 (full 0):
 garbage-first heap   total 260096K, used 29685K [0x0000000702e00000, 0x0000000800000000)
  region size 2048K, 14 young (28672K), 2 survivors (4096K)
 Metaspace       used 21309K, committed 21504K, reserved 1114112K
  class space    used 2208K, committed 2304K, reserved 1048576K
}
Event: 0.522 GC heap after
{Heap after GC invocations=2 (full 0):
 garbage-first heap   total 260096K, used 8192K [0x0000000702e00000, 0x0000000800000000)
  region size 2048K, 2 young (4096K), 2 survivors (4096K)
 Metaspace       used 21309K, committed 21504K, reserved 1114112K
  class space    used 2208K, committed 2304K, reserved 1048576K
}
Event: 0.642 GC heap before
{Heap before GC invocations=3 (full 0):
 garbage-first heap   total 34816K, used 34816K [0x0000000702e00000, 0x0000000800000000)
  region size 2048K, 15 young (30720K), 2 survivors (4096K)
 Metaspace       used 22174K, committed 22400K, reserved 1114112K
  class space    used 2339K, committed 2432K, reserved 1048576K
}
Event: 0.649 GC heap after
{Heap after GC invocations=4 (full 0):
 garbage-first heap   total 53248K, used 21581K [0x0000000702e00000, 0x0000000800000000)
  region size 2048K, 9 young (18432K), 9 survivors (18432K)
 Metaspace       used 22174K, committed 22400K, reserved 1114112K
  class space    used 2339K, committed 2432K, reserved 1048576K
}
Event: 0.687 GC heap before
{Heap before GC invocations=4 (full 0):
 garbage-first heap   total 53248K, used 29773K [0x0000000702e00000, 0x0000000800000000)
  region size 2048K, 13 young (26624K), 9 survivors (18432K)
 Metaspace       used 22713K, committed 22912K, reserved 1114112K
  class space    used 2399K, committed 2496K, reserved 1048576K
}
Event: 0.695 GC heap after
{Heap after GC invocations=5 (full 0):
 garbage-first heap   total 53248K, used 22786K [0x0000000702e00000, 0x0000000800000000)
  region size 2048K, 1 young (2048K), 1 survivors (2048K)
 Metaspace       used 22713K, committed 22912K, reserved 1114112K
  class space    used 2399K, committed 2496K, reserved 1048576K
}
Event: 0.821 GC heap before
{Heap before GC invocations=5 (full 0):
 garbage-first heap   total 53248K, used 37122K [0x0000000702e00000, 0x0000000800000000)
  region size 2048K, 8 young (16384K), 1 survivors (2048K)
 Metaspace       used 25785K, committed 25984K, reserved 1114112K
  class space    used 2737K, committed 2816K, reserved 1048576K
}
Event: 0.823 GC heap after
{Heap after GC invocations=6 (full 0):
 garbage-first heap   total 53248K, used 25246K [0x0000000702e00000, 0x0000000800000000)
  region size 2048K, 1 young (2048K), 1 survivors (2048K)
 Metaspace       used 25785K, committed 25984K, reserved 1114112K
  class space    used 2737K, committed 2816K, reserved 1048576K
}

Dll operation events (3 events):
Event: 0.004 Loaded shared library C:\Program Files\Android\Android Studio\jbr\bin\java.dll
Event: 0.007 Loaded shared library C:\Program Files\Android\Android Studio\jbr\bin\zip.dll
Event: 0.526 Loaded shared library C:\Program Files\Android\Android Studio\jbr\bin\verify.dll

Deoptimization events (20 events):
Event: 0.917 Thread 0x000002dd3368d3c0 Uncommon trap: trap_request=0xffffffde fr.pc=0x000002dd3e35558c relative=0x000000000000084c
Event: 0.917 Thread 0x000002dd3368d3c0 Uncommon trap: reason=class_check action=maybe_recompile pc=0x000002dd3e35558c method=java.util.HashMap.putVal(ILjava/lang/Object;Ljava/lang/Object;ZZ)Ljava/lang/Object; @ 91 c2
Event: 0.917 Thread 0x000002dd3368d3c0 DEOPT PACKING pc=0x000002dd3e35558c sp=0x000000df29ffaba0
Event: 0.917 Thread 0x000002dd3368d3c0 DEOPT UNPACKING pc=0x000002dd3dd646a2 sp=0x000000df29ffaac0 mode 2
Event: 0.917 Thread 0x000002dd3368d3c0 Uncommon trap: trap_request=0xffffffde fr.pc=0x000002dd3e35558c relative=0x000000000000084c
Event: 0.917 Thread 0x000002dd3368d3c0 Uncommon trap: reason=class_check action=maybe_recompile pc=0x000002dd3e35558c method=java.util.HashMap.putVal(ILjava/lang/Object;Ljava/lang/Object;ZZ)Ljava/lang/Object; @ 91 c2
Event: 0.917 Thread 0x000002dd3368d3c0 DEOPT PACKING pc=0x000002dd3e35558c sp=0x000000df29ffaba0
Event: 0.917 Thread 0x000002dd3368d3c0 DEOPT UNPACKING pc=0x000002dd3dd646a2 sp=0x000000df29ffaac0 mode 2
Event: 0.917 Thread 0x000002dd3368d3c0 Uncommon trap: trap_request=0xffffffde fr.pc=0x000002dd3e35558c relative=0x000000000000084c
Event: 0.917 Thread 0x000002dd3368d3c0 Uncommon trap: reason=class_check action=maybe_recompile pc=0x000002dd3e35558c method=java.util.HashMap.putVal(ILjava/lang/Object;Ljava/lang/Object;ZZ)Ljava/lang/Object; @ 91 c2
Event: 0.917 Thread 0x000002dd3368d3c0 DEOPT PACKING pc=0x000002dd3e35558c sp=0x000000df29ffaba0
Event: 0.917 Thread 0x000002dd3368d3c0 DEOPT UNPACKING pc=0x000002dd3dd646a2 sp=0x000000df29ffaac0 mode 2
Event: 0.922 Thread 0x000002dd3368d3c0 Uncommon trap: trap_request=0xffffff45 fr.pc=0x000002dd3e2eb7d0 relative=0x0000000000000290
Event: 0.922 Thread 0x000002dd3368d3c0 Uncommon trap: reason=unstable_if action=reinterpret pc=0x000002dd3e2eb7d0 method=java.util.concurrent.ConcurrentHashMap.get(Ljava/lang/Object;)Ljava/lang/Object; @ 76 c2
Event: 0.922 Thread 0x000002dd3368d3c0 DEOPT PACKING pc=0x000002dd3e2eb7d0 sp=0x000000df29ffb510
Event: 0.922 Thread 0x000002dd3368d3c0 DEOPT UNPACKING pc=0x000002dd3dd646a2 sp=0x000000df29ffb488 mode 2
Event: 0.924 Thread 0x000002dd3368d3c0 Uncommon trap: trap_request=0xffffff45 fr.pc=0x000002dd3e2d51b4 relative=0x00000000000000f4
Event: 0.924 Thread 0x000002dd3368d3c0 Uncommon trap: reason=unstable_if action=reinterpret pc=0x000002dd3e2d51b4 method=sun.reflect.generics.parser.SignatureParser.current()C @ 39 c2
Event: 0.924 Thread 0x000002dd3368d3c0 DEOPT PACKING pc=0x000002dd3e2d51b4 sp=0x000000df29ffadc0
Event: 0.924 Thread 0x000002dd3368d3c0 DEOPT UNPACKING pc=0x000002dd3dd646a2 sp=0x000000df29ffad58 mode 2

Classes loaded (20 events):
Event: 0.807 Loading class java/util/Collections$SingletonMap
Event: 0.807 Loading class java/util/Collections$SingletonMap done
Event: 0.922 Loading class jdk/internal/vm/annotation/IntrinsicCandidate
Event: 0.922 Loading class jdk/internal/vm/annotation/IntrinsicCandidate done
Event: 0.924 Loading class sun/reflect/generics/repository/ClassRepository
Event: 0.924 Loading class sun/reflect/generics/repository/GenericDeclRepository
Event: 0.924 Loading class sun/reflect/generics/repository/AbstractRepository
Event: 0.924 Loading class sun/reflect/generics/repository/AbstractRepository done
Event: 0.924 Loading class sun/reflect/generics/repository/GenericDeclRepository done
Event: 0.924 Loading class sun/reflect/generics/repository/ClassRepository done
Event: 0.924 Loading class java/lang/reflect/TypeVariable
Event: 0.924 Loading class java/lang/reflect/TypeVariable done
Event: 0.924 Loading class sun/reflect/generics/tree/FormalTypeParameter
Event: 0.924 Loading class sun/reflect/generics/tree/FormalTypeParameter done
Event: 0.925 Loading class sun/reflect/generics/tree/ClassSignature
Event: 0.925 Loading class sun/reflect/generics/tree/Signature
Event: 0.925 Loading class sun/reflect/generics/tree/Signature done
Event: 0.925 Loading class sun/reflect/generics/tree/ClassSignature done
Event: 0.937 Loading class java/lang/annotation/Documented
Event: 0.937 Loading class java/lang/annotation/Documented done

Classes unloaded (0 events):
No events

Classes redefined (0 events):
No events

Internal exceptions (20 events):
Event: 0.402 Thread 0x000002dd3368d3c0 Exception <a 'java/lang/NoSuchMethodError'{0x00000007122c8248}: 'int java.lang.invoke.DirectMethodHandle$Holder.invokeSpecial(java.lang.Object, java.lang.Object, java.lang.Object, java.lang.Object)'> (0x00000007122c8248) 
thrown [s\src\hotspot\share\interpreter\linkResolver.cpp, line 784]
Event: 0.402 Thread 0x000002dd3368d3c0 Exception <a 'java/lang/NoSuchMethodError'{0x00000007122cb630}: 'int java.lang.invoke.Invokers$Holder.invoke_MT(java.lang.Object, java.lang.Object, java.lang.Object, java.lang.Object)'> (0x00000007122cb630) 
thrown [s\src\hotspot\share\interpreter\linkResolver.cpp, line 784]
Event: 0.403 Thread 0x000002dd3368d3c0 Exception <a 'java/lang/NoSuchMethodError'{0x00000007122d9f08}: 'void java.lang.invoke.DelegatingMethodHandle$Holder.reinvoke_L(java.lang.Object, java.lang.Object, java.lang.Object, long, java.lang.Object)'> (0x00000007122d9f08) 
thrown [s\src\hotspot\share\interpreter\linkResolver.cpp, line 784]
Event: 0.403 Thread 0x000002dd3368d3c0 Exception <a 'java/lang/NoSuchMethodError'{0x00000007122e1560}: 'java.lang.Object java.lang.invoke.DirectMethodHandle$Holder.invokeSpecial(java.lang.Object, java.lang.Object, java.lang.Object, java.lang.Object, long)'> (0x00000007122e1560) 
thrown [s\src\hotspot\share\interpreter\linkResolver.cpp, line 784]
Event: 0.404 Thread 0x000002dd3368d3c0 Exception <a 'java/lang/NoSuchMethodError'{0x00000007122efe50}: 'int java.lang.invoke.DelegatingMethodHandle$Holder.reinvoke_L(java.lang.Object, java.lang.Object, java.lang.Object, long, java.lang.Object, java.lang.Object)'> (0x00000007122efe50) 
thrown [s\src\hotspot\share\interpreter\linkResolver.cpp, line 784]
Event: 0.404 Thread 0x000002dd3368d3c0 Exception <a 'java/lang/NoSuchMethodError'{0x00000007122fded8}: 'int java.lang.invoke.DelegatingMethodHandle$Holder.reinvoke_L(java.lang.Object, java.lang.Object, java.lang.Object, long, int, int)'> (0x00000007122fded8) 
thrown [s\src\hotspot\share\interpreter\linkResolver.cpp, line 784]
Event: 0.405 Thread 0x000002dd3368d3c0 Exception <a 'java/lang/NoSuchMethodError'{0x000000071230bd10}: 'int java.lang.invoke.DelegatingMethodHandle$Holder.reinvoke_L(java.lang.Object, java.lang.Object, java.lang.Object, long, long, long)'> (0x000000071230bd10) 
thrown [s\src\hotspot\share\interpreter\linkResolver.cpp, line 784]
Event: 0.405 Thread 0x000002dd3368d3c0 Exception <a 'java/lang/NoSuchMethodError'{0x0000000712319ab0}: 'int java.lang.invoke.DelegatingMethodHandle$Holder.reinvoke_L(java.lang.Object, java.lang.Object, java.lang.Object, long, int)'> (0x0000000712319ab0) 
thrown [s\src\hotspot\share\interpreter\linkResolver.cpp, line 784]
Event: 0.412 Thread 0x000002dd3368d3c0 Exception <a 'java/lang/NoSuchMethodError'{0x00000007123bb000}: 'int java.lang.invoke.DirectMethodHandle$Holder.invokeStaticInit(java.lang.Object, java.lang.Object, java.lang.Object)'> (0x00000007123bb000) 
thrown [s\src\hotspot\share\interpreter\linkResolver.cpp, line 784]
Event: 0.413 Thread 0x000002dd3368d3c0 Exception <a 'java/lang/NoSuchMethodError'{0x00000007123e0d68}: 'int java.lang.invoke.DirectMethodHandle$Holder.invokeStaticInit(java.lang.Object, java.lang.Object)'> (0x00000007123e0d68) 
thrown [s\src\hotspot\share\interpreter\linkResolver.cpp, line 784]
Event: 0.452 Thread 0x000002dd3368d3c0 Exception <a 'java/lang/NoSuchMethodError'{0x0000000711fb8a20}: 'void java.lang.invoke.DirectMethodHandle$Holder.invokeStatic(java.lang.Object, java.lang.Object, java.lang.Object, java.lang.Object)'> (0x0000000711fb8a20) 
thrown [s\src\hotspot\share\interpreter\linkResolver.cpp, line 784]
Event: 0.479 Thread 0x000002dd3368d3c0 Exception <a 'java/lang/NoSuchMethodError'{0x0000000711b62e60}: 'void java.lang.invoke.DirectMethodHandle$Holder.invokeStaticInit(java.lang.Object, java.lang.Object)'> (0x0000000711b62e60) 
thrown [s\src\hotspot\share\interpreter\linkResolver.cpp, line 784]
Event: 0.510 Thread 0x000002dd3368d3c0 Exception <a 'java/lang/NoSuchMethodError'{0x00000007116ed398}: 'void java.lang.invoke.Invokers$Holder.invokeExact_MT(java.lang.Object, int, java.lang.Object)'> (0x00000007116ed398) 
thrown [s\src\hotspot\share\interpreter\linkResolver.cpp, line 784]
Event: 0.536 Thread 0x000002dd3368d3c0 Exception <a 'java/lang/NoSuchMethodError'{0x0000000712b7efe0}: 'void java.lang.invoke.DirectMethodHandle$Holder.invokeVirtual(java.lang.Object, java.lang.Object)'> (0x0000000712b7efe0) 
thrown [s\src\hotspot\share\interpreter\linkResolver.cpp, line 784]
Event: 0.540 Thread 0x000002dd3368d3c0 Exception <a 'java/lang/NoSuchMethodError'{0x000000070480c6c8}: 'int java.lang.invoke.DirectMethodHandle$Holder.invokeVirtual(java.lang.Object, java.lang.Object)'> (0x000000070480c6c8) 
thrown [s\src\hotspot\share\interpreter\linkResolver.cpp, line 784]
Event: 0.545 Thread 0x000002dd3368d3c0 Exception <a 'java/lang/NoSuchMethodError'{0x0000000704848bd8}: 'long java.lang.invoke.DirectMethodHandle$Holder.invokeStatic(java.lang.Object, java.lang.Object, int)'> (0x0000000704848bd8) 
thrown [s\src\hotspot\share\interpreter\linkResolver.cpp, line 784]
Event: 0.545 Thread 0x000002dd3368d3c0 Exception <a 'java/lang/NoSuchMethodError'{0x0000000704853990}: 'java.lang.Object java.lang.invoke.DelegatingMethodHandle$Holder.reinvoke_L(java.lang.Object, int, long, java.lang.Object, java.lang.Object, int, java.lang.Object)'> (0x0000000704853990) 
thrown [s\src\hotspot\share\interpreter\linkResolver.cpp, line 784]
Event: 0.548 Thread 0x000002dd3368d3c0 Exception <a 'java/lang/NoSuchMethodError'{0x000000070487a6e0}: 'java.lang.Object java.lang.invoke.DirectMethodHandle$Holder.invokeStatic(java.lang.Object, java.lang.Object, int)'> (0x000000070487a6e0) 
thrown [s\src\hotspot\share\interpreter\linkResolver.cpp, line 784]
Event: 0.548 Thread 0x000002dd3368d3c0 Exception <a 'java/lang/NoSuchMethodError'{0x0000000704885940}: 'void java.lang.invoke.DelegatingMethodHandle$Holder.delegate(java.lang.Object, java.lang.Object, int, java.lang.Object)'> (0x0000000704885940) 
thrown [s\src\hotspot\share\interpreter\linkResolver.cpp, line 784]
Event: 0.715 Thread 0x000002dd3368d3c0 Exception <a 'java/lang/NoSuchMethodError'{0x0000000710e45570}: 'java.lang.Object java.lang.invoke.DirectMethodHandle$Holder.invokeStatic(java.lang.Object, java.lang.Object, int, java.lang.Object)'> (0x0000000710e45570) 
thrown [s\src\hotspot\share\interpreter\linkResolver.cpp, line 784]

ZGC Phase Switch (0 events):
No events

VM Operations (20 events):
Event: 0.524 Executing VM operation: G1PauseCleanup
Event: 0.525 Executing VM operation: G1PauseCleanup done
Event: 0.548 Executing VM operation: HandshakeAllThreads (Deoptimize)
Event: 0.548 Executing VM operation: HandshakeAllThreads (Deoptimize) done
Event: 0.642 Executing VM operation: G1CollectForAllocation (G1 Evacuation Pause)
Event: 0.649 Executing VM operation: G1CollectForAllocation (G1 Evacuation Pause) done
Event: 0.655 Executing VM operation: HandshakeAllThreads (Deoptimize)
Event: 0.655 Executing VM operation: HandshakeAllThreads (Deoptimize) done
Event: 0.655 Executing VM operation: HandshakeAllThreads (Deoptimize)
Event: 0.655 Executing VM operation: HandshakeAllThreads (Deoptimize) done
Event: 0.687 Executing VM operation: G1CollectForAllocation (G1 Evacuation Pause)
Event: 0.695 Executing VM operation: G1CollectForAllocation (G1 Evacuation Pause) done
Event: 0.736 Executing VM operation: HandshakeAllThreads (Deoptimize)
Event: 0.736 Executing VM operation: HandshakeAllThreads (Deoptimize) done
Event: 0.736 Executing VM operation: HandshakeAllThreads (Deoptimize)
Event: 0.736 Executing VM operation: HandshakeAllThreads (Deoptimize) done
Event: 0.791 Executing VM operation: HandshakeAllThreads (Deoptimize)
Event: 0.791 Executing VM operation: HandshakeAllThreads (Deoptimize) done
Event: 0.821 Executing VM operation: G1CollectForAllocation (G1 Evacuation Pause)
Event: 0.823 Executing VM operation: G1CollectForAllocation (G1 Evacuation Pause) done

Events (17 events):
Event: 0.006 Thread 0x000002dd3368d3c0 Thread added: 0x000002dd3368d3c0
Event: 0.036 Thread 0x000002dd4daa9630 Thread added: 0x000002dd4daa9630
Event: 0.036 Thread 0x000002dd4da85c10 Thread added: 0x000002dd4da85c10
Event: 0.037 Thread 0x000002dd4dab2da0 Thread added: 0x000002dd4dab2da0
Event: 0.037 Thread 0x000002dd4dab3410 Thread added: 0x000002dd4dab3410
Event: 0.037 Thread 0x000002dd4dab4220 Thread added: 0x000002dd4dab4220
Event: 0.037 Thread 0x000002dd4dab88a0 Thread added: 0x000002dd4dab88a0
Event: 0.037 Thread 0x000002dd4da94250 Thread added: 0x000002dd4da94250
Event: 0.037 Thread 0x000002dd4dabaf20 Thread added: 0x000002dd4dabaf20
Event: 0.056 Thread 0x000002dd4dc51910 Thread added: 0x000002dd4dc51910
Event: 0.059 Thread 0x000002dd4dc56fd0 Thread added: 0x000002dd4dc56fd0
Event: 0.063 Loaded shared library C:\Program Files\Android\Android Studio\jbr\bin\net.dll
Event: 0.064 Loaded shared library C:\Program Files\Android\Android Studio\jbr\bin\nio.dll
Event: 0.073 Thread 0x000002dd4dd0f1a0 Thread added: 0x000002dd4dd0f1a0
Event: 0.073 Thread 0x000002dd4dd0f850 Thread added: 0x000002dd4dd0f850
Event: 0.079 Loaded shared library C:\Program Files\Android\Android Studio\jbr\bin\zip.dll
Event: 0.095 Loaded shared library C:\Program Files\Android\Android Studio\jbr\bin\jimage.dll


Dynamic libraries:
0x00007ff6e9ca0000 - 0x00007ff6e9caa000 	C:\Program Files\Android\Android Studio\jbr\bin\java.exe
0x00007ffb34e10000 - 0x00007ffb35008000 	C:\Windows\SYSTEM32\ntdll.dll
0x00007ffb345b0000 - 0x00007ffb34672000 	C:\Windows\System32\KERNEL32.DLL
0x00007ffb32500000 - 0x00007ffb327fe000 	C:\Windows\System32\KERNELBASE.dll
0x00007ffb32d30000 - 0x00007ffb32e30000 	C:\Windows\System32\ucrtbase.dll
0x00007ffb00ee0000 - 0x00007ffb00efb000 	C:\Program Files\Android\Android Studio\jbr\bin\VCRUNTIME140.dll
0x00007ffb12e90000 - 0x00007ffb12ea8000 	C:\Program Files\Android\Android Studio\jbr\bin\jli.dll
0x00007ffb33190000 - 0x00007ffb3332d000 	C:\Windows\System32\USER32.dll
0x00007ffb32b30000 - 0x00007ffb32b52000 	C:\Windows\System32\win32u.dll
0x00007ffb1c1b0000 - 0x00007ffb1c44a000 	C:\Windows\WinSxS\amd64_microsoft.windows.common-controls_6595b64144ccf1df_6.0.19041.4355_none_60b8b9eb71f62e16\COMCTL32.dll
0x00007ffb34730000 - 0x00007ffb3475b000 	C:\Windows\System32\GDI32.dll
0x00007ffb34d30000 - 0x00007ffb34dce000 	C:\Windows\System32\msvcrt.dll
0x00007ffb32a10000 - 0x00007ffb32b27000 	C:\Windows\System32\gdi32full.dll
0x00007ffb32c00000 - 0x00007ffb32c9d000 	C:\Windows\System32\msvcp_win.dll
0x00007ffb33c60000 - 0x00007ffb33c8f000 	C:\Windows\System32\IMM32.DLL
0x00007ffb1b230000 - 0x00007ffb1b23c000 	C:\Program Files\Android\Android Studio\jbr\bin\vcruntime140_1.dll
0x00007ffb00700000 - 0x00007ffb0078d000 	C:\Program Files\Android\Android Studio\jbr\bin\msvcp140.dll
0x00007ffad27b0000 - 0x00007ffad342d000 	C:\Program Files\Android\Android Studio\jbr\bin\server\jvm.dll
0x00007ffb34bd0000 - 0x00007ffb34c81000 	C:\Windows\System32\ADVAPI32.dll
0x00007ffb33330000 - 0x00007ffb333cf000 	C:\Windows\System32\sechost.dll
0x00007ffb34a10000 - 0x00007ffb34b33000 	C:\Windows\System32\RPCRT4.dll
0x00007ffb32bd0000 - 0x00007ffb32bf7000 	C:\Windows\System32\bcrypt.dll
0x00007ffb347c0000 - 0x00007ffb3482b000 	C:\Windows\System32\WS2_32.dll
0x00007ffb31a00000 - 0x00007ffb31a4b000 	C:\Windows\SYSTEM32\POWRPROF.dll
0x00007ffb2b130000 - 0x00007ffb2b13a000 	C:\Windows\SYSTEM32\VERSION.dll
0x00007ffb29d60000 - 0x00007ffb29d87000 	C:\Windows\SYSTEM32\WINMM.dll
0x00007ffb31870000 - 0x00007ffb31882000 	C:\Windows\SYSTEM32\UMPDC.dll
0x00007ffb30310000 - 0x00007ffb30322000 	C:\Windows\SYSTEM32\kernel.appcore.dll
0x00007ffb17090000 - 0x00007ffb1709a000 	C:\Program Files\Android\Android Studio\jbr\bin\jimage.dll
0x00007ffb26be0000 - 0x00007ffb26dc4000 	C:\Windows\SYSTEM32\DBGHELP.DLL
0x00007ffb1c500000 - 0x00007ffb1c534000 	C:\Windows\SYSTEM32\dbgcore.DLL
0x00007ffb32ca0000 - 0x00007ffb32d22000 	C:\Windows\System32\bcryptPrimitives.dll
0x00007ffb009d0000 - 0x00007ffb009ef000 	C:\Program Files\Android\Android Studio\jbr\bin\java.dll
0x00007ffaff6e0000 - 0x00007ffaff6f8000 	C:\Program Files\Android\Android Studio\jbr\bin\zip.dll
0x00007ffb33c90000 - 0x00007ffb343fd000 	C:\Windows\System32\SHELL32.dll
0x00007ffb30510000 - 0x00007ffb30cb4000 	C:\Windows\SYSTEM32\windows.storage.dll
0x00007ffb32e30000 - 0x00007ffb33183000 	C:\Windows\System32\combase.dll
0x00007ffb31e00000 - 0x00007ffb31e2e000 	C:\Windows\SYSTEM32\Wldp.dll
0x00007ffb34420000 - 0x00007ffb344ed000 	C:\Windows\System32\OLEAUT32.dll
0x00007ffb34500000 - 0x00007ffb345ad000 	C:\Windows\System32\SHCORE.dll
0x00007ffb349b0000 - 0x00007ffb34a05000 	C:\Windows\System32\shlwapi.dll
0x00007ffb323e0000 - 0x00007ffb32404000 	C:\Windows\SYSTEM32\profapi.dll
0x00007ffb167b0000 - 0x00007ffb167c0000 	C:\Program Files\Android\Android Studio\jbr\bin\net.dll
0x00007ffb2c760000 - 0x00007ffb2c86d000 	C:\Windows\SYSTEM32\WINHTTP.dll
0x00007ffb31be0000 - 0x00007ffb31c4a000 	C:\Windows\system32\mswsock.dll
0x00007ffafc570000 - 0x00007ffafc586000 	C:\Program Files\Android\Android Studio\jbr\bin\nio.dll
0x00007ffb0f5a0000 - 0x00007ffb0f5b0000 	C:\Program Files\Android\Android Studio\jbr\bin\verify.dll

dbghelp: loaded successfully - version: 4.0.5 - missing functions: none
symbol engine: initialized successfully - sym options: 0x614 - pdb path: .;C:\Program Files\Android\Android Studio\jbr\bin;C:\Windows\SYSTEM32;C:\Windows\WinSxS\amd64_microsoft.windows.common-controls_6595b64144ccf1df_6.0.19041.4355_none_60b8b9eb71f62e16;C:\Program Files\Android\Android Studio\jbr\bin\server

VM Arguments:
java_command: org.jetbrains.kotlin.cli.jvm.K2JVMCompiler @C:\Users\Kareem Zedan\StudioProjects\Capital_Taxi2\app\build\20250216_10292712249953545941.compiler.options
java_class_path (initial): C:\Users\Kareem Zedan\.gradle\caches\modules-2\files-2.1\org.jetbrains.kotlin\kotlin-compiler-embeddable\2.0.0\1de310de3446414381282ffc46c3ed3919a4d1da\kotlin-compiler-embeddable-2.0.0.jar;C:\Users\Kareem Zedan\.gradle\caches\modules-2\files-2.1\org.jetbrains.kotlin\kotlin-stdlib\2.0.0\b48df2c4aede9586cc931ead433bc02d6fd7879e\kotlin-stdlib-2.0.0.jar;C:\Users\Kareem Zedan\.gradle\caches\modules-2\files-2.1\org.jetbrains.kotlin\kotlin-script-runtime\2.0.0\fdc27dd047d592fa41d2dfa21e7621287a361612\kotlin-script-runtime-2.0.0.jar;C:\Users\Kareem Zedan\.gradle\caches\modules-2\files-2.1\org.jetbrains.kotlin\kotlin-reflect\1.6.10\1cbe9c92c12a94eea200d23c2bbaedaf3daf5132\kotlin-reflect-1.6.10.jar;C:\Users\Kareem Zedan\.gradle\caches\modules-2\files-2.1\org.jetbrains.kotlin\kotlin-daemon-embeddable\2.0.0\b39c612768614c4428c96ee9c65477181fffe9d\kotlin-daemon-embeddable-2.0.0.jar;C:\Users\Kareem Zedan\.gradle\caches\modules-2\files-2.1\org.jetbrains.intellij.deps\trove4j\1.0.20200330\3afb14d5f9ceb459d724e907a21145e8ff394f02\trove4j-1.0.20200330.jar;C:\Users\Kareem Zedan\.gradle\caches\modules-2\files-2.1\org.jetbrains\annotations\13.0\919f0dfe192fb4e063e7dacadee7f8bb9a2672a9\annotations-13.0.jar
Launcher Type: SUN_STANDARD

[Global flags]
     intx CICompilerCount                          = 4                                         {product} {ergonomic}
     uint ConcGCThreads                            = 3                                         {product} {ergonomic}
     uint G1ConcRefinementThreads                  = 10                                        {product} {ergonomic}
   size_t G1HeapRegionSize                         = 2097152                                   {product} {ergonomic}
    uintx GCDrainStackTargetSize                   = 64                                        {product} {ergonomic}
   size_t InitialHeapSize                          = 266338304                                 {product} {ergonomic}
   size_t MarkStackSize                            = 4194304                                   {product} {ergonomic}
   size_t MaxHeapSize                              = 4246732800                                {product} {ergonomic}
   size_t MaxNewSize                               = 2548039680                                {product} {ergonomic}
   size_t MinHeapDeltaBytes                        = 2097152                                   {product} {ergonomic}
   size_t MinHeapSize                              = 8388608                                   {product} {ergonomic}
    uintx NonNMethodCodeHeapSize                   = 5839372                                {pd product} {ergonomic}
    uintx NonProfiledCodeHeapSize                  = 122909434                              {pd product} {ergonomic}
    uintx ProfiledCodeHeapSize                     = 122909434                              {pd product} {ergonomic}
    uintx ReservedCodeCacheSize                    = 251658240                              {pd product} {ergonomic}
     bool SegmentedCodeCache                       = true                                      {product} {ergonomic}
   size_t SoftMaxHeapSize                          = 4246732800                             {manageable} {ergonomic}
     bool UseCompressedOops                        = true                           {product lp64_product} {ergonomic}
     bool UseG1GC                                  = true                                      {product} {ergonomic}
     bool UseLargePagesIndividualAllocation        = false                                  {pd product} {ergonomic}

Logging:
Log output configuration:
 #0: stdout all=warning uptime,level,tags foldmultilines=false
 #1: stderr all=off uptime,level,tags foldmultilines=false

Environment Variables:
PATH=C:\Program Files\Common Files\Oracle\Java\javapath;C:\Windows\system32;C:\Windows;C:\Windows\System32\Wbem;C:\Windows\System32\WindowsPowerShell\v1.0\;C:\Windows\System32\OpenSSH\;C:\Program Files (x86)\Windows Kits\10\Windows Performance Toolkit\;C:\Program Files\Git\cmd;C:\Program Files\nodejs\;C:\Users\Kareem Zedan\AppData\Local\Microsoft\WindowsApps;C:\Users\Kareem Zedan\AppData\Local\Programs\Microsoft VS Code\bin;C:\Users\Kareem Zedan\AppData\Local\Programs\Microsoft VS Code\bin;C:\Users\Kareem Zedan\.cache\firebase\tools\bin;C:\Users\Kareem Zedan\AppData\Local\Pub\Cache\bin;C:\Users\Kareem Zedan\AppData\Roaming\npm;C:\Program Files\jdk-17.0.12\bin;C:\src2\flutter\bin;C:\src2\flutter\bin\cache\dart-sdk\bin;C:\Users\Kareem Zedan\AppData\Local\Google\Cloud SDK\google-cloud-sdk\bin
USERNAME=Kareem Zedan
OS=Windows_NT
PROCESSOR_IDENTIFIER=Intel64 Family 6 Model 151 Stepping 5, GenuineIntel
TMP=C:\Users\KAREEM~1\AppData\Local\Temp
TEMP=C:\Users\KAREEM~1\AppData\Local\Temp




Periodic native trim disabled

JNI global refs:
JNI global refs: 8, weak refs: 0

JNI global refs memory usage: 835, weak refs: 833

Process memory usage:
Resident Set Size: 157024K (0% of 16586164K total physical memory with 1147076K free physical memory)

OOME stack traces (most recent first):
Classloader memory used:
Loader jdk.internal.loader.ClassLoaders$AppClassLoader                                 : 20329K
Loader bootstrap                                                                       : 10269K
Loader java.net.URLClassLoader                                                         : 202K

---------------  S Y S T E M  ---------------

OS:
 Windows 10 , 64 bit Build 19041 (10.0.19041.5072)
OS uptime: 0 days 5:34 hours
Hyper-V role detected

CPU: total 12 (initial active 12) (6 cores per cpu, 2 threads per core) family 6 model 151 stepping 5 microcode 0x32, cx8, cmov, fxsr, ht, mmx, 3dnowpref, sse, sse2, sse3, ssse3, sse4.1, sse4.2, popcnt, lzcnt, tsc, tscinvbit, avx, avx2, aes, erms, clmul, bmi1, bmi2, adx, sha, fma, vzeroupper, clflush, clflushopt, clwb, hv, rdtscp, rdpid, fsrm, f16c, cet_ibt, cet_ss
Processor Information for all 12 processors :
  Max Mhz: 2500, Current Mhz: 2500, Mhz Limit: 2500

Memory: 4k page, system-wide physical 16197M (1119M free)
TotalPageFile size 26949M (AvailPageFile size 8336M)
current process WorkingSet (physical memory assigned to process): 153M, peak: 153M
current process commit charge ("private bytes"): 194M, peak: 366M

vm_info: OpenJDK 64-Bit Server VM (21.0.3+-12282718-b509.11) for windows-amd64 JRE (21.0.3+-12282718-b509.11), built on 2024-08-27T17:34:15Z by "builder" with MS VC++ 16.10 / 16.11 (VS2019)

END.
