#
# A fatal error has been detected by the Java Runtime Environment:
#
#  EXCEPTION_ACCESS_VIOLATION (0xc0000005) at pc=0x00007ffad29fe363, pid=11076, tid=1820
#
# JRE version: OpenJDK Runtime Environment (21.0.3) (build 21.0.3+-12282718-b509.11)
# Java VM: OpenJDK 64-Bit Server VM (21.0.3+-12282718-b509.11, mixed mode, tiered, compressed oops, compressed class ptrs, g1 gc, windows-amd64)
# Problematic frame:
# V  [jvm.dll+0x24e363]
#
# No core dump will be written. Minidumps are not enabled by default on client versions of Windows
#
# If you would like to submit a bug report, please visit:
#   https://youtrack.jetbrains.com/issues/JBR
#

---------------  S U M M A R Y ------------

Command Line: org.jetbrains.kotlin.cli.jvm.K2JVMCompiler @C:\Users\Kareem Zedan\StudioProjects\Capital_Taxi2\app\build\20250216_17467022232041597453.compiler.options

Host: 12th Gen Intel(R) Core(TM) i5-12400F, 12 cores, 15G,  Windows 10 , 64 bit Build 19041 (10.0.19041.5072)
Time: Sun Feb 16 21:17:06 2025 Egypt Standard Time elapsed time: 1.740635 seconds (0d 0h 0m 1s)

---------------  T H R E A D  ---------------

Current thread (0x0000019ace31ed30):  JavaThread "C2 CompilerThread1" daemon [_thread_in_native, id=1820, stack(0x0000003989300000,0x0000003989400000) (1024K)]


Current CompileTask:
C2:   1740 3200       4       org.jetbrains.kotlin.parsing.KotlinExpressionParsing::parsePrefixExpression (144 bytes)

Stack: [0x0000003989300000,0x0000003989400000],  sp=0x00000039893fcda0,  free space=1011k
Native frames: (J=compiled Java code, j=interpreted, Vv=VM code, C=native code)
V  [jvm.dll+0x24e363]
V  [jvm.dll+0x65c311]
V  [jvm.dll+0x65b143]
V  [jvm.dll+0x24697f]
V  [jvm.dll+0x2460d1]
V  [jvm.dll+0x1c5804]
V  [jvm.dll+0x25575c]
V  [jvm.dll+0x253c36]
V  [jvm.dll+0x3ec996]
V  [jvm.dll+0x800d78]
V  [jvm.dll+0x6c98cd]
C  [ucrtbase.dll+0x21bb2]
C  [KERNEL32.DLL+0x17374]
C  [ntdll.dll+0x4cc91]


siginfo: EXCEPTION_ACCESS_VIOLATION (0xc0000005), reading address 0x0000000000000004


Registers:
RAX=0x0000019ad4f21688, RBX=0x00000039893fce10, RCX=0x0000000000001b7a, RDX=0x0000000000001cc8
RSP=0x00000039893fcda0, RBP=0x00000039893fce60, RSI=0x0000000000000025, RDI=0x0000000000000004
R8 =0x0000000000008000, R9 =0x0000000000000000, R10=0x00007ffb00ee0000, R11=0x0000019ad7a23860
R12=0x0000000000000004, R13=0x0000019ad4f21620, R14=0x0000000000000000, R15=0x000000000000000f
RIP=0x00007ffad29fe363, EFLAGS=0x0000000000010246


Register to memory mapping:

RAX=0x0000019ad4f21688 points into unknown readable memory: 0x0000000000000004 | 04 00 00 00 00 00 00 00
RBX=0x00000039893fce10 is pointing into the stack for thread: 0x0000019ace31ed30
RCX=0x0000000000001b7a is an unknown value
RDX=0x0000000000001cc8 is an unknown value
RSP=0x00000039893fcda0 is pointing into the stack for thread: 0x0000019ace31ed30
RBP=0x00000039893fce60 is pointing into the stack for thread: 0x0000019ace31ed30
RSI=0x0000000000000025 is an unknown value
RDI=0x0000000000000004 is an unknown value
R8 =32768 is a compressed pointer to class: 0x0000000800008000
java.security.Permissions {0x0000000800008008}
 - instance size:     3
 - klass size:        75
 - access:            public final synchronized 
 - flags:             rewritten has_nonstatic_fields 
 - state:             fully_initialized
 - name:              'java/security/Permissions'
 - super:             'java/security/PermissionCollection'
 - sub:               
 - arrays:            null
 - methods:           Array<T>(0x0000019acf48ec08)
 - method ordering:   Array<T>(0x0000019acf000018)
 - default_methods:   Array<T>(0x0000000000000000)
 - local interfaces:  Array<T>(0x0000019acf48ebf8)
 - trans. interfaces: Array<T>(0x0000019acf48f840)
 - constants:         constant pool [317] {0x0000019acf48e0b8} for 'java/security/Permissions' cache=0x0000019acf48f890
 - class loader data:  loader data: 0x0000019acdfb2c00 of 'bootstrap'
 - class annotations:       Array<T>(0x0000000000000000)
 - class type annotations:  Array<T>(0x0000000000000000)
 - field annotations:       Array<T>(0x0000000000000000)
 - field type annotations:  Array<T>(0x0000000000000000)
 - inner classes:     Array<T>(0x0000019acf48f818)
 - nest members:     Array<T>(0x0000019acf000028)
 - permitted subclasses:     Array<T>(0x0000019acf000028)
 - java mirror:       a 'java/lang/Class'{0x00000007039d8d48} = 'java/security/Permissions'
 - vtable length      11  (start addr: 0x00000008000081e8)
 - itable length      2 (start addr: 0x0000000800008240)
 - ---- static fields (2 words):
 - private static final 'serialVersionUID' 'J' @120 
 - private static final 'serialPersistentFields' '[Ljava/io/ObjectStreamField;' @112 
 - ---- non-static fields (3 words):
 - private volatile 'readOnly' 'Z' @12 
 - private transient 'hasUnresolved' 'Z' @13 
 - private transient 'permsMap' 'Ljava/util/concurrent/ConcurrentHashMap;' @16 
 - 'allPermission' 'Ljava/security/PermissionCollection;' @20 
 - non-static oop maps: 16-20 
R9 =0x0 is null
R10=0x00007ffb00ee0000 VCRUNTIME140.dll
R11=0x0000019ad7a23860 points into unknown readable memory: 0x7dfbf7f7efefefef | ef ef ef ef f7 f7 fb 7d
R12=0x0000000000000004 is an unknown value
R13=0x0000019ad4f21620 points into unknown readable memory: 0x00007ffad308e0f8 | f8 e0 08 d3 fa 7f 00 00
R14=0x0 is null
R15=0x000000000000000f is an unknown value

Top of Stack: (sp=0x00000039893fcda0)
0x00000039893fcda0:   00000039893fce10 00000039893fce60
0x00000039893fcdb0:   00000039893fe610 0000000000002174
0x00000039893fcdc0:   00000039893fd290 0000019ace4c3870
0x00000039893fcdd0:   0000019ad3c41f68 00000000001dd4f0
0x00000039893fcde0:   0000000000000000 00007ffad2e0c311
0x00000039893fcdf0:   0000000000001b7a 00000039893fce60
0x00000039893fce00:   0000019ad3c39f80 0000019ad3c3b920
0x00000039893fce10:   0000019ace4c3870 0000019a00004000
0x00000039893fce20:   0000019ad7d55e70 0000019a00001cc8
0x00000039893fce30:   0000019a00000200 0000019ad7a23460
0x00000039893fce40:   00007ffa00000200 0000019ace4c3870
0x00000039893fce50:   00007ffa00000000 00007ffad29f6662
0x00000039893fce60:   00000039893fe8c0 0000019ad7a24928
0x00000039893fce70:   0000019ad7bb8968 0000019ace2f33f8
0x00000039893fce80:   0000019ad7bb8968 0000019ad41e7650
0x00000039893fce90:   00000039893fcf29 00007ffad2e0b143
0x00000039893fcea0:   0000019ad3c3b920 0000019ad3c41f68
0x00000039893fceb0:   00000000001dd4f0 00000039893fd290
0x00000039893fcec0:   0000019ad41e7650 00000039893fe8c0
0x00000039893fced0:   0000000000000000 0000000000000000
0x00000039893fcee0:   0000000000000000 0000000000000000
0x00000039893fcef0:   0000000000000000 00007ffad3159060
0x00000039893fcf00:   0000000000000000 0000000000000000
0x00000039893fcf10:   0000000000000000 00007ffad3159060
0x00000039893fcf20:   0000000000000000 0000000900000009
0x00000039893fcf30:   00000039893fd338 0000000000000007
0x00000039893fcf40:   0000000000000000 0000000000000000
0x00000039893fcf50:   00008dda63014081 00007ffad2e0445e
0x00000039893fcf60:   0000000000000000 0000000080000000
0x00000039893fcf70:   0000019ace144720 0000000000000000
0x00000039893fcf80:   00000039893fd090 00007ffad29f697f
0x00000039893fcf90:   00000039893fe610 00000039893fe610 

Instructions: (pc=0x00007ffad29fe363)
0x00007ffad29fe263:   8d 24 c4 4c 89 a4 24 88 00 00 00 4c 3b 64 24 20
0x00007ffad29fe273:   0f 83 47 fe ff ff 4c 8b 7c 24 30 4c 8b 74 24 38
0x00007ffad29fe283:   48 8b 7c 24 40 48 8b ac 24 80 00 00 00 48 83 c4
0x00007ffad29fe293:   48 41 5d 41 5c 5e 5b c3 cc cc cc cc cc 40 53 56
0x00007ffad29fe2a3:   57 48 83 ec 30 8b b9 50 02 00 00 48 8b da 2b b9
0x00007ffad29fe2b3:   78 02 00 00 48 8b f1 3b 7a 08 72 0a 8b d7 48 8b
0x00007ffad29fe2c3:   cb e8 27 a3 45 00 48 8b 43 10 48 c7 04 f8 00 00
0x00007ffad29fe2d3:   00 00 48 8b 96 e0 02 00 00 48 85 d2 74 08 48 8b
0x00007ffad29fe2e3:   cb e8 b7 f6 e7 ff 48 8b 96 e8 02 00 00 48 85 d2
0x00007ffad29fe2f3:   74 08 48 8b cb e8 a3 f6 e7 ff 8b 53 18 33 c0 89
0x00007ffad29fe303:   44 24 50 85 d2 0f 84 f8 00 00 00 48 89 6c 24 58
0x00007ffad29fe313:   4c 89 64 24 60 4c 89 6c 24 68 4c 89 74 24 28 4c
0x00007ffad29fe323:   89 7c 24 20 66 0f 1f 84 00 00 00 00 00 8b c8 48
0x00007ffad29fe333:   8b 43 10 4c 8b 2c c8 41 8b 45 1c 85 c0 0f 84 95
0x00007ffad29fe343:   00 00 00 45 33 f6 44 8b e0 0f 1f 40 00 49 8b 45
0x00007ffad29fe353:   08 49 8b 3c 06 48 85 ff 74 6d 40 f6 c7 01 75 67
0x00007ffad29fe363:   48 83 3f fe 74 61 44 8b 7f 28 41 8b f7 c1 ee 05
0x00007ffad29fe373:   3b 73 20 72 0b 8b d6 48 8d 4b 20 e8 6d 0b 5f 00
0x00007ffad29fe383:   48 8b 43 28 41 83 e7 1f 48 8d 14 b0 41 0f b6 cf
0x00007ffad29fe393:   41 b8 01 00 00 00 41 d3 e0 8b 0a 8b c1 41 0b c0
0x00007ffad29fe3a3:   89 02 41 85 c8 75 20 8b 73 18 8d 46 01 89 43 18
0x00007ffad29fe3b3:   3b 73 08 72 0a 8b d6 48 8b cb e8 2e a2 45 00 48
0x00007ffad29fe3c3:   8b 43 10 48 89 3c f0 49 83 c6 08 49 83 ec 01 0f
0x00007ffad29fe3d3:   85 78 ff ff ff 8b 53 18 8b 44 24 50 ff c0 89 44
0x00007ffad29fe3e3:   24 50 3b c2 0f 82 43 ff ff ff 4c 8b 7c 24 20 4c
0x00007ffad29fe3f3:   8b 74 24 28 4c 8b 6c 24 68 4c 8b 64 24 60 48 8b
0x00007ffad29fe403:   6c 24 58 48 83 c4 30 5f 5e 5b c3 cc cc 40 53 48
0x00007ffad29fe413:   83 ec 20 48 8b 81 f0 02 00 00 48 8b d9 48 85 c0
0x00007ffad29fe423:   75 27 e8 06 36 00 00 48 8b d0 48 8b 48 10 48 8b
0x00007ffad29fe433:   01 48 3b c2 74 06 83 78 38 02 74 06 48 83 c1 08
0x00007ffad29fe443:   eb ec 48 89 83 f0 02 00 00 48 83 c4 20 5b c3 cc
0x00007ffad29fe453:   cc cc cc cc cc cc cc cc cc cc cc cc cc 48 8b c4 


Stack slot to memory mapping:

stack at sp + 0 slots: 0x00000039893fce10 is pointing into the stack for thread: 0x0000019ace31ed30
stack at sp + 1 slots: 0x00000039893fce60 is pointing into the stack for thread: 0x0000019ace31ed30
stack at sp + 2 slots: 0x00000039893fe610 is pointing into the stack for thread: 0x0000019ace31ed30
stack at sp + 3 slots: 0x0000000000002174 is an unknown value
stack at sp + 4 slots: 0x00000039893fd290 is pointing into the stack for thread: 0x0000019ace31ed30
stack at sp + 5 slots: 0x0000019ace4c3870 points into unknown readable memory: 0x0000000000000007 | 07 00 00 00 00 00 00 00
stack at sp + 6 slots: 0x0000019ad3c41f68 points into unknown readable memory: 0x08c520da9318dbf9 | f9 db 18 93 da 20 c5 08
stack at sp + 7 slots: 0x00000000001dd4f0 is an unknown value


---------------  P R O C E S S  ---------------

Threads class SMR info:
_java_thread_list=0x0000019ace4c3d20, length=13, elements={
0x0000019ab1c7d370, 0x0000019ace30afb0, 0x0000019ace30bed0, 0x0000019ace30c930,
0x0000019ace30cfa0, 0x0000019ace30da00, 0x0000019ace316520, 0x0000019ace2f6050,
0x0000019ace31e660, 0x0000019ace3ef460, 0x0000019ace3eda20, 0x0000019ace31ed30,
0x0000019ace31f400
}

Java Threads: ( => current thread )
  0x0000019ab1c7d370 JavaThread "main"                              [_thread_in_Java, id=11008, stack(0x0000003988100000,0x0000003988200000) (1024K)]
  0x0000019ace30afb0 JavaThread "Reference Handler"          daemon [_thread_blocked, id=6924, stack(0x0000003988900000,0x0000003988a00000) (1024K)]
  0x0000019ace30bed0 JavaThread "Finalizer"                  daemon [_thread_blocked, id=12680, stack(0x0000003988a00000,0x0000003988b00000) (1024K)]
  0x0000019ace30c930 JavaThread "Signal Dispatcher"          daemon [_thread_blocked, id=6316, stack(0x0000003988b00000,0x0000003988c00000) (1024K)]
  0x0000019ace30cfa0 JavaThread "Attach Listener"            daemon [_thread_blocked, id=1128, stack(0x0000003988c00000,0x0000003988d00000) (1024K)]
  0x0000019ace30da00 JavaThread "Service Thread"             daemon [_thread_blocked, id=4064, stack(0x0000003988d00000,0x0000003988e00000) (1024K)]
  0x0000019ace316520 JavaThread "Monitor Deflation Thread"   daemon [_thread_blocked, id=4236, stack(0x0000003988e00000,0x0000003988f00000) (1024K)]
  0x0000019ace2f6050 JavaThread "C2 CompilerThread0"         daemon [_thread_in_native, id=11748, stack(0x0000003988f00000,0x0000003989000000) (1024K)]
  0x0000019ace31e660 JavaThread "C1 CompilerThread0"         daemon [_thread_in_native, id=8088, stack(0x0000003989000000,0x0000003989100000) (1024K)]
  0x0000019ace3ef460 JavaThread "Notification Thread"        daemon [_thread_blocked, id=10256, stack(0x0000003989100000,0x0000003989200000) (1024K)]
  0x0000019ace3eda20 JavaThread "Common-Cleaner"             daemon [_thread_blocked, id=12972, stack(0x0000003989200000,0x0000003989300000) (1024K)]
=>0x0000019ace31ed30 JavaThread "C2 CompilerThread1"         daemon [_thread_in_native, id=1820, stack(0x0000003989300000,0x0000003989400000) (1024K)]
  0x0000019ace31f400 JavaThread "C2 CompilerThread2"         daemon [_thread_in_native, id=5760, stack(0x0000003989400000,0x0000003989500000) (1024K)]
Total: 13

Other Threads:
  0x0000019ace16c8e0 VMThread "VM Thread"                           [id=3476, stack(0x0000003988800000,0x0000003988900000) (1024K)]
  0x0000019ace0ded50 WatcherThread "VM Periodic Task Thread"        [id=14304, stack(0x0000003988700000,0x0000003988800000) (1024K)]
  0x0000019ab1f8ef30 WorkerThread "GC Thread#0"                     [id=6216, stack(0x0000003988200000,0x0000003988300000) (1024K)]
  0x0000019aced41710 WorkerThread "GC Thread#1"                     [id=4576, stack(0x0000003989500000,0x0000003989600000) (1024K)]
  0x0000019aced41ab0 WorkerThread "GC Thread#2"                     [id=2188, stack(0x0000003989600000,0x0000003989700000) (1024K)]
  0x0000019aced41e50 WorkerThread "GC Thread#3"                     [id=2732, stack(0x0000003989700000,0x0000003989800000) (1024K)]
  0x0000019aced421f0 WorkerThread "GC Thread#4"                     [id=14092, stack(0x0000003989800000,0x0000003989900000) (1024K)]
  0x0000019aced4c2f0 WorkerThread "GC Thread#5"                     [id=9428, stack(0x0000003989900000,0x0000003989a00000) (1024K)]
  0x0000019ad3204cf0 WorkerThread "GC Thread#6"                     [id=7680, stack(0x0000003989a00000,0x0000003989b00000) (1024K)]
  0x0000019ad3204950 WorkerThread "GC Thread#7"                     [id=5300, stack(0x0000003989b00000,0x0000003989c00000) (1024K)]
  0x0000019ad3205b70 WorkerThread "GC Thread#8"                     [id=2568, stack(0x0000003989c00000,0x0000003989d00000) (1024K)]
  0x0000019ad388cfe0 WorkerThread "GC Thread#9"                     [id=9820, stack(0x0000003989f00000,0x000000398a000000) (1024K)]
  0x0000019ab1fa0da0 ConcurrentGCThread "G1 Main Marker"            [id=11360, stack(0x0000003988300000,0x0000003988400000) (1024K)]
  0x0000019ab1fa18a0 WorkerThread "G1 Conc#0"                       [id=2204, stack(0x0000003988400000,0x0000003988500000) (1024K)]
  0x0000019ad3205090 WorkerThread "G1 Conc#1"                       [id=8364, stack(0x0000003989d00000,0x0000003989e00000) (1024K)]
  0x0000019ad32057d0 WorkerThread "G1 Conc#2"                       [id=7716, stack(0x0000003989e00000,0x0000003989f00000) (1024K)]
  0x0000019ab1ffeb30 ConcurrentGCThread "G1 Refine#0"               [id=13928, stack(0x0000003988500000,0x0000003988600000) (1024K)]
  0x0000019acdfb48b0 ConcurrentGCThread "G1 Service"                [id=10116, stack(0x0000003988600000,0x0000003988700000) (1024K)]
Total: 18

Threads with active compile tasks:
C2 CompilerThread0     1761 3369       4       org.jetbrains.kotlin.fir.lightTree.converter.LightTreeRawFirExpressionBuilder::convertExpression (1280 bytes)
C1 CompilerThread0     1761 3391       3       org.jetbrains.kotlin.parsing.KotlinParsing::parseImportDirective (441 bytes)
C2 CompilerThread1     1761 3200       4       org.jetbrains.kotlin.parsing.KotlinExpressionParsing::parsePrefixExpression (144 bytes)
C2 CompilerThread2     1761 3201       4       org.jetbrains.kotlin.parsing.KotlinExpressionParsing$Precedence$2::parseHigherPrecedence (5 bytes)
Total: 4

VM state: not at safepoint (normal execution)

VM Mutex/Monitor currently owned by a thread: None

Heap address: 0x0000000702e00000, size: 4050 MB, Compressed Oops mode: Zero based, Oop shift amount: 3

CDS archive(s) not mapped
Compressed class space mapped at: 0x0000000800000000-0x0000000840000000, reserved size: 1073741824
Narrow klass base: 0x0000000800000000, Narrow klass shift: 0, Narrow klass range: 0x40000000

GC Precious Log:
 CardTable entry size: 512
 Card Set container configuration: InlinePtr #cards 4 size 8 Array Of Cards #cards 16 size 48 Howl #buckets 8 coarsen threshold 3686 Howl Bitmap #cards 512 size 80 coarsen threshold 460 Card regions per heap region 1 cards per card region 4096
 CPUs: 12 total, 12 available
 Memory: 16197M
 Large Page Support: Disabled
 NUMA Support: Disabled
 Compressed Oops: Enabled (Zero based)
 Heap Region Size: 2M
 Heap Min Capacity: 8M
 Heap Initial Capacity: 254M
 Heap Max Capacity: 4050M
 Pre-touch: Disabled
 Parallel Workers: 10
 Concurrent Workers: 3
 Concurrent Refinement Workers: 10
 Periodic GC: Disabled

Heap:
 garbage-first heap   total 157696K, used 90876K [0x0000000702e00000, 0x0000000800000000)
  region size 2048K, 35 young (71680K), 2 survivors (4096K)
 Metaspace       used 40231K, committed 40512K, reserved 1114112K
  class space    used 4681K, committed 4800K, reserved 1048576K

Heap Regions: E=young(eden), S=young(survivor), O=old, HS=humongous(starts), HC=humongous(continues), CS=collection set, F=free, TAMS=top-at-mark-start, PB=parsable bottom
|   0|0x0000000702e00000, 0x0000000703000000, 0x0000000703000000|100%|HS|  |TAMS 0x0000000702e00000| PB 0x0000000702e00000| Complete 
|   1|0x0000000703000000, 0x0000000703200000, 0x0000000703200000|100%|HC|  |TAMS 0x0000000703000000| PB 0x0000000703000000| Complete 
|   2|0x0000000703200000, 0x0000000703400000, 0x0000000703400000|100%| O|  |TAMS 0x0000000703200000| PB 0x0000000703200000| Untracked 
|   3|0x0000000703400000, 0x0000000703600000, 0x0000000703600000|100%| O|  |TAMS 0x0000000703400000| PB 0x0000000703400000| Untracked 
|   4|0x0000000703600000, 0x0000000703800000, 0x0000000703800000|100%| O|  |TAMS 0x0000000703600000| PB 0x0000000703600000| Untracked 
|   5|0x0000000703800000, 0x0000000703a00000, 0x0000000703a00000|100%| O|  |TAMS 0x0000000703800000| PB 0x0000000703800000| Untracked 
|   6|0x0000000703a00000, 0x0000000703c00000, 0x0000000703c00000|100%| O|Cm|TAMS 0x0000000703a00000| PB 0x0000000703a00000| Complete 
|   7|0x0000000703c00000, 0x0000000703c89370, 0x0000000703e00000| 26%| O|  |TAMS 0x0000000703c00000| PB 0x0000000703c00000| Untracked 
|   8|0x0000000703e00000, 0x0000000703e00000, 0x0000000704000000|  0%| F|  |TAMS 0x0000000703e00000| PB 0x0000000703e00000| Untracked 
|   9|0x0000000704000000, 0x0000000704200000, 0x0000000704200000|100%| O|  |TAMS 0x0000000704000000| PB 0x0000000704000000| Untracked 
|  10|0x0000000704200000, 0x0000000704200000, 0x0000000704400000|  0%| F|  |TAMS 0x0000000704200000| PB 0x0000000704200000| Untracked 
|  11|0x0000000704400000, 0x0000000704400000, 0x0000000704600000|  0%| F|  |TAMS 0x0000000704400000| PB 0x0000000704400000| Untracked 
|  12|0x0000000704600000, 0x0000000704600000, 0x0000000704800000|  0%| F|  |TAMS 0x0000000704600000| PB 0x0000000704600000| Untracked 
|  13|0x0000000704800000, 0x0000000704835c90, 0x0000000704a00000| 10%| S|CS|TAMS 0x0000000704800000| PB 0x0000000704800000| Complete 
|  14|0x0000000704a00000, 0x0000000704c00000, 0x0000000704c00000|100%| S|CS|TAMS 0x0000000704a00000| PB 0x0000000704a00000| Complete 
|  15|0x0000000704c00000, 0x0000000704c00000, 0x0000000704e00000|  0%| F|  |TAMS 0x0000000704c00000| PB 0x0000000704c00000| Untracked 
|  16|0x0000000704e00000, 0x0000000704e00000, 0x0000000705000000|  0%| F|  |TAMS 0x0000000704e00000| PB 0x0000000704e00000| Untracked 
|  17|0x0000000705000000, 0x0000000705000000, 0x0000000705200000|  0%| F|  |TAMS 0x0000000705000000| PB 0x0000000705000000| Untracked 
|  18|0x0000000705200000, 0x0000000705200000, 0x0000000705400000|  0%| F|  |TAMS 0x0000000705200000| PB 0x0000000705200000| Untracked 
|  19|0x0000000705400000, 0x0000000705400000, 0x0000000705600000|  0%| F|  |TAMS 0x0000000705400000| PB 0x0000000705400000| Untracked 
|  20|0x0000000705600000, 0x0000000705600000, 0x0000000705800000|  0%| F|  |TAMS 0x0000000705600000| PB 0x0000000705600000| Untracked 
|  21|0x0000000705800000, 0x0000000705800000, 0x0000000705a00000|  0%| F|  |TAMS 0x0000000705800000| PB 0x0000000705800000| Untracked 
|  22|0x0000000705a00000, 0x0000000705a00000, 0x0000000705c00000|  0%| F|  |TAMS 0x0000000705a00000| PB 0x0000000705a00000| Untracked 
|  23|0x0000000705c00000, 0x0000000705c00000, 0x0000000705e00000|  0%| F|  |TAMS 0x0000000705c00000| PB 0x0000000705c00000| Untracked 
|  24|0x0000000705e00000, 0x0000000705e00000, 0x0000000706000000|  0%| F|  |TAMS 0x0000000705e00000| PB 0x0000000705e00000| Untracked 
|  25|0x0000000706000000, 0x0000000706000000, 0x0000000706200000|  0%| F|  |TAMS 0x0000000706000000| PB 0x0000000706000000| Untracked 
|  26|0x0000000706200000, 0x0000000706200000, 0x0000000706400000|  0%| F|  |TAMS 0x0000000706200000| PB 0x0000000706200000| Untracked 
|  27|0x0000000706400000, 0x0000000706400000, 0x0000000706600000|  0%| F|  |TAMS 0x0000000706400000| PB 0x0000000706400000| Untracked 
|  28|0x0000000706600000, 0x0000000706600000, 0x0000000706800000|  0%| F|  |TAMS 0x0000000706600000| PB 0x0000000706600000| Untracked 
|  29|0x0000000706800000, 0x0000000706800000, 0x0000000706a00000|  0%| F|  |TAMS 0x0000000706800000| PB 0x0000000706800000| Untracked 
|  30|0x0000000706a00000, 0x0000000706a00000, 0x0000000706c00000|  0%| F|  |TAMS 0x0000000706a00000| PB 0x0000000706a00000| Untracked 
|  31|0x0000000706c00000, 0x0000000706c00000, 0x0000000706e00000|  0%| F|  |TAMS 0x0000000706c00000| PB 0x0000000706c00000| Untracked 
|  32|0x0000000706e00000, 0x0000000706e00000, 0x0000000707000000|  0%| F|  |TAMS 0x0000000706e00000| PB 0x0000000706e00000| Untracked 
|  33|0x0000000707000000, 0x0000000707000000, 0x0000000707200000|  0%| F|  |TAMS 0x0000000707000000| PB 0x0000000707000000| Untracked 
|  34|0x0000000707200000, 0x0000000707200000, 0x0000000707400000|  0%| F|  |TAMS 0x0000000707200000| PB 0x0000000707200000| Untracked 
|  35|0x0000000707400000, 0x0000000707400000, 0x0000000707600000|  0%| F|  |TAMS 0x0000000707400000| PB 0x0000000707400000| Untracked 
|  36|0x0000000707600000, 0x0000000707600000, 0x0000000707800000|  0%| F|  |TAMS 0x0000000707600000| PB 0x0000000707600000| Untracked 
|  37|0x0000000707800000, 0x0000000707800000, 0x0000000707a00000|  0%| F|  |TAMS 0x0000000707800000| PB 0x0000000707800000| Untracked 
|  38|0x0000000707a00000, 0x0000000707a00000, 0x0000000707c00000|  0%| F|  |TAMS 0x0000000707a00000| PB 0x0000000707a00000| Untracked 
|  39|0x0000000707c00000, 0x0000000707c47180, 0x0000000707e00000| 13%| E|  |TAMS 0x0000000707c00000| PB 0x0000000707c00000| Complete 
|  40|0x0000000707e00000, 0x0000000708000000, 0x0000000708000000|100%| E|CS|TAMS 0x0000000707e00000| PB 0x0000000707e00000| Complete 
|  41|0x0000000708000000, 0x0000000708200000, 0x0000000708200000|100%| E|CS|TAMS 0x0000000708000000| PB 0x0000000708000000| Complete 
|  42|0x0000000708200000, 0x0000000708400000, 0x0000000708400000|100%| E|CS|TAMS 0x0000000708200000| PB 0x0000000708200000| Complete 
|  43|0x0000000708400000, 0x0000000708600000, 0x0000000708600000|100%| E|CS|TAMS 0x0000000708400000| PB 0x0000000708400000| Complete 
|  44|0x0000000708600000, 0x0000000708800000, 0x0000000708800000|100%| E|CS|TAMS 0x0000000708600000| PB 0x0000000708600000| Complete 
|  45|0x0000000708800000, 0x0000000708a00000, 0x0000000708a00000|100%| E|CS|TAMS 0x0000000708800000| PB 0x0000000708800000| Complete 
|  46|0x0000000708a00000, 0x0000000708c00000, 0x0000000708c00000|100%| E|CS|TAMS 0x0000000708a00000| PB 0x0000000708a00000| Complete 
|  47|0x0000000708c00000, 0x0000000708e00000, 0x0000000708e00000|100%| E|CS|TAMS 0x0000000708c00000| PB 0x0000000708c00000| Complete 
|  48|0x0000000708e00000, 0x0000000709000000, 0x0000000709000000|100%| E|CS|TAMS 0x0000000708e00000| PB 0x0000000708e00000| Complete 
|  49|0x0000000709000000, 0x0000000709200000, 0x0000000709200000|100%| E|CS|TAMS 0x0000000709000000| PB 0x0000000709000000| Complete 
|  50|0x0000000709200000, 0x0000000709400000, 0x0000000709400000|100%| E|CS|TAMS 0x0000000709200000| PB 0x0000000709200000| Complete 
|  51|0x0000000709400000, 0x0000000709600000, 0x0000000709600000|100%| E|CS|TAMS 0x0000000709400000| PB 0x0000000709400000| Complete 
|  52|0x0000000709600000, 0x0000000709800000, 0x0000000709800000|100%| E|CS|TAMS 0x0000000709600000| PB 0x0000000709600000| Complete 
|  53|0x0000000709800000, 0x0000000709a00000, 0x0000000709a00000|100%| E|CS|TAMS 0x0000000709800000| PB 0x0000000709800000| Complete 
|  54|0x0000000709a00000, 0x0000000709c00000, 0x0000000709c00000|100%| E|CS|TAMS 0x0000000709a00000| PB 0x0000000709a00000| Complete 
|  55|0x0000000709c00000, 0x0000000709e00000, 0x0000000709e00000|100%| E|CS|TAMS 0x0000000709c00000| PB 0x0000000709c00000| Complete 
|  56|0x0000000709e00000, 0x000000070a000000, 0x000000070a000000|100%| E|CS|TAMS 0x0000000709e00000| PB 0x0000000709e00000| Complete 
|  57|0x000000070a000000, 0x000000070a200000, 0x000000070a200000|100%| E|CS|TAMS 0x000000070a000000| PB 0x000000070a000000| Complete 
|  58|0x000000070a200000, 0x000000070a400000, 0x000000070a400000|100%| E|CS|TAMS 0x000000070a200000| PB 0x000000070a200000| Complete 
|  59|0x000000070a400000, 0x000000070a600000, 0x000000070a600000|100%| E|CS|TAMS 0x000000070a400000| PB 0x000000070a400000| Complete 
|  60|0x000000070a600000, 0x000000070a800000, 0x000000070a800000|100%| E|CS|TAMS 0x000000070a600000| PB 0x000000070a600000| Complete 
|  61|0x000000070a800000, 0x000000070aa00000, 0x000000070aa00000|100%| E|CS|TAMS 0x000000070a800000| PB 0x000000070a800000| Complete 
|  62|0x000000070aa00000, 0x000000070ac00000, 0x000000070ac00000|100%| E|CS|TAMS 0x000000070aa00000| PB 0x000000070aa00000| Complete 
|  63|0x000000070ac00000, 0x000000070ae00000, 0x000000070ae00000|100%| E|CS|TAMS 0x000000070ac00000| PB 0x000000070ac00000| Complete 
|  64|0x000000070ae00000, 0x000000070b000000, 0x000000070b000000|100%| E|CS|TAMS 0x000000070ae00000| PB 0x000000070ae00000| Complete 
|  65|0x000000070b000000, 0x000000070b200000, 0x000000070b200000|100%| E|CS|TAMS 0x000000070b000000| PB 0x000000070b000000| Complete 
|  66|0x000000070b200000, 0x000000070b400000, 0x000000070b400000|100%| E|CS|TAMS 0x000000070b200000| PB 0x000000070b200000| Complete 
|  67|0x000000070b400000, 0x000000070b600000, 0x000000070b600000|100%| E|CS|TAMS 0x000000070b400000| PB 0x000000070b400000| Complete 
|  68|0x000000070b600000, 0x000000070b800000, 0x000000070b800000|100%| E|CS|TAMS 0x000000070b600000| PB 0x000000070b600000| Complete 
|  69|0x000000070b800000, 0x000000070ba00000, 0x000000070ba00000|100%| E|CS|TAMS 0x000000070b800000| PB 0x000000070b800000| Complete 
| 112|0x0000000710e00000, 0x0000000711000000, 0x0000000711000000|100%| E|  |TAMS 0x0000000710e00000| PB 0x0000000710e00000| Complete 
| 113|0x0000000711000000, 0x0000000711200000, 0x0000000711200000|100%| E|CS|TAMS 0x0000000711000000| PB 0x0000000711000000| Complete 
| 126|0x0000000712a00000, 0x0000000712c00000, 0x0000000712c00000|100%| E|CS|TAMS 0x0000000712a00000| PB 0x0000000712a00000| Complete 
|2021|0x00000007ff800000, 0x00000007ffa00000, 0x00000007ffa00000|100%| O|  |TAMS 0x00000007ff800000| PB 0x00000007ff800000| Untracked 
|2022|0x00000007ffa00000, 0x00000007ffc00000, 0x00000007ffc00000|100%| O|  |TAMS 0x00000007ffa00000| PB 0x00000007ffa00000| Untracked 
|2023|0x00000007ffc00000, 0x00000007ffe00000, 0x00000007ffe00000|100%| O|  |TAMS 0x00000007ffc00000| PB 0x00000007ffc00000| Untracked 
|2024|0x00000007ffe00000, 0x0000000800000000, 0x0000000800000000|100%| O|  |TAMS 0x00000007ffe00000| PB 0x00000007ffe00000| Untracked 

Card table byte_map: [0x0000019ac6d00000,0x0000019ac74f0000] _byte_map_base: 0x0000019ac34e9000

Marking Bits: (CMBitMap*) 0x0000019ab1f8f630
 Bits: [0x0000019ac74f0000, 0x0000019acb438000)

Polling page: 0x0000019ab1c40000

Metaspace:

Usage:
  Non-class:     34.72 MB used.
      Class:      4.57 MB used.
       Both:     39.29 MB used.

Virtual space:
  Non-class space:       64.00 MB reserved,      34.88 MB ( 54%) committed,  1 nodes.
      Class space:        1.00 GB reserved,       4.69 MB ( <1%) committed,  1 nodes.
             Both:        1.06 GB reserved,      39.56 MB (  4%) committed. 

Chunk freelists:
   Non-Class:  13.05 MB
       Class:  11.27 MB
        Both:  24.31 MB

MaxMetaspaceSize: unlimited
CompressedClassSpaceSize: 1.00 GB
Initial GC threshold: 21.00 MB
Current GC threshold: 54.06 MB
CDS: off
 - commit_granule_bytes: 65536.
 - commit_granule_words: 8192.
 - virtual_space_node_default_size: 8388608.
 - enlarge_chunks_in_place: 1.
 - use_allocation_guard: 0.


Internal statistics:

num_allocs_failed_limit: 3.
num_arena_births: 208.
num_arena_deaths: 0.
num_vsnodes_births: 2.
num_vsnodes_deaths: 0.
num_space_committed: 631.
num_space_uncommitted: 0.
num_chunks_returned_to_freelist: 3.
num_chunks_taken_from_freelist: 1342.
num_chunk_merges: 3.
num_chunk_splits: 1069.
num_chunks_enlarged: 950.
num_inconsistent_stats: 0.

CodeHeap 'non-profiled nmethods': size=120000Kb used=1869Kb max_used=1869Kb free=118130Kb
 bounds [0x0000019abe350000, 0x0000019abe5c0000, 0x0000019ac5880000]
CodeHeap 'profiled nmethods': size=120000Kb used=7650Kb max_used=7650Kb free=112349Kb
 bounds [0x0000019ab6880000, 0x0000019ab7000000, 0x0000019abddb0000]
CodeHeap 'non-nmethods': size=5760Kb used=1512Kb max_used=1563Kb free=4247Kb
 bounds [0x0000019abddb0000, 0x0000019abe020000, 0x0000019abe350000]
 total_blobs=3846 nmethods=3255 adapters=495
 compilation: enabled
              stopped_count=0, restarted_count=0
 full_count=0

Compilation events (20 events):
Event: 1.690 Thread 0x0000019ace31e660 nmethod 3314 0x0000019ab6f79010 code [0x0000019ab6f79260, 0x0000019ab6f799c8]
Event: 1.690 Thread 0x0000019ace31e660 3315       3       org.jetbrains.kotlin.util.TypeRegistry::getId (22 bytes)
Event: 1.690 Thread 0x0000019ace31e660 nmethod 3315 0x0000019ab6f79c90 code [0x0000019ab6f79f20, 0x0000019ab6f7aa90]
Event: 1.690 Thread 0x0000019ace31e660 3316       3       org.jetbrains.kotlin.util.TypeRegistry$$Lambda/0x00000008002c8fd8::<init> (10 bytes)
Event: 1.691 Thread 0x0000019ace31e660 nmethod 3316 0x0000019ab6f7ae90 code [0x0000019ab6f7b040, 0x0000019ab6f7b200]
Event: 1.691 Thread 0x0000019ace31e660 3317       3       org.jetbrains.kotlin.fir.util.ConeTypeRegistry::customComputeIfAbsent (42 bytes)
Event: 1.691 Thread 0x0000019ace31e660 nmethod 3317 0x0000019ab6f7b290 code [0x0000019ab6f7b640, 0x0000019ab6f7cc10]
Event: 1.691 Thread 0x0000019ace31e660 3318       3       org.jetbrains.kotlin.fir.util.ConeTypeRegistry$$Lambda/0x00000008002c9218::<init> (10 bytes)
Event: 1.691 Thread 0x0000019ace31e660 nmethod 3318 0x0000019ab6f7d390 code [0x0000019ab6f7d540, 0x0000019ab6f7d700]
Event: 1.691 Thread 0x0000019ace31e660 3319       3       java.io.BufferedInputStream::getInIfOpen (21 bytes)
Event: 1.692 Thread 0x0000019ace31e660 nmethod 3319 0x0000019ab6f7d790 code [0x0000019ab6f7d940, 0x0000019ab6f7db70]
Event: 1.693 Thread 0x0000019ace31e660 3320       3       org.jetbrains.kotlin.fir.lightTree.converter.LightTreeRawFirDeclarationBuilder::convertImportDirectives (167 bytes)
Event: 1.694 Thread 0x0000019ace31e660 nmethod 3320 0x0000019ab6f7dc90 code [0x0000019ab6f7df80, 0x0000019ab6f7f400]
Event: 1.694 Thread 0x0000019ace31e660 3321   !   3       org.jetbrains.kotlin.fir.lightTree.converter.LightTreeRawFirDeclarationBuilder::convertPropertyDeclaration (3300 bytes)
Event: 1.730 Thread 0x0000019ace31e660 nmethod 3321 0x0000019ab6f7fb10 code [0x0000019ab6f82d40, 0x0000019ab6fa51a8]
Event: 1.731 Thread 0x0000019ace31e660 3331       3       org.jetbrains.kotlin.com.intellij.lang.impl.PsiBuilderImpl::lookAhead (46 bytes)
Event: 1.731 Thread 0x0000019ace31e660 nmethod 3331 0x0000019ab6fba490 code [0x0000019ab6fba6e0, 0x0000019ab6fbaf30]
Event: 1.731 Thread 0x0000019ace31e660 3332       3       org.jetbrains.kotlin.parsing.KotlinParsing::parseAnnotationOrList (162 bytes)
Event: 1.732 Thread 0x0000019ace31e660 nmethod 3332 0x0000019ab6fbb310 code [0x0000019ab6fbb7e0, 0x0000019ab6fbe1e0]
Event: 1.732 Thread 0x0000019ace31e660 3322       3       org.jetbrains.kotlin.fir.builder.ConversionUtilsKt::generateAccessorsByDelegate$thisRef (213 bytes)

GC Heap History (14 events):
Event: 0.346 GC heap before
{Heap before GC invocations=0 (full 0):
 garbage-first heap   total 260096K, used 24576K [0x0000000702e00000, 0x0000000800000000)
  region size 2048K, 11 young (22528K), 0 survivors (0K)
 Metaspace       used 14014K, committed 14144K, reserved 1114112K
  class space    used 1369K, committed 1472K, reserved 1048576K
}
Event: 0.348 GC heap after
{Heap after GC invocations=1 (full 0):
 garbage-first heap   total 260096K, used 6997K [0x0000000702e00000, 0x0000000800000000)
  region size 2048K, 2 young (4096K), 2 survivors (4096K)
 Metaspace       used 14014K, committed 14144K, reserved 1114112K
  class space    used 1369K, committed 1472K, reserved 1048576K
}
Event: 0.559 GC heap before
{Heap before GC invocations=1 (full 0):
 garbage-first heap   total 260096K, used 27477K [0x0000000702e00000, 0x0000000800000000)
  region size 2048K, 13 young (26624K), 2 survivors (4096K)
 Metaspace       used 21245K, committed 21504K, reserved 1114112K
  class space    used 2203K, committed 2368K, reserved 1048576K
}
Event: 0.561 GC heap after
{Heap after GC invocations=2 (full 0):
 garbage-first heap   total 260096K, used 8192K [0x0000000702e00000, 0x0000000800000000)
  region size 2048K, 2 young (4096K), 2 survivors (4096K)
 Metaspace       used 21245K, committed 21504K, reserved 1114112K
  class space    used 2203K, committed 2368K, reserved 1048576K
}
Event: 0.676 GC heap before
{Heap before GC invocations=3 (full 0):
 garbage-first heap   total 34816K, used 34816K [0x0000000702e00000, 0x0000000800000000)
  region size 2048K, 15 young (30720K), 2 survivors (4096K)
 Metaspace       used 22147K, committed 22400K, reserved 1114112K
  class space    used 2337K, committed 2432K, reserved 1048576K
}
Event: 0.683 GC heap after
{Heap after GC invocations=4 (full 0):
 garbage-first heap   total 53248K, used 20996K [0x0000000702e00000, 0x0000000800000000)
  region size 2048K, 5 young (10240K), 5 survivors (10240K)
 Metaspace       used 22147K, committed 22400K, reserved 1114112K
  class space    used 2337K, committed 2432K, reserved 1048576K
}
Event: 0.834 GC heap before
{Heap before GC invocations=4 (full 0):
 garbage-first heap   total 53248K, used 37380K [0x0000000702e00000, 0x0000000800000000)
  region size 2048K, 13 young (26624K), 5 survivors (10240K)
 Metaspace       used 24652K, committed 24832K, reserved 1114112K
  class space    used 2624K, committed 2688K, reserved 1048576K
}
Event: 0.841 GC heap after
{Heap after GC invocations=5 (full 0):
 garbage-first heap   total 53248K, used 24509K [0x0000000702e00000, 0x0000000800000000)
  region size 2048K, 2 young (4096K), 2 survivors (4096K)
 Metaspace       used 24652K, committed 24832K, reserved 1114112K
  class space    used 2624K, committed 2688K, reserved 1048576K
}
Event: 0.988 GC heap before
{Heap before GC invocations=5 (full 0):
 garbage-first heap   total 53248K, used 38845K [0x0000000702e00000, 0x0000000800000000)
  region size 2048K, 9 young (18432K), 2 survivors (4096K)
 Metaspace       used 29200K, committed 29440K, reserved 1114112K
  class space    used 3614K, committed 3712K, reserved 1048576K
}
Event: 0.991 GC heap after
{Heap after GC invocations=6 (full 0):
 garbage-first heap   total 53248K, used 25588K [0x0000000702e00000, 0x0000000800000000)
  region size 2048K, 1 young (2048K), 1 survivors (2048K)
 Metaspace       used 29200K, committed 29440K, reserved 1114112K
  class space    used 3614K, committed 3712K, reserved 1048576K
}
Event: 1.134 GC heap before
{Heap before GC invocations=6 (full 0):
 garbage-first heap   total 53248K, used 39924K [0x0000000702e00000, 0x0000000800000000)
  region size 2048K, 9 young (18432K), 1 survivors (2048K)
 Metaspace       used 32742K, committed 33024K, reserved 1114112K
  class space    used 3993K, committed 4160K, reserved 1048576K
}
Event: 1.137 GC heap after
{Heap after GC invocations=7 (full 0):
 garbage-first heap   total 53248K, used 26823K [0x0000000702e00000, 0x0000000800000000)
  region size 2048K, 2 young (4096K), 2 survivors (4096K)
 Metaspace       used 32742K, committed 33024K, reserved 1114112K
  class space    used 3993K, committed 4160K, reserved 1048576K
}
Event: 1.257 GC heap before
{Heap before GC invocations=8 (full 0):
 garbage-first heap   total 53248K, used 39111K [0x0000000702e00000, 0x0000000800000000)
  region size 2048K, 9 young (18432K), 2 survivors (4096K)
 Metaspace       used 36286K, committed 36608K, reserved 1114112K
  class space    used 4334K, committed 4480K, reserved 1048576K
}
Event: 1.260 GC heap after
{Heap after GC invocations=9 (full 0):
 garbage-first heap   total 157696K, used 27388K [0x0000000702e00000, 0x0000000800000000)
  region size 2048K, 2 young (4096K), 2 survivors (4096K)
 Metaspace       used 36286K, committed 36608K, reserved 1114112K
  class space    used 4334K, committed 4480K, reserved 1048576K
}

Dll operation events (3 events):
Event: 0.004 Loaded shared library C:\Program Files\Android\Android Studio\jbr\bin\java.dll
Event: 0.007 Loaded shared library C:\Program Files\Android\Android Studio\jbr\bin\zip.dll
Event: 0.567 Loaded shared library C:\Program Files\Android\Android Studio\jbr\bin\verify.dll

Deoptimization events (20 events):
Event: 1.655 Thread 0x0000019ab1c7d370 DEOPT PACKING pc=0x0000019ab6e6dc09 sp=0x00000039881fe2e0
Event: 1.655 Thread 0x0000019ab1c7d370 DEOPT UNPACKING pc=0x0000019abde04e42 sp=0x00000039881fd858 mode 0
Event: 1.657 Thread 0x0000019ab1c7d370 DEOPT PACKING pc=0x0000019ab6e4ec18 sp=0x00000039881fe1b0
Event: 1.657 Thread 0x0000019ab1c7d370 DEOPT UNPACKING pc=0x0000019abde04e42 sp=0x00000039881fd6b0 mode 0
Event: 1.670 Thread 0x0000019ab1c7d370 Uncommon trap: trap_request=0xffffff45 fr.pc=0x0000019abe4da9a4 relative=0x00000000000001a4
Event: 1.670 Thread 0x0000019ab1c7d370 Uncommon trap: reason=unstable_if action=reinterpret pc=0x0000019abe4da9a4 method=org.jetbrains.kotlin.parsing.KotlinParsing.parseAnnotationOrList(Lorg/jetbrains/kotlin/parsing/KotlinParsing$AnnotationParsingMode;)Z @ 51 c2
Event: 1.670 Thread 0x0000019ab1c7d370 DEOPT PACKING pc=0x0000019abe4da9a4 sp=0x00000039881fe320
Event: 1.670 Thread 0x0000019ab1c7d370 DEOPT UNPACKING pc=0x0000019abde046a2 sp=0x00000039881fe258 mode 2
Event: 1.671 Thread 0x0000019ab1c7d370 DEOPT PACKING pc=0x0000019ab6e6dc09 sp=0x00000039881fe2e0
Event: 1.671 Thread 0x0000019ab1c7d370 DEOPT UNPACKING pc=0x0000019abde04e42 sp=0x00000039881fd858 mode 0
Event: 1.682 Thread 0x0000019ab1c7d370 DEOPT PACKING pc=0x0000019ab6e6dc09 sp=0x00000039881fe2e0
Event: 1.682 Thread 0x0000019ab1c7d370 DEOPT UNPACKING pc=0x0000019abde04e42 sp=0x00000039881fd858 mode 0
Event: 1.691 Thread 0x0000019ab1c7d370 Uncommon trap: trap_request=0xffffff45 fr.pc=0x0000019abe4b0b04 relative=0x0000000000000184
Event: 1.691 Thread 0x0000019ab1c7d370 Uncommon trap: reason=unstable_if action=reinterpret pc=0x0000019abe4b0b04 method=org.jetbrains.kotlin.parsing.KotlinParsing.parseAnnotationOrList(Lorg/jetbrains/kotlin/parsing/KotlinParsing$AnnotationParsingMode;)Z @ 51 c2
Event: 1.691 Thread 0x0000019ab1c7d370 DEOPT PACKING pc=0x0000019abe4b0b04 sp=0x00000039881fe2d0
Event: 1.691 Thread 0x0000019ab1c7d370 DEOPT UNPACKING pc=0x0000019abde046a2 sp=0x00000039881fe260 mode 2
Event: 1.696 Thread 0x0000019ab1c7d370 Uncommon trap: trap_request=0xffffff45 fr.pc=0x0000019abe4c8c50 relative=0x0000000000000550
Event: 1.696 Thread 0x0000019ab1c7d370 Uncommon trap: reason=unstable_if action=reinterpret pc=0x0000019abe4c8c50 method=org.jetbrains.kotlin.com.intellij.lang.impl.PsiBuilderImpl.lookAhead(I)Lorg/jetbrains/kotlin/com/intellij/psi/tree/IElementType; @ 32 c2
Event: 1.696 Thread 0x0000019ab1c7d370 DEOPT PACKING pc=0x0000019abe4c8c50 sp=0x00000039881fdc70
Event: 1.696 Thread 0x0000019ab1c7d370 DEOPT UNPACKING pc=0x0000019abde046a2 sp=0x00000039881fdc10 mode 2

Classes loaded (20 events):
Event: 1.324 Loading class java/math/RoundingMode
Event: 1.324 Loading class java/math/RoundingMode done
Event: 1.327 Loading class java/io/InvalidObjectException
Event: 1.327 Loading class java/io/InvalidObjectException done
Event: 1.391 Loading class jdk/internal/math/FloatingDecimal
Event: 1.392 Loading class jdk/internal/math/FloatingDecimal done
Event: 1.392 Loading class jdk/internal/math/FloatingDecimal$ExceptionalBinaryToASCIIBuffer
Event: 1.392 Loading class jdk/internal/math/FloatingDecimal$BinaryToASCIIConverter
Event: 1.392 Loading class jdk/internal/math/FloatingDecimal$BinaryToASCIIConverter done
Event: 1.392 Loading class jdk/internal/math/FloatingDecimal$ExceptionalBinaryToASCIIBuffer done
Event: 1.392 Loading class jdk/internal/math/FloatingDecimal$BinaryToASCIIBuffer
Event: 1.392 Loading class jdk/internal/math/FloatingDecimal$BinaryToASCIIBuffer done
Event: 1.392 Loading class jdk/internal/math/FloatingDecimal$1
Event: 1.392 Loading class jdk/internal/math/FloatingDecimal$1 done
Event: 1.392 Loading class jdk/internal/math/FloatingDecimal$PreparedASCIIToBinaryBuffer
Event: 1.392 Loading class jdk/internal/math/FloatingDecimal$ASCIIToBinaryConverter
Event: 1.392 Loading class jdk/internal/math/FloatingDecimal$ASCIIToBinaryConverter done
Event: 1.392 Loading class jdk/internal/math/FloatingDecimal$PreparedASCIIToBinaryBuffer done
Event: 1.392 Loading class jdk/internal/math/FloatingDecimal$ASCIIToBinaryBuffer
Event: 1.392 Loading class jdk/internal/math/FloatingDecimal$ASCIIToBinaryBuffer done

Classes unloaded (0 events):
No events

Classes redefined (0 events):
No events

Internal exceptions (20 events):
Event: 0.427 Thread 0x0000019ab1c7d370 Exception <a 'java/lang/NoSuchMethodError'{0x00000007122f9cf8}: 'int java.lang.invoke.DelegatingMethodHandle$Holder.reinvoke_L(java.lang.Object, java.lang.Object, java.lang.Object, long, int, int)'> (0x00000007122f9cf8) 
thrown [s\src\hotspot\share\interpreter\linkResolver.cpp, line 784]
Event: 0.427 Thread 0x0000019ab1c7d370 Exception <a 'java/lang/NoSuchMethodError'{0x0000000712307b30}: 'int java.lang.invoke.DelegatingMethodHandle$Holder.reinvoke_L(java.lang.Object, java.lang.Object, java.lang.Object, long, long, long)'> (0x0000000712307b30) 
thrown [s\src\hotspot\share\interpreter\linkResolver.cpp, line 784]
Event: 0.428 Thread 0x0000019ab1c7d370 Exception <a 'java/lang/NoSuchMethodError'{0x0000000712315648}: 'int java.lang.invoke.DelegatingMethodHandle$Holder.reinvoke_L(java.lang.Object, java.lang.Object, java.lang.Object, long, int)'> (0x0000000712315648) 
thrown [s\src\hotspot\share\interpreter\linkResolver.cpp, line 784]
Event: 0.435 Thread 0x0000019ab1c7d370 Exception <a 'java/lang/NoSuchMethodError'{0x00000007123b6358}: 'int java.lang.invoke.DirectMethodHandle$Holder.invokeStaticInit(java.lang.Object, java.lang.Object, java.lang.Object)'> (0x00000007123b6358) 
thrown [s\src\hotspot\share\interpreter\linkResolver.cpp, line 784]
Event: 0.438 Thread 0x0000019ab1c7d370 Exception <a 'java/lang/NoSuchMethodError'{0x00000007123dbd80}: 'int java.lang.invoke.DirectMethodHandle$Holder.invokeStaticInit(java.lang.Object, java.lang.Object)'> (0x00000007123dbd80) 
thrown [s\src\hotspot\share\interpreter\linkResolver.cpp, line 784]
Event: 0.481 Thread 0x0000019ab1c7d370 Exception <a 'java/lang/NoSuchMethodError'{0x0000000711fb1a50}: 'void java.lang.invoke.DirectMethodHandle$Holder.invokeStatic(java.lang.Object, java.lang.Object, java.lang.Object, java.lang.Object)'> (0x0000000711fb1a50) 
thrown [s\src\hotspot\share\interpreter\linkResolver.cpp, line 784]
Event: 0.514 Thread 0x0000019ab1c7d370 Exception <a 'java/lang/NoSuchMethodError'{0x0000000711b5d288}: 'void java.lang.invoke.DirectMethodHandle$Holder.invokeStaticInit(java.lang.Object, java.lang.Object)'> (0x0000000711b5d288) 
thrown [s\src\hotspot\share\interpreter\linkResolver.cpp, line 784]
Event: 0.549 Thread 0x0000019ab1c7d370 Exception <a 'java/lang/NoSuchMethodError'{0x00000007116e9d20}: 'void java.lang.invoke.Invokers$Holder.invokeExact_MT(java.lang.Object, int, java.lang.Object)'> (0x00000007116e9d20) 
thrown [s\src\hotspot\share\interpreter\linkResolver.cpp, line 784]
Event: 0.579 Thread 0x0000019ab1c7d370 Exception <a 'java/lang/NoSuchMethodError'{0x0000000712ba6f88}: 'void java.lang.invoke.DirectMethodHandle$Holder.invokeVirtual(java.lang.Object, java.lang.Object)'> (0x0000000712ba6f88) 
thrown [s\src\hotspot\share\interpreter\linkResolver.cpp, line 784]
Event: 0.583 Thread 0x0000019ab1c7d370 Exception <a 'java/lang/NoSuchMethodError'{0x0000000712bf5808}: 'int java.lang.invoke.DirectMethodHandle$Holder.invokeVirtual(java.lang.Object, java.lang.Object)'> (0x0000000712bf5808) 
thrown [s\src\hotspot\share\interpreter\linkResolver.cpp, line 784]
Event: 0.591 Thread 0x0000019ab1c7d370 Exception <a 'java/lang/NoSuchMethodError'{0x00000007048342e0}: 'long java.lang.invoke.DirectMethodHandle$Holder.invokeStatic(java.lang.Object, java.lang.Object, int)'> (0x00000007048342e0) 
thrown [s\src\hotspot\share\interpreter\linkResolver.cpp, line 784]
Event: 0.591 Thread 0x0000019ab1c7d370 Exception <a 'java/lang/NoSuchMethodError'{0x000000070483f098}: 'java.lang.Object java.lang.invoke.DelegatingMethodHandle$Holder.reinvoke_L(java.lang.Object, int, long, java.lang.Object, java.lang.Object, int, java.lang.Object)'> (0x000000070483f098) 
thrown [s\src\hotspot\share\interpreter\linkResolver.cpp, line 784]
Event: 0.594 Thread 0x0000019ab1c7d370 Exception <a 'java/lang/NoSuchMethodError'{0x0000000704865de8}: 'java.lang.Object java.lang.invoke.DirectMethodHandle$Holder.invokeStatic(java.lang.Object, java.lang.Object, int)'> (0x0000000704865de8) 
thrown [s\src\hotspot\share\interpreter\linkResolver.cpp, line 784]
Event: 0.595 Thread 0x0000019ab1c7d370 Exception <a 'java/lang/NoSuchMethodError'{0x0000000704871048}: 'void java.lang.invoke.DelegatingMethodHandle$Holder.delegate(java.lang.Object, java.lang.Object, int, java.lang.Object)'> (0x0000000704871048) 
thrown [s\src\hotspot\share\interpreter\linkResolver.cpp, line 784]
Event: 0.754 Thread 0x0000019ab1c7d370 Exception <a 'java/lang/NoSuchMethodError'{0x000000070473b870}: 'java.lang.Object java.lang.invoke.DirectMethodHandle$Holder.invokeStatic(java.lang.Object, java.lang.Object, int, java.lang.Object)'> (0x000000070473b870) 
thrown [s\src\hotspot\share\interpreter\linkResolver.cpp, line 784]
Event: 1.097 Thread 0x0000019ab1c7d370 Exception <a 'java/lang/NoSuchMethodError'{0x0000000704f05ea0}: 'java.lang.Object java.lang.invoke.DirectMethodHandle$Holder.newInvokeSpecial(java.lang.Object, java.lang.Object, java.lang.Object, java.lang.Object, java.lang.Object, java.lang.Object, java.lang.Object)'> (0x0000000704f05ea0) 
thrown [s\src\hotspot\share\interpreter\linkResolver.cpp, line 784]
Event: 1.213 Thread 0x0000019ab1c7d370 Exception <a 'java/lang/NoSuchMethodError'{0x00000007051c6008}: 'java.lang.Object java.lang.invoke.DirectMethodHandle$Holder.invokeVirtual(java.lang.Object, java.lang.Object, java.lang.Object)'> (0x00000007051c6008) 
thrown [s\src\hotspot\share\interpreter\linkResolver.cpp, line 784]
Event: 1.229 Thread 0x0000019ab1c7d370 Exception <a 'java/lang/NoSuchMethodError'{0x0000000704f30c30}: 'java.lang.Object java.lang.invoke.DirectMethodHandle$Holder.newInvokeSpecial(java.lang.Object, java.lang.Object, int)'> (0x0000000704f30c30) 
thrown [s\src\hotspot\share\interpreter\linkResolver.cpp, line 784]
Event: 1.337 Thread 0x0000019ab1c7d370 Exception <a 'java/lang/NoSuchMethodError'{0x000000070b8c8288}: 'int java.lang.invoke.DirectMethodHandle$Holder.invokeStaticInit(java.lang.Object, int)'> (0x000000070b8c8288) 
thrown [s\src\hotspot\share\interpreter\linkResolver.cpp, line 784]
Event: 1.449 Thread 0x0000019ab1c7d370 Exception <a 'java/lang/NoSuchMethodError'{0x000000070aec1b50}: 'java.lang.Object java.lang.invoke.DirectMethodHandle$Holder.newInvokeSpecial(java.lang.Object, java.lang.Object, java.lang.Object, java.lang.Object, java.lang.Object, java.lang.Object)'> (0x000000070aec1b50) 
thrown [s\src\hotspot\share\interpreter\linkResolver.cpp, line 784]

ZGC Phase Switch (0 events):
No events

VM Operations (20 events):
Event: 1.039 Executing VM operation: HandshakeAllThreads (Deoptimize)
Event: 1.039 Executing VM operation: HandshakeAllThreads (Deoptimize) done
Event: 1.072 Executing VM operation: HandshakeAllThreads (Deoptimize)
Event: 1.072 Executing VM operation: HandshakeAllThreads (Deoptimize) done
Event: 1.134 Executing VM operation: G1CollectForAllocation (G1 Evacuation Pause)
Event: 1.137 Executing VM operation: G1CollectForAllocation (G1 Evacuation Pause) done
Event: 1.144 Executing VM operation: G1PauseRemark
Event: 1.146 Executing VM operation: G1PauseRemark done
Event: 1.148 Executing VM operation: G1PauseCleanup
Event: 1.148 Executing VM operation: G1PauseCleanup done
Event: 1.199 Executing VM operation: HandshakeAllThreads (Deoptimize)
Event: 1.199 Executing VM operation: HandshakeAllThreads (Deoptimize) done
Event: 1.257 Executing VM operation: G1CollectForAllocation (G1 Evacuation Pause)
Event: 1.260 Executing VM operation: G1CollectForAllocation (G1 Evacuation Pause) done
Event: 1.279 Executing VM operation: HandshakeAllThreads (Deoptimize)
Event: 1.279 Executing VM operation: HandshakeAllThreads (Deoptimize) done
Event: 1.366 Executing VM operation: HandshakeAllThreads (Deoptimize)
Event: 1.366 Executing VM operation: HandshakeAllThreads (Deoptimize) done
Event: 1.481 Executing VM operation: ICBufferFull
Event: 1.482 Executing VM operation: ICBufferFull done

Events (20 events):
Event: 1.145 Thread 0x0000019ace16c8e0 flushing nmethod 0x0000019ab6884c90
Event: 1.145 Thread 0x0000019ace16c8e0 flushing nmethod 0x0000019ab6884590
Event: 1.145 Thread 0x0000019ace16c8e0 flushing nmethod 0x0000019ab6881c10
Event: 1.145 Thread 0x0000019ace16c8e0 flushing nmethod 0x0000019ab6881790
Event: 1.145 Thread 0x0000019ace16c8e0 flushing nmethod 0x0000019ab6881190
Event: 1.145 Thread 0x0000019ace16c8e0 flushing nmethod 0x0000019ab6880310
Event: 1.145 Thread 0x0000019ace16c8e0 flushing nmethod 0x0000019ab6880010
Event: 1.145 Thread 0x0000019ace16c8e0 flushing nmethod 0x0000019ab6888510
Event: 1.145 Thread 0x0000019ace16c8e0 flushing nmethod 0x0000019ab6887d10
Event: 1.145 Thread 0x0000019ace16c8e0 flushing nmethod 0x0000019ab6886910
Event: 1.145 Thread 0x0000019ace16c8e0 flushing nmethod 0x0000019abe394990
Event: 1.145 Thread 0x0000019ace16c8e0 flushing nmethod 0x0000019abe38af90
Event: 1.145 Thread 0x0000019ace16c8e0 flushing nmethod 0x0000019abe36a490
Event: 1.145 Thread 0x0000019ace16c8e0 flushing nmethod 0x0000019abe369910
Event: 1.145 Thread 0x0000019ace16c8e0 flushing nmethod 0x0000019abe367b90
Event: 1.145 Thread 0x0000019ace16c8e0 flushing nmethod 0x0000019abe367790
Event: 1.145 Thread 0x0000019ace16c8e0 flushing nmethod 0x0000019abe367390
Event: 1.145 Thread 0x0000019ace16c8e0 flushing nmethod 0x0000019abe355c10
Event: 1.145 Thread 0x0000019ace16c8e0 flushing nmethod 0x0000019abe360690
Event: 1.145 Thread 0x0000019ace16c8e0 flushing nmethod 0x0000019abe35b910


Dynamic libraries:
0x00007ff6e9ca0000 - 0x00007ff6e9caa000 	C:\Program Files\Android\Android Studio\jbr\bin\java.exe
0x00007ffb34e10000 - 0x00007ffb35008000 	C:\Windows\SYSTEM32\ntdll.dll
0x00007ffb345b0000 - 0x00007ffb34672000 	C:\Windows\System32\KERNEL32.DLL
0x00007ffb32500000 - 0x00007ffb327fe000 	C:\Windows\System32\KERNELBASE.dll
0x00007ffb32d30000 - 0x00007ffb32e30000 	C:\Windows\System32\ucrtbase.dll
0x00007ffb00ee0000 - 0x00007ffb00efb000 	C:\Program Files\Android\Android Studio\jbr\bin\VCRUNTIME140.dll
0x00007ffb12e90000 - 0x00007ffb12ea8000 	C:\Program Files\Android\Android Studio\jbr\bin\jli.dll
0x00007ffb33190000 - 0x00007ffb3332d000 	C:\Windows\System32\USER32.dll
0x00007ffb1c1b0000 - 0x00007ffb1c44a000 	C:\Windows\WinSxS\amd64_microsoft.windows.common-controls_6595b64144ccf1df_6.0.19041.4355_none_60b8b9eb71f62e16\COMCTL32.dll
0x00007ffb32b30000 - 0x00007ffb32b52000 	C:\Windows\System32\win32u.dll
0x00007ffb34730000 - 0x00007ffb3475b000 	C:\Windows\System32\GDI32.dll
0x00007ffb34d30000 - 0x00007ffb34dce000 	C:\Windows\System32\msvcrt.dll
0x00007ffb32a10000 - 0x00007ffb32b27000 	C:\Windows\System32\gdi32full.dll
0x00007ffb32c00000 - 0x00007ffb32c9d000 	C:\Windows\System32\msvcp_win.dll
0x00007ffb33c60000 - 0x00007ffb33c8f000 	C:\Windows\System32\IMM32.DLL
0x00007ffb1b230000 - 0x00007ffb1b23c000 	C:\Program Files\Android\Android Studio\jbr\bin\vcruntime140_1.dll
0x00007ffb00700000 - 0x00007ffb0078d000 	C:\Program Files\Android\Android Studio\jbr\bin\msvcp140.dll
0x00007ffad27b0000 - 0x00007ffad342d000 	C:\Program Files\Android\Android Studio\jbr\bin\server\jvm.dll
0x00007ffb34bd0000 - 0x00007ffb34c81000 	C:\Windows\System32\ADVAPI32.dll
0x00007ffb33330000 - 0x00007ffb333cf000 	C:\Windows\System32\sechost.dll
0x00007ffb34a10000 - 0x00007ffb34b33000 	C:\Windows\System32\RPCRT4.dll
0x00007ffb32bd0000 - 0x00007ffb32bf7000 	C:\Windows\System32\bcrypt.dll
0x00007ffb347c0000 - 0x00007ffb3482b000 	C:\Windows\System32\WS2_32.dll
0x00007ffb31a00000 - 0x00007ffb31a4b000 	C:\Windows\SYSTEM32\POWRPROF.dll
0x00007ffb29d60000 - 0x00007ffb29d87000 	C:\Windows\SYSTEM32\WINMM.dll
0x00007ffb2b130000 - 0x00007ffb2b13a000 	C:\Windows\SYSTEM32\VERSION.dll
0x00007ffb31870000 - 0x00007ffb31882000 	C:\Windows\SYSTEM32\UMPDC.dll
0x00007ffb30310000 - 0x00007ffb30322000 	C:\Windows\SYSTEM32\kernel.appcore.dll
0x00007ffb17090000 - 0x00007ffb1709a000 	C:\Program Files\Android\Android Studio\jbr\bin\jimage.dll
0x00007ffb26be0000 - 0x00007ffb26dc4000 	C:\Windows\SYSTEM32\DBGHELP.DLL
0x00007ffb1c500000 - 0x00007ffb1c534000 	C:\Windows\SYSTEM32\dbgcore.DLL
0x00007ffb32ca0000 - 0x00007ffb32d22000 	C:\Windows\System32\bcryptPrimitives.dll
0x00007ffb009d0000 - 0x00007ffb009ef000 	C:\Program Files\Android\Android Studio\jbr\bin\java.dll
0x00007ffaff6e0000 - 0x00007ffaff6f8000 	C:\Program Files\Android\Android Studio\jbr\bin\zip.dll
0x00007ffb33c90000 - 0x00007ffb343fd000 	C:\Windows\System32\SHELL32.dll
0x00007ffb30510000 - 0x00007ffb30cb4000 	C:\Windows\SYSTEM32\windows.storage.dll
0x00007ffb32e30000 - 0x00007ffb33183000 	C:\Windows\System32\combase.dll
0x00007ffb31e00000 - 0x00007ffb31e2e000 	C:\Windows\SYSTEM32\Wldp.dll
0x00007ffb34420000 - 0x00007ffb344ed000 	C:\Windows\System32\OLEAUT32.dll
0x00007ffb34500000 - 0x00007ffb345ad000 	C:\Windows\System32\SHCORE.dll
0x00007ffb349b0000 - 0x00007ffb34a05000 	C:\Windows\System32\shlwapi.dll
0x00007ffb323e0000 - 0x00007ffb32404000 	C:\Windows\SYSTEM32\profapi.dll
0x00007ffb167b0000 - 0x00007ffb167c0000 	C:\Program Files\Android\Android Studio\jbr\bin\net.dll
0x00007ffb2c760000 - 0x00007ffb2c86d000 	C:\Windows\SYSTEM32\WINHTTP.dll
0x00007ffb31be0000 - 0x00007ffb31c4a000 	C:\Windows\system32\mswsock.dll
0x00007ffafc570000 - 0x00007ffafc586000 	C:\Program Files\Android\Android Studio\jbr\bin\nio.dll
0x00007ffb0f5a0000 - 0x00007ffb0f5b0000 	C:\Program Files\Android\Android Studio\jbr\bin\verify.dll

dbghelp: loaded successfully - version: 4.0.5 - missing functions: none
symbol engine: initialized successfully - sym options: 0x614 - pdb path: .;C:\Program Files\Android\Android Studio\jbr\bin;C:\Windows\SYSTEM32;C:\Windows\WinSxS\amd64_microsoft.windows.common-controls_6595b64144ccf1df_6.0.19041.4355_none_60b8b9eb71f62e16;C:\Program Files\Android\Android Studio\jbr\bin\server

VM Arguments:
java_command: org.jetbrains.kotlin.cli.jvm.K2JVMCompiler @C:\Users\Kareem Zedan\StudioProjects\Capital_Taxi2\app\build\20250216_17467022232041597453.compiler.options
java_class_path (initial): C:\Users\Kareem Zedan\.gradle\caches\modules-2\files-2.1\org.jetbrains.kotlin\kotlin-compiler-embeddable\2.0.0\1de310de3446414381282ffc46c3ed3919a4d1da\kotlin-compiler-embeddable-2.0.0.jar;C:\Users\Kareem Zedan\.gradle\caches\modules-2\files-2.1\org.jetbrains.kotlin\kotlin-stdlib\2.0.0\b48df2c4aede9586cc931ead433bc02d6fd7879e\kotlin-stdlib-2.0.0.jar;C:\Users\Kareem Zedan\.gradle\caches\modules-2\files-2.1\org.jetbrains.kotlin\kotlin-script-runtime\2.0.0\fdc27dd047d592fa41d2dfa21e7621287a361612\kotlin-script-runtime-2.0.0.jar;C:\Users\Kareem Zedan\.gradle\caches\modules-2\files-2.1\org.jetbrains.kotlin\kotlin-reflect\1.6.10\1cbe9c92c12a94eea200d23c2bbaedaf3daf5132\kotlin-reflect-1.6.10.jar;C:\Users\Kareem Zedan\.gradle\caches\modules-2\files-2.1\org.jetbrains.kotlin\kotlin-daemon-embeddable\2.0.0\b39c612768614c4428c96ee9c65477181fffe9d\kotlin-daemon-embeddable-2.0.0.jar;C:\Users\Kareem Zedan\.gradle\caches\modules-2\files-2.1\org.jetbrains.intellij.deps\trove4j\1.0.20200330\3afb14d5f9ceb459d724e907a21145e8ff394f02\trove4j-1.0.20200330.jar;C:\Users\Kareem Zedan\.gradle\caches\modules-2\files-2.1\org.jetbrains\annotations\13.0\919f0dfe192fb4e063e7dacadee7f8bb9a2672a9\annotations-13.0.jar
Launcher Type: SUN_STANDARD

[Global flags]
     intx CICompilerCount                          = 4                                         {product} {ergonomic}
     uint ConcGCThreads                            = 3                                         {product} {ergonomic}
     uint G1ConcRefinementThreads                  = 10                                        {product} {ergonomic}
   size_t G1HeapRegionSize                         = 2097152                                   {product} {ergonomic}
    uintx GCDrainStackTargetSize                   = 64                                        {product} {ergonomic}
   size_t InitialHeapSize                          = 266338304                                 {product} {ergonomic}
   size_t MarkStackSize                            = 4194304                                   {product} {ergonomic}
   size_t MaxHeapSize                              = 4246732800                                {product} {ergonomic}
   size_t MaxNewSize                               = 2548039680                                {product} {ergonomic}
   size_t MinHeapDeltaBytes                        = 2097152                                   {product} {ergonomic}
   size_t MinHeapSize                              = 8388608                                   {product} {ergonomic}
    uintx NonNMethodCodeHeapSize                   = 5839372                                {pd product} {ergonomic}
    uintx NonProfiledCodeHeapSize                  = 122909434                              {pd product} {ergonomic}
    uintx ProfiledCodeHeapSize                     = 122909434                              {pd product} {ergonomic}
    uintx ReservedCodeCacheSize                    = 251658240                              {pd product} {ergonomic}
     bool SegmentedCodeCache                       = true                                      {product} {ergonomic}
   size_t SoftMaxHeapSize                          = 4246732800                             {manageable} {ergonomic}
     bool UseCompressedOops                        = true                           {product lp64_product} {ergonomic}
     bool UseG1GC                                  = true                                      {product} {ergonomic}
     bool UseLargePagesIndividualAllocation        = false                                  {pd product} {ergonomic}

Logging:
Log output configuration:
 #0: stdout all=warning uptime,level,tags foldmultilines=false
 #1: stderr all=off uptime,level,tags foldmultilines=false

Environment Variables:
PATH=C:\Program Files\Common Files\Oracle\Java\javapath;C:\Windows\system32;C:\Windows;C:\Windows\System32\Wbem;C:\Windows\System32\WindowsPowerShell\v1.0\;C:\Windows\System32\OpenSSH\;C:\Program Files (x86)\Windows Kits\10\Windows Performance Toolkit\;C:\Program Files\Git\cmd;C:\Program Files\nodejs\;C:\Users\Kareem Zedan\AppData\Local\Microsoft\WindowsApps;C:\Users\Kareem Zedan\AppData\Local\Programs\Microsoft VS Code\bin;C:\Users\Kareem Zedan\AppData\Local\Programs\Microsoft VS Code\bin;C:\Users\Kareem Zedan\.cache\firebase\tools\bin;C:\Users\Kareem Zedan\AppData\Local\Pub\Cache\bin;C:\Users\Kareem Zedan\AppData\Roaming\npm;C:\Program Files\jdk-17.0.12\bin;C:\src2\flutter\bin;C:\src2\flutter\bin\cache\dart-sdk\bin;C:\Users\Kareem Zedan\AppData\Local\Google\Cloud SDK\google-cloud-sdk\bin
USERNAME=Kareem Zedan
OS=Windows_NT
PROCESSOR_IDENTIFIER=Intel64 Family 6 Model 151 Stepping 5, GenuineIntel
TMP=C:\Users\KAREEM~1\AppData\Local\Temp
TEMP=C:\Users\KAREEM~1\AppData\Local\Temp




Periodic native trim disabled

JNI global refs:
JNI global refs: 14, weak refs: 17

JNI global refs memory usage: 835, weak refs: 833

Process memory usage:
Resident Set Size: 269028K (1% of 16586164K total physical memory with 994564K free physical memory)

OOME stack traces (most recent first):
Classloader memory used:
Loader jdk.internal.loader.ClassLoaders$AppClassLoader                                 : 29452K
Loader bootstrap                                                                       : 10554K
Loader java.net.URLClassLoader                                                         : 232K

---------------  S Y S T E M  ---------------

OS:
 Windows 10 , 64 bit Build 19041 (10.0.19041.5072)
OS uptime: 0 days 5:47 hours
Hyper-V role detected

CPU: total 12 (initial active 12) (6 cores per cpu, 2 threads per core) family 6 model 151 stepping 5 microcode 0x32, cx8, cmov, fxsr, ht, mmx, 3dnowpref, sse, sse2, sse3, ssse3, sse4.1, sse4.2, popcnt, lzcnt, tsc, tscinvbit, avx, avx2, aes, erms, clmul, bmi1, bmi2, adx, sha, fma, vzeroupper, clflush, clflushopt, clwb, hv, rdtscp, rdpid, fsrm, f16c, cet_ibt, cet_ss
Processor Information for all 12 processors :
  Max Mhz: 2500, Current Mhz: 2500, Mhz Limit: 2500

Memory: 4k page, system-wide physical 16197M (972M free)
TotalPageFile size 26949M (AvailPageFile size 7171M)
current process WorkingSet (physical memory assigned to process): 264M, peak: 264M
current process commit charge ("private bytes"): 348M, peak: 366M

vm_info: OpenJDK 64-Bit Server VM (21.0.3+-12282718-b509.11) for windows-amd64 JRE (21.0.3+-12282718-b509.11), built on 2024-08-27T17:34:15Z by "builder" with MS VC++ 16.10 / 16.11 (VS2019)

END.
