#
# A fatal error has been detected by the Java Runtime Environment:
#
#  EXCEPTION_ACCESS_VIOLATION (0xc0000005) at pc=0x00007ffa96c26ce0, pid=15948, tid=8912
#
# JRE version: OpenJDK Runtime Environment (21.0.3) (build 21.0.3+-12282718-b509.11)
# Java VM: OpenJDK 64-Bit Server VM (21.0.3+-12282718-b509.11, mixed mode, tiered, compressed oops, compressed class ptrs, g1 gc, windows-amd64)
# Problematic frame:
# V  [jvm.dll+0x3b6ce0]
#
# No core dump will be written. Minidumps are not enabled by default on client versions of Windows
#
# If you would like to submit a bug report, please visit:
#   https://youtrack.jetbrains.com/issues/JBR
#

---------------  S U M M A R Y ------------

Command Line: org.jetbrains.kotlin.cli.jvm.K2JVMCompiler @C:\Users\Kareem Zedan\StudioProjects\Capital_Taxi2\app\build\20241220_10307447616320538066.compiler.options

Host: 12th Gen Intel(R) Core(TM) i5-12400F, 12 cores, 15G,  Windows 10 , 64 bit Build 19041 (10.0.19041.5072)
Time: Fri Dec 20 03:50:12 2024 Egypt Standard Time elapsed time: 11.266745 seconds (0d 0h 0m 11s)

---------------  T H R E A D  ---------------

Current thread (0x000001f17428f430):  JavaThread "C2 CompilerThread1" daemon [_thread_in_native, id=8912, stack(0x000000d090200000,0x000000d090300000) (1024K)]


Current CompileTask:
C2:  11266 21266       4       org.jetbrains.kotlin.types.AbstractTypeMapper::mapType (561 bytes)

Stack: [0x000000d090200000,0x000000d090300000],  sp=0x000000d0902fc800,  free space=1010k
Native frames: (J=compiled Java code, j=interpreted, Vv=VM code, C=native code)
V  [jvm.dll+0x3b6ce0]
V  [jvm.dll+0x3b0121]
V  [jvm.dll+0x1de0bf]
V  [jvm.dll+0x246c54]
V  [jvm.dll+0x2460d1]
V  [jvm.dll+0x1c5804]
V  [jvm.dll+0x25575c]
V  [jvm.dll+0x253c36]
V  [jvm.dll+0x3ec996]
V  [jvm.dll+0x800d78]
V  [jvm.dll+0x6c98cd]
C  [ucrtbase.dll+0x21bb2]
C  [KERNEL32.DLL+0x17374]
C  [ntdll.dll+0x4cc91]


siginfo: EXCEPTION_ACCESS_VIOLATION (0xc0000005), reading address 0x00006ffa973f9f60


Registers:
RAX=0x0000000000000000, RBX=0x000000d0902fc850, RCX=0x0000000000000000, RDX=0x00006ffa973f9f60
RSP=0x000000d0902fc800, RBP=0x000000d0902fc960, RSI=0x00007ffa973f9f60, RDI=0x0000000000000006
R8 =0x0000000400000000, R9 =0x0000000000000004, R10=0x0000000000000003, R11=0x000001f1753df280
R12=0x0000000000000000, R13=0x000001f17426d708, R14=0x0000000000000022, R15=0x00007ffa973f9f60
RIP=0x00007ffa96c26ce0, EFLAGS=0x0000000000010246


Register to memory mapping:

RAX=0x0 is null
RBX=0x000000d0902fc850 is pointing into the stack for thread: 0x000001f17428f430
RCX=0x0 is null
RDX=0x00006ffa973f9f60 is an unknown value
RSP=0x000000d0902fc800 is pointing into the stack for thread: 0x000001f17428f430
RBP=0x000000d0902fc960 is pointing into the stack for thread: 0x000001f17428f430
RSI=0x00007ffa973f9f60 jvm.dll
RDI=0x0000000000000006 is an unknown value
R8 =0x0000000400000000 is an unknown value
R9 =0x0000000000000004 is an unknown value
R10=0x0000000000000003 is an unknown value
R11=0x000001f1753df280 points into unknown readable memory: 0x0000000000000000 | 00 00 00 00 00 00 00 00
R12=0x0 is null
R13=0x000001f17426d708 points into unknown readable memory: 0x88000a00e44506b2 | b2 06 45 e4 00 0a 00 88
R14=0x0000000000000022 is an unknown value
R15=0x00007ffa973f9f60 jvm.dll

Top of Stack: (sp=0x000000d0902fc800)
0x000000d0902fc800:   000001f174236fa0 000001f179001f00
0x000000d0902fc810:   00000000001fd8b8 00007ffa971df720
0x000000d0902fc820:   000001f10154dc90 00007ffa96c20121
0x000000d0902fc830:   0000000000001462 0000000000001462
0x000000d0902fc840:   000001f174236f00 0000000000000000
0x000000d0902fc850:   0000000000000000 000000020000047a
0x000000d0902fc860:   0000001500000005 00006ffa973f9f60
0x000000d0902fc870:   000001f17cd02420 000001f1015ecd90
0x000000d0902fc880:   000001f17426d330 0000000000000000
0x000000d0902fc890:   000000d0902fc9a0 00007ffa96a4e0bf
0x000000d0902fc8a0:   000000d0902fcce0 000000d0902fcdc0
0x000000d0902fc8b0:   00000000000003d8 000001f17426d320
0x000000d0902fc8c0:   0000000000008200 000000000000000e
0x000000d0902fc8d0:   000000d0902fc907 000001f17426d320
0x000000d0902fc8e0:   000001f17654d2c0 000001f176550c30
0x000000d0902fc8f0:   000001f1765552a8 0000000000720490
0x000000d0902fc900:   0000000000000000 0000000000000000
0x000000d0902fc910:   00000000000082a8 0000000000008c00
0x000000d0902fc920:   0000000000000000 00007ffa971aad18
0x000000d0902fc930:   0000000000000000 000000d0902fe1d0
0x000000d0902fc940:   0000000000000000 00007ffa971aad18
0x000000d0902fc950:   0000000000000000 000001f174236fa0
0x000000d0902fc960:   000021830000000c 000000d0902fe1d0
0x000000d0902fc970:   000001f101521050 0000000000000000
0x000000d0902fc980:   000001f102ab1050 00000000000020e7
0x000000d0902fc990:   000000d0902fc8d0 000001f17426d330
0x000000d0902fc9a0:   00007ffa971aace8 000001f10000000d
0x000000d0902fc9b0:   000000d0902fe1d0 000000d0902fcce0
0x000000d0902fc9c0:   000000000000232f 00007ffa9692fe73
0x000000d0902fc9d0:   000001f10000000a 000000d0902fe1d0
0x000000d0902fc9e0:   000001f17770a1e0 0000000000000000
0x000000d0902fc9f0:   000001f1006abe70 000001f17cc78a50 

Instructions: (pc=0x00007ffa96c26ce0)
0x00007ffa96c26be0:   48 8b a8 80 00 00 00 48 8b 8d d8 08 00 00 48 85
0x00007ffa96c26bf0:   c9 75 0c e8 78 0b 00 00 48 8b 8d d8 08 00 00 48
0x00007ffa96c26c00:   8b 01 0f 57 c0 48 89 85 d8 08 00 00 0f 11 01 0f
0x00007ffa96c26c10:   11 41 10 41 0f 10 06 0f 11 01 41 0f 10 4e 10 0f
0x00007ffa96c26c20:   11 49 10 48 8b 43 08 48 89 0c 06 ff c7 ba 34 00
0x00007ffa96c26c30:   00 00 3b bb 90 00 00 00 0f 82 62 ff ff ff 4c 8b
0x00007ffa96c26c40:   74 24 60 4c 8b 6c 24 58 4c 8b 64 24 50 48 8b c3
0x00007ffa96c26c50:   48 83 c4 20 41 5f 5f 5e 5d 5b c3 cc cc cc cc cc
0x00007ffa96c26c60:   40 53 48 83 ec 20 8b 51 0c 48 8b d9 83 fa 04 73
0x00007ffa96c26c70:   2a 4c 8b 59 18 66 66 66 0f 1f 84 00 00 00 00 00
0x00007ffa96c26c80:   44 8b d2 44 8d 4a 01 4b 83 3c d3 00 0f 85 8f 00
0x00007ffa96c26c90:   00 00 41 8b d1 41 83 f9 04 72 e5 48 89 74 24 30
0x00007ffa96c26ca0:   48 89 7c 24 38 8b 79 10 3b 79 14 73 62 48 8d 35
0x00007ffa96c26cb0:   ac 32 7d 00 0f 1f 40 00 0f 1f 84 00 00 00 00 00
0x00007ffa96c26cc0:   48 8b 43 20 8b cf 48 8b 14 c8 48 3b d6 74 39 33
0x00007ffa96c26cd0:   c0 48 89 53 18 33 c9 66 0f 1f 84 00 00 00 00 00
0x00007ffa96c26ce0:   48 83 3c 11 00 44 8d 48 01 75 6f 48 83 c1 08 41
0x00007ffa96c26cf0:   8b c1 41 83 f9 04 72 e8 48 8b 4b 28 48 85 c9 74
0x00007ffa96c26d00:   07 8b d7 e8 58 01 00 00 ff c7 3b 7b 14 72 b1 48
0x00007ffa96c26d10:   8b 74 24 30 33 c0 48 8b 7c 24 38 48 83 c4 20 5b
0x00007ffa96c26d20:   c3 8b 41 10 44 8d 04 82 41 c1 e0 06 41 81 c0 00
0x00007ffa96c26d30:   ff ff ff 44 89 41 08 4b 8b 14 d3 48 0f bc c2 44
0x00007ffa96c26d40:   89 49 0c 8b c8 48 d3 ea 48 ff ca 41 03 c0 48 89
0x00007ffa96c26d50:   13 89 43 08 48 83 c4 20 5b c3 48 8b 74 24 30 44
0x00007ffa96c26d60:   8d 04 b8 8b c8 8d 47 01 48 8b 7c 24 38 41 c1 e0
0x00007ffa96c26d70:   06 44 89 43 08 48 8b 14 ca 89 43 10 48 0f bc c2
0x00007ffa96c26d80:   44 89 4b 0c 8b c8 48 d3 ea 48 ff ca 41 03 c0 48
0x00007ffa96c26d90:   89 13 89 43 08 48 83 c4 20 5b c3 cc cc cc cc cc
0x00007ffa96c26da0:   40 53 48 83 ec 20 65 48 8b 04 25 58 00 00 00 8b
0x00007ffa96c26db0:   0d 23 63 82 00 48 8b 1c c8 b8 34 00 00 00 80 3c
0x00007ffa96c26dc0:   18 00 75 05 e8 d7 0d 4d 00 b8 20 00 00 00 48 8b
0x00007ffa96c26dd0:   04 18 48 8b 88 68 06 00 00 48 8b 99 80 00 00 00 


Stack slot to memory mapping:

stack at sp + 0 slots: 0x000001f174236fa0 points into unknown readable memory: 0x6e75735f61766107 | 07 61 76 61 5f 73 75 6e
stack at sp + 1 slots: 0x000001f179001f00 points into unknown readable memory: 0x00007ffa973f9f60 | 60 9f 3f 97 fa 7f 00 00
stack at sp + 2 slots: 0x00000000001fd8b8 is an unknown value
stack at sp + 3 slots: 0x00007ffa971df720 jvm.dll
stack at sp + 4 slots: 0x000001f10154dc90 points into unknown readable memory: 0x0000001500000020 | 20 00 00 00 15 00 00 00
stack at sp + 5 slots: 0x00007ffa96c20121 jvm.dll
stack at sp + 6 slots: 0x0000000000001462 is an unknown value
stack at sp + 7 slots: 0x0000000000001462 is an unknown value


---------------  P R O C E S S  ---------------

Threads class SMR info:
_java_thread_list=0x000001f1742f7ca0, length=13, elements={
0x000001f15367e6c0, 0x000001f1740a7580, 0x000001f174083f50, 0x000001f174091340,
0x000001f174091da0, 0x000001f1740afea0, 0x000001f17408fff0, 0x000001f1740b1d20,
0x000001f1740bff90, 0x000001f174256fd0, 0x000001f174262a50, 0x000001f17428f430,
0x000001f17ce2af60
}

Java Threads: ( => current thread )
  0x000001f15367e6c0 JavaThread "main"                              [_thread_in_vm, id=3588, stack(0x000000d08f000000,0x000000d08f100000) (1024K)]
  0x000001f1740a7580 JavaThread "Reference Handler"          daemon [_thread_blocked, id=12160, stack(0x000000d08f800000,0x000000d08f900000) (1024K)]
  0x000001f174083f50 JavaThread "Finalizer"                  daemon [_thread_blocked, id=14636, stack(0x000000d08f900000,0x000000d08fa00000) (1024K)]
  0x000001f174091340 JavaThread "Signal Dispatcher"          daemon [_thread_blocked, id=2464, stack(0x000000d08fa00000,0x000000d08fb00000) (1024K)]
  0x000001f174091da0 JavaThread "Attach Listener"            daemon [_thread_blocked, id=8052, stack(0x000000d08fb00000,0x000000d08fc00000) (1024K)]
  0x000001f1740afea0 JavaThread "Service Thread"             daemon [_thread_blocked, id=10044, stack(0x000000d08fc00000,0x000000d08fd00000) (1024K)]
  0x000001f17408fff0 JavaThread "Monitor Deflation Thread"   daemon [_thread_blocked, id=5716, stack(0x000000d08fd00000,0x000000d08fe00000) (1024K)]
  0x000001f1740b1d20 JavaThread "C2 CompilerThread0"         daemon [_thread_in_native, id=16172, stack(0x000000d08fe00000,0x000000d08ff00000) (1024K)]
  0x000001f1740bff90 JavaThread "C1 CompilerThread0"         daemon [_thread_blocked, id=9300, stack(0x000000d08ff00000,0x000000d090000000) (1024K)]
  0x000001f174256fd0 JavaThread "Notification Thread"        daemon [_thread_blocked, id=7376, stack(0x000000d090000000,0x000000d090100000) (1024K)]
  0x000001f174262a50 JavaThread "Common-Cleaner"             daemon [_thread_blocked, id=5156, stack(0x000000d090100000,0x000000d090200000) (1024K)]
=>0x000001f17428f430 JavaThread "C2 CompilerThread1"         daemon [_thread_in_native, id=8912, stack(0x000000d090200000,0x000000d090300000) (1024K)]
  0x000001f17ce2af60 JavaThread "C2 CompilerThread2"         daemon [_thread_in_native, id=9976, stack(0x000000d090300000,0x000000d090400000) (1024K)]
Total: 13

Other Threads:
  0x000001f1740401c0 VMThread "VM Thread"                           [id=3792, stack(0x000000d08f700000,0x000000d08f800000) (1024K)]
  0x000001f16f5befb0 WatcherThread "VM Periodic Task Thread"        [id=6540, stack(0x000000d08f600000,0x000000d08f700000) (1024K)]
  0x000001f155951cc0 WorkerThread "GC Thread#0"                     [id=4500, stack(0x000000d08f100000,0x000000d08f200000) (1024K)]
  0x000001f1749a6f80 WorkerThread "GC Thread#1"                     [id=8116, stack(0x000000d090400000,0x000000d090500000) (1024K)]
  0x000001f1749726f0 WorkerThread "GC Thread#2"                     [id=12316, stack(0x000000d090500000,0x000000d090600000) (1024K)]
  0x000001f174972ea0 WorkerThread "GC Thread#3"                     [id=7812, stack(0x000000d090600000,0x000000d090700000) (1024K)]
  0x000001f174973640 WorkerThread "GC Thread#4"                     [id=15052, stack(0x000000d090700000,0x000000d090800000) (1024K)]
  0x000001f174973df0 WorkerThread "GC Thread#5"                     [id=12896, stack(0x000000d090800000,0x000000d090900000) (1024K)]
  0x000001f174fee190 WorkerThread "GC Thread#6"                     [id=8952, stack(0x000000d090900000,0x000000d090a00000) (1024K)]
  0x000001f174feda50 WorkerThread "GC Thread#7"                     [id=13904, stack(0x000000d090a00000,0x000000d090b00000) (1024K)]
  0x000001f174fed6b0 WorkerThread "GC Thread#8"                     [id=2672, stack(0x000000d090b00000,0x000000d090c00000) (1024K)]
  0x000001f174feddf0 WorkerThread "GC Thread#9"                     [id=5000, stack(0x000000d090e00000,0x000000d090f00000) (1024K)]
  0x000001f1559629b0 ConcurrentGCThread "G1 Main Marker"            [id=6156, stack(0x000000d08f200000,0x000000d08f300000) (1024K)]
  0x000001f1559634b0 WorkerThread "G1 Conc#0"                       [id=13196, stack(0x000000d08f300000,0x000000d08f400000) (1024K)]
  0x000001f174fee8d0 WorkerThread "G1 Conc#1"                       [id=544, stack(0x000000d090c00000,0x000000d090d00000) (1024K)]
  0x000001f174fef010 WorkerThread "G1 Conc#2"                       [id=3392, stack(0x000000d090d00000,0x000000d090e00000) (1024K)]
  0x000001f1559bb090 ConcurrentGCThread "G1 Refine#0"               [id=9288, stack(0x000000d08f400000,0x000000d08f500000) (1024K)]
  0x000001f1559bba10 ConcurrentGCThread "G1 Service"                [id=9956, stack(0x000000d08f500000,0x000000d08f600000) (1024K)]
Total: 18

Threads with active compile tasks:
C2 CompilerThread0    11288 21454 %     4       org.jetbrains.kotlin.codegen.optimization.temporaryVals.TemporaryValsAnalyzer::analyze @ 64 (1247 bytes)
C2 CompilerThread1    11288 21266       4       org.jetbrains.kotlin.types.AbstractTypeMapper::mapType (561 bytes)
C2 CompilerThread2    11288 21469       4       org.jetbrains.kotlin.codegen.optimization.common.FastAnalyzer::analyzeInstruction (291 bytes)
Total: 3

VM state: not at safepoint (normal execution)

VM Mutex/Monitor currently owned by a thread: None

Heap address: 0x0000000702e00000, size: 4050 MB, Compressed Oops mode: Zero based, Oop shift amount: 3

CDS archive(s) not mapped
Compressed class space mapped at: 0x0000000800000000-0x0000000840000000, reserved size: 1073741824
Narrow klass base: 0x0000000800000000, Narrow klass shift: 0, Narrow klass range: 0x40000000

GC Precious Log:
 CardTable entry size: 512
 Card Set container configuration: InlinePtr #cards 4 size 8 Array Of Cards #cards 16 size 48 Howl #buckets 8 coarsen threshold 3686 Howl Bitmap #cards 512 size 80 coarsen threshold 460 Card regions per heap region 1 cards per card region 4096
 CPUs: 12 total, 12 available
 Memory: 16197M
 Large Page Support: Disabled
 NUMA Support: Disabled
 Compressed Oops: Enabled (Zero based)
 Heap Region Size: 2M
 Heap Min Capacity: 8M
 Heap Initial Capacity: 254M
 Heap Max Capacity: 4050M
 Pre-touch: Disabled
 Parallel Workers: 10
 Concurrent Workers: 3
 Concurrent Refinement Workers: 10
 Periodic GC: Disabled

Heap:
 garbage-first heap   total 374784K, used 181502K [0x0000000702e00000, 0x0000000800000000)
  region size 2048K, 5 young (10240K), 3 survivors (6144K)
 Metaspace       used 96086K, committed 96512K, reserved 1179648K
  class space    used 9640K, committed 9856K, reserved 1048576K

Heap Regions: E=young(eden), S=young(survivor), O=old, HS=humongous(starts), HC=humongous(continues), CS=collection set, F=free, TAMS=top-at-mark-start, PB=parsable bottom
|   0|0x0000000702e00000, 0x0000000703000000, 0x0000000703000000|100%|HS|  |TAMS 0x0000000703000000| PB 0x0000000702e00000| Complete 
|   1|0x0000000703000000, 0x0000000703200000, 0x0000000703200000|100%|HC|  |TAMS 0x0000000703200000| PB 0x0000000703000000| Complete 
|   2|0x0000000703200000, 0x0000000703400000, 0x0000000703400000|100%| O|  |TAMS 0x0000000703400000| PB 0x0000000703200000| Untracked 
|   3|0x0000000703400000, 0x0000000703600000, 0x0000000703600000|100%| O|  |TAMS 0x0000000703600000| PB 0x0000000703400000| Untracked 
|   4|0x0000000703600000, 0x0000000703800000, 0x0000000703800000|100%| O|  |TAMS 0x0000000703800000| PB 0x0000000703600000| Untracked 
|   5|0x0000000703800000, 0x0000000703a00000, 0x0000000703a00000|100%| O|  |TAMS 0x0000000703a00000| PB 0x0000000703800000| Untracked 
|   6|0x0000000703a00000, 0x0000000703c00000, 0x0000000703c00000|100%| O|  |TAMS 0x0000000703c00000| PB 0x0000000703a00000| Untracked 
|   7|0x0000000703c00000, 0x0000000703e00000, 0x0000000703e00000|100%| O|  |TAMS 0x0000000703e00000| PB 0x0000000703c00000| Untracked 
|   8|0x0000000703e00000, 0x0000000704000000, 0x0000000704000000|100%| O|  |TAMS 0x0000000704000000| PB 0x0000000703e00000| Untracked 
|   9|0x0000000704000000, 0x0000000704200000, 0x0000000704200000|100%| O|  |TAMS 0x0000000704200000| PB 0x0000000704000000| Untracked 
|  10|0x0000000704200000, 0x0000000704400000, 0x0000000704400000|100%| O|  |TAMS 0x0000000704400000| PB 0x0000000704200000| Untracked 
|  11|0x0000000704400000, 0x0000000704600000, 0x0000000704600000|100%| O|  |TAMS 0x0000000704600000| PB 0x0000000704400000| Untracked 
|  12|0x0000000704600000, 0x0000000704800000, 0x0000000704800000|100%| O|  |TAMS 0x0000000704800000| PB 0x0000000704600000| Untracked 
|  13|0x0000000704800000, 0x0000000704a00000, 0x0000000704a00000|100%| O|  |TAMS 0x0000000704a00000| PB 0x0000000704800000| Untracked 
|  14|0x0000000704a00000, 0x0000000704c00000, 0x0000000704c00000|100%| O|  |TAMS 0x0000000704c00000| PB 0x0000000704a00000| Untracked 
|  15|0x0000000704c00000, 0x0000000704e00000, 0x0000000704e00000|100%| O|  |TAMS 0x0000000704e00000| PB 0x0000000704c00000| Untracked 
|  16|0x0000000704e00000, 0x0000000705000000, 0x0000000705000000|100%| O|  |TAMS 0x0000000705000000| PB 0x0000000704e00000| Untracked 
|  17|0x0000000705000000, 0x0000000705200000, 0x0000000705200000|100%| O|  |TAMS 0x0000000705200000| PB 0x0000000705000000| Untracked 
|  18|0x0000000705200000, 0x0000000705400000, 0x0000000705400000|100%| O|  |TAMS 0x0000000705400000| PB 0x0000000705200000| Untracked 
|  19|0x0000000705400000, 0x0000000705600000, 0x0000000705600000|100%| O|  |TAMS 0x0000000705600000| PB 0x0000000705400000| Untracked 
|  20|0x0000000705600000, 0x0000000705800000, 0x0000000705800000|100%| O|  |TAMS 0x0000000705800000| PB 0x0000000705600000| Untracked 
|  21|0x0000000705800000, 0x0000000705a00000, 0x0000000705a00000|100%| O|  |TAMS 0x0000000705a00000| PB 0x0000000705800000| Untracked 
|  22|0x0000000705a00000, 0x0000000705c00000, 0x0000000705c00000|100%| O|  |TAMS 0x0000000705c00000| PB 0x0000000705a00000| Untracked 
|  23|0x0000000705c00000, 0x0000000705e00000, 0x0000000705e00000|100%| O|  |TAMS 0x0000000705e00000| PB 0x0000000705c00000| Untracked 
|  24|0x0000000705e00000, 0x0000000706000000, 0x0000000706000000|100%| O|  |TAMS 0x0000000706000000| PB 0x0000000705e00000| Untracked 
|  25|0x0000000706000000, 0x0000000706200000, 0x0000000706200000|100%| O|  |TAMS 0x0000000706200000| PB 0x0000000706000000| Untracked 
|  26|0x0000000706200000, 0x0000000706400000, 0x0000000706400000|100%| O|  |TAMS 0x0000000706400000| PB 0x0000000706200000| Untracked 
|  27|0x0000000706400000, 0x0000000706600000, 0x0000000706600000|100%| O|  |TAMS 0x0000000706600000| PB 0x0000000706400000| Untracked 
|  28|0x0000000706600000, 0x0000000706800000, 0x0000000706800000|100%| O|  |TAMS 0x0000000706800000| PB 0x0000000706600000| Untracked 
|  29|0x0000000706800000, 0x0000000706a00000, 0x0000000706a00000|100%| O|  |TAMS 0x0000000706a00000| PB 0x0000000706800000| Untracked 
|  30|0x0000000706a00000, 0x0000000706c00000, 0x0000000706c00000|100%| O|  |TAMS 0x0000000706c00000| PB 0x0000000706a00000| Untracked 
|  31|0x0000000706c00000, 0x0000000706e00000, 0x0000000706e00000|100%| O|  |TAMS 0x0000000706e00000| PB 0x0000000706c00000| Untracked 
|  32|0x0000000706e00000, 0x0000000707000000, 0x0000000707000000|100%| O|  |TAMS 0x0000000707000000| PB 0x0000000706e00000| Untracked 
|  33|0x0000000707000000, 0x0000000707200000, 0x0000000707200000|100%| O|  |TAMS 0x0000000707200000| PB 0x0000000707000000| Untracked 
|  34|0x0000000707200000, 0x0000000707400000, 0x0000000707400000|100%| O|  |TAMS 0x0000000707400000| PB 0x0000000707200000| Untracked 
|  35|0x0000000707400000, 0x0000000707600000, 0x0000000707600000|100%| O|  |TAMS 0x0000000707600000| PB 0x0000000707400000| Untracked 
|  36|0x0000000707600000, 0x0000000707800000, 0x0000000707800000|100%| O|  |TAMS 0x0000000707800000| PB 0x0000000707600000| Untracked 
|  37|0x0000000707800000, 0x0000000707a00000, 0x0000000707a00000|100%| O|  |TAMS 0x0000000707a00000| PB 0x0000000707800000| Untracked 
|  38|0x0000000707a00000, 0x0000000707c00000, 0x0000000707c00000|100%| O|  |TAMS 0x0000000707c00000| PB 0x0000000707a00000| Untracked 
|  39|0x0000000707c00000, 0x0000000707e00000, 0x0000000707e00000|100%| O|  |TAMS 0x0000000707e00000| PB 0x0000000707c00000| Untracked 
|  40|0x0000000707e00000, 0x0000000708000000, 0x0000000708000000|100%| O|  |TAMS 0x0000000708000000| PB 0x0000000707e00000| Untracked 
|  41|0x0000000708000000, 0x0000000708200000, 0x0000000708200000|100%| O|  |TAMS 0x0000000708200000| PB 0x0000000708000000| Untracked 
|  42|0x0000000708200000, 0x0000000708400000, 0x0000000708400000|100%| O|  |TAMS 0x0000000708400000| PB 0x0000000708200000| Untracked 
|  43|0x0000000708400000, 0x0000000708600000, 0x0000000708600000|100%| O|  |TAMS 0x0000000708600000| PB 0x0000000708400000| Untracked 
|  44|0x0000000708600000, 0x0000000708800000, 0x0000000708800000|100%| O|  |TAMS 0x0000000708800000| PB 0x0000000708600000| Untracked 
|  45|0x0000000708800000, 0x0000000708a00000, 0x0000000708a00000|100%| O|  |TAMS 0x0000000708a00000| PB 0x0000000708800000| Untracked 
|  46|0x0000000708a00000, 0x0000000708c00000, 0x0000000708c00000|100%| O|  |TAMS 0x0000000708c00000| PB 0x0000000708a00000| Untracked 
|  47|0x0000000708c00000, 0x0000000708e00000, 0x0000000708e00000|100%| O|  |TAMS 0x0000000708e00000| PB 0x0000000708c00000| Untracked 
|  48|0x0000000708e00000, 0x0000000709000000, 0x0000000709000000|100%| O|  |TAMS 0x0000000709000000| PB 0x0000000708e00000| Untracked 
|  49|0x0000000709000000, 0x0000000709200000, 0x0000000709200000|100%| O|  |TAMS 0x0000000709200000| PB 0x0000000709000000| Untracked 
|  50|0x0000000709200000, 0x0000000709400000, 0x0000000709400000|100%| O|  |TAMS 0x0000000709400000| PB 0x0000000709200000| Untracked 
|  51|0x0000000709400000, 0x0000000709600000, 0x0000000709600000|100%| O|  |TAMS 0x0000000709600000| PB 0x0000000709400000| Untracked 
|  52|0x0000000709600000, 0x0000000709800000, 0x0000000709800000|100%| O|  |TAMS 0x0000000709800000| PB 0x0000000709600000| Untracked 
|  53|0x0000000709800000, 0x0000000709a00000, 0x0000000709a00000|100%| O|  |TAMS 0x0000000709a00000| PB 0x0000000709800000| Untracked 
|  54|0x0000000709a00000, 0x0000000709c00000, 0x0000000709c00000|100%| O|  |TAMS 0x0000000709c00000| PB 0x0000000709a00000| Untracked 
|  55|0x0000000709c00000, 0x0000000709e00000, 0x0000000709e00000|100%| O|  |TAMS 0x0000000709e00000| PB 0x0000000709c00000| Untracked 
|  56|0x0000000709e00000, 0x000000070a000000, 0x000000070a000000|100%| O|  |TAMS 0x000000070a000000| PB 0x0000000709e00000| Untracked 
|  57|0x000000070a000000, 0x000000070a200000, 0x000000070a200000|100%| O|  |TAMS 0x000000070a200000| PB 0x000000070a000000| Untracked 
|  58|0x000000070a200000, 0x000000070a400000, 0x000000070a400000|100%| O|  |TAMS 0x000000070a400000| PB 0x000000070a200000| Untracked 
|  59|0x000000070a400000, 0x000000070a600000, 0x000000070a600000|100%| O|  |TAMS 0x000000070a600000| PB 0x000000070a400000| Untracked 
|  60|0x000000070a600000, 0x000000070a800000, 0x000000070a800000|100%| O|  |TAMS 0x000000070a600000| PB 0x000000070a600000| Untracked 
|  61|0x000000070a800000, 0x000000070a9ae500, 0x000000070aa00000| 84%| O|  |TAMS 0x000000070a800000| PB 0x000000070a800000| Untracked 
|  62|0x000000070aa00000, 0x000000070ac00000, 0x000000070ac00000|100%| O|  |TAMS 0x000000070ac00000| PB 0x000000070aa00000| Untracked 
|  63|0x000000070ac00000, 0x000000070ae00000, 0x000000070ae00000|100%| O|  |TAMS 0x000000070ae00000| PB 0x000000070ac00000| Untracked 
|  64|0x000000070ae00000, 0x000000070b000000, 0x000000070b000000|100%| O|  |TAMS 0x000000070b000000| PB 0x000000070ae00000| Untracked 
|  65|0x000000070b000000, 0x000000070b200000, 0x000000070b200000|100%| O|  |TAMS 0x000000070b200000| PB 0x000000070b000000| Untracked 
|  66|0x000000070b200000, 0x000000070b400000, 0x000000070b400000|100%| O|  |TAMS 0x000000070b400000| PB 0x000000070b200000| Untracked 
|  67|0x000000070b400000, 0x000000070b600000, 0x000000070b600000|100%| O|  |TAMS 0x000000070b600000| PB 0x000000070b400000| Untracked 
|  68|0x000000070b600000, 0x000000070b800000, 0x000000070b800000|100%| O|  |TAMS 0x000000070b800000| PB 0x000000070b600000| Untracked 
|  69|0x000000070b800000, 0x000000070ba00000, 0x000000070ba00000|100%| O|  |TAMS 0x000000070ba00000| PB 0x000000070b800000| Untracked 
|  70|0x000000070ba00000, 0x000000070bc00000, 0x000000070bc00000|100%| O|  |TAMS 0x000000070bc00000| PB 0x000000070ba00000| Untracked 
|  71|0x000000070bc00000, 0x000000070bc00000, 0x000000070be00000|  0%| F|  |TAMS 0x000000070bc00000| PB 0x000000070bc00000| Untracked 
|  72|0x000000070be00000, 0x000000070c000000, 0x000000070c000000|100%| O|  |TAMS 0x000000070c000000| PB 0x000000070be00000| Untracked 
|  73|0x000000070c000000, 0x000000070c200000, 0x000000070c200000|100%| O|  |TAMS 0x000000070c200000| PB 0x000000070c000000| Untracked 
|  74|0x000000070c200000, 0x000000070c400000, 0x000000070c400000|100%| O|  |TAMS 0x000000070c400000| PB 0x000000070c200000| Untracked 
|  75|0x000000070c400000, 0x000000070c600000, 0x000000070c600000|100%| O|  |TAMS 0x000000070c600000| PB 0x000000070c400000| Untracked 
|  76|0x000000070c600000, 0x000000070c800000, 0x000000070c800000|100%| O|  |TAMS 0x000000070c800000| PB 0x000000070c600000| Untracked 
|  77|0x000000070c800000, 0x000000070ca00000, 0x000000070ca00000|100%| O|  |TAMS 0x000000070ca00000| PB 0x000000070c800000| Untracked 
|  78|0x000000070ca00000, 0x000000070cc00000, 0x000000070cc00000|100%| O|  |TAMS 0x000000070cc00000| PB 0x000000070ca00000| Untracked 
|  79|0x000000070cc00000, 0x000000070ce00000, 0x000000070ce00000|100%| O|  |TAMS 0x000000070ce00000| PB 0x000000070cc00000| Untracked 
|  80|0x000000070ce00000, 0x000000070d000000, 0x000000070d000000|100%| O|  |TAMS 0x000000070d000000| PB 0x000000070ce00000| Untracked 
|  81|0x000000070d000000, 0x000000070d200000, 0x000000070d200000|100%| O|  |TAMS 0x000000070d200000| PB 0x000000070d000000| Untracked 
|  82|0x000000070d200000, 0x000000070d400000, 0x000000070d400000|100%| O|  |TAMS 0x000000070d400000| PB 0x000000070d200000| Untracked 
|  83|0x000000070d400000, 0x000000070d600000, 0x000000070d600000|100%| O|  |TAMS 0x000000070d600000| PB 0x000000070d400000| Untracked 
|  84|0x000000070d600000, 0x000000070d800000, 0x000000070d800000|100%| O|  |TAMS 0x000000070d68f6d0| PB 0x000000070d600000| Untracked 
|  85|0x000000070d800000, 0x000000070d800000, 0x000000070da00000|  0%| F|  |TAMS 0x000000070d800000| PB 0x000000070d800000| Untracked 
|  86|0x000000070da00000, 0x000000070da00000, 0x000000070dc00000|  0%| F|  |TAMS 0x000000070da00000| PB 0x000000070da00000| Untracked 
|  87|0x000000070dc00000, 0x000000070dc00000, 0x000000070de00000|  0%| F|  |TAMS 0x000000070dc00000| PB 0x000000070dc00000| Untracked 
|  88|0x000000070de00000, 0x000000070de00000, 0x000000070e000000|  0%| F|  |TAMS 0x000000070de00000| PB 0x000000070de00000| Untracked 
|  89|0x000000070e000000, 0x000000070e000000, 0x000000070e200000|  0%| F|  |TAMS 0x000000070e000000| PB 0x000000070e000000| Untracked 
|  90|0x000000070e200000, 0x000000070e200000, 0x000000070e400000|  0%| F|  |TAMS 0x000000070e200000| PB 0x000000070e200000| Untracked 
|  91|0x000000070e400000, 0x000000070e400000, 0x000000070e600000|  0%| F|  |TAMS 0x000000070e400000| PB 0x000000070e400000| Untracked 
|  92|0x000000070e600000, 0x000000070e600000, 0x000000070e800000|  0%| F|  |TAMS 0x000000070e600000| PB 0x000000070e600000| Untracked 
|  93|0x000000070e800000, 0x000000070e800000, 0x000000070ea00000|  0%| F|  |TAMS 0x000000070e800000| PB 0x000000070e800000| Untracked 
|  94|0x000000070ea00000, 0x000000070ea00000, 0x000000070ec00000|  0%| F|  |TAMS 0x000000070ea00000| PB 0x000000070ea00000| Untracked 
|  95|0x000000070ec00000, 0x000000070ec00000, 0x000000070ee00000|  0%| F|  |TAMS 0x000000070ec00000| PB 0x000000070ec00000| Untracked 
|  96|0x000000070ee00000, 0x000000070ee00000, 0x000000070f000000|  0%| F|  |TAMS 0x000000070ee00000| PB 0x000000070ee00000| Untracked 
|  97|0x000000070f000000, 0x000000070f000000, 0x000000070f200000|  0%| F|  |TAMS 0x000000070f000000| PB 0x000000070f000000| Untracked 
|  98|0x000000070f200000, 0x000000070f200000, 0x000000070f400000|  0%| F|  |TAMS 0x000000070f200000| PB 0x000000070f200000| Untracked 
|  99|0x000000070f400000, 0x000000070f400000, 0x000000070f600000|  0%| F|  |TAMS 0x000000070f400000| PB 0x000000070f400000| Untracked 
| 100|0x000000070f600000, 0x000000070f791540, 0x000000070f800000| 78%| S|CS|TAMS 0x000000070f600000| PB 0x000000070f600000| Complete 
| 101|0x000000070f800000, 0x000000070fa00000, 0x000000070fa00000|100%| S|CS|TAMS 0x000000070f800000| PB 0x000000070f800000| Complete 
| 102|0x000000070fa00000, 0x000000070fc00000, 0x000000070fc00000|100%| S|CS|TAMS 0x000000070fa00000| PB 0x000000070fa00000| Complete 
| 103|0x000000070fc00000, 0x000000070fc00000, 0x000000070fe00000|  0%| F|  |TAMS 0x000000070fc00000| PB 0x000000070fc00000| Untracked 
| 104|0x000000070fe00000, 0x000000070fe00000, 0x0000000710000000|  0%| F|  |TAMS 0x000000070fe00000| PB 0x000000070fe00000| Untracked 
| 105|0x0000000710000000, 0x0000000710000000, 0x0000000710200000|  0%| F|  |TAMS 0x0000000710000000| PB 0x0000000710000000| Untracked 
| 106|0x0000000710200000, 0x0000000710200000, 0x0000000710400000|  0%| F|  |TAMS 0x0000000710200000| PB 0x0000000710200000| Untracked 
| 107|0x0000000710400000, 0x0000000710400000, 0x0000000710600000|  0%| F|  |TAMS 0x0000000710400000| PB 0x0000000710400000| Untracked 
| 108|0x0000000710600000, 0x0000000710600000, 0x0000000710800000|  0%| F|  |TAMS 0x0000000710600000| PB 0x0000000710600000| Untracked 
| 109|0x0000000710800000, 0x0000000710800000, 0x0000000710a00000|  0%| F|  |TAMS 0x0000000710800000| PB 0x0000000710800000| Untracked 
| 110|0x0000000710a00000, 0x0000000710a00000, 0x0000000710c00000|  0%| F|  |TAMS 0x0000000710a00000| PB 0x0000000710a00000| Untracked 
| 111|0x0000000710c00000, 0x0000000710c00000, 0x0000000710e00000|  0%| F|  |TAMS 0x0000000710c00000| PB 0x0000000710c00000| Untracked 
| 112|0x0000000710e00000, 0x0000000710e00000, 0x0000000711000000|  0%| F|  |TAMS 0x0000000710e00000| PB 0x0000000710e00000| Untracked 
| 113|0x0000000711000000, 0x0000000711000000, 0x0000000711200000|  0%| F|  |TAMS 0x0000000711000000| PB 0x0000000711000000| Untracked 
| 114|0x0000000711200000, 0x0000000711200000, 0x0000000711400000|  0%| F|  |TAMS 0x0000000711200000| PB 0x0000000711200000| Untracked 
| 115|0x0000000711400000, 0x0000000711400000, 0x0000000711600000|  0%| F|  |TAMS 0x0000000711400000| PB 0x0000000711400000| Untracked 
| 116|0x0000000711600000, 0x0000000711600000, 0x0000000711800000|  0%| F|  |TAMS 0x0000000711600000| PB 0x0000000711600000| Untracked 
| 117|0x0000000711800000, 0x0000000711800000, 0x0000000711a00000|  0%| F|  |TAMS 0x0000000711800000| PB 0x0000000711800000| Untracked 
| 118|0x0000000711a00000, 0x0000000711a00000, 0x0000000711c00000|  0%| F|  |TAMS 0x0000000711a00000| PB 0x0000000711a00000| Untracked 
| 119|0x0000000711c00000, 0x0000000711c00000, 0x0000000711e00000|  0%| F|  |TAMS 0x0000000711c00000| PB 0x0000000711c00000| Untracked 
| 120|0x0000000711e00000, 0x0000000711e00000, 0x0000000712000000|  0%| F|  |TAMS 0x0000000711e00000| PB 0x0000000711e00000| Untracked 
| 121|0x0000000712000000, 0x0000000712000000, 0x0000000712200000|  0%| F|  |TAMS 0x0000000712000000| PB 0x0000000712000000| Untracked 
| 122|0x0000000712200000, 0x0000000712200000, 0x0000000712400000|  0%| F|  |TAMS 0x0000000712200000| PB 0x0000000712200000| Untracked 
| 123|0x0000000712400000, 0x0000000712400000, 0x0000000712600000|  0%| F|  |TAMS 0x0000000712400000| PB 0x0000000712400000| Untracked 
| 124|0x0000000712600000, 0x0000000712600000, 0x0000000712800000|  0%| F|  |TAMS 0x0000000712600000| PB 0x0000000712600000| Untracked 
| 125|0x0000000712800000, 0x0000000712800000, 0x0000000712a00000|  0%| F|  |TAMS 0x0000000712800000| PB 0x0000000712800000| Untracked 
| 126|0x0000000712a00000, 0x0000000712a00000, 0x0000000712c00000|  0%| F|  |TAMS 0x0000000712a00000| PB 0x0000000712a00000| Untracked 
| 127|0x0000000712c00000, 0x0000000712c00000, 0x0000000712e00000|  0%| F|  |TAMS 0x0000000712c00000| PB 0x0000000712c00000| Untracked 
| 128|0x0000000712e00000, 0x0000000712e00000, 0x0000000713000000|  0%| F|  |TAMS 0x0000000712e00000| PB 0x0000000712e00000| Untracked 
| 129|0x0000000713000000, 0x0000000713000000, 0x0000000713200000|  0%| F|  |TAMS 0x0000000713000000| PB 0x0000000713000000| Untracked 
| 130|0x0000000713200000, 0x0000000713200000, 0x0000000713400000|  0%| F|  |TAMS 0x0000000713200000| PB 0x0000000713200000| Untracked 
| 131|0x0000000713400000, 0x0000000713400000, 0x0000000713600000|  0%| F|  |TAMS 0x0000000713400000| PB 0x0000000713400000| Untracked 
| 132|0x0000000713600000, 0x0000000713600000, 0x0000000713800000|  0%| F|  |TAMS 0x0000000713600000| PB 0x0000000713600000| Untracked 
| 133|0x0000000713800000, 0x0000000713800000, 0x0000000713a00000|  0%| F|  |TAMS 0x0000000713800000| PB 0x0000000713800000| Untracked 
| 134|0x0000000713a00000, 0x0000000713a00000, 0x0000000713c00000|  0%| F|  |TAMS 0x0000000713a00000| PB 0x0000000713a00000| Untracked 
| 135|0x0000000713c00000, 0x0000000713c00000, 0x0000000713e00000|  0%| F|  |TAMS 0x0000000713c00000| PB 0x0000000713c00000| Untracked 
| 136|0x0000000713e00000, 0x0000000713e00000, 0x0000000714000000|  0%| F|  |TAMS 0x0000000713e00000| PB 0x0000000713e00000| Untracked 
| 137|0x0000000714000000, 0x0000000714000000, 0x0000000714200000|  0%| F|  |TAMS 0x0000000714000000| PB 0x0000000714000000| Untracked 
| 138|0x0000000714200000, 0x0000000714200000, 0x0000000714400000|  0%| F|  |TAMS 0x0000000714200000| PB 0x0000000714200000| Untracked 
| 139|0x0000000714400000, 0x0000000714400000, 0x0000000714600000|  0%| F|  |TAMS 0x0000000714400000| PB 0x0000000714400000| Untracked 
| 140|0x0000000714600000, 0x0000000714600000, 0x0000000714800000|  0%| F|  |TAMS 0x0000000714600000| PB 0x0000000714600000| Untracked 
| 141|0x0000000714800000, 0x0000000714800000, 0x0000000714a00000|  0%| F|  |TAMS 0x0000000714800000| PB 0x0000000714800000| Untracked 
| 142|0x0000000714a00000, 0x0000000714a00000, 0x0000000714c00000|  0%| F|  |TAMS 0x0000000714a00000| PB 0x0000000714a00000| Untracked 
| 143|0x0000000714c00000, 0x0000000714c00000, 0x0000000714e00000|  0%| F|  |TAMS 0x0000000714c00000| PB 0x0000000714c00000| Untracked 
| 144|0x0000000714e00000, 0x0000000714e00000, 0x0000000715000000|  0%| F|  |TAMS 0x0000000714e00000| PB 0x0000000714e00000| Untracked 
| 145|0x0000000715000000, 0x0000000715000000, 0x0000000715200000|  0%| F|  |TAMS 0x0000000715000000| PB 0x0000000715000000| Untracked 
| 146|0x0000000715200000, 0x0000000715200000, 0x0000000715400000|  0%| F|  |TAMS 0x0000000715200000| PB 0x0000000715200000| Untracked 
| 147|0x0000000715400000, 0x0000000715400000, 0x0000000715600000|  0%| F|  |TAMS 0x0000000715400000| PB 0x0000000715400000| Untracked 
| 148|0x0000000715600000, 0x0000000715600000, 0x0000000715800000|  0%| F|  |TAMS 0x0000000715600000| PB 0x0000000715600000| Untracked 
| 149|0x0000000715800000, 0x0000000715800000, 0x0000000715a00000|  0%| F|  |TAMS 0x0000000715800000| PB 0x0000000715800000| Untracked 
| 150|0x0000000715a00000, 0x0000000715a00000, 0x0000000715c00000|  0%| F|  |TAMS 0x0000000715a00000| PB 0x0000000715a00000| Untracked 
| 151|0x0000000715c00000, 0x0000000715c00000, 0x0000000715e00000|  0%| F|  |TAMS 0x0000000715c00000| PB 0x0000000715c00000| Untracked 
| 152|0x0000000715e00000, 0x0000000715e00000, 0x0000000716000000|  0%| F|  |TAMS 0x0000000715e00000| PB 0x0000000715e00000| Untracked 
| 153|0x0000000716000000, 0x0000000716000000, 0x0000000716200000|  0%| F|  |TAMS 0x0000000716000000| PB 0x0000000716000000| Untracked 
| 154|0x0000000716200000, 0x0000000716200000, 0x0000000716400000|  0%| F|  |TAMS 0x0000000716200000| PB 0x0000000716200000| Untracked 
| 155|0x0000000716400000, 0x0000000716400000, 0x0000000716600000|  0%| F|  |TAMS 0x0000000716400000| PB 0x0000000716400000| Untracked 
| 156|0x0000000716600000, 0x0000000716600000, 0x0000000716800000|  0%| F|  |TAMS 0x0000000716600000| PB 0x0000000716600000| Untracked 
| 157|0x0000000716800000, 0x0000000716800000, 0x0000000716a00000|  0%| F|  |TAMS 0x0000000716800000| PB 0x0000000716800000| Untracked 
| 158|0x0000000716a00000, 0x0000000716a00000, 0x0000000716c00000|  0%| F|  |TAMS 0x0000000716a00000| PB 0x0000000716a00000| Untracked 
| 159|0x0000000716c00000, 0x0000000716c00000, 0x0000000716e00000|  0%| F|  |TAMS 0x0000000716c00000| PB 0x0000000716c00000| Untracked 
| 160|0x0000000716e00000, 0x0000000716e00000, 0x0000000717000000|  0%| F|  |TAMS 0x0000000716e00000| PB 0x0000000716e00000| Untracked 
| 161|0x0000000717000000, 0x0000000717000000, 0x0000000717200000|  0%| F|  |TAMS 0x0000000717000000| PB 0x0000000717000000| Untracked 
| 162|0x0000000717200000, 0x0000000717200000, 0x0000000717400000|  0%| F|  |TAMS 0x0000000717200000| PB 0x0000000717200000| Untracked 
| 163|0x0000000717400000, 0x0000000717400000, 0x0000000717600000|  0%| F|  |TAMS 0x0000000717400000| PB 0x0000000717400000| Untracked 
| 164|0x0000000717600000, 0x0000000717600000, 0x0000000717800000|  0%| F|  |TAMS 0x0000000717600000| PB 0x0000000717600000| Untracked 
| 165|0x0000000717800000, 0x0000000717800000, 0x0000000717a00000|  0%| F|  |TAMS 0x0000000717800000| PB 0x0000000717800000| Untracked 
| 166|0x0000000717a00000, 0x0000000717a00000, 0x0000000717c00000|  0%| F|  |TAMS 0x0000000717a00000| PB 0x0000000717a00000| Untracked 
| 167|0x0000000717c00000, 0x0000000717c00000, 0x0000000717e00000|  0%| F|  |TAMS 0x0000000717c00000| PB 0x0000000717c00000| Untracked 
| 168|0x0000000717e00000, 0x0000000717e00000, 0x0000000718000000|  0%| F|  |TAMS 0x0000000717e00000| PB 0x0000000717e00000| Untracked 
| 169|0x0000000718000000, 0x0000000718000000, 0x0000000718200000|  0%| F|  |TAMS 0x0000000718000000| PB 0x0000000718000000| Untracked 
| 170|0x0000000718200000, 0x0000000718200000, 0x0000000718400000|  0%| F|  |TAMS 0x0000000718200000| PB 0x0000000718200000| Untracked 
| 171|0x0000000718400000, 0x0000000718400000, 0x0000000718600000|  0%| F|  |TAMS 0x0000000718400000| PB 0x0000000718400000| Untracked 
| 172|0x0000000718600000, 0x0000000718600000, 0x0000000718800000|  0%| F|  |TAMS 0x0000000718600000| PB 0x0000000718600000| Untracked 
| 173|0x0000000718800000, 0x0000000718800000, 0x0000000718a00000|  0%| F|  |TAMS 0x0000000718800000| PB 0x0000000718800000| Untracked 
| 174|0x0000000718a00000, 0x0000000718a00000, 0x0000000718c00000|  0%| F|  |TAMS 0x0000000718a00000| PB 0x0000000718a00000| Untracked 
| 175|0x0000000718c00000, 0x0000000718c00000, 0x0000000718e00000|  0%| F|  |TAMS 0x0000000718c00000| PB 0x0000000718c00000| Untracked 
| 176|0x0000000718e00000, 0x0000000718e00000, 0x0000000719000000|  0%| F|  |TAMS 0x0000000718e00000| PB 0x0000000718e00000| Untracked 
| 177|0x0000000719000000, 0x0000000719000000, 0x0000000719200000|  0%| F|  |TAMS 0x0000000719000000| PB 0x0000000719000000| Untracked 
| 178|0x0000000719200000, 0x0000000719200000, 0x0000000719400000|  0%| F|  |TAMS 0x0000000719200000| PB 0x0000000719200000| Untracked 
| 179|0x0000000719400000, 0x0000000719400000, 0x0000000719600000|  0%| F|  |TAMS 0x0000000719400000| PB 0x0000000719400000| Untracked 
| 180|0x0000000719600000, 0x0000000719800000, 0x0000000719800000|100%| E|  |TAMS 0x0000000719600000| PB 0x0000000719600000| Complete 
| 181|0x0000000719800000, 0x0000000719a00000, 0x0000000719a00000|100%| E|CS|TAMS 0x0000000719800000| PB 0x0000000719800000| Complete 
|2024|0x00000007ffe00000, 0x0000000800000000, 0x0000000800000000|100%| O|  |TAMS 0x0000000800000000| PB 0x00000007ffe00000| Untracked 

Card table byte_map: [0x000001f168780000,0x000001f168f70000] _byte_map_base: 0x000001f164f69000

Marking Bits: (CMBitMap*) 0x000001f1559523c0
 Bits: [0x000001f168f70000, 0x000001f16ceb8000)

Polling page: 0x000001f153620000

Metaspace:

Usage:
  Non-class:     84.42 MB used.
      Class:      9.42 MB used.
       Both:     93.84 MB used.

Virtual space:
  Non-class space:      128.00 MB reserved,      84.62 MB ( 66%) committed,  2 nodes.
      Class space:        1.00 GB reserved,       9.62 MB ( <1%) committed,  1 nodes.
             Both:        1.12 GB reserved,      94.25 MB (  8%) committed. 

Chunk freelists:
   Non-Class:  10.44 MB
       Class:  6.42 MB
        Both:  16.86 MB

MaxMetaspaceSize: unlimited
CompressedClassSpaceSize: 1.00 GB
Initial GC threshold: 21.00 MB
Current GC threshold: 153.12 MB
CDS: off
 - commit_granule_bytes: 65536.
 - commit_granule_words: 8192.
 - virtual_space_node_default_size: 8388608.
 - enlarge_chunks_in_place: 1.
 - use_allocation_guard: 0.


Internal statistics:

num_allocs_failed_limit: 6.
num_arena_births: 612.
num_arena_deaths: 0.
num_vsnodes_births: 3.
num_vsnodes_deaths: 0.
num_space_committed: 1505.
num_space_uncommitted: 0.
num_chunks_returned_to_freelist: 6.
num_chunks_taken_from_freelist: 3767.
num_chunk_merges: 6.
num_chunk_splits: 3050.
num_chunks_enlarged: 2646.
num_inconsistent_stats: 0.

CodeHeap 'non-profiled nmethods': size=120000Kb used=13616Kb max_used=13616Kb free=106383Kb
 bounds [0x000001f160510000, 0x000001f161260000, 0x000001f167a40000]
CodeHeap 'profiled nmethods': size=120000Kb used=68402Kb max_used=68402Kb free=51597Kb
 bounds [0x000001f158a40000, 0x000001f15cd20000, 0x000001f15ff70000]
CodeHeap 'non-nmethods': size=5760Kb used=1862Kb max_used=1929Kb free=3898Kb
 bounds [0x000001f15ff70000, 0x000001f1601e0000, 0x000001f160510000]
 total_blobs=19282 nmethods=18433 adapters=747
 compilation: enabled
              stopped_count=0, restarted_count=0
 full_count=0

Compilation events (20 events):
Event: 11.225 Thread 0x000001f1740bff90 21456       3       org.jetbrains.kotlin.com.intellij.mock.MockComponentManager::getExtensionArea (5 bytes)
Event: 11.225 Thread 0x000001f1740bff90 nmethod 21456 0x000001f15ccf5590 code [0x000001f15ccf5740, 0x000001f15ccf59a0]
Event: 11.229 Thread 0x000001f1740bff90 21457       3       org.jetbrains.kotlin.codegen.optimization.common.UtilKt::remapLocalVariables (147 bytes)
Event: 11.229 Thread 0x000001f1740bff90 nmethod 21457 0x000001f15ccf5a90 code [0x000001f15ccf5e40, 0x000001f15ccf7840]
Event: 11.232 Thread 0x000001f1740bff90 21458       3       org.jetbrains.kotlin.resolve.descriptorUtil.DescriptorUtilsKt::getKotlinTypeRefiner (58 bytes)
Event: 11.232 Thread 0x000001f1740bff90 nmethod 21458 0x000001f15ccf8110 code [0x000001f15ccf83c0, 0x000001f15ccf9078]
Event: 11.232 Thread 0x000001f1740bff90 21461       3       org.jetbrains.kotlin.codegen.inline.Parameters::<init> (311 bytes)
Event: 11.233 Thread 0x000001f1740bff90 nmethod 21461 0x000001f15ccf9410 code [0x000001f15ccf9900, 0x000001f15ccfc540]
Event: 11.233 Thread 0x000001f1740bff90 21459       3       org.jetbrains.kotlin.types.checker.KotlinTypeRefinerKt::getREFINER_CAPABILITY (4 bytes)
Event: 11.234 Thread 0x000001f1740bff90 nmethod 21459 0x000001f159351a90 code [0x000001f159351c20, 0x000001f159351d18]
Event: 11.234 Thread 0x000001f1740bff90 21460       3       org.jetbrains.kotlin.types.KotlinTypeFactory::simpleType (100 bytes)
Event: 11.235 Thread 0x000001f1740bff90 nmethod 21460 0x000001f15ccfd490 code [0x000001f15ccfd920, 0x000001f15ccff978]
Event: 11.236 Thread 0x000001f1740b1d20 nmethod 21248 0x000001f161246710 code [0x000001f161247320, 0x000001f16124eae0]
Event: 11.236 Thread 0x000001f1740bff90 21466       3       org.jetbrains.org.objectweb.asm.commons.InstructionAdapter::anew (15 bytes)
Event: 11.236 Thread 0x000001f1740b1d20 21454 %     4       org.jetbrains.kotlin.codegen.optimization.temporaryVals.TemporaryValsAnalyzer::analyze @ 64 (1247 bytes)
Event: 11.236 Thread 0x000001f1740bff90 nmethod 21466 0x000001f15cd00410 code [0x000001f15cd005e0, 0x000001f15cd00888]
Event: 11.236 Thread 0x000001f1740bff90 21467       3       org.jetbrains.kotlin.codegen.inline.MethodInliner$Companion::findCapturedField (174 bytes)
Event: 11.237 Thread 0x000001f1740bff90 nmethod 21467 0x000001f15cd00a10 code [0x000001f15cd00e60, 0x000001f15cd027f0]
Event: 11.241 Thread 0x000001f1740bff90 21471       2       org.jetbrains.kotlin.codegen.optimization.common.OptimizationBasicInterpreter::copyOperation (10 bytes)
Event: 11.241 Thread 0x000001f1740bff90 nmethod 21471 0x000001f15cd03210 code [0x000001f15cd033c0, 0x000001f15cd03530]

GC Heap History (20 events):
Event: 5.292 GC heap before
{Heap before GC invocations=20 (full 0):
 garbage-first heap   total 212992K, used 181702K [0x0000000702e00000, 0x0000000800000000)
  region size 2048K, 41 young (83968K), 3 survivors (6144K)
 Metaspace       used 58154K, committed 58368K, reserved 1114112K
  class space    used 6364K, committed 6464K, reserved 1048576K
}
Event: 5.306 GC heap after
{Heap after GC invocations=21 (full 0):
 garbage-first heap   total 212992K, used 108958K [0x0000000702e00000, 0x0000000800000000)
  region size 2048K, 6 young (12288K), 6 survivors (12288K)
 Metaspace       used 58154K, committed 58368K, reserved 1114112K
  class space    used 6364K, committed 6464K, reserved 1048576K
}
Event: 6.592 GC heap before
{Heap before GC invocations=21 (full 0):
 garbage-first heap   total 212992K, used 184734K [0x0000000702e00000, 0x0000000800000000)
  region size 2048K, 43 young (88064K), 6 survivors (12288K)
 Metaspace       used 63984K, committed 64320K, reserved 1114112K
  class space    used 6947K, committed 7104K, reserved 1048576K
}
Event: 6.613 GC heap after
{Heap after GC invocations=22 (full 0):
 garbage-first heap   total 212992K, used 115313K [0x0000000702e00000, 0x0000000800000000)
  region size 2048K, 6 young (12288K), 6 survivors (12288K)
 Metaspace       used 63984K, committed 64320K, reserved 1114112K
  class space    used 6947K, committed 7104K, reserved 1048576K
}
Event: 7.213 GC heap before
{Heap before GC invocations=23 (full 0):
 garbage-first heap   total 212992K, used 186993K [0x0000000702e00000, 0x0000000800000000)
  region size 2048K, 41 young (83968K), 6 survivors (12288K)
 Metaspace       used 71154K, committed 71552K, reserved 1114112K
  class space    used 7588K, committed 7808K, reserved 1048576K
}
Event: 7.226 GC heap after
{Heap after GC invocations=24 (full 0):
 garbage-first heap   total 212992K, used 125914K [0x0000000702e00000, 0x0000000800000000)
  region size 2048K, 6 young (12288K), 6 survivors (12288K)
 Metaspace       used 71154K, committed 71552K, reserved 1114112K
  class space    used 7588K, committed 7808K, reserved 1048576K
}
Event: 7.681 GC heap before
{Heap before GC invocations=24 (full 0):
 garbage-first heap   total 212992K, used 187354K [0x0000000702e00000, 0x0000000800000000)
  region size 2048K, 36 young (73728K), 6 survivors (12288K)
 Metaspace       used 74847K, committed 75200K, reserved 1179648K
  class space    used 7883K, committed 8064K, reserved 1048576K
}
Event: 7.693 GC heap after
{Heap after GC invocations=25 (full 0):
 garbage-first heap   total 212992K, used 134074K [0x0000000702e00000, 0x0000000800000000)
  region size 2048K, 5 young (10240K), 5 survivors (10240K)
 Metaspace       used 74847K, committed 75200K, reserved 1179648K
  class space    used 7883K, committed 8064K, reserved 1048576K
}
Event: 8.104 GC heap before
{Heap before GC invocations=25 (full 0):
 garbage-first heap   total 212992K, used 189370K [0x0000000702e00000, 0x0000000800000000)
  region size 2048K, 32 young (65536K), 5 survivors (10240K)
 Metaspace       used 76922K, committed 77312K, reserved 1179648K
  class space    used 8069K, committed 8256K, reserved 1048576K
}
Event: 8.115 GC heap after
{Heap after GC invocations=26 (full 0):
 garbage-first heap   total 256000K, used 147456K [0x0000000702e00000, 0x0000000800000000)
  region size 2048K, 4 young (8192K), 4 survivors (8192K)
 Metaspace       used 76922K, committed 77312K, reserved 1179648K
  class space    used 8069K, committed 8256K, reserved 1048576K
}
Event: 8.710 GC heap before
{Heap before GC invocations=27 (full 0):
 garbage-first heap   total 256000K, used 223232K [0x0000000702e00000, 0x0000000800000000)
  region size 2048K, 41 young (83968K), 4 survivors (8192K)
 Metaspace       used 79896K, committed 80320K, reserved 1179648K
  class space    used 8378K, committed 8576K, reserved 1048576K
}
Event: 8.719 GC heap after
{Heap after GC invocations=28 (full 0):
 garbage-first heap   total 256000K, used 161042K [0x0000000702e00000, 0x0000000800000000)
  region size 2048K, 6 young (12288K), 6 survivors (12288K)
 Metaspace       used 79896K, committed 80320K, reserved 1179648K
  class space    used 8378K, committed 8576K, reserved 1048576K
}
Event: 9.514 GC heap before
{Heap before GC invocations=28 (full 0):
 garbage-first heap   total 256000K, used 226578K [0x0000000702e00000, 0x0000000800000000)
  region size 2048K, 38 young (77824K), 6 survivors (12288K)
 Metaspace       used 88529K, committed 88960K, reserved 1179648K
  class space    used 9108K, committed 9280K, reserved 1048576K
}
Event: 9.531 GC heap after
{Heap after GC invocations=29 (full 0):
 garbage-first heap   total 256000K, used 165423K [0x0000000702e00000, 0x0000000800000000)
  region size 2048K, 3 young (6144K), 3 survivors (6144K)
 Metaspace       used 88529K, committed 88960K, reserved 1179648K
  class space    used 9108K, committed 9280K, reserved 1048576K
}
Event: 10.298 GC heap before
{Heap before GC invocations=29 (full 0):
 garbage-first heap   total 256000K, used 228911K [0x0000000702e00000, 0x0000000800000000)
  region size 2048K, 34 young (69632K), 3 survivors (6144K)
 Metaspace       used 93389K, committed 93824K, reserved 1179648K
  class space    used 9485K, committed 9664K, reserved 1048576K
}
Event: 10.307 GC heap after
{Heap after GC invocations=30 (full 0):
 garbage-first heap   total 256000K, used 168541K [0x0000000702e00000, 0x0000000800000000)
  region size 2048K, 5 young (10240K), 5 survivors (10240K)
 Metaspace       used 93389K, committed 93824K, reserved 1179648K
  class space    used 9485K, committed 9664K, reserved 1048576K
}
Event: 10.734 GC heap before
{Heap before GC invocations=31 (full 0):
 garbage-first heap   total 286720K, used 227933K [0x0000000702e00000, 0x0000000800000000)
  region size 2048K, 35 young (71680K), 5 survivors (10240K)
 Metaspace       used 95098K, committed 95552K, reserved 1179648K
  class space    used 9589K, committed 9792K, reserved 1048576K
}
Event: 10.748 GC heap after
{Heap after GC invocations=32 (full 0):
 garbage-first heap   total 286720K, used 174499K [0x0000000702e00000, 0x0000000800000000)
  region size 2048K, 5 young (10240K), 5 survivors (10240K)
 Metaspace       used 95098K, committed 95552K, reserved 1179648K
  class space    used 9589K, committed 9792K, reserved 1048576K
}
Event: 10.987 GC heap before
{Heap before GC invocations=32 (full 0):
 garbage-first heap   total 286720K, used 254371K [0x0000000702e00000, 0x0000000800000000)
  region size 2048K, 44 young (90112K), 5 survivors (10240K)
 Metaspace       used 95505K, committed 95936K, reserved 1179648K
  class space    used 9599K, committed 9792K, reserved 1048576K
}
Event: 11.000 GC heap after
{Heap after GC invocations=33 (full 0):
 garbage-first heap   total 286720K, used 179394K [0x0000000702e00000, 0x0000000800000000)
  region size 2048K, 6 young (12288K), 6 survivors (12288K)
 Metaspace       used 95505K, committed 95936K, reserved 1179648K
  class space    used 9599K, committed 9792K, reserved 1048576K
}

Dll operation events (3 events):
Event: 0.003 Loaded shared library C:\Program Files\Android\Android Studio\jbr\bin\java.dll
Event: 0.007 Loaded shared library C:\Program Files\Android\Android Studio\jbr\bin\zip.dll
Event: 0.620 Loaded shared library C:\Program Files\Android\Android Studio\jbr\bin\verify.dll

Deoptimization events (20 events):
Event: 11.216 Thread 0x000001f15367e6c0 DEOPT PACKING pc=0x000001f160cd40d8 sp=0x000000d08f0fb660
Event: 11.216 Thread 0x000001f15367e6c0 DEOPT UNPACKING pc=0x000001f15ffc46a2 sp=0x000000d08f0fb608 mode 2
Event: 11.217 Thread 0x000001f15367e6c0 Uncommon trap: trap_request=0xffffff45 fr.pc=0x000001f160f26318 relative=0x0000000000000df8
Event: 11.217 Thread 0x000001f15367e6c0 Uncommon trap: reason=unstable_if action=reinterpret pc=0x000001f160f26318 method=org.jetbrains.kotlin.backend.jvm.InlineClassAbi.unboxType(Lorg/jetbrains/kotlin/ir/types/IrType;)Lorg/jetbrains/kotlin/ir/types/IrType; @ 59 c2
Event: 11.217 Thread 0x000001f15367e6c0 DEOPT PACKING pc=0x000001f160f26318 sp=0x000000d08f0fada0
Event: 11.217 Thread 0x000001f15367e6c0 DEOPT UNPACKING pc=0x000001f15ffc46a2 sp=0x000000d08f0fad68 mode 2
Event: 11.223 Thread 0x000001f15367e6c0 DEOPT PACKING pc=0x000001f15cc5fc7b sp=0x000000d08f0f9200
Event: 11.223 Thread 0x000001f15367e6c0 DEOPT UNPACKING pc=0x000001f15ffc4e42 sp=0x000000d08f0f8778 mode 0
Event: 11.233 Thread 0x000001f15367e6c0 DEOPT PACKING pc=0x000001f15cc1ed12 sp=0x000000d08f0fb390
Event: 11.233 Thread 0x000001f15367e6c0 DEOPT UNPACKING pc=0x000001f15ffc4e42 sp=0x000000d08f0fa910 mode 0
Event: 11.234 Thread 0x000001f15367e6c0 DEOPT PACKING pc=0x000001f15a65d918 sp=0x000000d08f0fb6a0
Event: 11.234 Thread 0x000001f15367e6c0 DEOPT UNPACKING pc=0x000001f15ffc4e42 sp=0x000000d08f0fac08 mode 0
Event: 11.235 Thread 0x000001f15367e6c0 DEOPT PACKING pc=0x000001f15cc5fc7b sp=0x000000d08f0fb600
Event: 11.235 Thread 0x000001f15367e6c0 DEOPT UNPACKING pc=0x000001f15ffc4e42 sp=0x000000d08f0fab78 mode 0
Event: 11.240 Thread 0x000001f15367e6c0 DEOPT PACKING pc=0x000001f15cc1ed12 sp=0x000000d08f0fd440
Event: 11.240 Thread 0x000001f15367e6c0 DEOPT UNPACKING pc=0x000001f15ffc4e42 sp=0x000000d08f0fc9c0 mode 0
Event: 11.242 Thread 0x000001f15367e6c0 DEOPT PACKING pc=0x000001f15cc48c28 sp=0x000000d08f0fd4a0
Event: 11.242 Thread 0x000001f15367e6c0 DEOPT UNPACKING pc=0x000001f15ffc4e42 sp=0x000000d08f0fc9c0 mode 0
Event: 11.242 Thread 0x000001f15367e6c0 DEOPT PACKING pc=0x000001f15cc5fc7b sp=0x000000d08f0fd200
Event: 11.242 Thread 0x000001f15367e6c0 DEOPT UNPACKING pc=0x000001f15ffc4e42 sp=0x000000d08f0fc778 mode 0

Classes loaded (20 events):
Event: 9.117 Loading class sun/security/jca/GetInstance$Instance
Event: 9.117 Loading class sun/security/jca/GetInstance$Instance done
Event: 9.117 Loading class java/security/MessageDigest$Delegate
Event: 9.117 Loading class sun/security/util/MessageDigestSpi2
Event: 9.117 Loading class sun/security/util/MessageDigestSpi2 done
Event: 9.117 Loading class java/security/MessageDigest$Delegate done
Event: 9.117 Loading class java/security/MessageDigest$Delegate$CloneableDelegate
Event: 9.117 Loading class java/security/MessageDigest$Delegate$CloneableDelegate done
Event: 9.117 Loading class sun/security/provider/ByteArrayAccess$LE
Event: 9.117 Loading class sun/security/provider/ByteArrayAccess$LE done
Event: 9.118 Loading class sun/security/provider/ByteArrayAccess
Event: 9.118 Loading class sun/security/provider/ByteArrayAccess done
Event: 9.118 Loading class java/util/Base64
Event: 9.118 Loading class java/util/Base64 done
Event: 9.118 Loading class java/util/Base64$Encoder
Event: 9.118 Loading class java/util/Base64$Encoder done
Event: 10.146 Loading class java/lang/TypeNotPresentException
Event: 10.146 Loading class java/lang/TypeNotPresentException done
Event: 10.266 Loading class java/util/Vector$Itr
Event: 10.266 Loading class java/util/Vector$Itr done

Classes unloaded (0 events):
No events

Classes redefined (0 events):
No events

Internal exceptions (20 events):
Event: 9.099 Thread 0x000001f15367e6c0 Exception <a 'java/lang/NoSuchMethodError'{0x000000070fef5938}: 'java.lang.Object java.lang.invoke.DirectMethodHandle$Holder.invokeStatic(java.lang.Object, java.lang.Object, java.lang.Object, java.lang.Object, int, java.lang.Object)'> (0x000000070fef5938) 
thrown [s\src\hotspot\share\interpreter\linkResolver.cpp, line 784]
Event: 9.305 Thread 0x000001f15367e6c0 Exception <a 'java/lang/NoSuchMethodError'{0x000000070f02f168}: 'java.lang.Object java.lang.invoke.DirectMethodHandle$Holder.newInvokeSpecial(java.lang.Object, java.lang.Object, int, java.lang.Object)'> (0x000000070f02f168) 
thrown [s\src\hotspot\share\interpreter\linkResolver.cpp, line 784]
Event: 9.305 Thread 0x000001f15367e6c0 Exception <a 'java/lang/NoSuchMethodError'{0x000000070f032fd8}: 'java.lang.Object java.lang.invoke.DirectMethodHandle$Holder.invokeSpecial(java.lang.Object, java.lang.Object, java.lang.Object, int, java.lang.Object)'> (0x000000070f032fd8) 
thrown [s\src\hotspot\share\interpreter\linkResolver.cpp, line 784]
Event: 9.305 Thread 0x000001f15367e6c0 Exception <a 'java/lang/NoSuchMethodError'{0x000000070f036998}: 'java.lang.Object java.lang.invoke.Invokers$Holder.linkToTargetMethod(java.lang.Object, int, java.lang.Object, java.lang.Object)'> (0x000000070f036998) 
thrown [s\src\hotspot\share\interpreter\linkResolver.cpp, line 784]
Event: 9.614 Thread 0x000001f15367e6c0 Exception <a 'java/lang/NoSuchMethodError'{0x0000000711e4a820}: 'java.lang.Object java.lang.invoke.DirectMethodHandle$Holder.invokeStatic(java.lang.Object, java.lang.Object, java.lang.Object, java.lang.Object, java.lang.Object, java.lang.Object, java.lang.Object, int, java.lang.Object, java.lang.Object)'> (0x0000000711e4a820) 
thrown [s\src\hotspot\share\interpreter\linkResolver.cpp, line 784]
Event: 9.615 Thread 0x000001f15367e6c0 Implicit null exception at 0x000001f160cc759e to 0x000001f160cc77c4
Event: 9.615 Thread 0x000001f15367e6c0 Implicit null exception at 0x000001f160f4da1e to 0x000001f160f4dc44
Event: 9.615 Thread 0x000001f15367e6c0 Implicit null exception at 0x000001f160f32f60 to 0x000001f160f33021
Event: 9.615 Thread 0x000001f15367e6c0 Implicit null exception at 0x000001f160925377 to 0x000001f160925460
Event: 10.201 Thread 0x000001f15367e6c0 Exception <a 'java/lang/NoSuchMethodError'{0x000000070ee7f938}: 'java.lang.Object java.lang.invoke.DirectMethodHandle$Holder.invokeStatic(java.lang.Object, int, int)'> (0x000000070ee7f938) 
thrown [s\src\hotspot\share\interpreter\linkResolver.cpp, line 784]
Event: 10.272 Thread 0x000001f15367e6c0 Exception <a 'java/lang/NoSuchMethodError'{0x000000070e861198}: 'java.lang.Object java.lang.invoke.DirectMethodHandle$Holder.newInvokeSpecial(java.lang.Object, java.lang.Object, java.lang.Object, java.lang.Object, java.lang.Object, int, java.lang.Object)'> (0x000000070e861198) 
thrown [s\src\hotspot\share\interpreter\linkResolver.cpp, line 784]
Event: 10.272 Thread 0x000001f15367e6c0 Exception <a 'java/lang/NoSuchMethodError'{0x000000070e865358}: 'java.lang.Object java.lang.invoke.DirectMethodHandle$Holder.invokeSpecial(java.lang.Object, java.lang.Object, java.lang.Object, java.lang.Object, java.lang.Object, java.lang.Object, int, java.lang.Object)'> (0x000000070e865358) 
thrown [s\src\hotspot\share\interpreter\linkResolver.cpp, line 784]
Event: 10.272 Thread 0x000001f15367e6c0 Exception <a 'java/lang/NoSuchMethodError'{0x000000070e868ab8}: 'java.lang.Object java.lang.invoke.Invokers$Holder.linkToTargetMethod(java.lang.Object, java.lang.Object, java.lang.Object, java.lang.Object, int, java.lang.Object, java.lang.Object)'> (0x000000070e868ab8) 
thrown [s\src\hotspot\share\interpreter\linkResolver.cpp, line 784]
Event: 10.566 Thread 0x000001f15367e6c0 Exception <a 'java/lang/NoSuchMethodError'{0x000000071394a9e0}: 'java.lang.Object java.lang.invoke.DirectMethodHandle$Holder.newInvokeSpecial(java.lang.Object, java.lang.Object, java.lang.Object, java.lang.Object, int, java.lang.Object)'> (0x000000071394a9e0) 
thrown [s\src\hotspot\share\interpreter\linkResolver.cpp, line 784]
Event: 10.566 Thread 0x000001f15367e6c0 Exception <a 'java/lang/NoSuchMethodError'{0x000000071394ef40}: 'java.lang.Object java.lang.invoke.DirectMethodHandle$Holder.invokeSpecial(java.lang.Object, java.lang.Object, java.lang.Object, java.lang.Object, java.lang.Object, int, java.lang.Object)'> (0x000000071394ef40) 
thrown [s\src\hotspot\share\interpreter\linkResolver.cpp, line 784]
Event: 10.566 Thread 0x000001f15367e6c0 Exception <a 'java/lang/NoSuchMethodError'{0x0000000713952db8}: 'java.lang.Object java.lang.invoke.Invokers$Holder.linkToTargetMethod(java.lang.Object, java.lang.Object, java.lang.Object, int, java.lang.Object, java.lang.Object)'> (0x0000000713952db8) 
thrown [s\src\hotspot\share\interpreter\linkResolver.cpp, line 784]
Event: 10.624 Thread 0x000001f15367e6c0 Exception <a 'java/lang/NoSuchMethodError'{0x000000071321c6f8}: 'java.lang.Object java.lang.invoke.DirectMethodHandle$Holder.newInvokeSpecial(java.lang.Object, int, int, java.lang.Object)'> (0x000000071321c6f8) 
thrown [s\src\hotspot\share\interpreter\linkResolver.cpp, line 784]
Event: 10.624 Thread 0x000001f15367e6c0 Exception <a 'java/lang/NoSuchMethodError'{0x0000000713220bf8}: 'java.lang.Object java.lang.invoke.DirectMethodHandle$Holder.invokeSpecial(java.lang.Object, java.lang.Object, int, int, java.lang.Object)'> (0x0000000713220bf8) 
thrown [s\src\hotspot\share\interpreter\linkResolver.cpp, line 784]
Event: 10.625 Thread 0x000001f15367e6c0 Exception <a 'java/lang/NoSuchMethodError'{0x000000071322dfc0}: 'java.lang.Object java.lang.invoke.DirectMethodHandle$Holder.invokeStatic(java.lang.Object, java.lang.Object, int, int, java.lang.Object)'> (0x000000071322dfc0) 
thrown [s\src\hotspot\share\interpreter\linkResolver.cpp, line 784]
Event: 10.689 Thread 0x000001f15367e6c0 Exception <a 'java/lang/NoSuchMethodError'{0x0000000711fa38f0}: 'java.lang.Object java.lang.invoke.DirectMethodHandle$Holder.invokeStatic(java.lang.Object, java.lang.Object, java.lang.Object, java.lang.Object, java.lang.Object, int)'> (0x0000000711fa38f0) 
thrown [s\src\hotspot\share\interpreter\linkResolver.cpp, line 784]

ZGC Phase Switch (0 events):
No events

VM Operations (20 events):
Event: 10.569 Executing VM operation: ICBufferFull
Event: 10.569 Executing VM operation: ICBufferFull done
Event: 10.572 Executing VM operation: HandshakeAllThreads (Deoptimize)
Event: 10.572 Executing VM operation: HandshakeAllThreads (Deoptimize) done
Event: 10.678 Executing VM operation: ICBufferFull
Event: 10.678 Executing VM operation: ICBufferFull done
Event: 10.734 Executing VM operation: G1CollectForAllocation (G1 Evacuation Pause)
Event: 10.748 Executing VM operation: G1CollectForAllocation (G1 Evacuation Pause) done
Event: 10.762 Executing VM operation: HandshakeAllThreads (Deoptimize)
Event: 10.762 Executing VM operation: HandshakeAllThreads (Deoptimize) done
Event: 10.852 Executing VM operation: ICBufferFull
Event: 10.852 Executing VM operation: ICBufferFull done
Event: 10.987 Executing VM operation: G1CollectForAllocation (G1 Evacuation Pause)
Event: 11.001 Executing VM operation: G1CollectForAllocation (G1 Evacuation Pause) done
Event: 11.177 Executing VM operation: ICBufferFull
Event: 11.178 Executing VM operation: ICBufferFull done
Event: 11.208 Executing VM operation: HandshakeAllThreads (Deoptimize)
Event: 11.208 Executing VM operation: HandshakeAllThreads (Deoptimize) done
Event: 11.237 Executing VM operation: ICBufferFull
Event: 11.237 Executing VM operation: ICBufferFull done

Events (20 events):
Event: 10.389 Thread 0x000001f1740401c0 flushing nmethod 0x000001f160543d10
Event: 10.389 Thread 0x000001f1740401c0 flushing nmethod 0x000001f160543a10
Event: 10.389 Thread 0x000001f1740401c0 flushing nmethod 0x000001f160535f90
Event: 10.389 Thread 0x000001f1740401c0 flushing nmethod 0x000001f16053ff90
Event: 10.389 Thread 0x000001f1740401c0 flushing nmethod 0x000001f160535c90
Event: 10.389 Thread 0x000001f1740401c0 flushing nmethod 0x000001f160535610
Event: 10.389 Thread 0x000001f1740401c0 flushing nmethod 0x000001f160534c90
Event: 10.389 Thread 0x000001f1740401c0 flushing nmethod 0x000001f160536e90
Event: 10.389 Thread 0x000001f1740401c0 flushing nmethod 0x000001f160536b90
Event: 10.389 Thread 0x000001f1740401c0 flushing nmethod 0x000001f160536890
Event: 10.389 Thread 0x000001f1740401c0 flushing nmethod 0x000001f160536590
Event: 10.389 Thread 0x000001f1740401c0 flushing nmethod 0x000001f160531c10
Event: 10.389 Thread 0x000001f1740401c0 flushing nmethod 0x000001f160536290
Event: 10.389 Thread 0x000001f1740401c0 flushing nmethod 0x000001f16052ff10
Event: 10.389 Thread 0x000001f1740401c0 flushing nmethod 0x000001f16052ec90
Event: 10.389 Thread 0x000001f1740401c0 flushing nmethod 0x000001f16051a410
Event: 10.389 Thread 0x000001f1740401c0 flushing nmethod 0x000001f160527310
Event: 10.389 Thread 0x000001f1740401c0 flushing nmethod 0x000001f160527010
Event: 10.389 Thread 0x000001f1740401c0 flushing nmethod 0x000001f160524290
Event: 10.389 Thread 0x000001f1740401c0 flushing nmethod 0x000001f160513690


Dynamic libraries:
0x00007ff7f0d80000 - 0x00007ff7f0d8a000 	C:\Program Files\Android\Android Studio\jbr\bin\java.exe
0x00007ffad56b0000 - 0x00007ffad58a8000 	C:\Windows\SYSTEM32\ntdll.dll
0x00007ffad49e0000 - 0x00007ffad4aa2000 	C:\Windows\System32\KERNEL32.DLL
0x00007ffad3330000 - 0x00007ffad362e000 	C:\Windows\System32\KERNELBASE.dll
0x00007ffad2d50000 - 0x00007ffad2e50000 	C:\Windows\System32\ucrtbase.dll
0x00007ffab4c60000 - 0x00007ffab4c7b000 	C:\Program Files\Android\Android Studio\jbr\bin\VCRUNTIME140.dll
0x00007ffaa3d70000 - 0x00007ffaa3d88000 	C:\Program Files\Android\Android Studio\jbr\bin\jli.dll
0x00007ffad54d0000 - 0x00007ffad566d000 	C:\Windows\System32\USER32.dll
0x00007ffad32b0000 - 0x00007ffad32d2000 	C:\Windows\System32\win32u.dll
0x00007ffab73b0000 - 0x00007ffab764a000 	C:\Windows\WinSxS\amd64_microsoft.windows.common-controls_6595b64144ccf1df_6.0.19041.4355_none_60b8b9eb71f62e16\COMCTL32.dll
0x00007ffad4230000 - 0x00007ffad425b000 	C:\Windows\System32\GDI32.dll
0x00007ffad3ff0000 - 0x00007ffad408e000 	C:\Windows\System32\msvcrt.dll
0x00007ffad3160000 - 0x00007ffad3277000 	C:\Windows\System32\gdi32full.dll
0x00007ffad3630000 - 0x00007ffad36cd000 	C:\Windows\System32\msvcp_win.dll
0x00007ffad4260000 - 0x00007ffad428f000 	C:\Windows\System32\IMM32.DLL
0x00007ffab5dc0000 - 0x00007ffab5dcc000 	C:\Program Files\Android\Android Studio\jbr\bin\vcruntime140_1.dll
0x00007ffa96750000 - 0x00007ffa967dd000 	C:\Program Files\Android\Android Studio\jbr\bin\msvcp140.dll
0x00007ffa96870000 - 0x00007ffa974ed000 	C:\Program Files\Android\Android Studio\jbr\bin\server\jvm.dll
0x00007ffad4090000 - 0x00007ffad4141000 	C:\Windows\System32\ADVAPI32.dll
0x00007ffad3ef0000 - 0x00007ffad3f8f000 	C:\Windows\System32\sechost.dll
0x00007ffad5330000 - 0x00007ffad5453000 	C:\Windows\System32\RPCRT4.dll
0x00007ffad3280000 - 0x00007ffad32a7000 	C:\Windows\System32\bcrypt.dll
0x00007ffad5460000 - 0x00007ffad54cb000 	C:\Windows\System32\WS2_32.dll
0x00007ffad2940000 - 0x00007ffad298b000 	C:\Windows\SYSTEM32\POWRPROF.dll
0x00007ffac9a50000 - 0x00007ffac9a5a000 	C:\Windows\SYSTEM32\VERSION.dll
0x00007ffac9a20000 - 0x00007ffac9a47000 	C:\Windows\SYSTEM32\WINMM.dll
0x00007ffad24a0000 - 0x00007ffad24b2000 	C:\Windows\SYSTEM32\UMPDC.dll
0x00007ffad0530000 - 0x00007ffad0542000 	C:\Windows\SYSTEM32\kernel.appcore.dll
0x00007ffab5890000 - 0x00007ffab589a000 	C:\Program Files\Android\Android Studio\jbr\bin\jimage.dll
0x00007ffad2750000 - 0x00007ffad2934000 	C:\Windows\SYSTEM32\DBGHELP.DLL
0x00007ffad2690000 - 0x00007ffad26c4000 	C:\Windows\SYSTEM32\dbgcore.DLL
0x00007ffad2e50000 - 0x00007ffad2ed2000 	C:\Windows\System32\bcryptPrimitives.dll
0x00007ffab12d0000 - 0x00007ffab12ef000 	C:\Program Files\Android\Android Studio\jbr\bin\java.dll
0x00007ffab12b0000 - 0x00007ffab12c8000 	C:\Program Files\Android\Android Studio\jbr\bin\zip.dll
0x00007ffad36d0000 - 0x00007ffad3e3d000 	C:\Windows\System32\SHELL32.dll
0x00007ffad0730000 - 0x00007ffad0ed4000 	C:\Windows\SYSTEM32\windows.storage.dll
0x00007ffad4310000 - 0x00007ffad4663000 	C:\Windows\System32\combase.dll
0x00007ffad1ff0000 - 0x00007ffad201e000 	C:\Windows\SYSTEM32\Wldp.dll
0x00007ffad4c40000 - 0x00007ffad4d0d000 	C:\Windows\System32\OLEAUT32.dll
0x00007ffad4d10000 - 0x00007ffad4dbd000 	C:\Windows\System32\SHCORE.dll
0x00007ffad4be0000 - 0x00007ffad4c35000 	C:\Windows\System32\shlwapi.dll
0x00007ffad2c80000 - 0x00007ffad2ca4000 	C:\Windows\SYSTEM32\profapi.dll
0x00007ffab46f0000 - 0x00007ffab4700000 	C:\Program Files\Android\Android Studio\jbr\bin\net.dll
0x00007ffacc930000 - 0x00007ffacca3d000 	C:\Windows\SYSTEM32\WINHTTP.dll
0x00007ffad1d70000 - 0x00007ffad1dda000 	C:\Windows\system32\mswsock.dll
0x00007ffab1210000 - 0x00007ffab1226000 	C:\Program Files\Android\Android Studio\jbr\bin\nio.dll
0x00007ffab0e80000 - 0x00007ffab0e90000 	C:\Program Files\Android\Android Studio\jbr\bin\verify.dll

dbghelp: loaded successfully - version: 4.0.5 - missing functions: none
symbol engine: initialized successfully - sym options: 0x614 - pdb path: .;C:\Program Files\Android\Android Studio\jbr\bin;C:\Windows\SYSTEM32;C:\Windows\WinSxS\amd64_microsoft.windows.common-controls_6595b64144ccf1df_6.0.19041.4355_none_60b8b9eb71f62e16;C:\Program Files\Android\Android Studio\jbr\bin\server

VM Arguments:
java_command: org.jetbrains.kotlin.cli.jvm.K2JVMCompiler @C:\Users\Kareem Zedan\StudioProjects\Capital_Taxi2\app\build\20241220_10307447616320538066.compiler.options
java_class_path (initial): C:\Users\Kareem Zedan\.gradle\caches\modules-2\files-2.1\org.jetbrains.kotlin\kotlin-compiler-embeddable\2.0.0\1de310de3446414381282ffc46c3ed3919a4d1da\kotlin-compiler-embeddable-2.0.0.jar;C:\Users\Kareem Zedan\.gradle\caches\modules-2\files-2.1\org.jetbrains.kotlin\kotlin-stdlib\2.0.0\b48df2c4aede9586cc931ead433bc02d6fd7879e\kotlin-stdlib-2.0.0.jar;C:\Users\Kareem Zedan\.gradle\caches\modules-2\files-2.1\org.jetbrains.kotlin\kotlin-script-runtime\2.0.0\fdc27dd047d592fa41d2dfa21e7621287a361612\kotlin-script-runtime-2.0.0.jar;C:\Users\Kareem Zedan\.gradle\caches\modules-2\files-2.1\org.jetbrains.kotlin\kotlin-reflect\1.6.10\1cbe9c92c12a94eea200d23c2bbaedaf3daf5132\kotlin-reflect-1.6.10.jar;C:\Users\Kareem Zedan\.gradle\caches\modules-2\files-2.1\org.jetbrains.kotlin\kotlin-daemon-embeddable\2.0.0\b39c612768614c4428c96ee9c65477181fffe9d\kotlin-daemon-embeddable-2.0.0.jar;C:\Users\Kareem Zedan\.gradle\caches\modules-2\files-2.1\org.jetbrains.intellij.deps\trove4j\1.0.20200330\3afb14d5f9ceb459d724e907a21145e8ff394f02\trove4j-1.0.20200330.jar;C:\Users\Kareem Zedan\.gradle\caches\modules-2\files-2.1\org.jetbrains\annotations\13.0\919f0dfe192fb4e063e7dacadee7f8bb9a2672a9\annotations-13.0.jar
Launcher Type: SUN_STANDARD

[Global flags]
     intx CICompilerCount                          = 4                                         {product} {ergonomic}
     uint ConcGCThreads                            = 3                                         {product} {ergonomic}
     uint G1ConcRefinementThreads                  = 10                                        {product} {ergonomic}
   size_t G1HeapRegionSize                         = 2097152                                   {product} {ergonomic}
    uintx GCDrainStackTargetSize                   = 64                                        {product} {ergonomic}
   size_t InitialHeapSize                          = 266338304                                 {product} {ergonomic}
   size_t MarkStackSize                            = 4194304                                   {product} {ergonomic}
   size_t MaxHeapSize                              = 4246732800                                {product} {ergonomic}
   size_t MaxNewSize                               = 2548039680                                {product} {ergonomic}
   size_t MinHeapDeltaBytes                        = 2097152                                   {product} {ergonomic}
   size_t MinHeapSize                              = 8388608                                   {product} {ergonomic}
    uintx NonNMethodCodeHeapSize                   = 5839372                                {pd product} {ergonomic}
    uintx NonProfiledCodeHeapSize                  = 122909434                              {pd product} {ergonomic}
    uintx ProfiledCodeHeapSize                     = 122909434                              {pd product} {ergonomic}
    uintx ReservedCodeCacheSize                    = 251658240                              {pd product} {ergonomic}
     bool SegmentedCodeCache                       = true                                      {product} {ergonomic}
   size_t SoftMaxHeapSize                          = 4246732800                             {manageable} {ergonomic}
     bool UseCompressedOops                        = true                           {product lp64_product} {ergonomic}
     bool UseG1GC                                  = true                                      {product} {ergonomic}
     bool UseLargePagesIndividualAllocation        = false                                  {pd product} {ergonomic}

Logging:
Log output configuration:
 #0: stdout all=warning uptime,level,tags foldmultilines=false
 #1: stderr all=off uptime,level,tags foldmultilines=false

Environment Variables:
PATH=C:\Windows\system32;C:\Windows;C:\Windows\System32\Wbem;C:\Windows\System32\WindowsPowerShell\v1.0\;C:\Windows\System32\OpenSSH\;C:\Program Files (x86)\Windows Kits\10\Windows Performance Toolkit\;C:\Program Files\Git\cmd;C:\Program Files\nodejs\;C:\Users\Kareem Zedan\AppData\Local\Microsoft\WindowsApps;C:\Users\Kareem Zedan\AppData\Local\Programs\Microsoft VS Code\bin;C:\src\flutter\bin;C:\src\flutter\bin\cache\dart-sdk\bin;C:\Users\Kareem Zedan\AppData\Local\Programs\Microsoft VS Code\bin;C:\Users\Kareem Zedan\.cache\firebase\tools\bin;C:\Users\Kareem Zedan\AppData\Local\Pub\Cache\bin;C:\Users\Kareem Zedan\AppData\Roaming\npm;C:\Program Files\jdk-17.0.12\bin;
USERNAME=Kareem Zedan
OS=Windows_NT
PROCESSOR_IDENTIFIER=Intel64 Family 6 Model 151 Stepping 5, GenuineIntel
TMP=C:\Users\KAREEM~1\AppData\Local\Temp
TEMP=C:\Users\KAREEM~1\AppData\Local\Temp




Periodic native trim disabled

JNI global refs:
JNI global refs: 13, weak refs: 15

JNI global refs memory usage: 835, weak refs: 833

Process memory usage:
Resident Set Size: 641648K (3% of 16586164K total physical memory with 1451472K free physical memory)

OOME stack traces (most recent first):
Classloader memory used:
Loader jdk.internal.loader.ClassLoaders$AppClassLoader                                 : 81128K
Loader bootstrap                                                                       : 12159K
Loader java.net.URLClassLoader                                                         : 2800K

---------------  S Y S T E M  ---------------

OS:
 Windows 10 , 64 bit Build 19041 (10.0.19041.5072)
OS uptime: 2 days 3:42 hours
Hyper-V role detected

CPU: total 12 (initial active 12) (6 cores per cpu, 2 threads per core) family 6 model 151 stepping 5 microcode 0x32, cx8, cmov, fxsr, ht, mmx, 3dnowpref, sse, sse2, sse3, ssse3, sse4.1, sse4.2, popcnt, lzcnt, tsc, tscinvbit, avx, avx2, aes, erms, clmul, bmi1, bmi2, adx, sha, fma, vzeroupper, clflush, clflushopt, clwb, hv, rdtscp, rdpid, fsrm, f16c, cet_ibt, cet_ss
Processor Information for all 12 processors :
  Max Mhz: 2500, Current Mhz: 2500, Mhz Limit: 2500

Memory: 4k page, system-wide physical 16197M (1407M free)
TotalPageFile size 30533M (AvailPageFile size 10854M)
current process WorkingSet (physical memory assigned to process): 627M, peak: 627M
current process commit charge ("private bytes"): 739M, peak: 739M

vm_info: OpenJDK 64-Bit Server VM (21.0.3+-12282718-b509.11) for windows-amd64 JRE (21.0.3+-12282718-b509.11), built on 2024-08-27T17:34:15Z by "builder" with MS VC++ 16.10 / 16.11 (VS2019)

END.
