#
# A fatal error has been detected by the Java Runtime Environment:
#
#  EXCEPTION_ACCESS_VIOLATION (0xc0000005) at pc=0x00007ffb03860c37, pid=9428, tid=8312
#
# JRE version: OpenJDK Runtime Environment (21.0.3) (build 21.0.3+-12282718-b509.11)
# Java VM: OpenJDK 64-Bit Server VM (21.0.3+-12282718-b509.11, mixed mode, tiered, compressed oops, compressed class ptrs, g1 gc, windows-amd64)
# Problematic frame:
# V  [jvm.dll+0x1e0c37]
#
# No core dump will be written. Minidumps are not enabled by default on client versions of Windows
#
# If you would like to submit a bug report, please visit:
#   https://youtrack.jetbrains.com/issues/JBR
#

---------------  S U M M A R Y ------------

Command Line: org.jetbrains.kotlin.cli.jvm.K2JVMCompiler @C:\Users\Kareem Zedan\StudioProjects\Capital_Taxi2\app\build\20250217_11621683086220327873.compiler.options

Host: 12th Gen Intel(R) Core(TM) i5-12400F, 12 cores, 15G,  Windows 10 , 64 bit Build 19041 (10.0.19041.5072)
Time: Mon Feb 17 21:04:25 2025 Egypt Standard Time elapsed time: 10.827591 seconds (0d 0h 0m 10s)

---------------  T H R E A D  ---------------

Current thread (0x000002321da986f0):  JavaThread "C2 CompilerThread1" daemon [_thread_in_native, id=8312, stack(0x0000004edd300000,0x0000004edd400000) (1024K)]


Current CompileTask:
C2:  10827 16842       4       org.jetbrains.kotlin.fir.backend.generators.CallAndReferenceGenerator::applyArgumentsWithReorderingIfNeeded (747 bytes)

Stack: [0x0000004edd300000,0x0000004edd400000],  sp=0x0000004edd3fc990,  free space=1010k
Native frames: (J=compiled Java code, j=interpreted, Vv=VM code, C=native code)
V  [jvm.dll+0x1e0c37]
V  [jvm.dll+0x3b1e9b]
V  [jvm.dll+0x3b0e85]
V  [jvm.dll+0x1de0b6]
V  [jvm.dll+0x246c54]
V  [jvm.dll+0x2460d1]
V  [jvm.dll+0x1c5804]
V  [jvm.dll+0x25575c]
V  [jvm.dll+0x253c36]
V  [jvm.dll+0x3ec996]
V  [jvm.dll+0x800d78]
V  [jvm.dll+0x6c98cd]
C  [ucrtbase.dll+0x21bb2]
C  [KERNEL32.DLL+0x17374]
C  [ntdll.dll+0x4cc91]


siginfo: EXCEPTION_ACCESS_VIOLATION (0xc0000005), reading address 0x00006ffb04209f60


Registers:
RAX=0x00007ffb04209f60, RBX=0x0000023225159d90, RCX=0x0000000000000034, RDX=0x0010000000000000
RSP=0x0000004edd3fc990, RBP=0x0000004edd3fcd10, RSI=0x0000000000000962, RDI=0x0000000000000000
R8 =0x00006ffb04209f60, R9 =0x0000000000000000, R10=0x0000000000400000, R11=0x0000000000000000
R12=0x0000000000000962, R13=0x0000023227164838, R14=0x0000004edd3fd090, R15=0x0000000000000000
RIP=0x00007ffb03860c37, EFLAGS=0x0000000000010206


Register to memory mapping:

RAX=0x00007ffb04209f60 jvm.dll
RBX=0x0000023225159d90 points into unknown readable memory: 0x0000000000000000 | 00 00 00 00 00 00 00 00
RCX=0x0000000000000034 is an unknown value
RDX=0x0010000000000000 is an unknown value
RSP=0x0000004edd3fc990 is pointing into the stack for thread: 0x000002321da986f0
RBP=0x0000004edd3fcd10 is pointing into the stack for thread: 0x000002321da986f0
RSI=0x0000000000000962 is an unknown value
RDI=0x0 is null
R8 =0x00006ffb04209f60 is an unknown value
R9 =0x0 is null
R10=4194304 is a compressed pointer to class: 0x0000000800400000
org.jetbrains.kotlin.util.NullableArrayMapAccessor {0x0000000800400008}
 - instance size:     2
 - klass size:        71
 - access:            public final synchronized 
 - flags:             rewritten has_nonstatic_fields should_verify_class has_localvariable_table 
 - state:             fully_initialized
 - name:              'org/jetbrains/kotlin/util/NullableArrayMapAccessor'
 - super:             'org/jetbrains/kotlin/util/AbstractArrayMapOwner$AbstractArrayMapAccessor'
 - sub:               
 - arrays:            null
 - methods:           Array<T>(0x000002321fbc05c0)
 - method ordering:   Array<T>(0x000002321e000018)
 - default_methods:   Array<T>(0x0000000000000000)
 - local interfaces:  Array<T>(0x000002321fbbffd8)
 - trans. interfaces: Array<T>(0x000002321fbbffd8)
 - constants:         constant pool [72] {0x000002321fbc0310} for 'org/jetbrains/kotlin/util/NullableArrayMapAccessor' cache=0x000002321fbc0920
 - class loader data:  loader data: 0x000002321d51a2b0 for instance a 'jdk/internal/loader/ClassLoaders$AppClassLoader'{0x00000007ff91eb60}
 - source file:       'ArrayMapOwner.kt'
 - class annotations:       Array<T>(0x000002321fbc0878)
 - class type annotations:  Array<T>(0x0000000000000000)
 - field annotations:       Array<T>(0x0000000000000000)
 - field type annotations:  Array<T>(0x0000000000000000)
 - generic signature: '<K:Ljava/lang/Object;V:Ljava/lang/Object;T::TV;>Lorg/jetbrains/kotlin/util/AbstractArrayMapOwner$AbstractArrayMapAccessor<TK;TV;TT;>;Lkotlin/properties/ReadOnlyProperty<Lorg/jetbrains/kotlin/util/AbstractArrayMapOwner<TK;TV;>;TV;>;'
 - inner classes:     Array<T>(0x000002321fbbffe8)
 - nest members:     Array<T>(0x000002321e000028)
 - permitted subclasses:     Array<T>(0x000002321e000028)
 - java mirror:       a 'java/lang/Class'{0x0000000703d05138} = 'org/jetbrains/kotlin/util/NullableArrayMapAccessor'
 - vtable length      5  (start addr: 0x00000008004001e8)
 - itable length      5 (start addr: 0x0000000800400210)
 - ---- static fields (0 words):
 - ---- non-static fields (1 words):
 - private final 'id' 'I' @12 
 - non-static oop maps: 
R11=0x0 is null
R12=0x0000000000000962 is an unknown value
R13=0x0000023227164838 points into unknown readable memory: 0x00007ffb03fbab50 | 50 ab fb 03 fb 7f 00 00
R14=0x0000004edd3fd090 is pointing into the stack for thread: 0x000002321da986f0
R15=0x0 is null

Top of Stack: (sp=0x0000004edd3fc990)
0x0000004edd3fc990:   0000004edd3fc9e0 0000004edd3fcd10
0x0000004edd3fc9a0:   00007ffb04209f60 ffffffffffffffff
0x0000004edd3fc9b0:   0000023228657410 00007ffb03a31e9b
0x0000004edd3fc9c0:   000002322869b3b0 000002322869b3b0
0x0000004edd3fc9d0:   0000004edd3fe580 0000000000000f3d
0x0000004edd3fc9e0:   0000000000000000 0000000100000334
0x0000004edd3fc9f0:   0000001b00000004 000002322c564720
0x0000004edd3fca00:   000002322c564d70 0000004edd3fcb00
0x0000004edd3fca10:   0000000000000002 0000000000000000
0x0000004edd3fca20:   000002322869b3b0 00007ffb03a30e85
0x0000004edd3fca30:   0000004edd3fd090 0000004edd3fcb30
0x0000004edd3fca40:   0000000000000006 0000000000000000
0x0000004edd3fca50:   0000004edd3fca70 00007ffb00000006
0x0000004edd3fca60:   0000000c00000005 00007ffb00000028
0x0000004edd3fca70:   0000002800000000 0000000e00000020
0x0000004edd3fca80:   0000023200000000 0000002a00000002
0x0000004edd3fca90:   0000000d0000000c 0000023200000000
0x0000004edd3fcaa0:   0000000000000029 00000232280a4920
0x0000004edd3fcab0:   00000000000001e4 0000000000000006
0x0000004edd3fcac0:   0000000000000000 0000000100001912
0x0000004edd3fcad0:   0000001a0000001a 000002322c561f80
0x0000004edd3fcae0:   000002322c562aa8 0000004edd3fcb00
0x0000004edd3fcaf0:   00000232280a498c 00000232280a4994
0x0000004edd3fcb00:   0000001b00000012 000002322c564d70
0x0000004edd3fcb10:   0000000000000096 00000000000004b0
0x0000004edd3fcb20:   00000232243a5ee0 0000000000000532
0x0000004edd3fcb30:   00000232243a5ee0 00007ffb03c56caa
0x0000004edd3fcb40:   0000000000000013 0000004edd3fcbe9
0x0000004edd3fcb50:   0000000000000000 0000004edd3fcbe9
0x0000004edd3fcb60:   0000004edd3fcbd8 00007ffb03e93f40
0x0000004edd3fcb70:   000002321d8704d8 00000000000004b0
0x0000004edd3fcb80:   0000023200000040 000002321da049b0 

Instructions: (pc=0x00007ffb03860c37)
0x00007ffb03860b37:   00 00 c7 43 30 2f 75 00 00 ff c7 c7 43 34 00 00
0x00007ffb03860b47:   00 00 3b be e0 00 00 00 0f 82 7b ff ff ff 0f 28
0x00007ffb03860b57:   74 24 40 48 83 c4 58 41 5f 41 5e 41 5d 41 5c 5f
0x00007ffb03860b67:   5e 5d 5b c3 ba f8 03 00 00 48 8d 0d c9 a2 75 00
0x00007ffb03860b77:   e8 c4 c6 09 00 cc 0f 1f 00 8b 07 1e 00 6b 0b 1e
0x00007ffb03860b87:   00 8b 07 1e 00 8b 07 1e 00 15 07 1e 00 8b 07 1e
0x00007ffb03860b97:   00 58 07 1e 00 58 07 1e 00 cb 07 1e 00 8b 07 1e
0x00007ffb03860ba7:   00 a8 07 1e 00 cb 07 1e 00 d2 07 1e 00 d9 07 1e
0x00007ffb03860bb7:   00 a8 07 1e 00 8b 07 1e 00 48 8b 41 58 48 63 48
0x00007ffb03860bc7:   10 48 8d 05 55 4c 95 00 48 c1 e1 05 8b 04 01 c3
0x00007ffb03860bd7:   cc cc cc cc cc cc cc cc cc 40 53 48 83 ec 20 48
0x00007ffb03860be7:   8b d9 85 d2 75 08 32 c0 48 83 c4 20 5b c3 48 8b
0x00007ffb03860bf7:   43 08 8b ca 48 c1 e9 08 48 89 7c 24 30 8b fa 4c
0x00007ffb03860c07:   8b 04 c8 48 8d 05 4f 93 9a 00 4c 3b c0 75 0b 48
0x00007ffb03860c17:   8b cb e8 02 62 1d 00 4c 8b c0 40 0f b6 cf ba 01
0x00007ffb03860c27:   00 00 00 48 c1 ef 06 80 e1 3f 83 e7 03 48 d3 e2
0x00007ffb03860c37:   49 8b 0c f8 48 8b c1 48 0b c2 49 89 04 f8 48 8b
0x00007ffb03860c47:   7c 24 30 48 23 ca 75 02 ff 03 48 85 c9 0f 94 c0
0x00007ffb03860c57:   48 83 c4 20 5b c3 cc cc cc 44 8b d2 41 3b d0 7c
0x00007ffb03860c67:   47 41 8d 80 c0 02 00 00 3b d0 7d 3c 44 8b ca 45
0x00007ffb03860c77:   2b c8 41 8b c1 83 e0 3f 0f b6 d0 41 8b c1 48 c1
0x00007ffb03860c87:   e8 06 48 8b 44 c1 38 48 0f a3 d0 73 1b 0f b7 81
0x00007ffb03860c97:   9c 00 00 00 83 f8 01 74 0c 8d 48 ff 8b c1 41 23
0x00007ffb03860ca7:   c2 3b c1 75 03 b0 01 c3 32 c0 c3 cc cc cc cc cc
0x00007ffb03860cb7:   cc cc cc cc cc cc cc cc cc 40 57 41 57 48 83 ec
0x00007ffb03860cc7:   38 4c 8b 41 48 33 ff 48 89 5c 24 58 4c 8b f9 48
0x00007ffb03860cd7:   89 74 24 68 4c 89 64 24 30 44 8b e7 4c 89 6c 24
0x00007ffb03860ce7:   28 44 8b ef 41 39 78 40 0f 86 ba 00 00 00 48 89
0x00007ffb03860cf7:   6c 24 60 4c 89 74 24 20 90 49 8b 40 30 8b ef 41
0x00007ffb03860d07:   8b d4 48 8b 34 d0 8b 46 28 89 44 24 50 85 c0 0f
0x00007ffb03860d17:   84 7c 00 00 00 4c 8b f7 90 3b 6e 18 73 0a 48 8b
0x00007ffb03860d27:   46 20 49 8b 1c 06 eb 03 48 8b df 48 8b 03 48 8b 


Stack slot to memory mapping:

stack at sp + 0 slots: 0x0000004edd3fc9e0 is pointing into the stack for thread: 0x000002321da986f0
stack at sp + 1 slots: 0x0000004edd3fcd10 is pointing into the stack for thread: 0x000002321da986f0
stack at sp + 2 slots: 0x00007ffb04209f60 jvm.dll
stack at sp + 3 slots: 0xffffffffffffffff is an unknown value
stack at sp + 4 slots: 0x0000023228657410 points into unknown readable memory: 0x3ed991a43d2df60b | 0b f6 2d 3d a4 91 d9 3e
stack at sp + 5 slots: 0x00007ffb03a31e9b jvm.dll
stack at sp + 6 slots: 0x000002322869b3b0 points into unknown readable memory: 0x3d647483b1b91dda | da 1d b9 b1 83 74 64 3d
stack at sp + 7 slots: 0x000002322869b3b0 points into unknown readable memory: 0x3d647483b1b91dda | da 1d b9 b1 83 74 64 3d


---------------  P R O C E S S  ---------------

Threads class SMR info:
_java_thread_list=0x000002321d9ff580, length=13, elements={
0x00000232034337e0, 0x000002321d863470, 0x000002321d86c400, 0x000002321d884e40,
0x000002321d8858a0, 0x000002321d883470, 0x000002321d883ed0, 0x000002321d8725c0,
0x000002321d877830, 0x000002321da1e460, 0x000002321da1fee0, 0x000002321da986f0,
0x000002321da98da0
}

Java Threads: ( => current thread )
  0x00000232034337e0 JavaThread "main"                              [_thread_in_Java, id=14660, stack(0x0000004edc100000,0x0000004edc200000) (1024K)]
  0x000002321d863470 JavaThread "Reference Handler"          daemon [_thread_blocked, id=17204, stack(0x0000004edc900000,0x0000004edca00000) (1024K)]
  0x000002321d86c400 JavaThread "Finalizer"                  daemon [_thread_blocked, id=11116, stack(0x0000004edca00000,0x0000004edcb00000) (1024K)]
  0x000002321d884e40 JavaThread "Signal Dispatcher"          daemon [_thread_blocked, id=9460, stack(0x0000004edcb00000,0x0000004edcc00000) (1024K)]
  0x000002321d8858a0 JavaThread "Attach Listener"            daemon [_thread_blocked, id=14648, stack(0x0000004edcc00000,0x0000004edcd00000) (1024K)]
  0x000002321d883470 JavaThread "Service Thread"             daemon [_thread_blocked, id=5672, stack(0x0000004edcd00000,0x0000004edce00000) (1024K)]
  0x000002321d883ed0 JavaThread "Monitor Deflation Thread"   daemon [_thread_blocked, id=14028, stack(0x0000004edce00000,0x0000004edcf00000) (1024K)]
  0x000002321d8725c0 JavaThread "C2 CompilerThread0"         daemon [_thread_in_native, id=5584, stack(0x0000004edcf00000,0x0000004edd000000) (1024K)]
  0x000002321d877830 JavaThread "C1 CompilerThread0"         daemon [_thread_in_native, id=13072, stack(0x0000004edd000000,0x0000004edd100000) (1024K)]
  0x000002321da1e460 JavaThread "Notification Thread"        daemon [_thread_blocked, id=6316, stack(0x0000004edd100000,0x0000004edd200000) (1024K)]
  0x000002321da1fee0 JavaThread "Common-Cleaner"             daemon [_thread_blocked, id=11900, stack(0x0000004edd200000,0x0000004edd300000) (1024K)]
=>0x000002321da986f0 JavaThread "C2 CompilerThread1"         daemon [_thread_in_native, id=8312, stack(0x0000004edd300000,0x0000004edd400000) (1024K)]
  0x000002321da98da0 JavaThread "C2 CompilerThread2"         daemon [_thread_in_native, id=9160, stack(0x0000004edd400000,0x0000004edd500000) (1024K)]
Total: 13

Other Threads:
  0x000002321d6ce990 VMThread "VM Thread"                           [id=4588, stack(0x0000004edc800000,0x0000004edc900000) (1024K)]
  0x000002321d63f770 WatcherThread "VM Periodic Task Thread"        [id=7240, stack(0x0000004edc700000,0x0000004edc800000) (1024K)]
  0x000002320348f400 WorkerThread "GC Thread#0"                     [id=13096, stack(0x0000004edc200000,0x0000004edc300000) (1024K)]
  0x00000232223f6b20 WorkerThread "GC Thread#1"                     [id=16912, stack(0x0000004edd500000,0x0000004edd600000) (1024K)]
  0x00000232223f76e0 WorkerThread "GC Thread#2"                     [id=11532, stack(0x0000004edd600000,0x0000004edd700000) (1024K)]
  0x0000023222595c90 WorkerThread "GC Thread#3"                     [id=15068, stack(0x0000004edd700000,0x0000004edd800000) (1024K)]
  0x0000023222596640 WorkerThread "GC Thread#4"                     [id=16928, stack(0x0000004edd800000,0x0000004edd900000) (1024K)]
  0x0000023222597510 WorkerThread "GC Thread#5"                     [id=1448, stack(0x0000004edd900000,0x0000004edda00000) (1024K)]
  0x0000023222596a30 WorkerThread "GC Thread#6"                     [id=14988, stack(0x0000004edda00000,0x0000004eddb00000) (1024K)]
  0x00000232225978b0 WorkerThread "GC Thread#7"                     [id=340, stack(0x0000004eddb00000,0x0000004eddc00000) (1024K)]
  0x0000023222596dd0 WorkerThread "GC Thread#8"                     [id=12712, stack(0x0000004eddc00000,0x0000004eddd00000) (1024K)]
  0x0000023222c1c550 WorkerThread "GC Thread#9"                     [id=10228, stack(0x0000004eddf00000,0x0000004ede000000) (1024K)]
  0x00000232034a1270 ConcurrentGCThread "G1 Main Marker"            [id=12524, stack(0x0000004edc300000,0x0000004edc400000) (1024K)]
  0x00000232034a2d20 WorkerThread "G1 Conc#0"                       [id=11180, stack(0x0000004edc400000,0x0000004edc500000) (1024K)]
  0x0000023222597ff0 WorkerThread "G1 Conc#1"                       [id=3488, stack(0x0000004eddd00000,0x0000004edde00000) (1024K)]
  0x0000023222c19d70 WorkerThread "G1 Conc#2"                       [id=11300, stack(0x0000004edde00000,0x0000004eddf00000) (1024K)]
  0x00000232034fe5c0 ConcurrentGCThread "G1 Refine#0"               [id=11712, stack(0x0000004edc500000,0x0000004edc600000) (1024K)]
  0x000002321d50e2a0 ConcurrentGCThread "G1 Service"                [id=9888, stack(0x0000004edc600000,0x0000004edc700000) (1024K)]
Total: 18

Threads with active compile tasks:
C2 CompilerThread0    10846 17221       4       kotlin.collections.CollectionsKt___CollectionsKt::joinToString (72 bytes)
C1 CompilerThread0    10846 17396       2       androidx.compose.compiler.plugins.kotlin.lower.ComposeInlineLambdaLocator$scan$1::visitReturn (7 bytes)
C2 CompilerThread1    10846 16842       4       org.jetbrains.kotlin.fir.backend.generators.CallAndReferenceGenerator::applyArgumentsWithReorderingIfNeeded (747 bytes)
C2 CompilerThread2    10846 17266       4       kotlin.collections.CollectionsKt___CollectionsKt::joinToString$default (94 bytes)
Total: 4

VM state: not at safepoint (normal execution)

VM Mutex/Monitor currently owned by a thread: None

Heap address: 0x0000000702e00000, size: 4050 MB, Compressed Oops mode: Zero based, Oop shift amount: 3

CDS archive(s) not mapped
Compressed class space mapped at: 0x0000000800000000-0x0000000840000000, reserved size: 1073741824
Narrow klass base: 0x0000000800000000, Narrow klass shift: 0, Narrow klass range: 0x40000000

GC Precious Log:
 CardTable entry size: 512
 Card Set container configuration: InlinePtr #cards 4 size 8 Array Of Cards #cards 16 size 48 Howl #buckets 8 coarsen threshold 3686 Howl Bitmap #cards 512 size 80 coarsen threshold 460 Card regions per heap region 1 cards per card region 4096
 CPUs: 12 total, 12 available
 Memory: 16197M
 Large Page Support: Disabled
 NUMA Support: Disabled
 Compressed Oops: Enabled (Zero based)
 Heap Region Size: 2M
 Heap Min Capacity: 8M
 Heap Initial Capacity: 254M
 Heap Max Capacity: 4050M
 Pre-touch: Disabled
 Parallel Workers: 10
 Concurrent Workers: 3
 Concurrent Refinement Workers: 10
 Periodic GC: Disabled

Heap:
 garbage-first heap   total 362496K, used 242321K [0x0000000702e00000, 0x0000000800000000)
  region size 2048K, 26 young (53248K), 6 survivors (12288K)
 Metaspace       used 77496K, committed 77824K, reserved 1179648K
  class space    used 7964K, committed 8128K, reserved 1048576K

Heap Regions: E=young(eden), S=young(survivor), O=old, HS=humongous(starts), HC=humongous(continues), CS=collection set, F=free, TAMS=top-at-mark-start, PB=parsable bottom
|   0|0x0000000702e00000, 0x0000000703000000, 0x0000000703000000|100%|HS|  |TAMS 0x0000000702e00000| PB 0x0000000702e00000| Complete 
|   1|0x0000000703000000, 0x0000000703200000, 0x0000000703200000|100%|HC|  |TAMS 0x0000000703000000| PB 0x0000000703000000| Complete 
|   2|0x0000000703200000, 0x0000000703400000, 0x0000000703400000|100%| O|  |TAMS 0x0000000703200000| PB 0x0000000703200000| Untracked 
|   3|0x0000000703400000, 0x0000000703600000, 0x0000000703600000|100%| O|  |TAMS 0x0000000703400000| PB 0x0000000703400000| Untracked 
|   4|0x0000000703600000, 0x0000000703800000, 0x0000000703800000|100%| O|  |TAMS 0x0000000703600000| PB 0x0000000703600000| Untracked 
|   5|0x0000000703800000, 0x0000000703a00000, 0x0000000703a00000|100%| O|  |TAMS 0x0000000703800000| PB 0x0000000703800000| Untracked 
|   6|0x0000000703a00000, 0x0000000703c00000, 0x0000000703c00000|100%| O|  |TAMS 0x0000000703a00000| PB 0x0000000703a00000| Untracked 
|   7|0x0000000703c00000, 0x0000000703e00000, 0x0000000703e00000|100%| O|  |TAMS 0x0000000703c00000| PB 0x0000000703c00000| Untracked 
|   8|0x0000000703e00000, 0x0000000704000000, 0x0000000704000000|100%| O|  |TAMS 0x0000000703e00000| PB 0x0000000703e00000| Untracked 
|   9|0x0000000704000000, 0x0000000704200000, 0x0000000704200000|100%| O|  |TAMS 0x0000000704000000| PB 0x0000000704000000| Untracked 
|  10|0x0000000704200000, 0x0000000704400000, 0x0000000704400000|100%| O|  |TAMS 0x0000000704200000| PB 0x0000000704200000| Untracked 
|  11|0x0000000704400000, 0x0000000704600000, 0x0000000704600000|100%| O|  |TAMS 0x0000000704400000| PB 0x0000000704400000| Untracked 
|  12|0x0000000704600000, 0x0000000704800000, 0x0000000704800000|100%| O|  |TAMS 0x0000000704600000| PB 0x0000000704600000| Untracked 
|  13|0x0000000704800000, 0x0000000704a00000, 0x0000000704a00000|100%| O|  |TAMS 0x0000000704800000| PB 0x0000000704800000| Untracked 
|  14|0x0000000704a00000, 0x0000000704c00000, 0x0000000704c00000|100%| O|  |TAMS 0x0000000704a00000| PB 0x0000000704a00000| Untracked 
|  15|0x0000000704c00000, 0x0000000704e00000, 0x0000000704e00000|100%| O|  |TAMS 0x0000000704c00000| PB 0x0000000704c00000| Untracked 
|  16|0x0000000704e00000, 0x0000000705000000, 0x0000000705000000|100%| O|  |TAMS 0x0000000704e00000| PB 0x0000000704e00000| Untracked 
|  17|0x0000000705000000, 0x0000000705200000, 0x0000000705200000|100%| O|  |TAMS 0x0000000705000000| PB 0x0000000705000000| Untracked 
|  18|0x0000000705200000, 0x0000000705400000, 0x0000000705400000|100%| O|  |TAMS 0x0000000705200000| PB 0x0000000705200000| Untracked 
|  19|0x0000000705400000, 0x0000000705600000, 0x0000000705600000|100%| O|  |TAMS 0x0000000705400000| PB 0x0000000705400000| Untracked 
|  20|0x0000000705600000, 0x0000000705800000, 0x0000000705800000|100%| O|  |TAMS 0x0000000705600000| PB 0x0000000705600000| Untracked 
|  21|0x0000000705800000, 0x0000000705a00000, 0x0000000705a00000|100%| O|  |TAMS 0x0000000705800000| PB 0x0000000705800000| Untracked 
|  22|0x0000000705a00000, 0x0000000705c00000, 0x0000000705c00000|100%| O|  |TAMS 0x0000000705a00000| PB 0x0000000705a00000| Untracked 
|  23|0x0000000705c00000, 0x0000000705e00000, 0x0000000705e00000|100%| O|  |TAMS 0x0000000705c00000| PB 0x0000000705c00000| Untracked 
|  24|0x0000000705e00000, 0x0000000706000000, 0x0000000706000000|100%| O|  |TAMS 0x0000000705e00000| PB 0x0000000705e00000| Untracked 
|  25|0x0000000706000000, 0x0000000706200000, 0x0000000706200000|100%| O|  |TAMS 0x0000000706000000| PB 0x0000000706000000| Untracked 
|  26|0x0000000706200000, 0x0000000706400000, 0x0000000706400000|100%| O|  |TAMS 0x0000000706200000| PB 0x0000000706200000| Untracked 
|  27|0x0000000706400000, 0x0000000706600000, 0x0000000706600000|100%| O|  |TAMS 0x0000000706400000| PB 0x0000000706400000| Untracked 
|  28|0x0000000706600000, 0x0000000706800000, 0x0000000706800000|100%| O|  |TAMS 0x0000000706600000| PB 0x0000000706600000| Untracked 
|  29|0x0000000706800000, 0x0000000706a00000, 0x0000000706a00000|100%| O|Cm|TAMS 0x0000000706800000| PB 0x0000000706800000| Complete 
|  30|0x0000000706a00000, 0x0000000706c00000, 0x0000000706c00000|100%| O|  |TAMS 0x0000000706a00000| PB 0x0000000706a00000| Untracked 
|  31|0x0000000706c00000, 0x0000000706e00000, 0x0000000706e00000|100%| O|  |TAMS 0x0000000706c00000| PB 0x0000000706c00000| Untracked 
|  32|0x0000000706e00000, 0x0000000707000000, 0x0000000707000000|100%| O|  |TAMS 0x0000000706e00000| PB 0x0000000706e00000| Untracked 
|  33|0x0000000707000000, 0x0000000707200000, 0x0000000707200000|100%| O|  |TAMS 0x0000000707000000| PB 0x0000000707000000| Untracked 
|  34|0x0000000707200000, 0x0000000707400000, 0x0000000707400000|100%| O|  |TAMS 0x0000000707200000| PB 0x0000000707200000| Untracked 
|  35|0x0000000707400000, 0x0000000707600000, 0x0000000707600000|100%| O|  |TAMS 0x0000000707400000| PB 0x0000000707400000| Untracked 
|  36|0x0000000707600000, 0x0000000707800000, 0x0000000707800000|100%| O|  |TAMS 0x0000000707600000| PB 0x0000000707600000| Untracked 
|  37|0x0000000707800000, 0x0000000707a00000, 0x0000000707a00000|100%| O|  |TAMS 0x0000000707800000| PB 0x0000000707800000| Untracked 
|  38|0x0000000707a00000, 0x0000000707c00000, 0x0000000707c00000|100%| O|  |TAMS 0x0000000707a00000| PB 0x0000000707a00000| Untracked 
|  39|0x0000000707c00000, 0x0000000707e00000, 0x0000000707e00000|100%| O|  |TAMS 0x0000000707c00000| PB 0x0000000707c00000| Untracked 
|  40|0x0000000707e00000, 0x0000000708000000, 0x0000000708000000|100%| O|  |TAMS 0x0000000707e00000| PB 0x0000000707e00000| Untracked 
|  41|0x0000000708000000, 0x0000000708200000, 0x0000000708200000|100%| O|  |TAMS 0x0000000708000000| PB 0x0000000708000000| Untracked 
|  42|0x0000000708200000, 0x0000000708400000, 0x0000000708400000|100%| O|  |TAMS 0x0000000708200000| PB 0x0000000708200000| Untracked 
|  43|0x0000000708400000, 0x0000000708600000, 0x0000000708600000|100%| O|  |TAMS 0x0000000708400000| PB 0x0000000708400000| Untracked 
|  44|0x0000000708600000, 0x0000000708800000, 0x0000000708800000|100%| O|  |TAMS 0x0000000708600000| PB 0x0000000708600000| Untracked 
|  45|0x0000000708800000, 0x0000000708a00000, 0x0000000708a00000|100%| O|  |TAMS 0x0000000708800000| PB 0x0000000708800000| Untracked 
|  46|0x0000000708a00000, 0x0000000708c00000, 0x0000000708c00000|100%| O|  |TAMS 0x0000000708a00000| PB 0x0000000708a00000| Untracked 
|  47|0x0000000708c00000, 0x0000000708e00000, 0x0000000708e00000|100%| O|  |TAMS 0x0000000708c00000| PB 0x0000000708c00000| Untracked 
|  48|0x0000000708e00000, 0x0000000709000000, 0x0000000709000000|100%| O|  |TAMS 0x0000000708e00000| PB 0x0000000708e00000| Untracked 
|  49|0x0000000709000000, 0x0000000709200000, 0x0000000709200000|100%| O|Cm|TAMS 0x0000000709000000| PB 0x0000000709000000| Complete 
|  50|0x0000000709200000, 0x0000000709400000, 0x0000000709400000|100%| O|  |TAMS 0x0000000709200000| PB 0x0000000709200000| Untracked 
|  51|0x0000000709400000, 0x0000000709600000, 0x0000000709600000|100%| O|  |TAMS 0x0000000709400000| PB 0x0000000709400000| Untracked 
|  52|0x0000000709600000, 0x0000000709800000, 0x0000000709800000|100%| O|  |TAMS 0x0000000709600000| PB 0x0000000709600000| Untracked 
|  53|0x0000000709800000, 0x0000000709a00000, 0x0000000709a00000|100%| O|  |TAMS 0x0000000709800000| PB 0x0000000709800000| Untracked 
|  54|0x0000000709a00000, 0x0000000709c00000, 0x0000000709c00000|100%| O|  |TAMS 0x0000000709a00000| PB 0x0000000709a00000| Untracked 
|  55|0x0000000709c00000, 0x0000000709e00000, 0x0000000709e00000|100%| O|  |TAMS 0x0000000709c00000| PB 0x0000000709c00000| Untracked 
|  56|0x0000000709e00000, 0x000000070a000000, 0x000000070a000000|100%| O|  |TAMS 0x0000000709e00000| PB 0x0000000709e00000| Untracked 
|  57|0x000000070a000000, 0x000000070a200000, 0x000000070a200000|100%| O|  |TAMS 0x000000070a000000| PB 0x000000070a000000| Untracked 
|  58|0x000000070a200000, 0x000000070a400000, 0x000000070a400000|100%| O|  |TAMS 0x000000070a200000| PB 0x000000070a200000| Untracked 
|  59|0x000000070a400000, 0x000000070a600000, 0x000000070a600000|100%| O|  |TAMS 0x000000070a400000| PB 0x000000070a400000| Untracked 
|  60|0x000000070a600000, 0x000000070a800000, 0x000000070a800000|100%| O|  |TAMS 0x000000070a600000| PB 0x000000070a600000| Untracked 
|  61|0x000000070a800000, 0x000000070aa00000, 0x000000070aa00000|100%| O|  |TAMS 0x000000070a800000| PB 0x000000070a800000| Untracked 
|  62|0x000000070aa00000, 0x000000070ac00000, 0x000000070ac00000|100%| O|  |TAMS 0x000000070aa00000| PB 0x000000070aa00000| Untracked 
|  63|0x000000070ac00000, 0x000000070ae00000, 0x000000070ae00000|100%| O|  |TAMS 0x000000070ac00000| PB 0x000000070ac00000| Untracked 
|  64|0x000000070ae00000, 0x000000070b000000, 0x000000070b000000|100%| O|  |TAMS 0x000000070ae00000| PB 0x000000070ae00000| Untracked 
|  65|0x000000070b000000, 0x000000070b200000, 0x000000070b200000|100%| O|  |TAMS 0x000000070b000000| PB 0x000000070b000000| Untracked 
|  66|0x000000070b200000, 0x000000070b400000, 0x000000070b400000|100%| O|  |TAMS 0x000000070b200000| PB 0x000000070b200000| Untracked 
|  67|0x000000070b400000, 0x000000070b600000, 0x000000070b600000|100%| O|  |TAMS 0x000000070b400000| PB 0x000000070b400000| Untracked 
|  68|0x000000070b600000, 0x000000070b800000, 0x000000070b800000|100%| O|  |TAMS 0x000000070b600000| PB 0x000000070b600000| Untracked 
|  69|0x000000070b800000, 0x000000070ba00000, 0x000000070ba00000|100%| O|  |TAMS 0x000000070b800000| PB 0x000000070b800000| Untracked 
|  70|0x000000070ba00000, 0x000000070bc00000, 0x000000070bc00000|100%| O|  |TAMS 0x000000070ba00000| PB 0x000000070ba00000| Untracked 
|  71|0x000000070bc00000, 0x000000070be00000, 0x000000070be00000|100%| O|  |TAMS 0x000000070bc00000| PB 0x000000070bc00000| Untracked 
|  72|0x000000070be00000, 0x000000070c000000, 0x000000070c000000|100%| O|  |TAMS 0x000000070be00000| PB 0x000000070be00000| Untracked 
|  73|0x000000070c000000, 0x000000070c200000, 0x000000070c200000|100%| O|  |TAMS 0x000000070c000000| PB 0x000000070c000000| Untracked 
|  74|0x000000070c200000, 0x000000070c400000, 0x000000070c400000|100%| O|  |TAMS 0x000000070c200000| PB 0x000000070c200000| Untracked 
|  75|0x000000070c400000, 0x000000070c600000, 0x000000070c600000|100%| O|  |TAMS 0x000000070c400000| PB 0x000000070c400000| Untracked 
|  76|0x000000070c600000, 0x000000070c800000, 0x000000070c800000|100%| O|  |TAMS 0x000000070c600000| PB 0x000000070c600000| Untracked 
|  77|0x000000070c800000, 0x000000070ca00000, 0x000000070ca00000|100%| O|  |TAMS 0x000000070c800000| PB 0x000000070c800000| Untracked 
|  78|0x000000070ca00000, 0x000000070cc00000, 0x000000070cc00000|100%| O|  |TAMS 0x000000070ca00000| PB 0x000000070ca00000| Untracked 
|  79|0x000000070cc00000, 0x000000070ce00000, 0x000000070ce00000|100%| O|  |TAMS 0x000000070cc00000| PB 0x000000070cc00000| Untracked 
|  80|0x000000070ce00000, 0x000000070d000000, 0x000000070d000000|100%| O|Cm|TAMS 0x000000070ce00000| PB 0x000000070ce00000| Complete 
|  81|0x000000070d000000, 0x000000070d200000, 0x000000070d200000|100%| O|  |TAMS 0x000000070d000000| PB 0x000000070d000000| Untracked 
|  82|0x000000070d200000, 0x000000070d400000, 0x000000070d400000|100%| O|  |TAMS 0x000000070d200000| PB 0x000000070d200000| Untracked 
|  83|0x000000070d400000, 0x000000070d600000, 0x000000070d600000|100%| O|Cm|TAMS 0x000000070d400000| PB 0x000000070d400000| Complete 
|  84|0x000000070d600000, 0x000000070d800000, 0x000000070d800000|100%| O|  |TAMS 0x000000070d600000| PB 0x000000070d600000| Untracked 
|  85|0x000000070d800000, 0x000000070da00000, 0x000000070da00000|100%| O|  |TAMS 0x000000070d800000| PB 0x000000070d800000| Untracked 
|  86|0x000000070da00000, 0x000000070da00000, 0x000000070dc00000|  0%| F|  |TAMS 0x000000070da00000| PB 0x000000070da00000| Untracked 
|  87|0x000000070dc00000, 0x000000070dc00000, 0x000000070de00000|  0%| F|  |TAMS 0x000000070dc00000| PB 0x000000070dc00000| Untracked 
|  88|0x000000070de00000, 0x000000070de00000, 0x000000070e000000|  0%| F|  |TAMS 0x000000070de00000| PB 0x000000070de00000| Untracked 
|  89|0x000000070e000000, 0x000000070e000000, 0x000000070e200000|  0%| F|  |TAMS 0x000000070e000000| PB 0x000000070e000000| Untracked 
|  90|0x000000070e200000, 0x000000070e200000, 0x000000070e400000|  0%| F|  |TAMS 0x000000070e200000| PB 0x000000070e200000| Untracked 
|  91|0x000000070e400000, 0x000000070e400000, 0x000000070e600000|  0%| F|  |TAMS 0x000000070e400000| PB 0x000000070e400000| Untracked 
|  92|0x000000070e600000, 0x000000070e600000, 0x000000070e800000|  0%| F|  |TAMS 0x000000070e600000| PB 0x000000070e600000| Untracked 
|  93|0x000000070e800000, 0x000000070ea00000, 0x000000070ea00000|100%| O|  |TAMS 0x000000070e800000| PB 0x000000070e800000| Untracked 
|  94|0x000000070ea00000, 0x000000070ec00000, 0x000000070ec00000|100%| O|  |TAMS 0x000000070ea00000| PB 0x000000070ea00000| Untracked 
|  95|0x000000070ec00000, 0x000000070ee00000, 0x000000070ee00000|100%| O|  |TAMS 0x000000070ec00000| PB 0x000000070ec00000| Untracked 
|  96|0x000000070ee00000, 0x000000070eea4490, 0x000000070f000000| 32%| O|  |TAMS 0x000000070ee00000| PB 0x000000070ee00000| Untracked 
|  97|0x000000070f000000, 0x000000070f000000, 0x000000070f200000|  0%| F|  |TAMS 0x000000070f000000| PB 0x000000070f000000| Untracked 
|  98|0x000000070f200000, 0x000000070f400000, 0x000000070f400000|100%| S|CS|TAMS 0x000000070f200000| PB 0x000000070f200000| Complete 
|  99|0x000000070f400000, 0x000000070f600000, 0x000000070f600000|100%| S|CS|TAMS 0x000000070f400000| PB 0x000000070f400000| Complete 
| 100|0x000000070f600000, 0x000000070f800000, 0x000000070f800000|100%| S|CS|TAMS 0x000000070f600000| PB 0x000000070f600000| Complete 
| 101|0x000000070f800000, 0x000000070fa00000, 0x000000070fa00000|100%| S|CS|TAMS 0x000000070f800000| PB 0x000000070f800000| Complete 
| 102|0x000000070fa00000, 0x000000070fc00000, 0x000000070fc00000|100%| S|CS|TAMS 0x000000070fa00000| PB 0x000000070fa00000| Complete 
| 103|0x000000070fc00000, 0x000000070fe00000, 0x000000070fe00000|100%| S|CS|TAMS 0x000000070fc00000| PB 0x000000070fc00000| Complete 
| 104|0x000000070fe00000, 0x000000070fe00000, 0x0000000710000000|  0%| F|  |TAMS 0x000000070fe00000| PB 0x000000070fe00000| Untracked 
| 105|0x0000000710000000, 0x0000000710000000, 0x0000000710200000|  0%| F|  |TAMS 0x0000000710000000| PB 0x0000000710000000| Untracked 
| 106|0x0000000710200000, 0x0000000710200000, 0x0000000710400000|  0%| F|  |TAMS 0x0000000710200000| PB 0x0000000710200000| Untracked 
| 107|0x0000000710400000, 0x0000000710400000, 0x0000000710600000|  0%| F|  |TAMS 0x0000000710400000| PB 0x0000000710400000| Untracked 
| 108|0x0000000710600000, 0x0000000710600000, 0x0000000710800000|  0%| F|  |TAMS 0x0000000710600000| PB 0x0000000710600000| Untracked 
| 109|0x0000000710800000, 0x0000000710800000, 0x0000000710a00000|  0%| F|  |TAMS 0x0000000710800000| PB 0x0000000710800000| Untracked 
| 110|0x0000000710a00000, 0x0000000710a00000, 0x0000000710c00000|  0%| F|  |TAMS 0x0000000710a00000| PB 0x0000000710a00000| Untracked 
| 111|0x0000000710c00000, 0x0000000710c00000, 0x0000000710e00000|  0%| F|  |TAMS 0x0000000710c00000| PB 0x0000000710c00000| Untracked 
| 112|0x0000000710e00000, 0x0000000710e00000, 0x0000000711000000|  0%| F|  |TAMS 0x0000000710e00000| PB 0x0000000710e00000| Untracked 
| 113|0x0000000711000000, 0x0000000711000000, 0x0000000711200000|  0%| F|  |TAMS 0x0000000711000000| PB 0x0000000711000000| Untracked 
| 114|0x0000000711200000, 0x0000000711200000, 0x0000000711400000|  0%| F|  |TAMS 0x0000000711200000| PB 0x0000000711200000| Untracked 
| 115|0x0000000711400000, 0x0000000711400000, 0x0000000711600000|  0%| F|  |TAMS 0x0000000711400000| PB 0x0000000711400000| Untracked 
| 116|0x0000000711600000, 0x0000000711600000, 0x0000000711800000|  0%| F|  |TAMS 0x0000000711600000| PB 0x0000000711600000| Untracked 
| 117|0x0000000711800000, 0x0000000711800000, 0x0000000711a00000|  0%| F|  |TAMS 0x0000000711800000| PB 0x0000000711800000| Untracked 
| 118|0x0000000711a00000, 0x0000000711a00000, 0x0000000711c00000|  0%| F|  |TAMS 0x0000000711a00000| PB 0x0000000711a00000| Untracked 
| 119|0x0000000711c00000, 0x0000000711c00000, 0x0000000711e00000|  0%| F|  |TAMS 0x0000000711c00000| PB 0x0000000711c00000| Untracked 
| 120|0x0000000711e00000, 0x0000000711e00000, 0x0000000712000000|  0%| F|  |TAMS 0x0000000711e00000| PB 0x0000000711e00000| Untracked 
| 121|0x0000000712000000, 0x0000000712000000, 0x0000000712200000|  0%| F|  |TAMS 0x0000000712000000| PB 0x0000000712000000| Untracked 
| 122|0x0000000712200000, 0x0000000712200000, 0x0000000712400000|  0%| F|  |TAMS 0x0000000712200000| PB 0x0000000712200000| Untracked 
| 123|0x0000000712400000, 0x0000000712400000, 0x0000000712600000|  0%| F|  |TAMS 0x0000000712400000| PB 0x0000000712400000| Untracked 
| 124|0x0000000712600000, 0x0000000712600000, 0x0000000712800000|  0%| F|  |TAMS 0x0000000712600000| PB 0x0000000712600000| Untracked 
| 125|0x0000000712800000, 0x0000000712800000, 0x0000000712a00000|  0%| F|  |TAMS 0x0000000712800000| PB 0x0000000712800000| Untracked 
| 126|0x0000000712a00000, 0x0000000712a00000, 0x0000000712c00000|  0%| F|  |TAMS 0x0000000712a00000| PB 0x0000000712a00000| Untracked 
| 127|0x0000000712c00000, 0x0000000712c00000, 0x0000000712e00000|  0%| F|  |TAMS 0x0000000712c00000| PB 0x0000000712c00000| Untracked 
| 128|0x0000000712e00000, 0x0000000712e00000, 0x0000000713000000|  0%| F|  |TAMS 0x0000000712e00000| PB 0x0000000712e00000| Untracked 
| 129|0x0000000713000000, 0x0000000713000000, 0x0000000713200000|  0%| F|  |TAMS 0x0000000713000000| PB 0x0000000713000000| Untracked 
| 130|0x0000000713200000, 0x0000000713200000, 0x0000000713400000|  0%| F|  |TAMS 0x0000000713200000| PB 0x0000000713200000| Untracked 
| 131|0x0000000713400000, 0x0000000713400000, 0x0000000713600000|  0%| F|  |TAMS 0x0000000713400000| PB 0x0000000713400000| Untracked 
| 132|0x0000000713600000, 0x0000000713600000, 0x0000000713800000|  0%| F|  |TAMS 0x0000000713600000| PB 0x0000000713600000| Untracked 
| 133|0x0000000713800000, 0x0000000713800000, 0x0000000713a00000|  0%| F|  |TAMS 0x0000000713800000| PB 0x0000000713800000| Untracked 
| 134|0x0000000713a00000, 0x0000000713a00000, 0x0000000713c00000|  0%| F|  |TAMS 0x0000000713a00000| PB 0x0000000713a00000| Untracked 
| 135|0x0000000713c00000, 0x0000000713c00000, 0x0000000713e00000|  0%| F|  |TAMS 0x0000000713c00000| PB 0x0000000713c00000| Untracked 
| 136|0x0000000713e00000, 0x0000000713e00000, 0x0000000714000000|  0%| F|  |TAMS 0x0000000713e00000| PB 0x0000000713e00000| Untracked 
| 137|0x0000000714000000, 0x0000000714000000, 0x0000000714200000|  0%| F|  |TAMS 0x0000000714000000| PB 0x0000000714000000| Untracked 
| 138|0x0000000714200000, 0x0000000714200000, 0x0000000714400000|  0%| F|  |TAMS 0x0000000714200000| PB 0x0000000714200000| Untracked 
| 139|0x0000000714400000, 0x0000000714400000, 0x0000000714600000|  0%| F|  |TAMS 0x0000000714400000| PB 0x0000000714400000| Untracked 
| 140|0x0000000714600000, 0x0000000714600000, 0x0000000714800000|  0%| F|  |TAMS 0x0000000714600000| PB 0x0000000714600000| Untracked 
| 141|0x0000000714800000, 0x0000000714800000, 0x0000000714a00000|  0%| F|  |TAMS 0x0000000714800000| PB 0x0000000714800000| Untracked 
| 142|0x0000000714a00000, 0x0000000714a00000, 0x0000000714c00000|  0%| F|  |TAMS 0x0000000714a00000| PB 0x0000000714a00000| Untracked 
| 143|0x0000000714c00000, 0x0000000714c00000, 0x0000000714e00000|  0%| F|  |TAMS 0x0000000714c00000| PB 0x0000000714c00000| Untracked 
| 144|0x0000000714e00000, 0x0000000714e00000, 0x0000000715000000|  0%| F|  |TAMS 0x0000000714e00000| PB 0x0000000714e00000| Untracked 
| 145|0x0000000715000000, 0x0000000715000000, 0x0000000715200000|  0%| F|  |TAMS 0x0000000715000000| PB 0x0000000715000000| Untracked 
| 146|0x0000000715200000, 0x0000000715200000, 0x0000000715400000|  0%| F|  |TAMS 0x0000000715200000| PB 0x0000000715200000| Untracked 
| 147|0x0000000715400000, 0x0000000715400000, 0x0000000715600000|  0%| F|  |TAMS 0x0000000715400000| PB 0x0000000715400000| Untracked 
| 148|0x0000000715600000, 0x0000000715600000, 0x0000000715800000|  0%| F|  |TAMS 0x0000000715600000| PB 0x0000000715600000| Untracked 
| 149|0x0000000715800000, 0x0000000715800000, 0x0000000715a00000|  0%| F|  |TAMS 0x0000000715800000| PB 0x0000000715800000| Untracked 
| 150|0x0000000715a00000, 0x0000000715a00000, 0x0000000715c00000|  0%| F|  |TAMS 0x0000000715a00000| PB 0x0000000715a00000| Untracked 
| 151|0x0000000715c00000, 0x0000000715c00000, 0x0000000715e00000|  0%| F|  |TAMS 0x0000000715c00000| PB 0x0000000715c00000| Untracked 
| 152|0x0000000715e00000, 0x0000000715e00000, 0x0000000716000000|  0%| F|  |TAMS 0x0000000715e00000| PB 0x0000000715e00000| Untracked 
| 153|0x0000000716000000, 0x0000000716100800, 0x0000000716200000| 50%| E|  |TAMS 0x0000000716000000| PB 0x0000000716000000| Complete 
| 154|0x0000000716200000, 0x0000000716400000, 0x0000000716400000|100%| E|CS|TAMS 0x0000000716200000| PB 0x0000000716200000| Complete 
| 155|0x0000000716400000, 0x0000000716600000, 0x0000000716600000|100%| E|CS|TAMS 0x0000000716400000| PB 0x0000000716400000| Complete 
| 156|0x0000000716600000, 0x0000000716800000, 0x0000000716800000|100%| E|CS|TAMS 0x0000000716600000| PB 0x0000000716600000| Complete 
| 157|0x0000000716800000, 0x0000000716a00000, 0x0000000716a00000|100%| E|CS|TAMS 0x0000000716800000| PB 0x0000000716800000| Complete 
| 158|0x0000000716a00000, 0x0000000716c00000, 0x0000000716c00000|100%| E|CS|TAMS 0x0000000716a00000| PB 0x0000000716a00000| Complete 
| 159|0x0000000716c00000, 0x0000000716e00000, 0x0000000716e00000|100%| E|CS|TAMS 0x0000000716c00000| PB 0x0000000716c00000| Complete 
| 160|0x0000000716e00000, 0x0000000717000000, 0x0000000717000000|100%| E|CS|TAMS 0x0000000716e00000| PB 0x0000000716e00000| Complete 
| 161|0x0000000717000000, 0x0000000717200000, 0x0000000717200000|100%| E|CS|TAMS 0x0000000717000000| PB 0x0000000717000000| Complete 
| 162|0x0000000717200000, 0x0000000717400000, 0x0000000717400000|100%| E|CS|TAMS 0x0000000717200000| PB 0x0000000717200000| Complete 
| 163|0x0000000717400000, 0x0000000717600000, 0x0000000717600000|100%| E|CS|TAMS 0x0000000717400000| PB 0x0000000717400000| Complete 
| 164|0x0000000717600000, 0x0000000717800000, 0x0000000717800000|100%| E|CS|TAMS 0x0000000717600000| PB 0x0000000717600000| Complete 
| 165|0x0000000717800000, 0x0000000717a00000, 0x0000000717a00000|100%| E|CS|TAMS 0x0000000717800000| PB 0x0000000717800000| Complete 
| 166|0x0000000717a00000, 0x0000000717c00000, 0x0000000717c00000|100%| E|CS|TAMS 0x0000000717a00000| PB 0x0000000717a00000| Complete 
| 167|0x0000000717c00000, 0x0000000717e00000, 0x0000000717e00000|100%| E|CS|TAMS 0x0000000717c00000| PB 0x0000000717c00000| Complete 
| 168|0x0000000717e00000, 0x0000000718000000, 0x0000000718000000|100%| E|CS|TAMS 0x0000000717e00000| PB 0x0000000717e00000| Complete 
| 169|0x0000000718000000, 0x0000000718200000, 0x0000000718200000|100%| E|CS|TAMS 0x0000000718000000| PB 0x0000000718000000| Complete 
| 170|0x0000000718200000, 0x0000000718400000, 0x0000000718400000|100%| E|CS|TAMS 0x0000000718200000| PB 0x0000000718200000| Complete 
| 171|0x0000000718400000, 0x0000000718600000, 0x0000000718600000|100%| E|CS|TAMS 0x0000000718400000| PB 0x0000000718400000| Complete 
| 172|0x0000000718600000, 0x0000000718800000, 0x0000000718800000|100%| E|CS|TAMS 0x0000000718600000| PB 0x0000000718600000| Complete 
|2021|0x00000007ff800000, 0x00000007ffa00000, 0x00000007ffa00000|100%| O|  |TAMS 0x00000007ff800000| PB 0x00000007ff800000| Untracked 
|2022|0x00000007ffa00000, 0x00000007ffc00000, 0x00000007ffc00000|100%| O|  |TAMS 0x00000007ffa00000| PB 0x00000007ffa00000| Untracked 
|2023|0x00000007ffc00000, 0x00000007ffe00000, 0x00000007ffe00000|100%| O|  |TAMS 0x00000007ffc00000| PB 0x00000007ffc00000| Untracked 
|2024|0x00000007ffe00000, 0x0000000800000000, 0x0000000800000000|100%| O|  |TAMS 0x00000007ffe00000| PB 0x00000007ffe00000| Untracked 

Card table byte_map: [0x00000232162e0000,0x0000023216ad0000] _byte_map_base: 0x0000023212ac9000

Marking Bits: (CMBitMap*) 0x000002320348fb00
 Bits: [0x0000023216ad0000, 0x000002321aa18000)

Polling page: 0x00000232012c0000

Metaspace:

Usage:
  Non-class:     67.93 MB used.
      Class:      7.78 MB used.
       Both:     75.71 MB used.

Virtual space:
  Non-class space:      128.00 MB reserved,      68.06 MB ( 53%) committed,  2 nodes.
      Class space:        1.00 GB reserved,       7.94 MB ( <1%) committed,  1 nodes.
             Both:        1.12 GB reserved,      76.00 MB (  7%) committed. 

Chunk freelists:
   Non-Class:  11.88 MB
       Class:  8.05 MB
        Both:  19.91 MB

MaxMetaspaceSize: unlimited
CompressedClassSpaceSize: 1.00 GB
Initial GC threshold: 21.00 MB
Current GC threshold: 125.25 MB
CDS: off
 - commit_granule_bytes: 65536.
 - commit_granule_words: 8192.
 - virtual_space_node_default_size: 8388608.
 - enlarge_chunks_in_place: 1.
 - use_allocation_guard: 0.


Internal statistics:

num_allocs_failed_limit: 3.
num_arena_births: 378.
num_arena_deaths: 0.
num_vsnodes_births: 3.
num_vsnodes_deaths: 0.
num_space_committed: 1214.
num_space_uncommitted: 0.
num_chunks_returned_to_freelist: 3.
num_chunks_taken_from_freelist: 2812.
num_chunk_merges: 3.
num_chunk_splits: 2308.
num_chunks_enlarged: 2073.
num_inconsistent_stats: 0.

CodeHeap 'non-profiled nmethods': size=120000Kb used=12723Kb max_used=14359Kb free=107276Kb
 bounds [0x000002320e050000, 0x000002320ee60000, 0x0000023215580000]
CodeHeap 'profiled nmethods': size=120000Kb used=52508Kb max_used=55807Kb free=67491Kb
 bounds [0x0000023206580000, 0x0000023209c10000, 0x000002320dab0000]
CodeHeap 'non-nmethods': size=5760Kb used=1785Kb max_used=1840Kb free=3974Kb
 bounds [0x000002320dab0000, 0x000002320dd20000, 0x000002320e050000]
 total_blobs=15139 nmethods=14347 adapters=692
 compilation: enabled
              stopped_count=0, restarted_count=0
 full_count=0

Compilation events (20 events):
Event: 10.802 Thread 0x000002321d877830 nmethod 17278 0x0000023207dc6610 code [0x0000023207dc6a00, 0x0000023207dc82b0]
Event: 10.802 Thread 0x000002321d877830 17286       3       org.jetbrains.kotlin.ir.builders.declarations.IrDeclarationBuilder::setVisibility (12 bytes)
Event: 10.803 Thread 0x000002321d877830 nmethod 17286 0x0000023207dc5b10 code [0x0000023207dc5d40, 0x0000023207dc6358]
Event: 10.803 Thread 0x000002321d877830 17280       3       java.lang.String::toUpperCase (29 bytes)
Event: 10.803 Thread 0x000002321d877830 nmethod 17280 0x0000023206ea5f10 code [0x0000023206ea60e0, 0x0000023206ea63a8]
Event: 10.803 Thread 0x000002321d877830 17279       3       java.util.regex.CharPredicates$$Lambda/0x000000080016d178::is (13 bytes)
Event: 10.803 Thread 0x000002321d877830 nmethod 17279 0x00000232071b8790 code [0x00000232071b8940, 0x00000232071b8b40]
Event: 10.803 Thread 0x000002321d877830 17288       3       org.jetbrains.kotlin.ir.builders.declarations.IrFunctionBuilder::<init> (12 bytes)
Event: 10.803 Thread 0x000002321d877830 nmethod 17288 0x00000232083cc490 code [0x00000232083cc700, 0x00000232083cd010]
Event: 10.807 Thread 0x000002321d877830 17291       3       java.util.regex.Matcher::appendTail (19 bytes)
Event: 10.807 Thread 0x000002321d877830 nmethod 17291 0x00000232076f0d10 code [0x00000232076f0ee0, 0x00000232076f11e8]
Event: 10.807 Thread 0x000002321d877830 17292       3       androidx.compose.compiler.plugins.kotlin.lower.DurableKeyTransformer$$Lambda/0x00000008007e6280::invoke (12 bytes)
Event: 10.808 Thread 0x000002321d877830 nmethod 17292 0x0000023207ea7810 code [0x0000023207ea7bc0, 0x0000023207ea9280]
Event: 10.808 Thread 0x000002321da98da0 nmethod 17256 0x000002320e9d9990 code [0x000002320e9d9bc0, 0x000002320e9dae48]
Event: 10.808 Thread 0x000002321d877830 17293       3       androidx.compose.compiler.plugins.kotlin.lower.DurableKeyTransformer::visitBranch$lambda$46 (27 bytes)
Event: 10.808 Thread 0x000002321da98da0 17266       4       kotlin.collections.CollectionsKt___CollectionsKt::joinToString$default (94 bytes)
Event: 10.808 Thread 0x000002321d877830 nmethod 17293 0x0000023208c2f810 code [0x0000023208c2fbc0, 0x0000023208c311f8]
Event: 10.808 Thread 0x000002321d877830 17294       3       androidx.compose.compiler.plugins.kotlin.lower.DurableKeyTransformer$$Lambda/0x00000008007e64c0::invoke (12 bytes)
Event: 10.809 Thread 0x000002321d877830 nmethod 17294 0x000002320771ac10 code [0x000002320771afc0, 0x000002320771c680]
Event: 10.809 Thread 0x000002321d877830 17295       3       androidx.compose.compiler.plugins.kotlin.lower.DurableKeyTransformer::visitBranch$lambda$47 (27 bytes)

GC Heap History (20 events):
Event: 5.294 GC heap before
{Heap before GC invocations=20 (full 0):
 garbage-first heap   total 225280K, used 193878K [0x0000000702e00000, 0x0000000800000000)
  region size 2048K, 32 young (65536K), 2 survivors (4096K)
 Metaspace       used 59871K, committed 60160K, reserved 1114112K
  class space    used 6598K, committed 6720K, reserved 1048576K
}
Event: 5.301 GC heap after
{Heap after GC invocations=21 (full 0):
 garbage-first heap   total 225280K, used 135716K [0x0000000702e00000, 0x0000000800000000)
  region size 2048K, 4 young (8192K), 4 survivors (8192K)
 Metaspace       used 59871K, committed 60160K, reserved 1114112K
  class space    used 6598K, committed 6720K, reserved 1048576K
}
Event: 5.774 GC heap before
{Heap before GC invocations=21 (full 0):
 garbage-first heap   total 225280K, used 197156K [0x0000000702e00000, 0x0000000800000000)
  region size 2048K, 34 young (69632K), 4 survivors (8192K)
 Metaspace       used 60357K, committed 60672K, reserved 1114112K
  class space    used 6627K, committed 6784K, reserved 1048576K
}
Event: 5.781 GC heap after
{Heap after GC invocations=22 (full 0):
 garbage-first heap   total 225280K, used 141217K [0x0000000702e00000, 0x0000000800000000)
  region size 2048K, 5 young (10240K), 5 survivors (10240K)
 Metaspace       used 60357K, committed 60672K, reserved 1114112K
  class space    used 6627K, committed 6784K, reserved 1048576K
}
Event: 6.147 GC heap before
{Heap before GC invocations=23 (full 0):
 garbage-first heap   total 245760K, used 200609K [0x0000000702e00000, 0x0000000800000000)
  region size 2048K, 34 young (69632K), 5 survivors (10240K)
 Metaspace       used 60507K, committed 60864K, reserved 1114112K
  class space    used 6631K, committed 6784K, reserved 1048576K
}
Event: 6.153 GC heap after
{Heap after GC invocations=24 (full 0):
 garbage-first heap   total 245760K, used 146009K [0x0000000702e00000, 0x0000000800000000)
  region size 2048K, 3 young (6144K), 3 survivors (6144K)
 Metaspace       used 60507K, committed 60864K, reserved 1114112K
  class space    used 6631K, committed 6784K, reserved 1048576K
}
Event: 6.512 GC heap before
{Heap before GC invocations=24 (full 0):
 garbage-first heap   total 245760K, used 215641K [0x0000000702e00000, 0x0000000800000000)
  region size 2048K, 37 young (75776K), 3 survivors (6144K)
 Metaspace       used 60774K, committed 61120K, reserved 1114112K
  class space    used 6642K, committed 6784K, reserved 1048576K
}
Event: 6.518 GC heap after
{Heap after GC invocations=25 (full 0):
 garbage-first heap   total 294912K, used 150511K [0x0000000702e00000, 0x0000000800000000)
  region size 2048K, 5 young (10240K), 5 survivors (10240K)
 Metaspace       used 60774K, committed 61120K, reserved 1114112K
  class space    used 6642K, committed 6784K, reserved 1048576K
}
Event: 7.043 GC heap before
{Heap before GC invocations=25 (full 0):
 garbage-first heap   total 294912K, used 252911K [0x0000000702e00000, 0x0000000800000000)
  region size 2048K, 55 young (112640K), 5 survivors (10240K)
 Metaspace       used 61023K, committed 61312K, reserved 1114112K
  class space    used 6647K, committed 6784K, reserved 1048576K
}
Event: 7.048 GC heap after
{Heap after GC invocations=26 (full 0):
 garbage-first heap   total 294912K, used 156394K [0x0000000702e00000, 0x0000000800000000)
  region size 2048K, 6 young (12288K), 6 survivors (12288K)
 Metaspace       used 61023K, committed 61312K, reserved 1114112K
  class space    used 6647K, committed 6784K, reserved 1048576K
}
Event: 7.526 GC heap before
{Heap before GC invocations=26 (full 0):
 garbage-first heap   total 294912K, used 262890K [0x0000000702e00000, 0x0000000800000000)
  region size 2048K, 58 young (118784K), 6 survivors (12288K)
 Metaspace       used 61187K, committed 61504K, reserved 1114112K
  class space    used 6654K, committed 6784K, reserved 1048576K
}
Event: 7.533 GC heap after
{Heap after GC invocations=27 (full 0):
 garbage-first heap   total 294912K, used 162878K [0x0000000702e00000, 0x0000000800000000)
  region size 2048K, 6 young (12288K), 6 survivors (12288K)
 Metaspace       used 61187K, committed 61504K, reserved 1114112K
  class space    used 6654K, committed 6784K, reserved 1048576K
}
Event: 8.366 GC heap before
{Heap before GC invocations=27 (full 0):
 garbage-first heap   total 294912K, used 265278K [0x0000000702e00000, 0x0000000800000000)
  region size 2048K, 56 young (114688K), 6 survivors (12288K)
 Metaspace       used 65090K, committed 65408K, reserved 1114112K
  class space    used 6967K, committed 7104K, reserved 1048576K
}
Event: 8.376 GC heap after
{Heap after GC invocations=28 (full 0):
 garbage-first heap   total 294912K, used 172589K [0x0000000702e00000, 0x0000000800000000)
  region size 2048K, 7 young (14336K), 7 survivors (14336K)
 Metaspace       used 65090K, committed 65408K, reserved 1114112K
  class space    used 6967K, committed 7104K, reserved 1048576K
}
Event: 9.116 GC heap before
{Heap before GC invocations=29 (full 0):
 garbage-first heap   total 301056K, used 262701K [0x0000000702e00000, 0x0000000800000000)
  region size 2048K, 51 young (104448K), 7 survivors (14336K)
 Metaspace       used 65879K, committed 66112K, reserved 1114112K
  class space    used 6991K, committed 7104K, reserved 1048576K
}
Event: 9.127 GC heap after
{Heap after GC invocations=30 (full 0):
 garbage-first heap   total 301056K, used 179073K [0x0000000702e00000, 0x0000000800000000)
  region size 2048K, 3 young (6144K), 3 survivors (6144K)
 Metaspace       used 65879K, committed 66112K, reserved 1114112K
  class space    used 6991K, committed 7104K, reserved 1048576K
}
Event: 9.895 GC heap before
{Heap before GC invocations=30 (full 0):
 garbage-first heap   total 301056K, used 275329K [0x0000000702e00000, 0x0000000800000000)
  region size 2048K, 50 young (102400K), 3 survivors (6144K)
 Metaspace       used 73252K, committed 73536K, reserved 1179648K
  class space    used 7631K, committed 7744K, reserved 1048576K
}
Event: 9.912 GC heap after
{Heap after GC invocations=31 (full 0):
 garbage-first heap   total 301056K, used 189467K [0x0000000702e00000, 0x0000000800000000)
  region size 2048K, 7 young (14336K), 7 survivors (14336K)
 Metaspace       used 73252K, committed 73536K, reserved 1179648K
  class space    used 7631K, committed 7744K, reserved 1048576K
}
Event: 10.501 GC heap before
{Heap before GC invocations=31 (full 0):
 garbage-first heap   total 301056K, used 269339K [0x0000000702e00000, 0x0000000800000000)
  region size 2048K, 46 young (94208K), 7 survivors (14336K)
 Metaspace       used 75925K, committed 76224K, reserved 1179648K
  class space    used 7805K, committed 7936K, reserved 1048576K
}
Event: 10.518 GC heap after
{Heap after GC invocations=32 (full 0):
 garbage-first heap   total 362496K, used 203409K [0x0000000702e00000, 0x0000000800000000)
  region size 2048K, 6 young (12288K), 6 survivors (12288K)
 Metaspace       used 75925K, committed 76224K, reserved 1179648K
  class space    used 7805K, committed 7936K, reserved 1048576K
}

Dll operation events (3 events):
Event: 0.004 Loaded shared library C:\Program Files\Android\Android Studio\jbr\bin\java.dll
Event: 0.007 Loaded shared library C:\Program Files\Android\Android Studio\jbr\bin\zip.dll
Event: 0.551 Loaded shared library C:\Program Files\Android\Android Studio\jbr\bin\verify.dll

Deoptimization events (20 events):
Event: 10.750 Thread 0x00000232034337e0 Uncommon trap: trap_request=0xffffffde fr.pc=0x000002320e4968d8 relative=0x0000000000003e58
Event: 10.750 Thread 0x00000232034337e0 Uncommon trap: reason=class_check action=maybe_recompile pc=0x000002320e4968d8 method=kotlin.text.StringsKt__AppendableKt.appendElement(Ljava/lang/Appendable;Ljava/lang/Object;Lkotlin/jvm/functions/Function1;)V @ 15 c2
Event: 10.750 Thread 0x00000232034337e0 DEOPT PACKING pc=0x000002320e4968d8 sp=0x0000004edc1fd880
Event: 10.750 Thread 0x00000232034337e0 DEOPT UNPACKING pc=0x000002320db046a2 sp=0x0000004edc1fd778 mode 2
Event: 10.750 Thread 0x00000232034337e0 Uncommon trap: trap_request=0xffffffde fr.pc=0x000002320e4968d8 relative=0x0000000000003e58
Event: 10.750 Thread 0x00000232034337e0 Uncommon trap: reason=class_check action=maybe_recompile pc=0x000002320e4968d8 method=kotlin.text.StringsKt__AppendableKt.appendElement(Ljava/lang/Appendable;Ljava/lang/Object;Lkotlin/jvm/functions/Function1;)V @ 15 c2
Event: 10.750 Thread 0x00000232034337e0 DEOPT PACKING pc=0x000002320e4968d8 sp=0x0000004edc1fd810
Event: 10.750 Thread 0x00000232034337e0 DEOPT UNPACKING pc=0x000002320db046a2 sp=0x0000004edc1fd708 mode 2
Event: 10.751 Thread 0x00000232034337e0 Uncommon trap: trap_request=0xffffffde fr.pc=0x000002320e48a8bc relative=0x000000000000339c
Event: 10.751 Thread 0x00000232034337e0 Uncommon trap: reason=class_check action=maybe_recompile pc=0x000002320e48a8bc method=kotlin.text.StringsKt__AppendableKt.appendElement(Ljava/lang/Appendable;Ljava/lang/Object;Lkotlin/jvm/functions/Function1;)V @ 15 c2
Event: 10.751 Thread 0x00000232034337e0 DEOPT PACKING pc=0x000002320e48a8bc sp=0x0000004edc1fb520
Event: 10.751 Thread 0x00000232034337e0 DEOPT UNPACKING pc=0x000002320db046a2 sp=0x0000004edc1fb4c8 mode 2
Event: 10.755 Thread 0x00000232034337e0 Uncommon trap: trap_request=0xffffff45 fr.pc=0x000002320ee0e19c relative=0x000000000000007c
Event: 10.755 Thread 0x00000232034337e0 Uncommon trap: reason=unstable_if action=reinterpret pc=0x000002320ee0e19c method=org.jetbrains.kotlin.name.FqNameUnsafe.toString()Ljava/lang/String; @ 4 c2
Event: 10.755 Thread 0x00000232034337e0 DEOPT PACKING pc=0x000002320ee0e19c sp=0x0000004edc1fdef0
Event: 10.755 Thread 0x00000232034337e0 DEOPT UNPACKING pc=0x000002320db046a2 sp=0x0000004edc1fde18 mode 2
Event: 10.775 Thread 0x00000232034337e0 Uncommon trap: trap_request=0xffffff45 fr.pc=0x000002320ee15298 relative=0x0000000000000078
Event: 10.776 Thread 0x00000232034337e0 Uncommon trap: reason=unstable_if action=reinterpret pc=0x000002320ee15298 method=org.jetbrains.kotlin.name.FqNameUnsafe.toString()Ljava/lang/String; @ 4 c2
Event: 10.776 Thread 0x00000232034337e0 DEOPT PACKING pc=0x000002320ee15298 sp=0x0000004edc1fdf30
Event: 10.776 Thread 0x00000232034337e0 DEOPT UNPACKING pc=0x000002320db046a2 sp=0x0000004edc1fdec0 mode 2

Classes loaded (20 events):
Event: 7.937 Loading class java/text/Format done
Event: 7.937 Loading class java/text/MessageFormat done
Event: 7.937 Loading class java/util/Locale$Category
Event: 7.937 Loading class java/util/Locale$Category done
Event: 7.937 Loading class sun/util/locale/BaseLocale$Key
Event: 7.937 Loading class sun/util/locale/BaseLocale$Key done
Event: 7.938 Loading class sun/util/locale/BaseLocale$Cache
Event: 7.938 Loading class sun/util/locale/LocaleObjectCache
Event: 7.938 Loading class sun/util/locale/LocaleObjectCache done
Event: 7.938 Loading class sun/util/locale/BaseLocale$Cache done
Event: 7.938 Loading class sun/util/locale/LocaleObjectCache$CacheEntry
Event: 7.938 Loading class sun/util/locale/LocaleObjectCache$CacheEntry done
Event: 7.938 Loading class java/util/Locale$Cache
Event: 7.938 Loading class java/util/Locale$Cache done
Event: 7.959 Loading class java/text/ChoiceFormat
Event: 7.959 Loading class java/text/NumberFormat
Event: 7.960 Loading class java/text/NumberFormat done
Event: 7.960 Loading class java/text/ChoiceFormat done
Event: 10.660 Loading class java/lang/invoke/BoundMethodHandle$Species_LJ
Event: 10.660 Loading class java/lang/invoke/BoundMethodHandle$Species_LJ done

Classes unloaded (0 events):
No events

Classes redefined (0 events):
No events

Internal exceptions (20 events):
Event: 9.469 Thread 0x00000232034337e0 Implicit null exception at 0x000002320e315e22 to 0x000002320e316230
Event: 9.470 Thread 0x00000232034337e0 Implicit null exception at 0x000002320e1e5ea2 to 0x000002320e1e62ac
Event: 9.656 Thread 0x00000232034337e0 Exception <a 'java/lang/NoSuchMethodError'{0x000000070fc50868}: 'java.lang.Object java.lang.invoke.DirectMethodHandle$Holder.newInvokeSpecial(java.lang.Object, java.lang.Object, java.lang.Object, java.lang.Object, java.lang.Object, java.lang.Object, java.lang.Object, java.lang.Object, int)'> (0x000000070fc50868) 
thrown [s\src\hotspot\share\interpreter\linkResolver.cpp, line 784]
Event: 9.657 Thread 0x00000232034337e0 Exception <a 'java/lang/NoSuchMethodError'{0x000000070fc55560}: 'java.lang.Object java.lang.invoke.DirectMethodHandle$Holder.invokeSpecial(java.lang.Object, java.lang.Object, java.lang.Object, java.lang.Object, java.lang.Object, java.lang.Object, java.lang.Object, java.lang.Object, java.lang.Object, int)'> (0x000000070fc55560) 
thrown [s\src\hotspot\share\interpreter\linkResolver.cpp, line 784]
Event: 9.667 Thread 0x00000232034337e0 Exception <a 'java/lang/NoSuchMethodError'{0x000000070fcdd6e0}: 'java.lang.Object java.lang.invoke.DirectMethodHandle$Holder.invokeStatic(java.lang.Object, java.lang.Object, int, int)'> (0x000000070fcdd6e0) 
thrown [s\src\hotspot\share\interpreter\linkResolver.cpp, line 784]
Event: 9.667 Thread 0x00000232034337e0 Exception <a 'java/lang/NoSuchMethodError'{0x000000070fce3cd0}: 'java.lang.Object java.lang.invoke.DirectMethodHandle$Holder.newInvokeSpecial(java.lang.Object, java.lang.Object, int, int)'> (0x000000070fce3cd0) 
thrown [s\src\hotspot\share\interpreter\linkResolver.cpp, line 784]
Event: 9.668 Thread 0x00000232034337e0 Exception <a 'java/lang/NoSuchMethodError'{0x000000070fce7e90}: 'java.lang.Object java.lang.invoke.DirectMethodHandle$Holder.invokeSpecial(java.lang.Object, java.lang.Object, java.lang.Object, int, int)'> (0x000000070fce7e90) 
thrown [s\src\hotspot\share\interpreter\linkResolver.cpp, line 784]
Event: 9.668 Thread 0x00000232034337e0 Exception <a 'java/lang/NoSuchMethodError'{0x000000070fceba58}: 'java.lang.Object java.lang.invoke.Invokers$Holder.linkToTargetMethod(java.lang.Object, int, int, java.lang.Object)'> (0x000000070fceba58) 
thrown [s\src\hotspot\share\interpreter\linkResolver.cpp, line 784]
Event: 9.711 Thread 0x00000232034337e0 Exception <a 'java/lang/NoSuchMethodError'{0x000000070faaa218}: 'java.lang.Object java.lang.invoke.DirectMethodHandle$Holder.invokeStatic(java.lang.Object, java.lang.Object, java.lang.Object, java.lang.Object, int, int)'> (0x000000070faaa218) 
thrown [s\src\hotspot\share\interpreter\linkResolver.cpp, line 784]
Event: 9.780 Thread 0x00000232034337e0 Exception <a 'java/lang/NoSuchMethodError'{0x000000070f9e8db8}: 'java.lang.Object java.lang.invoke.DirectMethodHandle$Holder.newInvokeSpecial(java.lang.Object, java.lang.Object, java.lang.Object, java.lang.Object, java.lang.Object, java.lang.Object, java.lang.Object, int)'> (0x000000070f9e8db8) 
thrown [s\src\hotspot\share\interpreter\linkResolver.cpp, line 784]
Event: 9.780 Thread 0x00000232034337e0 Exception <a 'java/lang/NoSuchMethodError'{0x000000070f9ed3e8}: 'java.lang.Object java.lang.invoke.DirectMethodHandle$Holder.invokeSpecial(java.lang.Object, java.lang.Object, java.lang.Object, java.lang.Object, java.lang.Object, java.lang.Object, java.lang.Object, java.lang.Object, int)'> (0x000000070f9ed3e8) 
thrown [s\src\hotspot\share\interpreter\linkResolver.cpp, line 784]
Event: 10.091 Thread 0x00000232034337e0 Implicit null exception at 0x000002320ed5fbc0 to 0x000002320ed62c98
Event: 10.203 Thread 0x00000232034337e0 Implicit null exception at 0x000002320ed5abd8 to 0x000002320ed5b318
Event: 10.283 Thread 0x00000232034337e0 Implicit null exception at 0x000002320ed1f9d8 to 0x000002320ed1fa4d
Event: 10.340 Thread 0x00000232034337e0 Implicit null exception at 0x000002320edcb0c4 to 0x000002320edcbecc
Event: 10.348 Thread 0x00000232034337e0 Implicit null exception at 0x000002320edb3f63 to 0x000002320edbb384
Event: 10.661 Thread 0x00000232034337e0 Exception <a 'java/lang/NoSuchMethodError'{0x0000000718188158}: 'java.lang.Object java.lang.invoke.DirectMethodHandle$Holder.invokeStatic(java.lang.Object, java.lang.Object, int, java.lang.Object, java.lang.Object)'> (0x0000000718188158) 
thrown [s\src\hotspot\share\interpreter\linkResolver.cpp, line 784]
Event: 10.662 Thread 0x00000232034337e0 Exception <a 'java/lang/NoSuchMethodError'{0x000000071818f1f8}: 'java.lang.Object java.lang.invoke.DirectMethodHandle$Holder.newInvokeSpecial(java.lang.Object, java.lang.Object, int, java.lang.Object, java.lang.Object)'> (0x000000071818f1f8) 
thrown [s\src\hotspot\share\interpreter\linkResolver.cpp, line 784]
Event: 10.662 Thread 0x00000232034337e0 Exception <a 'java/lang/NoSuchMethodError'{0x0000000718193500}: 'java.lang.Object java.lang.invoke.DirectMethodHandle$Holder.invokeSpecial(java.lang.Object, java.lang.Object, java.lang.Object, int, java.lang.Object, java.lang.Object)'> (0x0000000718193500) 
thrown [s\src\hotspot\share\interpreter\linkResolver.cpp, line 784]
Event: 10.662 Thread 0x00000232034337e0 Exception <a 'java/lang/NoSuchMethodError'{0x0000000718196d38}: 'java.lang.Object java.lang.invoke.Invokers$Holder.linkToTargetMethod(java.lang.Object, int, java.lang.Object, java.lang.Object, java.lang.Object)'> (0x0000000718196d38) 
thrown [s\src\hotspot\share\interpreter\linkResolver.cpp, line 784]

ZGC Phase Switch (0 events):
No events

VM Operations (20 events):
Event: 10.376 Executing VM operation: HandshakeAllThreads (Deoptimize)
Event: 10.376 Executing VM operation: HandshakeAllThreads (Deoptimize) done
Event: 10.428 Executing VM operation: ICBufferFull
Event: 10.428 Executing VM operation: ICBufferFull done
Event: 10.461 Executing VM operation: ICBufferFull
Event: 10.461 Executing VM operation: ICBufferFull done
Event: 10.501 Executing VM operation: G1CollectForAllocation (G1 Evacuation Pause)
Event: 10.518 Executing VM operation: G1CollectForAllocation (G1 Evacuation Pause) done
Event: 10.546 Executing VM operation: HandshakeAllThreads (Deoptimize)
Event: 10.546 Executing VM operation: HandshakeAllThreads (Deoptimize) done
Event: 10.583 Executing VM operation: ICBufferFull
Event: 10.583 Executing VM operation: ICBufferFull done
Event: 10.596 Executing VM operation: G1PauseRemark
Event: 10.616 Executing VM operation: G1PauseRemark done
Event: 10.671 Executing VM operation: G1PauseCleanup
Event: 10.671 Executing VM operation: G1PauseCleanup done
Event: 10.727 Executing VM operation: HandshakeAllThreads (Deoptimize)
Event: 10.727 Executing VM operation: HandshakeAllThreads (Deoptimize) done
Event: 10.744 Executing VM operation: HandshakeAllThreads (Deoptimize)
Event: 10.744 Executing VM operation: HandshakeAllThreads (Deoptimize) done

Events (20 events):
Event: 10.616 Thread 0x000002321d6ce990 flushing nmethod 0x000002320e06ba90
Event: 10.616 Thread 0x000002321d6ce990 flushing nmethod 0x000002320e061410
Event: 10.616 Thread 0x000002321d6ce990 flushing nmethod 0x000002320e064310
Event: 10.616 Thread 0x000002321d6ce990 flushing nmethod 0x000002320e066a90
Event: 10.616 Thread 0x000002321d6ce990 flushing nmethod 0x000002320e053110
Event: 10.616 Thread 0x000002321d6ce990 flushing nmethod 0x000002320e063d10
Event: 10.616 Thread 0x000002321d6ce990 flushing nmethod 0x000002320e063a10
Event: 10.616 Thread 0x000002321d6ce990 flushing nmethod 0x000002320e05ef10
Event: 10.616 Thread 0x000002321d6ce990 flushing nmethod 0x000002320e060690
Event: 10.616 Thread 0x000002321d6ce990 flushing nmethod 0x000002320e052790
Event: 10.616 Thread 0x000002321d6ce990 flushing nmethod 0x000002320e052490
Event: 10.616 Thread 0x000002321d6ce990 flushing nmethod 0x000002320e051e90
Event: 10.616 Thread 0x000002321d6ce990 flushing nmethod 0x000002320e051b90
Event: 10.616 Thread 0x000002321d6ce990 flushing nmethod 0x000002320e053e10
Event: 10.616 Thread 0x000002321d6ce990 flushing nmethod 0x000002320e053a90
Event: 10.616 Thread 0x000002321d6ce990 flushing nmethod 0x000002320e051010
Event: 10.616 Thread 0x000002321d6ce990 flushing nmethod 0x000002320e050d10
Event: 10.616 Thread 0x000002321d6ce990 flushing nmethod 0x000002320e050910
Event: 10.616 Thread 0x000002321d6ce990 flushing nmethod 0x000002320e050610
Event: 10.616 Thread 0x000002321d6ce990 flushing nmethod 0x000002320e050310


Dynamic libraries:
0x00007ff614f50000 - 0x00007ff614f5a000 	C:\Program Files\Android\Android Studio\jbr\bin\java.exe
0x00007ffb34e10000 - 0x00007ffb35008000 	C:\Windows\SYSTEM32\ntdll.dll
0x00007ffb345b0000 - 0x00007ffb34672000 	C:\Windows\System32\KERNEL32.DLL
0x00007ffb32500000 - 0x00007ffb327fe000 	C:\Windows\System32\KERNELBASE.dll
0x00007ffb32d30000 - 0x00007ffb32e30000 	C:\Windows\System32\ucrtbase.dll
0x00007ffb0f690000 - 0x00007ffb0f6a8000 	C:\Program Files\Android\Android Studio\jbr\bin\jli.dll
0x00007ffb25950000 - 0x00007ffb2596b000 	C:\Program Files\Android\Android Studio\jbr\bin\VCRUNTIME140.dll
0x00007ffb33190000 - 0x00007ffb3332d000 	C:\Windows\System32\USER32.dll
0x00007ffb1c1b0000 - 0x00007ffb1c44a000 	C:\Windows\WinSxS\amd64_microsoft.windows.common-controls_6595b64144ccf1df_6.0.19041.4355_none_60b8b9eb71f62e16\COMCTL32.dll
0x00007ffb32b30000 - 0x00007ffb32b52000 	C:\Windows\System32\win32u.dll
0x00007ffb34d30000 - 0x00007ffb34dce000 	C:\Windows\System32\msvcrt.dll
0x00007ffb34730000 - 0x00007ffb3475b000 	C:\Windows\System32\GDI32.dll
0x00007ffb32a10000 - 0x00007ffb32b27000 	C:\Windows\System32\gdi32full.dll
0x00007ffb32c00000 - 0x00007ffb32c9d000 	C:\Windows\System32\msvcp_win.dll
0x00007ffb33c60000 - 0x00007ffb33c8f000 	C:\Windows\System32\IMM32.DLL
0x00007ffb24af0000 - 0x00007ffb24afc000 	C:\Program Files\Android\Android Studio\jbr\bin\vcruntime140_1.dll
0x00007ffb04660000 - 0x00007ffb046ed000 	C:\Program Files\Android\Android Studio\jbr\bin\msvcp140.dll
0x00007ffb03680000 - 0x00007ffb042fd000 	C:\Program Files\Android\Android Studio\jbr\bin\server\jvm.dll
0x00007ffb34bd0000 - 0x00007ffb34c81000 	C:\Windows\System32\ADVAPI32.dll
0x00007ffb33330000 - 0x00007ffb333cf000 	C:\Windows\System32\sechost.dll
0x00007ffb34a10000 - 0x00007ffb34b33000 	C:\Windows\System32\RPCRT4.dll
0x00007ffb32bd0000 - 0x00007ffb32bf7000 	C:\Windows\System32\bcrypt.dll
0x00007ffb347c0000 - 0x00007ffb3482b000 	C:\Windows\System32\WS2_32.dll
0x00007ffb31a00000 - 0x00007ffb31a4b000 	C:\Windows\SYSTEM32\POWRPROF.dll
0x00007ffb29d60000 - 0x00007ffb29d87000 	C:\Windows\SYSTEM32\WINMM.dll
0x00007ffb2b130000 - 0x00007ffb2b13a000 	C:\Windows\SYSTEM32\VERSION.dll
0x00007ffb31870000 - 0x00007ffb31882000 	C:\Windows\SYSTEM32\UMPDC.dll
0x00007ffb30310000 - 0x00007ffb30322000 	C:\Windows\SYSTEM32\kernel.appcore.dll
0x00007ffb23060000 - 0x00007ffb2306a000 	C:\Program Files\Android\Android Studio\jbr\bin\jimage.dll
0x00007ffb26be0000 - 0x00007ffb26dc4000 	C:\Windows\SYSTEM32\DBGHELP.DLL
0x00007ffb1c500000 - 0x00007ffb1c534000 	C:\Windows\SYSTEM32\dbgcore.DLL
0x00007ffb32ca0000 - 0x00007ffb32d22000 	C:\Windows\System32\bcryptPrimitives.dll
0x00007ffb23040000 - 0x00007ffb2305f000 	C:\Program Files\Android\Android Studio\jbr\bin\java.dll
0x00007ffb23020000 - 0x00007ffb23038000 	C:\Program Files\Android\Android Studio\jbr\bin\zip.dll
0x00007ffb33c90000 - 0x00007ffb343fd000 	C:\Windows\System32\SHELL32.dll
0x00007ffb30510000 - 0x00007ffb30cb4000 	C:\Windows\SYSTEM32\windows.storage.dll
0x00007ffb32e30000 - 0x00007ffb33183000 	C:\Windows\System32\combase.dll
0x00007ffb31e00000 - 0x00007ffb31e2e000 	C:\Windows\SYSTEM32\Wldp.dll
0x00007ffb34420000 - 0x00007ffb344ed000 	C:\Windows\System32\OLEAUT32.dll
0x00007ffb34500000 - 0x00007ffb345ad000 	C:\Windows\System32\SHCORE.dll
0x00007ffb349b0000 - 0x00007ffb34a05000 	C:\Windows\System32\shlwapi.dll
0x00007ffb323e0000 - 0x00007ffb32404000 	C:\Windows\SYSTEM32\profapi.dll
0x00007ffb23010000 - 0x00007ffb23020000 	C:\Program Files\Android\Android Studio\jbr\bin\net.dll
0x00007ffb2c760000 - 0x00007ffb2c86d000 	C:\Windows\SYSTEM32\WINHTTP.dll
0x00007ffb31be0000 - 0x00007ffb31c4a000 	C:\Windows\system32\mswsock.dll
0x00007ffb19a10000 - 0x00007ffb19a26000 	C:\Program Files\Android\Android Studio\jbr\bin\nio.dll
0x00007ffb15ba0000 - 0x00007ffb15bb0000 	C:\Program Files\Android\Android Studio\jbr\bin\verify.dll

dbghelp: loaded successfully - version: 4.0.5 - missing functions: none
symbol engine: initialized successfully - sym options: 0x614 - pdb path: .;C:\Program Files\Android\Android Studio\jbr\bin;C:\Windows\SYSTEM32;C:\Windows\WinSxS\amd64_microsoft.windows.common-controls_6595b64144ccf1df_6.0.19041.4355_none_60b8b9eb71f62e16;C:\Program Files\Android\Android Studio\jbr\bin\server

VM Arguments:
java_command: org.jetbrains.kotlin.cli.jvm.K2JVMCompiler @C:\Users\Kareem Zedan\StudioProjects\Capital_Taxi2\app\build\20250217_11621683086220327873.compiler.options
java_class_path (initial): C:\Users\Kareem Zedan\.gradle\caches\modules-2\files-2.1\org.jetbrains.kotlin\kotlin-compiler-embeddable\2.0.0\1de310de3446414381282ffc46c3ed3919a4d1da\kotlin-compiler-embeddable-2.0.0.jar;C:\Users\Kareem Zedan\.gradle\caches\modules-2\files-2.1\org.jetbrains.kotlin\kotlin-stdlib\2.0.0\b48df2c4aede9586cc931ead433bc02d6fd7879e\kotlin-stdlib-2.0.0.jar;C:\Users\Kareem Zedan\.gradle\caches\modules-2\files-2.1\org.jetbrains.kotlin\kotlin-script-runtime\2.0.0\fdc27dd047d592fa41d2dfa21e7621287a361612\kotlin-script-runtime-2.0.0.jar;C:\Users\Kareem Zedan\.gradle\caches\modules-2\files-2.1\org.jetbrains.kotlin\kotlin-reflect\1.6.10\1cbe9c92c12a94eea200d23c2bbaedaf3daf5132\kotlin-reflect-1.6.10.jar;C:\Users\Kareem Zedan\.gradle\caches\modules-2\files-2.1\org.jetbrains.kotlin\kotlin-daemon-embeddable\2.0.0\b39c612768614c4428c96ee9c65477181fffe9d\kotlin-daemon-embeddable-2.0.0.jar;C:\Users\Kareem Zedan\.gradle\caches\modules-2\files-2.1\org.jetbrains.intellij.deps\trove4j\1.0.20200330\3afb14d5f9ceb459d724e907a21145e8ff394f02\trove4j-1.0.20200330.jar;C:\Users\Kareem Zedan\.gradle\caches\modules-2\files-2.1\org.jetbrains\annotations\13.0\919f0dfe192fb4e063e7dacadee7f8bb9a2672a9\annotations-13.0.jar
Launcher Type: SUN_STANDARD

[Global flags]
     intx CICompilerCount                          = 4                                         {product} {ergonomic}
     uint ConcGCThreads                            = 3                                         {product} {ergonomic}
     uint G1ConcRefinementThreads                  = 10                                        {product} {ergonomic}
   size_t G1HeapRegionSize                         = 2097152                                   {product} {ergonomic}
    uintx GCDrainStackTargetSize                   = 64                                        {product} {ergonomic}
   size_t InitialHeapSize                          = 266338304                                 {product} {ergonomic}
   size_t MarkStackSize                            = 4194304                                   {product} {ergonomic}
   size_t MaxHeapSize                              = 4246732800                                {product} {ergonomic}
   size_t MaxNewSize                               = 2548039680                                {product} {ergonomic}
   size_t MinHeapDeltaBytes                        = 2097152                                   {product} {ergonomic}
   size_t MinHeapSize                              = 8388608                                   {product} {ergonomic}
    uintx NonNMethodCodeHeapSize                   = 5839372                                {pd product} {ergonomic}
    uintx NonProfiledCodeHeapSize                  = 122909434                              {pd product} {ergonomic}
    uintx ProfiledCodeHeapSize                     = 122909434                              {pd product} {ergonomic}
    uintx ReservedCodeCacheSize                    = 251658240                              {pd product} {ergonomic}
     bool SegmentedCodeCache                       = true                                      {product} {ergonomic}
   size_t SoftMaxHeapSize                          = 4246732800                             {manageable} {ergonomic}
     bool UseCompressedOops                        = true                           {product lp64_product} {ergonomic}
     bool UseG1GC                                  = true                                      {product} {ergonomic}
     bool UseLargePagesIndividualAllocation        = false                                  {pd product} {ergonomic}

Logging:
Log output configuration:
 #0: stdout all=warning uptime,level,tags foldmultilines=false
 #1: stderr all=off uptime,level,tags foldmultilines=false

Environment Variables:
PATH=C:\Program Files\Common Files\Oracle\Java\javapath;C:\Windows\system32;C:\Windows;C:\Windows\System32\Wbem;C:\Windows\System32\WindowsPowerShell\v1.0\;C:\Windows\System32\OpenSSH\;C:\Program Files (x86)\Windows Kits\10\Windows Performance Toolkit\;C:\Program Files\Git\cmd;C:\Program Files\nodejs\;C:\Users\Kareem Zedan\AppData\Local\Microsoft\WindowsApps;C:\Users\Kareem Zedan\AppData\Local\Programs\Microsoft VS Code\bin;C:\Users\Kareem Zedan\AppData\Local\Programs\Microsoft VS Code\bin;C:\Users\Kareem Zedan\.cache\firebase\tools\bin;C:\Users\Kareem Zedan\AppData\Local\Pub\Cache\bin;C:\Users\Kareem Zedan\AppData\Roaming\npm;C:\Program Files\jdk-17.0.12\bin;C:\src2\flutter\bin;C:\src2\flutter\bin\cache\dart-sdk\bin;C:\Users\Kareem Zedan\AppData\Local\Google\Cloud SDK\google-cloud-sdk\bin
USERNAME=Kareem Zedan
OS=Windows_NT
PROCESSOR_IDENTIFIER=Intel64 Family 6 Model 151 Stepping 5, GenuineIntel
TMP=C:\Users\KAREEM~1\AppData\Local\Temp
TEMP=C:\Users\KAREEM~1\AppData\Local\Temp




Periodic native trim disabled

JNI global refs:
JNI global refs: 13, weak refs: 19

JNI global refs memory usage: 835, weak refs: 833

Process memory usage:
Resident Set Size: 656136K (3% of 16586164K total physical memory with 1396780K free physical memory)

OOME stack traces (most recent first):
Classloader memory used:
Loader jdk.internal.loader.ClassLoaders$AppClassLoader                                 : 64874K
Loader bootstrap                                                                       : 11356K
Loader java.net.URLClassLoader                                                         : 1384K

---------------  S Y S T E M  ---------------

OS:
 Windows 10 , 64 bit Build 19041 (10.0.19041.5072)
OS uptime: 1 days 5:34 hours
Hyper-V role detected

CPU: total 12 (initial active 12) (6 cores per cpu, 2 threads per core) family 6 model 151 stepping 5 microcode 0x32, cx8, cmov, fxsr, ht, mmx, 3dnowpref, sse, sse2, sse3, ssse3, sse4.1, sse4.2, popcnt, lzcnt, tsc, tscinvbit, avx, avx2, aes, erms, clmul, bmi1, bmi2, adx, sha, fma, vzeroupper, clflush, clflushopt, clwb, hv, rdtscp, rdpid, fsrm, f16c, cet_ibt, cet_ss
Processor Information for all 12 processors :
  Max Mhz: 2500, Current Mhz: 2500, Mhz Limit: 2500

Memory: 4k page, system-wide physical 16197M (1360M free)
TotalPageFile size 26949M (AvailPageFile size 5031M)
current process WorkingSet (physical memory assigned to process): 643M, peak: 645M
current process commit charge ("private bytes"): 695M, peak: 698M

vm_info: OpenJDK 64-Bit Server VM (21.0.3+-12282718-b509.11) for windows-amd64 JRE (21.0.3+-12282718-b509.11), built on 2024-08-27T17:34:15Z by "builder" with MS VC++ 16.10 / 16.11 (VS2019)

END.
