#
# A fatal error has been detected by the Java Runtime Environment:
#
#  EXCEPTION_ACCESS_VIOLATION (0xc0000005) at pc=0x00007ffaf2b24ca9, pid=8904, tid=15624
#
# JRE version: OpenJDK Runtime Environment (21.0.3) (build 21.0.3+-12282718-b509.11)
# Java VM: OpenJDK 64-Bit Server VM (21.0.3+-12282718-b509.11, mixed mode, tiered, compressed oops, compressed class ptrs, g1 gc, windows-amd64)
# Problematic frame:
# V  [jvm.dll+0x354ca9]
#
# No core dump will be written. Minidumps are not enabled by default on client versions of Windows
#
# If you would like to submit a bug report, please visit:
#   https://youtrack.jetbrains.com/issues/JBR
#

---------------  S U M M A R Y ------------

Command Line: org.jetbrains.kotlin.cli.jvm.K2JVMCompiler @C:\Users\Kareem Zedan\StudioProjects\Capital_Taxi2\app\build\20250218_15783922065223303595.compiler.options

Host: 12th Gen Intel(R) Core(TM) i5-12400F, 12 cores, 15G,  Windows 10 , 64 bit Build 19041 (10.0.19041.5072)
Time: Tue Feb 18 15:09:47 2025 Egypt Standard Time elapsed time: 1.320458 seconds (0d 0h 0m 1s)

---------------  T H R E A D  ---------------

Current thread (0x0000023ed5f86d40):  WorkerThread "GC Thread#7"    [id=15624, stack(0x000000f11c500000,0x000000f11c600000) (1024K)]

Stack: [0x000000f11c500000,0x000000f11c600000],  sp=0x000000f11c5ff950,  free space=1022k
Native frames: (J=compiled Java code, j=interpreted, Vv=VM code, C=native code)
V  [jvm.dll+0x354ca9]
V  [jvm.dll+0x3513ae]
V  [jvm.dll+0x361e78]
V  [jvm.dll+0x220a4d]
V  [jvm.dll+0x35132b]
V  [jvm.dll+0x223018]
V  [jvm.dll+0x362b9e]
V  [jvm.dll+0x3629e4]
V  [jvm.dll+0x36a4c4]
V  [jvm.dll+0x36a63b]
V  [jvm.dll+0x885984]
V  [jvm.dll+0x800d78]
V  [jvm.dll+0x6c98cd]
C  [ucrtbase.dll+0x21bb2]
C  [KERNEL32.DLL+0x17374]
C  [ntdll.dll+0x4cc91]


siginfo: EXCEPTION_ACCESS_VIOLATION (0xc0000005), reading address 0x0000000000000020


Registers:
RAX=0x0000000000000000, RBX=0x0000023ed6216a50, RCX=0x0000000000000015, RDX=0x0000000000000000
RSP=0x000000f11c5ff950, RBP=0x000000000000137f, RSI=0x0000023eb6910f40, RDI=0x0000000705051430
R8 =0x000000070503a920, R9 =0x00007ffaf27d0000, R10=0x0000000000000020, R11=0x00007ffb009e15b5
R12=0x0000023ed5276e18, R13=0x00000000000003d8, R14=0x0000000000000040, R15=0x0000000000000000
RIP=0x00007ffaf2b24ca9, EFLAGS=0x0000000000010246


Register to memory mapping:

RAX=0x0 is null
RBX=0x0000023ed6216a50 points into unknown readable memory: 0x00007ffaf31361e0 | e0 61 13 f3 fa 7f 00 00
RCX=0x0000000000000015 is an unknown value
RDX=0x0 is null
RSP=0x000000f11c5ff950 points into unknown readable memory: 0x0000023ed6210000 | 00 00 21 d6 3e 02 00 00
RBP=0x000000000000137f is an unknown value
RSI=0x0000023eb6910f40 points into unknown readable memory: 0x0000000000000000 | 00 00 00 00 00 00 00 00
RDI=
[error occurred during error reporting (printing register info), id 0xc0000005, EXCEPTION_ACCESS_VIOLATION (0xc0000005) at pc=0x00007ffaf2909996]
R8 =0x000000070503a920 is an oop: java.lang.String 
{0x000000070503a920} - klass: 'java/lang/String'
 - string: ""
 - ---- fields (total size 3 words):
 - private 'hash' 'I' @12  0 (0x00000000)
 - private final 'coder' 'B' @16  0 (0x00)
 - private 'hashIsZero' 'Z' @17  false (0x00)
 - injected 'flags' 'B' @18  0 (0x00)
 - private final 'value' '[B' @20  [B{0x000000070503a938} (0xe0a07527)
R9 =0x00007ffaf27d0000 jvm.dll
R10=0x0000000000000020 is an unknown value
R11=0x00007ffb009e15b5 VCRUNTIME140.dll
R12=0x0000023ed5276e18 points into unknown readable memory: 0x88000a000328e554 | 54 e5 28 03 00 0a 00 88
R13=0x00000000000003d8 is an unknown value
R14=0x0000000000000040 is an unknown value
R15=0x0 is null

Top of Stack: (sp=0x000000f11c5ff950)
0x000000f11c5ff950:   0000023ed6210000 0000000000000001
0x000000f11c5ff960:   0000023e00000000 0000000000000001
0x000000f11c5ff970:   0000023ed5993080 0000023ed6b1c930
0x000000f11c5ff980:   0000023ed6cd1468 0000023ed6b1ca58
0x000000f11c5ff990:   0000000000000009 00007ffaf2b213ae
0x000000f11c5ff9a0:   0000000000000001 0000023ed6216a50
0x000000f11c5ff9b0:   0000023ed6b1c930 00000000000003d8
0x000000f11c5ff9c0:   0000000000c6d128 0000000000000000
0x000000f11c5ff9d0:   0000023ed6b1ca58 0000000000000009
0x000000f11c5ff9e0:   0000023ed6b1ca58 00007ffaf2b31e78
0x000000f11c5ff9f0:   000000f11c5f0000 0000023ed6b10001
0x000000f11c5ffa00:   000000f100000000 00000018acfe8801
0x000000f11c5ffa10:   0000023ed6cd13b0 00007ffaf29f0a4d
0x000000f11c5ffa20:   0000023ed6cd1468 0000023ed6b1c938
0x000000f11c5ffa30:   000000f11b2fea01 00007ffaf2fdbb27
0x000000f11c5ffa40:   0000023ed6b1c9c8 00007ffaf2b2132b
0x000000f11c5ffa50:   0000023ed6b1cab8 0000023ed6b1cab8
0x000000f11c5ffa60:   0000000000000001 00007ffaf2b14442
0x000000f11c5ffa70:   0000023ed09aeb00 00007ffaf29f3018
0x000000f11c5ffa80:   0000000000c6cc90 0000000000000000
0x000000f11c5ffa90:   0000000000c6cc91 0000000000000000
0x000000f11c5ffaa0:   000000f11b2fea01 00007ffaf2b32b9e
0x000000f11c5ffab0:   0000023ed6b1cab8 000000f11b2fea60
0x000000f11c5ffac0:   0000023ed6b1c9e0 0000000000000001
0x000000f11c5ffad0:   0000000000000000 0000000000000000
0x000000f11c5ffae0:   00007ffaf3133570 0000000000c6cc91
0x000000f11c5ffaf0:   0000000000000000 0000023e00000005
0x000000f11c5ffb00:   0000023ed5993080 0000000000000001
0x000000f11c5ffb10:   0000000000000000 0000000000000000
0x000000f11c5ffb20:   0000000000000000 0000023ed5276e18
0x000000f11c5ffb30:   0000000000000000 0000000000000000
0x000000f11c5ffb40:   0000023ed5276a30 0000023ed5276a40 

Instructions: (pc=0x00007ffaf2b24ca9)
0x00007ffaf2b24ba9:   fd ff ff 48 8d 57 fe 48 8b cb e8 a8 f3 ff ff e9
0x00007ffaf2b24bb9:   d3 fd ff ff 0f 1f 00 48 8b 73 10 8b ae 80 00 00
0x00007ffaf2b24bc9:   00 8b cd 8b 86 00 01 00 00 2b c8 81 e1 ff ff 01
0x00007ffaf2b24bd9:   00 41 3b ce 0f 86 4b 02 00 00 ff cd 81 e5 ff ff
0x00007ffaf2b24be9:   01 00 89 ae 80 00 00 00 e8 da 6c 36 00 90 8b d5
0x00007ffaf2b24bf9:   48 8b 86 80 01 00 00 8b cd 48 8b 3c e8 8b 86 00
0x00007ffaf2b24c09:   01 00 00 2b c8 81 e1 ff ff 01 00 81 f9 ff ff 01
0x00007ffaf2b24c19:   00 41 0f 44 cf 85 c9 75 3d 90 89 6c 24 50 48 8b
0x00007ffaf2b24c29:   86 00 01 00 00 48 8b c8 48 c1 e9 20 ff c1 89 4c
0x00007ffaf2b24c39:   24 54 3b e8 0f 85 d9 01 00 00 48 c1 e1 20 48 0b
0x00007ffaf2b24c49:   ca f0 48 0f b1 8e 00 01 00 00 0f 85 c3 01 00 00
0x00007ffaf2b24c59:   8b 86 00 01 00 00 40 f6 c7 01 0f 84 a7 00 00 00
0x00007ffaf2b24c69:   8b 0d 99 12 7d 00 48 ff cf 48 8b 43 08 44 8b 17
0x00007ffaf2b24c79:   49 d3 e2 8b 88 b0 05 00 00 48 8b 80 a0 05 00 00
0x00007ffaf2b24c89:   4c 03 15 70 12 7d 00 49 8b d2 48 d3 ea 0f b7 14
0x00007ffaf2b24c99:   50 0f b7 c2 66 c1 e8 08 84 c0 0f 88 17 ff ff ff
0x00007ffaf2b24ca9:   4d 8b 02 41 0f b6 c0 24 03 3c 03 75 06 49 83 e0
0x00007ffaf2b24cb9:   fc eb 11 4d 8b c8 48 8b cb 4d 8b c2 e8 46 ed ff
0x00007ffaf2b24cc9:   ff 4c 8b c0 8b 0d 35 12 7d 00 49 8b d0 48 2b 15
0x00007ffaf2b24cd9:   23 12 7d 00 48 d3 ea 89 17 49 8b d0 8b 0d 25 52
0x00007ffaf2b24ce9:   83 00 48 33 d7 48 d3 ea 48 85 d2 0f 84 c6 fe ff
0x00007ffaf2b24cf9:   ff 48 8b 43 08 8b 88 b0 05 00 00 4c 8b 88 a0 05
0x00007ffaf2b24d09:   00 00 e9 87 00 00 00 40 f6 c7 03 0f 85 f1 00 00
0x00007ffaf2b24d19:   00 48 8b 43 08 4c 8b 17 49 8b d2 8b 88 b0 05 00
0x00007ffaf2b24d29:   00 48 8b 80 a0 05 00 00 48 d3 ea 0f b7 14 50 0f
0x00007ffaf2b24d39:   b7 c2 66 c1 e8 08 84 c0 0f 88 79 fe ff ff 4d 8b
0x00007ffaf2b24d49:   02 41 0f b6 c0 24 03 3c 03 75 06 49 83 e0 fc eb
0x00007ffaf2b24d59:   11 4d 8b c8 48 8b cb 4d 8b c2 e8 a8 ec ff ff 4c
0x00007ffaf2b24d69:   8b c0 49 8b d0 4c 89 07 8b 0d 99 51 83 00 48 33
0x00007ffaf2b24d79:   d7 48 d3 ea 48 85 d2 0f 84 3a fe ff ff 48 8b 53
0x00007ffaf2b24d89:   08 8b 8a b0 05 00 00 4c 8b 8a a0 05 00 00 48 8b
0x00007ffaf2b24d99:   c7 48 d3 e8 41 0f b7 14 41 66 c1 ea 08 80 fa fe 


Stack slot to memory mapping:

stack at sp + 0 slots: 0x0000023ed6210000 points into unknown readable memory: 0x0000000000000000 | 00 00 00 00 00 00 00 00
stack at sp + 1 slots: 0x0000000000000001 is an unknown value
stack at sp + 2 slots: 0x0000023e00000000 is an unknown value
stack at sp + 3 slots: 0x0000000000000001 is an unknown value
stack at sp + 4 slots: 0x0000023ed5993080 points into unknown readable memory: 0x0000023e0000000a | 0a 00 00 00 3e 02 00 00
stack at sp + 5 slots: 0x0000023ed6b1c930 points into unknown readable memory: 0x00007ffaf3137e58 | 58 7e 13 f3 fa 7f 00 00
stack at sp + 6 slots: 0x0000023ed6cd1468 points into unknown readable memory: 0x00000007050394d8 | d8 94 03 05 07 00 00 00
stack at sp + 7 slots: 0x0000023ed6b1ca58 points into unknown readable memory: 0x00007ffaf3137db0 | b0 7d 13 f3 fa 7f 00 00


---------------  P R O C E S S  ---------------

Threads class SMR info:
_java_thread_list=0x0000023ed526c010, length=13, elements={
0x0000023eb458a4c0, 0x0000023ed506ac10, 0x0000023ed506ba30, 0x0000023ed5082f80,
0x0000023ed50839e0, 0x0000023ed5084440, 0x0000023ed5071ad0, 0x0000023ed5072860,
0x0000023ed50afce0, 0x0000023ed518e550, 0x0000023ed518f900, 0x0000023ed52e85a0,
0x0000023ed52e8c50
}

Java Threads: ( => current thread )
  0x0000023eb458a4c0 JavaThread "main"                              [_thread_blocked, id=10100, stack(0x000000f11ab00000,0x000000f11ac00000) (1024K)]
  0x0000023ed506ac10 JavaThread "Reference Handler"          daemon [_thread_blocked, id=15296, stack(0x000000f11b300000,0x000000f11b400000) (1024K)]
  0x0000023ed506ba30 JavaThread "Finalizer"                  daemon [_thread_blocked, id=10388, stack(0x000000f11b400000,0x000000f11b500000) (1024K)]
  0x0000023ed5082f80 JavaThread "Signal Dispatcher"          daemon [_thread_blocked, id=14084, stack(0x000000f11b500000,0x000000f11b600000) (1024K)]
  0x0000023ed50839e0 JavaThread "Attach Listener"            daemon [_thread_blocked, id=7256, stack(0x000000f11b600000,0x000000f11b700000) (1024K)]
  0x0000023ed5084440 JavaThread "Service Thread"             daemon [_thread_blocked, id=8536, stack(0x000000f11b700000,0x000000f11b800000) (1024K)]
  0x0000023ed5071ad0 JavaThread "Monitor Deflation Thread"   daemon [_thread_blocked, id=5440, stack(0x000000f11b800000,0x000000f11b900000) (1024K)]
  0x0000023ed5072860 JavaThread "C2 CompilerThread0"         daemon [_thread_in_native, id=17052, stack(0x000000f11b900000,0x000000f11ba00000) (1024K)]
  0x0000023ed50afce0 JavaThread "C1 CompilerThread0"         daemon [_thread_blocked, id=7808, stack(0x000000f11ba00000,0x000000f11bb00000) (1024K)]
  0x0000023ed518e550 JavaThread "Notification Thread"        daemon [_thread_blocked, id=8928, stack(0x000000f11bb00000,0x000000f11bc00000) (1024K)]
  0x0000023ed518f900 JavaThread "Common-Cleaner"             daemon [_thread_blocked, id=12576, stack(0x000000f11bc00000,0x000000f11bd00000) (1024K)]
  0x0000023ed52e85a0 JavaThread "C2 CompilerThread1"         daemon [_thread_blocked, id=4968, stack(0x000000f11bd00000,0x000000f11be00000) (1024K)]
  0x0000023ed52e8c50 JavaThread "C2 CompilerThread2"         daemon [_thread_blocked, id=9568, stack(0x000000f11be00000,0x000000f11bf00000) (1024K)]
Total: 13

Other Threads:
  0x0000023ed5008440 VMThread "VM Thread"                           [id=16360, stack(0x000000f11b200000,0x000000f11b300000) (1024K)]
  0x0000023ed0ade870 WatcherThread "VM Periodic Task Thread"        [id=6336, stack(0x000000f11b100000,0x000000f11b200000) (1024K)]
  0x0000023eb695e850 WorkerThread "GC Thread#0"                     [id=10028, stack(0x000000f11ac00000,0x000000f11ad00000) (1024K)]
  0x0000023ed59920a0 WorkerThread "GC Thread#1"                     [id=14228, stack(0x000000f11bf00000,0x000000f11c000000) (1024K)]
  0x0000023ed5994400 WorkerThread "GC Thread#2"                     [id=7540, stack(0x000000f11c000000,0x000000f11c100000) (1024K)]
  0x0000023ed59947a0 WorkerThread "GC Thread#3"                     [id=12268, stack(0x000000f11c100000,0x000000f11c200000) (1024K)]
  0x0000023ed5994b40 WorkerThread "GC Thread#4"                     [id=6288, stack(0x000000f11c200000,0x000000f11c300000) (1024K)]
  0x0000023ed5994ee0 WorkerThread "GC Thread#5"                     [id=1548, stack(0x000000f11c300000,0x000000f11c400000) (1024K)]
  0x0000023ed5f87480 WorkerThread "GC Thread#6"                     [id=13440, stack(0x000000f11c400000,0x000000f11c500000) (1024K)]
=>0x0000023ed5f86d40 WorkerThread "GC Thread#7"                     [id=15624, stack(0x000000f11c500000,0x000000f11c600000) (1024K)]
  0x0000023ed5f870e0 WorkerThread "GC Thread#8"                     [id=12692, stack(0x000000f11c600000,0x000000f11c700000) (1024K)]
  0x0000023ed6541c60 WorkerThread "GC Thread#9"                     [id=12560, stack(0x000000f11c900000,0x000000f11ca00000) (1024K)]
  0x0000023eb696f6b0 ConcurrentGCThread "G1 Main Marker"            [id=5644, stack(0x000000f11ad00000,0x000000f11ae00000) (1024K)]
  0x0000023eb6970950 WorkerThread "G1 Conc#0"                       [id=9928, stack(0x000000f11ae00000,0x000000f11af00000) (1024K)]
  0x0000023ed5f87f60 WorkerThread "G1 Conc#1"                       [id=11384, stack(0x000000f11c700000,0x000000f11c800000) (1024K)]
  0x0000023ed5f87820 WorkerThread "G1 Conc#2"                       [id=14800, stack(0x000000f11c800000,0x000000f11c900000) (1024K)]
  0x0000023ed09af150 ConcurrentGCThread "G1 Refine#0"               [id=11396, stack(0x000000f11af00000,0x000000f11b000000) (1024K)]
  0x0000023ed09afad0 ConcurrentGCThread "G1 Service"                [id=12436, stack(0x000000f11b000000,0x000000f11b100000) (1024K)]
Total: 18

Threads with active compile tasks:
C2 CompilerThread0     1348 1798   !   4       jdk.internal.loader.BuiltinClassLoader::loadClassOrNull (143 bytes)
C1 CompilerThread0     1348 1908       3       kotlin.reflect.jvm.internal.impl.name.ClassId::asSingleFqName (67 bytes)
Total: 2

VM state: at safepoint (normal execution)

VM Mutex/Monitor currently owned by a thread:  ([mutex/lock_event])
[0x00007ffaf33720c8] Threads_lock - owner thread: 0x0000023ed5008440
[0x00007ffaf33721c8] Heap_lock - owner thread: 0x0000023eb458a4c0

Heap address: 0x0000000702e00000, size: 4050 MB, Compressed Oops mode: Zero based, Oop shift amount: 3

CDS archive(s) not mapped
Compressed class space mapped at: 0x0000000800000000-0x0000000840000000, reserved size: 1073741824
Narrow klass base: 0x0000000800000000, Narrow klass shift: 0, Narrow klass range: 0x40000000

GC Precious Log:
 CardTable entry size: 512
 Card Set container configuration: InlinePtr #cards 4 size 8 Array Of Cards #cards 16 size 48 Howl #buckets 8 coarsen threshold 3686 Howl Bitmap #cards 512 size 80 coarsen threshold 460 Card regions per heap region 1 cards per card region 4096
 CPUs: 12 total, 12 available
 Memory: 16197M
 Large Page Support: Disabled
 NUMA Support: Disabled
 Compressed Oops: Enabled (Zero based)
 Heap Region Size: 2M
 Heap Min Capacity: 8M
 Heap Initial Capacity: 254M
 Heap Max Capacity: 4050M
 Pre-touch: Disabled
 Parallel Workers: 10
 Concurrent Workers: 3
 Concurrent Refinement Workers: 10
 Periodic GC: Disabled

Heap:
 garbage-first heap   total 53248K, used 39588K [0x0000000702e00000, 0x0000000800000000)
  region size 2048K, 8 young (16384K), 1 survivors (2048K)
 Metaspace       used 30388K, committed 30720K, reserved 1114112K
  class space    used 3736K, committed 3904K, reserved 1048576K

Heap Regions: E=young(eden), S=young(survivor), O=old, HS=humongous(starts), HC=humongous(continues), CS=collection set, F=free, TAMS=top-at-mark-start, PB=parsable bottom
|   0|0x0000000702e00000, 0x0000000703000000, 0x0000000703000000|100%|HS|  |TAMS 0x0000000703000000| PB 0x0000000702e00000| Complete 
|   1|0x0000000703000000, 0x0000000703200000, 0x0000000703200000|100%|HC|  |TAMS 0x0000000703200000| PB 0x0000000703000000| Complete 
|   2|0x0000000703200000, 0x0000000703400000, 0x0000000703400000|100%| O|  |TAMS 0x0000000703400000| PB 0x0000000703200000| Untracked 
|   3|0x0000000703400000, 0x0000000703600000, 0x0000000703600000|100%| O|  |TAMS 0x0000000703600000| PB 0x0000000703400000| Untracked 
|   4|0x0000000703600000, 0x0000000703800000, 0x0000000703800000|100%| O|  |TAMS 0x0000000703800000| PB 0x0000000703600000| Untracked 
|   5|0x0000000703800000, 0x0000000703a00000, 0x0000000703a00000|100%| O|  |TAMS 0x0000000703a00000| PB 0x0000000703800000| Untracked 
|   6|0x0000000703a00000, 0x0000000703c00000, 0x0000000703c00000|100%| O|  |TAMS 0x0000000703c00000| PB 0x0000000703a00000| Untracked 
|   7|0x0000000703c00000, 0x0000000703e00000, 0x0000000703e00000|100%| O|  |TAMS 0x0000000703e00000| PB 0x0000000703c00000| Untracked 
|   8|0x0000000703e00000, 0x0000000704000000, 0x0000000704000000|100%| O|  |TAMS 0x0000000704000000| PB 0x0000000703e00000| Untracked 
|   9|0x0000000704000000, 0x0000000704200000, 0x0000000704200000|100%| O|  |TAMS 0x0000000704200000| PB 0x0000000704000000| Untracked 
|  10|0x0000000704200000, 0x0000000704400000, 0x0000000704400000|100%| O|  |TAMS 0x0000000704400000| PB 0x0000000704200000| Untracked 
|  11|0x0000000704400000, 0x0000000704600000, 0x0000000704600000|100%| O|  |TAMS 0x0000000704500000| PB 0x0000000704400000| Untracked 
|  12|0x0000000704600000, 0x00000007046c9840, 0x0000000704800000| 39%| O|  |TAMS 0x0000000704600000| PB 0x0000000704600000| Untracked 
|  13|0x0000000704800000, 0x0000000704800000, 0x0000000704a00000|  0%| F|  |TAMS 0x0000000704800000| PB 0x0000000704800000| Untracked 
|  14|0x0000000704a00000, 0x0000000704a00000, 0x0000000704c00000|  0%| F|  |TAMS 0x0000000704a00000| PB 0x0000000704a00000| Untracked 
|  15|0x0000000704c00000, 0x0000000704c00000, 0x0000000704e00000|  0%| F|  |TAMS 0x0000000704c00000| PB 0x0000000704c00000| Untracked 
|  16|0x0000000704e00000, 0x0000000704e00000, 0x0000000705000000|  0%| F|  |TAMS 0x0000000704e00000| PB 0x0000000704e00000| Untracked 
|  17|0x0000000705000000, 0x00000007050ec8d8, 0x0000000705200000| 46%| S|  |TAMS 0x0000000705000000| PB 0x0000000705000000| Complete 
|  18|0x0000000705200000, 0x00000007053a9340, 0x0000000705400000| 83%| E|CS|TAMS 0x0000000705200000| PB 0x0000000705200000| Complete 
|  19|0x0000000705400000, 0x0000000705600000, 0x0000000705600000|100%| E|CS|TAMS 0x0000000705400000| PB 0x0000000705400000| Complete 
|  20|0x0000000705600000, 0x0000000705800000, 0x0000000705800000|100%| E|CS|TAMS 0x0000000705600000| PB 0x0000000705600000| Complete 
|  21|0x0000000705800000, 0x0000000705a00000, 0x0000000705a00000|100%| E|CS|TAMS 0x0000000705800000| PB 0x0000000705800000| Complete 
|  22|0x0000000705a00000, 0x0000000705c00000, 0x0000000705c00000|100%| E|CS|TAMS 0x0000000705a00000| PB 0x0000000705a00000| Complete 
| 111|0x0000000710c00000, 0x0000000710e00000, 0x0000000710e00000|100%| E|CS|TAMS 0x0000000710c00000| PB 0x0000000710c00000| Complete 
| 112|0x0000000710e00000, 0x0000000711000000, 0x0000000711000000|100%| E|CS|TAMS 0x0000000710e00000| PB 0x0000000710e00000| Complete 
| 126|0x0000000712a00000, 0x0000000712c00000, 0x0000000712c00000|100%| E|CS|TAMS 0x0000000712a00000| PB 0x0000000712a00000| Complete 

Card table byte_map: [0x0000023ec9790000,0x0000023ec9f80000] _byte_map_base: 0x0000023ec5f79000

Marking Bits: (CMBitMap*) 0x0000023eb695ef50
 Bits: [0x0000023ec9f80000, 0x0000023ecdec8000)

Polling page: 0x0000023eb4860000

Metaspace:

Usage:
  Non-class:     26.03 MB used.
      Class:      3.65 MB used.
       Both:     29.68 MB used.

Virtual space:
  Non-class space:       64.00 MB reserved,      26.19 MB ( 41%) committed,  1 nodes.
      Class space:        1.00 GB reserved,       3.81 MB ( <1%) committed,  1 nodes.
             Both:        1.06 GB reserved,      30.00 MB (  3%) committed. 

Chunk freelists:
   Non-Class:  5.86 MB
       Class:  12.17 MB
        Both:  18.03 MB

MaxMetaspaceSize: unlimited
CompressedClassSpaceSize: 1.00 GB
Initial GC threshold: 21.00 MB
Current GC threshold: 35.25 MB
CDS: off
 - commit_granule_bytes: 65536.
 - commit_granule_words: 8192.
 - virtual_space_node_default_size: 8388608.
 - enlarge_chunks_in_place: 1.
 - use_allocation_guard: 0.


Internal statistics:

num_allocs_failed_limit: 3.
num_arena_births: 194.
num_arena_deaths: 0.
num_vsnodes_births: 2.
num_vsnodes_deaths: 0.
num_space_committed: 480.
num_space_uncommitted: 0.
num_chunks_returned_to_freelist: 3.
num_chunks_taken_from_freelist: 985.
num_chunk_merges: 3.
num_chunk_splits: 769.
num_chunks_enlarged: 676.
num_inconsistent_stats: 0.

CodeHeap 'non-profiled nmethods': size=120000Kb used=809Kb max_used=809Kb free=119190Kb
 bounds [0x0000023ec1520000, 0x0000023ec1790000, 0x0000023ec8a50000]
CodeHeap 'profiled nmethods': size=120000Kb used=3444Kb max_used=3444Kb free=116555Kb
 bounds [0x0000023eb9a50000, 0x0000023eb9db0000, 0x0000023ec0f80000]
CodeHeap 'non-nmethods': size=5760Kb used=1430Kb max_used=1462Kb free=4329Kb
 bounds [0x0000023ec0f80000, 0x0000023ec11f0000, 0x0000023ec1520000]
 total_blobs=2444 nmethods=1906 adapters=443
 compilation: enabled
              stopped_count=0, restarted_count=0
 full_count=0

Compilation events (20 events):
Event: 1.279 Thread 0x0000023ed50afce0 nmethod 1897 0x0000023eb9da5c10 code [0x0000023eb9da5dc0, 0x0000023eb9da6018]
Event: 1.280 Thread 0x0000023ed50afce0 1898       3       kotlin.reflect.jvm.internal.pcollections.IntTree::rebalanced (32 bytes)
Event: 1.280 Thread 0x0000023ed50afce0 nmethod 1898 0x0000023eb9da6110 code [0x0000023eb9da62c0, 0x0000023eb9da64c8]
Event: 1.293 Thread 0x0000023ed50afce0 1900       3       kotlin.reflect.jvm.internal.impl.name.Name::identifier (18 bytes)
Event: 1.293 Thread 0x0000023ed50afce0 nmethod 1900 0x0000023eb9da6590 code [0x0000023eb9da6760, 0x0000023eb9da6ab8]
Event: 1.299 Thread 0x0000023ed50afce0 1901       3       java.nio.DirectLongBufferU::ix (10 bytes)
Event: 1.299 Thread 0x0000023ed50afce0 nmethod 1901 0x0000023eb9da6c10 code [0x0000023eb9da6da0, 0x0000023eb9da6ec0]
Event: 1.299 Thread 0x0000023ed50afce0 1902       3       java.lang.invoke.MethodHandles$Lookup::getDirectConstructorCommon (69 bytes)
Event: 1.300 Thread 0x0000023ed50afce0 nmethod 1902 0x0000023eb9da6f90 code [0x0000023eb9da71a0, 0x0000023eb9da76d8]
Event: 1.300 Thread 0x0000023ed50afce0 1903       3       java.lang.invoke.MemberName::asConstructor (58 bytes)
Event: 1.300 Thread 0x0000023ed50afce0 nmethod 1903 0x0000023eb9da7910 code [0x0000023eb9da7b40, 0x0000023eb9da8180]
Event: 1.300 Thread 0x0000023ed50afce0 1904       3       java.lang.invoke.MethodHandle::asTypeCached (52 bytes)
Event: 1.300 Thread 0x0000023ed50afce0 nmethod 1904 0x0000023eb9da8410 code [0x0000023eb9da85e0, 0x0000023eb9da8a38]
Event: 1.300 Thread 0x0000023ed50afce0 1905       3       java.lang.invoke.MethodHandle::getApproximateCommonClassLoader (58 bytes)
Event: 1.301 Thread 0x0000023ed50afce0 nmethod 1905 0x0000023eb9da8b90 code [0x0000023eb9da8e00, 0x0000023eb9da9950]
Event: 1.301 Thread 0x0000023ed50afce0 1906       3       java.lang.invoke.MethodHandle::keepsAlive (49 bytes)
Event: 1.301 Thread 0x0000023ed50afce0 nmethod 1906 0x0000023eb9da9d90 code [0x0000023eb9daa000, 0x0000023eb9daab60]
Event: 1.301 Thread 0x0000023ed50afce0 1907       3       kotlin.jvm.JvmClassMappingKt::getJavaObjectType (289 bytes)
Event: 1.302 Thread 0x0000023ed50afce0 nmethod 1907 0x0000023eb9daaf90 code [0x0000023eb9dab3a0, 0x0000023eb9dacca8]
Event: 1.302 Thread 0x0000023ed50afce0 1908       3       kotlin.reflect.jvm.internal.impl.name.ClassId::asSingleFqName (67 bytes)

GC Heap History (11 events):
Event: 0.412 GC heap before
{Heap before GC invocations=0 (full 0):
 garbage-first heap   total 260096K, used 24576K [0x0000000702e00000, 0x0000000800000000)
  region size 2048K, 11 young (22528K), 0 survivors (0K)
 Metaspace       used 14032K, committed 14208K, reserved 1114112K
  class space    used 1369K, committed 1472K, reserved 1048576K
}
Event: 0.414 GC heap after
{Heap after GC invocations=1 (full 0):
 garbage-first heap   total 260096K, used 6997K [0x0000000702e00000, 0x0000000800000000)
  region size 2048K, 2 young (4096K), 2 survivors (4096K)
 Metaspace       used 14032K, committed 14208K, reserved 1114112K
  class space    used 1369K, committed 1472K, reserved 1048576K
}
Event: 0.673 GC heap before
{Heap before GC invocations=1 (full 0):
 garbage-first heap   total 260096K, used 29525K [0x0000000702e00000, 0x0000000800000000)
  region size 2048K, 14 young (28672K), 2 survivors (4096K)
 Metaspace       used 21318K, committed 21504K, reserved 1114112K
  class space    used 2209K, committed 2304K, reserved 1048576K
}
Event: 0.675 GC heap after
{Heap after GC invocations=2 (full 0):
 garbage-first heap   total 260096K, used 8097K [0x0000000702e00000, 0x0000000800000000)
  region size 2048K, 2 young (4096K), 2 survivors (4096K)
 Metaspace       used 21318K, committed 21504K, reserved 1114112K
  class space    used 2209K, committed 2304K, reserved 1048576K
}
Event: 0.876 GC heap before
{Heap before GC invocations=3 (full 0):
 garbage-first heap   total 34816K, used 34721K [0x0000000702e00000, 0x0000000800000000)
  region size 2048K, 15 young (30720K), 2 survivors (4096K)
 Metaspace       used 22187K, committed 22464K, reserved 1114112K
  class space    used 2340K, committed 2432K, reserved 1048576K
}
Event: 0.883 GC heap after
{Heap after GC invocations=4 (full 0):
 garbage-first heap   total 53248K, used 21566K [0x0000000702e00000, 0x0000000800000000)
  region size 2048K, 9 young (18432K), 9 survivors (18432K)
 Metaspace       used 22187K, committed 22464K, reserved 1114112K
  class space    used 2340K, committed 2432K, reserved 1048576K
}
Event: 0.928 GC heap before
{Heap before GC invocations=4 (full 0):
 garbage-first heap   total 53248K, used 29758K [0x0000000702e00000, 0x0000000800000000)
  region size 2048K, 13 young (26624K), 9 survivors (18432K)
 Metaspace       used 22724K, committed 22912K, reserved 1114112K
  class space    used 2400K, committed 2496K, reserved 1048576K
}
Event: 0.937 GC heap after
{Heap after GC invocations=5 (full 0):
 garbage-first heap   total 53248K, used 23044K [0x0000000702e00000, 0x0000000800000000)
  region size 2048K, 1 young (2048K), 1 survivors (2048K)
 Metaspace       used 22724K, committed 22912K, reserved 1114112K
  class space    used 2400K, committed 2496K, reserved 1048576K
}
Event: 1.105 GC heap before
{Heap before GC invocations=5 (full 0):
 garbage-first heap   total 53248K, used 37380K [0x0000000702e00000, 0x0000000800000000)
  region size 2048K, 8 young (16384K), 1 survivors (2048K)
 Metaspace       used 25751K, committed 25920K, reserved 1114112K
  class space    used 2735K, committed 2816K, reserved 1048576K
}
Event: 1.108 GC heap after
{Heap after GC invocations=6 (full 0):
 garbage-first heap   total 53248K, used 25252K [0x0000000702e00000, 0x0000000800000000)
  region size 2048K, 1 young (2048K), 1 survivors (2048K)
 Metaspace       used 25751K, committed 25920K, reserved 1114112K
  class space    used 2735K, committed 2816K, reserved 1048576K
}
Event: 1.303 GC heap before
{Heap before GC invocations=6 (full 0):
 garbage-first heap   total 53248K, used 39588K [0x0000000702e00000, 0x0000000800000000)
  region size 2048K, 8 young (16384K), 1 survivors (2048K)
 Metaspace       used 30388K, committed 30720K, reserved 1114112K
  class space    used 3736K, committed 3904K, reserved 1048576K
}

Dll operation events (3 events):
Event: 0.004 Loaded shared library C:\Program Files\Android\Android Studio\jbr\bin\java.dll
Event: 0.007 Loaded shared library C:\Program Files\Android\Android Studio\jbr\bin\zip.dll
Event: 0.680 Loaded shared library C:\Program Files\Android\Android Studio\jbr\bin\verify.dll

Deoptimization events (20 events):
Event: 1.246 Thread 0x0000023eb458a4c0 Uncommon trap: trap_request=0xffffffde fr.pc=0x0000023ec15c7e6c relative=0x00000000000008ac
Event: 1.246 Thread 0x0000023eb458a4c0 Uncommon trap: reason=class_check action=maybe_recompile pc=0x0000023ec15c7e6c method=java.util.HashMap.putVal(ILjava/lang/Object;Ljava/lang/Object;ZZ)Ljava/lang/Object; @ 91 c2
Event: 1.246 Thread 0x0000023eb458a4c0 DEOPT PACKING pc=0x0000023ec15c7e6c sp=0x000000f11abfad80
Event: 1.246 Thread 0x0000023eb458a4c0 DEOPT UNPACKING pc=0x0000023ec0fd46a2 sp=0x000000f11abfac90 mode 2
Event: 1.246 Thread 0x0000023eb458a4c0 Uncommon trap: trap_request=0xffffffde fr.pc=0x0000023ec15c7e6c relative=0x00000000000008ac
Event: 1.246 Thread 0x0000023eb458a4c0 Uncommon trap: reason=class_check action=maybe_recompile pc=0x0000023ec15c7e6c method=java.util.HashMap.putVal(ILjava/lang/Object;Ljava/lang/Object;ZZ)Ljava/lang/Object; @ 91 c2
Event: 1.246 Thread 0x0000023eb458a4c0 DEOPT PACKING pc=0x0000023ec15c7e6c sp=0x000000f11abfad80
Event: 1.246 Thread 0x0000023eb458a4c0 DEOPT UNPACKING pc=0x0000023ec0fd46a2 sp=0x000000f11abfac90 mode 2
Event: 1.246 Thread 0x0000023eb458a4c0 Uncommon trap: trap_request=0xffffffde fr.pc=0x0000023ec15c7e6c relative=0x00000000000008ac
Event: 1.246 Thread 0x0000023eb458a4c0 Uncommon trap: reason=class_check action=maybe_recompile pc=0x0000023ec15c7e6c method=java.util.HashMap.putVal(ILjava/lang/Object;Ljava/lang/Object;ZZ)Ljava/lang/Object; @ 91 c2
Event: 1.246 Thread 0x0000023eb458a4c0 DEOPT PACKING pc=0x0000023ec15c7e6c sp=0x000000f11abfad80
Event: 1.246 Thread 0x0000023eb458a4c0 DEOPT UNPACKING pc=0x0000023ec0fd46a2 sp=0x000000f11abfac90 mode 2
Event: 1.254 Thread 0x0000023eb458a4c0 Uncommon trap: trap_request=0xffffff45 fr.pc=0x0000023ec155d350 relative=0x0000000000000290
Event: 1.254 Thread 0x0000023eb458a4c0 Uncommon trap: reason=unstable_if action=reinterpret pc=0x0000023ec155d350 method=java.util.concurrent.ConcurrentHashMap.get(Ljava/lang/Object;)Ljava/lang/Object; @ 76 c2
Event: 1.254 Thread 0x0000023eb458a4c0 DEOPT PACKING pc=0x0000023ec155d350 sp=0x000000f11abfb6e0
Event: 1.254 Thread 0x0000023eb458a4c0 DEOPT UNPACKING pc=0x0000023ec0fd46a2 sp=0x000000f11abfb658 mode 2
Event: 1.256 Thread 0x0000023eb458a4c0 Uncommon trap: trap_request=0xffffff45 fr.pc=0x0000023ec1547ab4 relative=0x00000000000000f4
Event: 1.256 Thread 0x0000023eb458a4c0 Uncommon trap: reason=unstable_if action=reinterpret pc=0x0000023ec1547ab4 method=sun.reflect.generics.parser.SignatureParser.current()C @ 39 c2
Event: 1.256 Thread 0x0000023eb458a4c0 DEOPT PACKING pc=0x0000023ec1547ab4 sp=0x000000f11abfaf90
Event: 1.256 Thread 0x0000023eb458a4c0 DEOPT UNPACKING pc=0x0000023ec0fd46a2 sp=0x000000f11abfaf28 mode 2

Classes loaded (20 events):
Event: 1.089 Loading class java/util/Collections$SingletonMap
Event: 1.089 Loading class java/util/Collections$SingletonMap done
Event: 1.254 Loading class jdk/internal/vm/annotation/IntrinsicCandidate
Event: 1.254 Loading class jdk/internal/vm/annotation/IntrinsicCandidate done
Event: 1.256 Loading class sun/reflect/generics/repository/ClassRepository
Event: 1.256 Loading class sun/reflect/generics/repository/GenericDeclRepository
Event: 1.256 Loading class sun/reflect/generics/repository/AbstractRepository
Event: 1.256 Loading class sun/reflect/generics/repository/AbstractRepository done
Event: 1.256 Loading class sun/reflect/generics/repository/GenericDeclRepository done
Event: 1.256 Loading class sun/reflect/generics/repository/ClassRepository done
Event: 1.256 Loading class java/lang/reflect/TypeVariable
Event: 1.256 Loading class java/lang/reflect/TypeVariable done
Event: 1.256 Loading class sun/reflect/generics/tree/FormalTypeParameter
Event: 1.256 Loading class sun/reflect/generics/tree/FormalTypeParameter done
Event: 1.256 Loading class sun/reflect/generics/tree/ClassSignature
Event: 1.256 Loading class sun/reflect/generics/tree/Signature
Event: 1.256 Loading class sun/reflect/generics/tree/Signature done
Event: 1.256 Loading class sun/reflect/generics/tree/ClassSignature done
Event: 1.274 Loading class java/lang/annotation/Documented
Event: 1.274 Loading class java/lang/annotation/Documented done

Classes unloaded (0 events):
No events

Classes redefined (0 events):
No events

Internal exceptions (20 events):
Event: 0.513 Thread 0x0000023eb458a4c0 Exception <a 'java/lang/NoSuchMethodError'{0x00000007122c8248}: 'int java.lang.invoke.DirectMethodHandle$Holder.invokeSpecial(java.lang.Object, java.lang.Object, java.lang.Object, java.lang.Object)'> (0x00000007122c8248) 
thrown [s\src\hotspot\share\interpreter\linkResolver.cpp, line 784]
Event: 0.514 Thread 0x0000023eb458a4c0 Exception <a 'java/lang/NoSuchMethodError'{0x00000007122cb630}: 'int java.lang.invoke.Invokers$Holder.invoke_MT(java.lang.Object, java.lang.Object, java.lang.Object, java.lang.Object)'> (0x00000007122cb630) 
thrown [s\src\hotspot\share\interpreter\linkResolver.cpp, line 784]
Event: 0.514 Thread 0x0000023eb458a4c0 Exception <a 'java/lang/NoSuchMethodError'{0x00000007122d9f08}: 'void java.lang.invoke.DelegatingMethodHandle$Holder.reinvoke_L(java.lang.Object, java.lang.Object, java.lang.Object, long, java.lang.Object)'> (0x00000007122d9f08) 
thrown [s\src\hotspot\share\interpreter\linkResolver.cpp, line 784]
Event: 0.515 Thread 0x0000023eb458a4c0 Exception <a 'java/lang/NoSuchMethodError'{0x00000007122e1560}: 'java.lang.Object java.lang.invoke.DirectMethodHandle$Holder.invokeSpecial(java.lang.Object, java.lang.Object, java.lang.Object, java.lang.Object, long)'> (0x00000007122e1560) 
thrown [s\src\hotspot\share\interpreter\linkResolver.cpp, line 784]
Event: 0.516 Thread 0x0000023eb458a4c0 Exception <a 'java/lang/NoSuchMethodError'{0x00000007122efe50}: 'int java.lang.invoke.DelegatingMethodHandle$Holder.reinvoke_L(java.lang.Object, java.lang.Object, java.lang.Object, long, java.lang.Object, java.lang.Object)'> (0x00000007122efe50) 
thrown [s\src\hotspot\share\interpreter\linkResolver.cpp, line 784]
Event: 0.517 Thread 0x0000023eb458a4c0 Exception <a 'java/lang/NoSuchMethodError'{0x00000007122fded8}: 'int java.lang.invoke.DelegatingMethodHandle$Holder.reinvoke_L(java.lang.Object, java.lang.Object, java.lang.Object, long, int, int)'> (0x00000007122fded8) 
thrown [s\src\hotspot\share\interpreter\linkResolver.cpp, line 784]
Event: 0.517 Thread 0x0000023eb458a4c0 Exception <a 'java/lang/NoSuchMethodError'{0x000000071230bd10}: 'int java.lang.invoke.DelegatingMethodHandle$Holder.reinvoke_L(java.lang.Object, java.lang.Object, java.lang.Object, long, long, long)'> (0x000000071230bd10) 
thrown [s\src\hotspot\share\interpreter\linkResolver.cpp, line 784]
Event: 0.519 Thread 0x0000023eb458a4c0 Exception <a 'java/lang/NoSuchMethodError'{0x0000000712319ab0}: 'int java.lang.invoke.DelegatingMethodHandle$Holder.reinvoke_L(java.lang.Object, java.lang.Object, java.lang.Object, long, int)'> (0x0000000712319ab0) 
thrown [s\src\hotspot\share\interpreter\linkResolver.cpp, line 784]
Event: 0.527 Thread 0x0000023eb458a4c0 Exception <a 'java/lang/NoSuchMethodError'{0x00000007123bb000}: 'int java.lang.invoke.DirectMethodHandle$Holder.invokeStaticInit(java.lang.Object, java.lang.Object, java.lang.Object)'> (0x00000007123bb000) 
thrown [s\src\hotspot\share\interpreter\linkResolver.cpp, line 784]
Event: 0.530 Thread 0x0000023eb458a4c0 Exception <a 'java/lang/NoSuchMethodError'{0x00000007123e0d68}: 'int java.lang.invoke.DirectMethodHandle$Holder.invokeStaticInit(java.lang.Object, java.lang.Object)'> (0x00000007123e0d68) 
thrown [s\src\hotspot\share\interpreter\linkResolver.cpp, line 784]
Event: 0.581 Thread 0x0000023eb458a4c0 Exception <a 'java/lang/NoSuchMethodError'{0x0000000711fb8a20}: 'void java.lang.invoke.DirectMethodHandle$Holder.invokeStatic(java.lang.Object, java.lang.Object, java.lang.Object, java.lang.Object)'> (0x0000000711fb8a20) 
thrown [s\src\hotspot\share\interpreter\linkResolver.cpp, line 784]
Event: 0.619 Thread 0x0000023eb458a4c0 Exception <a 'java/lang/NoSuchMethodError'{0x0000000711b62e60}: 'void java.lang.invoke.DirectMethodHandle$Holder.invokeStaticInit(java.lang.Object, java.lang.Object)'> (0x0000000711b62e60) 
thrown [s\src\hotspot\share\interpreter\linkResolver.cpp, line 784]
Event: 0.662 Thread 0x0000023eb458a4c0 Exception <a 'java/lang/NoSuchMethodError'{0x00000007116ed328}: 'void java.lang.invoke.Invokers$Holder.invokeExact_MT(java.lang.Object, int, java.lang.Object)'> (0x00000007116ed328) 
thrown [s\src\hotspot\share\interpreter\linkResolver.cpp, line 784]
Event: 0.694 Thread 0x0000023eb458a4c0 Exception <a 'java/lang/NoSuchMethodError'{0x0000000712bdb808}: 'void java.lang.invoke.DirectMethodHandle$Holder.invokeVirtual(java.lang.Object, java.lang.Object)'> (0x0000000712bdb808) 
thrown [s\src\hotspot\share\interpreter\linkResolver.cpp, line 784]
Event: 0.699 Thread 0x0000023eb458a4c0 Exception <a 'java/lang/NoSuchMethodError'{0x000000070482fab8}: 'int java.lang.invoke.DirectMethodHandle$Holder.invokeVirtual(java.lang.Object, java.lang.Object)'> (0x000000070482fab8) 
thrown [s\src\hotspot\share\interpreter\linkResolver.cpp, line 784]
Event: 0.707 Thread 0x0000023eb458a4c0 Exception <a 'java/lang/NoSuchMethodError'{0x000000070486bfc8}: 'long java.lang.invoke.DirectMethodHandle$Holder.invokeStatic(java.lang.Object, java.lang.Object, int)'> (0x000000070486bfc8) 
thrown [s\src\hotspot\share\interpreter\linkResolver.cpp, line 784]
Event: 0.707 Thread 0x0000023eb458a4c0 Exception <a 'java/lang/NoSuchMethodError'{0x0000000704876d80}: 'java.lang.Object java.lang.invoke.DelegatingMethodHandle$Holder.reinvoke_L(java.lang.Object, int, long, java.lang.Object, java.lang.Object, int, java.lang.Object)'> (0x0000000704876d80) 
thrown [s\src\hotspot\share\interpreter\linkResolver.cpp, line 784]
Event: 0.711 Thread 0x0000023eb458a4c0 Exception <a 'java/lang/NoSuchMethodError'{0x000000070489dad0}: 'java.lang.Object java.lang.invoke.DirectMethodHandle$Holder.invokeStatic(java.lang.Object, java.lang.Object, int)'> (0x000000070489dad0) 
thrown [s\src\hotspot\share\interpreter\linkResolver.cpp, line 784]
Event: 0.711 Thread 0x0000023eb458a4c0 Exception <a 'java/lang/NoSuchMethodError'{0x00000007048a8d30}: 'void java.lang.invoke.DelegatingMethodHandle$Holder.delegate(java.lang.Object, java.lang.Object, int, java.lang.Object)'> (0x00000007048a8d30) 
thrown [s\src\hotspot\share\interpreter\linkResolver.cpp, line 784]
Event: 0.966 Thread 0x0000023eb458a4c0 Exception <a 'java/lang/NoSuchMethodError'{0x0000000710e6a650}: 'java.lang.Object java.lang.invoke.DirectMethodHandle$Holder.invokeStatic(java.lang.Object, java.lang.Object, int, java.lang.Object)'> (0x0000000710e6a650) 
thrown [s\src\hotspot\share\interpreter\linkResolver.cpp, line 784]

ZGC Phase Switch (0 events):
No events

VM Operations (20 events):
Event: 0.678 Executing VM operation: G1PauseCleanup done
Event: 0.710 Executing VM operation: HandshakeAllThreads (Deoptimize)
Event: 0.711 Executing VM operation: HandshakeAllThreads (Deoptimize) done
Event: 0.876 Executing VM operation: G1CollectForAllocation (G1 Evacuation Pause)
Event: 0.883 Executing VM operation: G1CollectForAllocation (G1 Evacuation Pause) done
Event: 0.890 Executing VM operation: HandshakeAllThreads (Deoptimize)
Event: 0.890 Executing VM operation: HandshakeAllThreads (Deoptimize) done
Event: 0.890 Executing VM operation: HandshakeAllThreads (Deoptimize)
Event: 0.890 Executing VM operation: HandshakeAllThreads (Deoptimize) done
Event: 0.928 Executing VM operation: G1CollectForAllocation (G1 Evacuation Pause)
Event: 0.937 Executing VM operation: G1CollectForAllocation (G1 Evacuation Pause) done
Event: 0.994 Executing VM operation: HandshakeAllThreads (Deoptimize)
Event: 0.995 Executing VM operation: HandshakeAllThreads (Deoptimize) done
Event: 0.995 Executing VM operation: HandshakeAllThreads (Deoptimize)
Event: 0.995 Executing VM operation: HandshakeAllThreads (Deoptimize) done
Event: 1.068 Executing VM operation: HandshakeAllThreads (Deoptimize)
Event: 1.068 Executing VM operation: HandshakeAllThreads (Deoptimize) done
Event: 1.105 Executing VM operation: G1CollectForAllocation (G1 Evacuation Pause)
Event: 1.108 Executing VM operation: G1CollectForAllocation (G1 Evacuation Pause) done
Event: 1.303 Executing VM operation: G1CollectForAllocation (G1 Evacuation Pause)

Events (17 events):
Event: 0.006 Thread 0x0000023eb458a4c0 Thread added: 0x0000023eb458a4c0
Event: 0.040 Thread 0x0000023ed506ac10 Thread added: 0x0000023ed506ac10
Event: 0.040 Thread 0x0000023ed506ba30 Thread added: 0x0000023ed506ba30
Event: 0.041 Thread 0x0000023ed5082f80 Thread added: 0x0000023ed5082f80
Event: 0.041 Thread 0x0000023ed50839e0 Thread added: 0x0000023ed50839e0
Event: 0.041 Thread 0x0000023ed5084440 Thread added: 0x0000023ed5084440
Event: 0.041 Thread 0x0000023ed5071ad0 Thread added: 0x0000023ed5071ad0
Event: 0.041 Thread 0x0000023ed5072860 Thread added: 0x0000023ed5072860
Event: 0.041 Thread 0x0000023ed50afce0 Thread added: 0x0000023ed50afce0
Event: 0.064 Thread 0x0000023ed518e550 Thread added: 0x0000023ed518e550
Event: 0.068 Thread 0x0000023ed518f900 Thread added: 0x0000023ed518f900
Event: 0.073 Loaded shared library C:\Program Files\Android\Android Studio\jbr\bin\net.dll
Event: 0.075 Loaded shared library C:\Program Files\Android\Android Studio\jbr\bin\nio.dll
Event: 0.086 Thread 0x0000023ed52e85a0 Thread added: 0x0000023ed52e85a0
Event: 0.086 Thread 0x0000023ed52e8c50 Thread added: 0x0000023ed52e8c50
Event: 0.092 Loaded shared library C:\Program Files\Android\Android Studio\jbr\bin\zip.dll
Event: 0.112 Loaded shared library C:\Program Files\Android\Android Studio\jbr\bin\jimage.dll


Dynamic libraries:
0x00007ff68ebc0000 - 0x00007ff68ebca000 	C:\Program Files\Android\Android Studio\jbr\bin\java.exe
0x00007ffb34e10000 - 0x00007ffb35008000 	C:\Windows\SYSTEM32\ntdll.dll
0x00007ffb345b0000 - 0x00007ffb34672000 	C:\Windows\System32\KERNEL32.DLL
0x00007ffb32500000 - 0x00007ffb327fe000 	C:\Windows\System32\KERNELBASE.dll
0x00007ffb32d30000 - 0x00007ffb32e30000 	C:\Windows\System32\ucrtbase.dll
0x00007ffb20c50000 - 0x00007ffb20c68000 	C:\Program Files\Android\Android Studio\jbr\bin\jli.dll
0x00007ffb009e0000 - 0x00007ffb009fb000 	C:\Program Files\Android\Android Studio\jbr\bin\VCRUNTIME140.dll
0x00007ffb33190000 - 0x00007ffb3332d000 	C:\Windows\System32\USER32.dll
0x00007ffb1c1b0000 - 0x00007ffb1c44a000 	C:\Windows\WinSxS\amd64_microsoft.windows.common-controls_6595b64144ccf1df_6.0.19041.4355_none_60b8b9eb71f62e16\COMCTL32.dll
0x00007ffb32b30000 - 0x00007ffb32b52000 	C:\Windows\System32\win32u.dll
0x00007ffb34d30000 - 0x00007ffb34dce000 	C:\Windows\System32\msvcrt.dll
0x00007ffb34730000 - 0x00007ffb3475b000 	C:\Windows\System32\GDI32.dll
0x00007ffb32a10000 - 0x00007ffb32b27000 	C:\Windows\System32\gdi32full.dll
0x00007ffb32c00000 - 0x00007ffb32c9d000 	C:\Windows\System32\msvcp_win.dll
0x00007ffb33c60000 - 0x00007ffb33c8f000 	C:\Windows\System32\IMM32.DLL
0x00007ffb20a00000 - 0x00007ffb20a0c000 	C:\Program Files\Android\Android Studio\jbr\bin\vcruntime140_1.dll
0x00007ffb0ce70000 - 0x00007ffb0cefd000 	C:\Program Files\Android\Android Studio\jbr\bin\msvcp140.dll
0x00007ffaf27d0000 - 0x00007ffaf344d000 	C:\Program Files\Android\Android Studio\jbr\bin\server\jvm.dll
0x00007ffb34bd0000 - 0x00007ffb34c81000 	C:\Windows\System32\ADVAPI32.dll
0x00007ffb33330000 - 0x00007ffb333cf000 	C:\Windows\System32\sechost.dll
0x00007ffb34a10000 - 0x00007ffb34b33000 	C:\Windows\System32\RPCRT4.dll
0x00007ffb32bd0000 - 0x00007ffb32bf7000 	C:\Windows\System32\bcrypt.dll
0x00007ffb347c0000 - 0x00007ffb3482b000 	C:\Windows\System32\WS2_32.dll
0x00007ffb31a00000 - 0x00007ffb31a4b000 	C:\Windows\SYSTEM32\POWRPROF.dll
0x00007ffb29d60000 - 0x00007ffb29d87000 	C:\Windows\SYSTEM32\WINMM.dll
0x00007ffb2b130000 - 0x00007ffb2b13a000 	C:\Windows\SYSTEM32\VERSION.dll
0x00007ffb31870000 - 0x00007ffb31882000 	C:\Windows\SYSTEM32\UMPDC.dll
0x00007ffb30310000 - 0x00007ffb30322000 	C:\Windows\SYSTEM32\kernel.appcore.dll
0x00007ffb148c0000 - 0x00007ffb148ca000 	C:\Program Files\Android\Android Studio\jbr\bin\jimage.dll
0x00007ffb26be0000 - 0x00007ffb26dc4000 	C:\Windows\SYSTEM32\DBGHELP.DLL
0x00007ffb1c500000 - 0x00007ffb1c534000 	C:\Windows\SYSTEM32\dbgcore.DLL
0x00007ffb32ca0000 - 0x00007ffb32d22000 	C:\Windows\System32\bcryptPrimitives.dll
0x00007ffaff8f0000 - 0x00007ffaff90f000 	C:\Program Files\Android\Android Studio\jbr\bin\java.dll
0x00007ffaff6f0000 - 0x00007ffaff708000 	C:\Program Files\Android\Android Studio\jbr\bin\zip.dll
0x00007ffb33c90000 - 0x00007ffb343fd000 	C:\Windows\System32\SHELL32.dll
0x00007ffb30510000 - 0x00007ffb30cb4000 	C:\Windows\SYSTEM32\windows.storage.dll
0x00007ffb32e30000 - 0x00007ffb33183000 	C:\Windows\System32\combase.dll
0x00007ffb31e00000 - 0x00007ffb31e2e000 	C:\Windows\SYSTEM32\Wldp.dll
0x00007ffb34420000 - 0x00007ffb344ed000 	C:\Windows\System32\OLEAUT32.dll
0x00007ffb34500000 - 0x00007ffb345ad000 	C:\Windows\System32\SHCORE.dll
0x00007ffb349b0000 - 0x00007ffb34a05000 	C:\Windows\System32\shlwapi.dll
0x00007ffb323e0000 - 0x00007ffb32404000 	C:\Windows\SYSTEM32\profapi.dll
0x00007ffb14110000 - 0x00007ffb14120000 	C:\Program Files\Android\Android Studio\jbr\bin\net.dll
0x00007ffb2c760000 - 0x00007ffb2c86d000 	C:\Windows\SYSTEM32\WINHTTP.dll
0x00007ffb31be0000 - 0x00007ffb31c4a000 	C:\Windows\system32\mswsock.dll
0x00007ffafd940000 - 0x00007ffafd956000 	C:\Program Files\Android\Android Studio\jbr\bin\nio.dll
0x00007ffb0d510000 - 0x00007ffb0d520000 	C:\Program Files\Android\Android Studio\jbr\bin\verify.dll

dbghelp: loaded successfully - version: 4.0.5 - missing functions: none
symbol engine: initialized successfully - sym options: 0x614 - pdb path: .;C:\Program Files\Android\Android Studio\jbr\bin;C:\Windows\SYSTEM32;C:\Windows\WinSxS\amd64_microsoft.windows.common-controls_6595b64144ccf1df_6.0.19041.4355_none_60b8b9eb71f62e16;C:\Program Files\Android\Android Studio\jbr\bin\server

VM Arguments:
java_command: org.jetbrains.kotlin.cli.jvm.K2JVMCompiler @C:\Users\Kareem Zedan\StudioProjects\Capital_Taxi2\app\build\20250218_15783922065223303595.compiler.options
java_class_path (initial): C:\Users\Kareem Zedan\.gradle\caches\modules-2\files-2.1\org.jetbrains.kotlin\kotlin-compiler-embeddable\2.0.0\1de310de3446414381282ffc46c3ed3919a4d1da\kotlin-compiler-embeddable-2.0.0.jar;C:\Users\Kareem Zedan\.gradle\caches\modules-2\files-2.1\org.jetbrains.kotlin\kotlin-stdlib\2.0.0\b48df2c4aede9586cc931ead433bc02d6fd7879e\kotlin-stdlib-2.0.0.jar;C:\Users\Kareem Zedan\.gradle\caches\modules-2\files-2.1\org.jetbrains.kotlin\kotlin-script-runtime\2.0.0\fdc27dd047d592fa41d2dfa21e7621287a361612\kotlin-script-runtime-2.0.0.jar;C:\Users\Kareem Zedan\.gradle\caches\modules-2\files-2.1\org.jetbrains.kotlin\kotlin-reflect\1.6.10\1cbe9c92c12a94eea200d23c2bbaedaf3daf5132\kotlin-reflect-1.6.10.jar;C:\Users\Kareem Zedan\.gradle\caches\modules-2\files-2.1\org.jetbrains.kotlin\kotlin-daemon-embeddable\2.0.0\b39c612768614c4428c96ee9c65477181fffe9d\kotlin-daemon-embeddable-2.0.0.jar;C:\Users\Kareem Zedan\.gradle\caches\modules-2\files-2.1\org.jetbrains.intellij.deps\trove4j\1.0.20200330\3afb14d5f9ceb459d724e907a21145e8ff394f02\trove4j-1.0.20200330.jar;C:\Users\Kareem Zedan\.gradle\caches\modules-2\files-2.1\org.jetbrains\annotations\13.0\919f0dfe192fb4e063e7dacadee7f8bb9a2672a9\annotations-13.0.jar
Launcher Type: SUN_STANDARD

[Global flags]
     intx CICompilerCount                          = 4                                         {product} {ergonomic}
     uint ConcGCThreads                            = 3                                         {product} {ergonomic}
     uint G1ConcRefinementThreads                  = 10                                        {product} {ergonomic}
   size_t G1HeapRegionSize                         = 2097152                                   {product} {ergonomic}
    uintx GCDrainStackTargetSize                   = 64                                        {product} {ergonomic}
   size_t InitialHeapSize                          = 266338304                                 {product} {ergonomic}
   size_t MarkStackSize                            = 4194304                                   {product} {ergonomic}
   size_t MaxHeapSize                              = 4246732800                                {product} {ergonomic}
   size_t MaxNewSize                               = 2548039680                                {product} {ergonomic}
   size_t MinHeapDeltaBytes                        = 2097152                                   {product} {ergonomic}
   size_t MinHeapSize                              = 8388608                                   {product} {ergonomic}
    uintx NonNMethodCodeHeapSize                   = 5839372                                {pd product} {ergonomic}
    uintx NonProfiledCodeHeapSize                  = 122909434                              {pd product} {ergonomic}
    uintx ProfiledCodeHeapSize                     = 122909434                              {pd product} {ergonomic}
    uintx ReservedCodeCacheSize                    = 251658240                              {pd product} {ergonomic}
     bool SegmentedCodeCache                       = true                                      {product} {ergonomic}
   size_t SoftMaxHeapSize                          = 4246732800                             {manageable} {ergonomic}
     bool UseCompressedOops                        = true                           {product lp64_product} {ergonomic}
     bool UseG1GC                                  = true                                      {product} {ergonomic}
     bool UseLargePagesIndividualAllocation        = false                                  {pd product} {ergonomic}

Logging:
Log output configuration:
 #0: stdout all=warning uptime,level,tags foldmultilines=false
 #1: stderr all=off uptime,level,tags foldmultilines=false

Environment Variables:
PATH=C:\Program Files\Common Files\Oracle\Java\javapath;C:\Windows\system32;C:\Windows;C:\Windows\System32\Wbem;C:\Windows\System32\WindowsPowerShell\v1.0\;C:\Windows\System32\OpenSSH\;C:\Program Files (x86)\Windows Kits\10\Windows Performance Toolkit\;C:\Program Files\Git\cmd;C:\Program Files\nodejs\;C:\Users\Kareem Zedan\AppData\Local\Microsoft\WindowsApps;C:\Users\Kareem Zedan\AppData\Local\Programs\Microsoft VS Code\bin;C:\Users\Kareem Zedan\AppData\Local\Programs\Microsoft VS Code\bin;C:\Users\Kareem Zedan\.cache\firebase\tools\bin;C:\Users\Kareem Zedan\AppData\Local\Pub\Cache\bin;C:\Users\Kareem Zedan\AppData\Roaming\npm;C:\Program Files\jdk-17.0.12\bin;C:\src2\flutter\bin;C:\src2\flutter\bin\cache\dart-sdk\bin;C:\Users\Kareem Zedan\AppData\Local\Google\Cloud SDK\google-cloud-sdk\bin
USERNAME=Kareem Zedan
OS=Windows_NT
PROCESSOR_IDENTIFIER=Intel64 Family 6 Model 151 Stepping 5, GenuineIntel
TMP=C:\Users\KAREEM~1\AppData\Local\Temp
TEMP=C:\Users\KAREEM~1\AppData\Local\Temp




Periodic native trim disabled

JNI global refs:
JNI global refs: 9, weak refs: 0

JNI global refs memory usage: 835, weak refs: 833

Process memory usage:
Resident Set Size: 160284K (0% of 16586164K total physical memory with 2462048K free physical memory)

OOME stack traces (most recent first):
Classloader memory used:
Loader jdk.internal.loader.ClassLoaders$AppClassLoader                                 : 19950K
Loader bootstrap                                                                       : 10252K
Loader java.net.URLClassLoader                                                         : 184K

---------------  S Y S T E M  ---------------

OS:
 Windows 10 , 64 bit Build 19041 (10.0.19041.5072)
OS uptime: 1 days 23:40 hours
Hyper-V role detected

CPU: total 12 (initial active 12) (6 cores per cpu, 2 threads per core) family 6 model 151 stepping 5 microcode 0x32, cx8, cmov, fxsr, ht, mmx, 3dnowpref, sse, sse2, sse3, ssse3, sse4.1, sse4.2, popcnt, lzcnt, tsc, tscinvbit, avx, avx2, aes, erms, clmul, bmi1, bmi2, adx, sha, fma, vzeroupper, clflush, clflushopt, clwb, hv, rdtscp, rdpid, fsrm, f16c, cet_ibt, cet_ss
Processor Information for all 12 processors :
  Max Mhz: 2500, Current Mhz: 2500, Mhz Limit: 2500

Memory: 4k page, system-wide physical 16197M (2404M free)
TotalPageFile size 26949M (AvailPageFile size 5119M)
current process WorkingSet (physical memory assigned to process): 156M, peak: 156M
current process commit charge ("private bytes"): 197M, peak: 366M

vm_info: OpenJDK 64-Bit Server VM (21.0.3+-12282718-b509.11) for windows-amd64 JRE (21.0.3+-12282718-b509.11), built on 2024-08-27T17:34:15Z by "builder" with MS VC++ 16.10 / 16.11 (VS2019)

END.
