#
# A fatal error has been detected by the Java Runtime Environment:
#
#  EXCEPTION_ACCESS_VIOLATION (0xc0000005) at pc=0x00007ffb037b9a01, pid=15716, tid=14308
#
# JRE version: OpenJDK Runtime Environment (21.0.3) (build 21.0.3+-12282718-b509.11)
# Java VM: OpenJDK 64-Bit Server VM (21.0.3+-12282718-b509.11, mixed mode, tiered, compressed oops, compressed class ptrs, g1 gc, windows-amd64)
# Problematic frame:
# V  [jvm.dll+0x139a01]
#
# No core dump will be written. Minidumps are not enabled by default on client versions of Windows
#
# If you would like to submit a bug report, please visit:
#   https://youtrack.jetbrains.com/issues/JBR
#

---------------  S U M M A R Y ------------

Command Line: org.jetbrains.kotlin.cli.jvm.K2JVMCompiler @C:\Users\Kareem Zedan\StudioProjects\Capital_Taxi2\app\build\20250218_8704358294879633868.compiler.options

Host: 12th Gen Intel(R) Core(TM) i5-12400F, 12 cores, 15G,  Windows 10 , 64 bit Build 19041 (10.0.19041.5072)
Time: Tue Feb 18 00:59:45 2025 Egypt Standard Time elapsed time: 6.962044 seconds (0d 0h 0m 6s)

---------------  T H R E A D  ---------------

Current thread (0x0000023df9f1f6a0):  WorkerThread "G1 Conc#1"      [id=14308, stack(0x000000a963000000,0x000000a963100000) (1024K)]

Stack: [0x000000a963000000,0x000000a963100000],  sp=0x000000a9630ff3d8,  free space=1020k
Native frames: (J=compiled Java code, j=interpreted, Vv=VM code, C=native code)
V  [jvm.dll+0x139a01]


siginfo: EXCEPTION_ACCESS_VIOLATION (0xc0000005), reading address 0x00000018000080fb


Registers:
RAX=0x0000001800007ffb, RBX=0x0000023ddab70101, RCX=0x00000008000cd064, RDX=0x0000000708617680
RSP=0x000000a9630ff3d8, RBP=0x0000000000000002, RSI=0x0000023ddab53120, RDI=0x0000000708617680
R8 =0x00000008000cd064, R9 =0x0000000000000000, R10=0x0000023ddaafc380, R11=0x0000000000000003
R12=0x0000000000000000, R13=0xaaaaaaaaaaaaaaab, R14=0x000000080054d870, R15=0x0000000708617668
RIP=0x00007ffb037b9a01, EFLAGS=0x0000000000010246


Register to memory mapping:

RAX=0x0000001800007ffb is an unknown value
RBX=0x0000023ddab70101 points into unknown readable memory: 00 00 00 00 00 00 00
RCX=0x00000008000cd064 is pointing into metadata
RDX=
[error occurred during error reporting (printing register info), id 0xc0000005, EXCEPTION_ACCESS_VIOLATION (0xc0000005) at pc=0x00007ffb037b9a01]
RSP=0x000000a9630ff3d8 points into unknown readable memory: 0x00007ffb03995d9a | 9a 5d 99 03 fb 7f 00 00
RBP=0x0000000000000002 is an unknown value
RSI=0x0000023ddab53120 points into unknown readable memory: 0x0000023ddab63890 | 90 38 b6 da 3d 02 00 00
RDI=
[error occurred during error reporting (printing register info, attempt 2), id 0xc0000005, EXCEPTION_ACCESS_VIOLATION (0xc0000005) at pc=0x00007ffb037b9a01]
R8 =0x00000008000cd064 is pointing into metadata
R9 =0x0 is null
R10=0x0000023ddaafc380 points into unknown readable memory: 0x00007ffb03fdf1b0 | b0 f1 fd 03 fb 7f 00 00
R11=0x0000000000000003 is an unknown value
R12=0x0 is null
R13=0xaaaaaaaaaaaaaaab is an unknown value
R14=0x000000080054d870 is a pointer to class: 
org.jetbrains.kotlin.fir.types.jvm.FirJavaTypeRef$$Lambda/0x000000080054d870 {0x000000080054d878}
 - instance size:     2
 - klass size:        72
 - access:            final synchronized synthetic 
 - flags:             rewritten has_nonstatic_fields should_verify_class has_resolved_methods 
 - state:             fully_initialized
 - name:              'org/jetbrains/kotlin/fir/types/jvm/FirJavaTypeRef$$Lambda+0x000000080054d870'
 - super:             'java/lang/Object'
 - sub:               
 - arrays:            null
 - methods:           Array<T>(0x0000023df782d108)
 - method ordering:   Array<T>(0x0000023df5000018)
 - default_methods:   Array<T>(0x0000000000000000)
 - local interfaces:  Array<T>(0x0000023df782d0f8)
 - trans. interfaces: Array<T>(0x0000023df782d288)
 - constants:         constant pool [26] {0x0000023df782cfc0} for 'org/jetbrains/kotlin/fir/types/jvm/FirJavaTypeRef$$Lambda+0x000000080054d870' cache=0x0000023df782d2c0
 - class loader data:  loader data: 0x0000023df4ba1df0 for instance a 'jdk/internal/loader/ClassLoaders$AppClassLoader'{0x000000070324a970}
 - class annotations:       Array<T>(0x0000000000000000)
 - class type annotations:  Array<T>(0x0000000000000000)
 - field annotations:       Array<T>(0x0000000000000000)
 - field type annotations:  Array<T>(0x0000000000000000)
 - inner classes:     Array<T>(0x0000023df5000028)
 - nest members:     Array<T>(0x0000023df5000028)
 - permitted subclasses:     Array<T>(0x0000023df5000028)
 - java mirror:       a 'java/lang/Class'{0x00000007062188c0} = 'org/jetbrains/kotlin/fir/types/jvm/FirJavaTypeRef$$Lambda+0x000000080054d870'
 - vtable length      5  (start addr: 0x000000080054da58)
 - itable length      5 (start addr: 0x000000080054da80)
 - ---- static fields (0 words):
 - ---- non-static fields (1 words):
 - private final 'arg$1' 'Lkotlin/jvm/functions/Function0;' @12 
 - non-static oop maps: 12-12 
R15=0x0000000708617668 is an oop: org.jetbrains.kotlin.fir.types.jvm.FirJavaTypeRef 
{0x0000000708617668} - klass: 'org/jetbrains/kotlin/fir/types/jvm/FirJavaTypeRef'
 - ---- fields (total size 3 words):
 - private final 'type' 'Lorg/jetbrains/kotlin/load/java/structure/JavaType;' @12  a 'org/jetbrains/kotlin/load/java/structure/impl/classFiles/PlainJavaPrimitiveType'{0x0000000707b71f90} (0xe0f6e3f2)
 - private final 'annotations$delegate' 'Lkotlin/Lazy;' @16  
[error occurred during error reporting (printing register info, attempt 3), id 0xc0000005, EXCEPTION_ACCESS_VIOLATION (0xc0000005) at pc=0x00007ffb03d362cc]
Top of Stack: (sp=0x000000a9630ff3d8)
0x000000a9630ff3d8:   00007ffb03995d9a 0000000000000000
0x000000a9630ff3e8:   00007ffb03995d9a 0000e4566d49ea79
0x000000a9630ff3f8:   00007ffb03995d9a 0000000708617680
0x000000a9630ff408:   00007ffb03995b6f 0000023ddab70150
0x000000a9630ff418:   000000a9630ff5d0 000000080054d868
0x000000a9630ff428:   000000a9630ff5d0 000000070861767c
0x000000a9630ff438:   00007ffb039934ed 0000000708617678
0x000000a9630ff448:   00007ffb03993d9d 00000007086175f0
0x000000a9630ff458:   0000000800046f50 000000a9630ff590
0x000000a9630ff468:   0000000000000000 0000000708617668
0x000000a9630ff478:   00007ffb03993132 000000080054d530
0x000000a9630ff488:   0000000000000003 000000a9630ff5d0
0x000000a9630ff498:   0000000000000000 0000000708617668
0x000000a9630ff4a8:   00007ffb039aebaa 0000023ddab70150
0x000000a9630ff4b8:   0000000000000040 0000000000000080
0x000000a9630ff4c8:   00007ffb039b0ed0 0000000000000001
0x000000a9630ff4d8:   0000000707b26538 000000a9630ff590
0x000000a9630ff4e8:   0000023ddab53130 00000000009a4ca7
0x000000a9630ff4f8:   00007ffb039ad71c 00000000009a4ca7
0x000000a9630ff508:   0000000000000000 0000000708617668
0x000000a9630ff518:   00007ffb039aebaa 00000000009c0000
0x000000a9630ff528:   00007ffb039af29c 0000000707b26520
0x000000a9630ff538:   00000000009a4ca7 00000000001a39de
0x000000a9630ff548:   0000000000000000 0000000000000002
0x000000a9630ff558:   0000000000000001 0000023ddab70150
0x000000a9630ff568:   00007ffb039adfe3 0000000000000555
0x000000a9630ff578:   0000000000000000 000000a9616ffa01
0x000000a9630ff588:   0000000000000000 0000023ddab53120
0x000000a9630ff598:   0000023ddab70150 0000000707a00000
0x000000a9630ff5a8:   0000000000040000 0000000707a00000
0x000000a9630ff5b8:   0000000000040000 0000023df9bac5f0
0x000000a9630ff5c8:   00007ffb34e3fae2 00007ffb03fe0a98 

Instructions: (pc=0x00007ffb037b9a01)
0x00007ffb037b9901:   08 8b 0d 10 c6 9e 00 49 d3 e0 4c 03 05 fe c5 9e
0x00007ffb037b9911:   00 eb 04 4c 8b 41 08 45 8b 48 08 45 85 c9 7e 0e
0x00007ffb037b9921:   41 f6 c1 01 75 53 41 c1 f9 03 49 63 c1 c3 79 49
0x00007ffb037b9931:   84 c0 41 b8 0c 00 00 00 8b 05 c9 d6 9e 00 b9 10
0x00007ffb037b9941:   00 00 00 41 0f 45 c8 ff c8 4c 63 c0 41 8b c1 48
0x00007ffb037b9951:   c1 f8 10 0f b6 c0 48 63 14 11 41 8b c9 83 e1 3f
0x00007ffb037b9961:   48 d3 e2 49 8d 0c 10 49 f7 d0 48 03 c1 49 c1 e8
0x00007ffb037b9971:   03 48 c1 e8 03 49 23 c0 c3 49 8b 00 49 8b c8 48
0x00007ffb037b9981:   ff a0 00 01 00 00 cc cc cc cc cc cc cc cc cc 4c
0x00007ffb037b9991:   8b c2 48 8b d1 45 8b 48 08 45 85 c9 7e 0e 41 f6
0x00007ffb037b99a1:   c1 01 75 56 41 c1 f9 03 49 63 c1 c3 79 4c 80 3d
0x00007ffb037b99b1:   5a d8 9e 00 00 b8 0c 00 00 00 b9 10 00 00 00 0f
0x00007ffb037b99c1:   45 c8 8b 05 3f d6 9e 00 ff c8 4c 63 c0 41 8b c1
0x00007ffb037b99d1:   48 c1 f8 10 48 63 14 11 41 8b c9 83 e1 3f 0f b6
0x00007ffb037b99e1:   c0 48 d3 e2 49 8d 0c 10 49 f7 d0 48 03 c1 49 c1
0x00007ffb037b99f1:   e8 03 48 c1 e8 03 49 23 c0 c3 49 8b 00 49 8b c8
0x00007ffb037b9a01:   48 ff a0 00 01 00 00 cc cc cc cc cc cc cc cc 40
0x00007ffb037b9a11:   53 48 83 ec 20 48 8b d9 49 8b c0 33 c9 45 0f b6
0x00007ffb037b9a21:   c1 48 89 0b 48 89 4b 08 48 8b cb 48 89 53 10 48
0x00007ffb037b9a31:   8b d0 e8 28 09 00 00 48 8b c3 48 83 c4 20 5b c3
0x00007ffb037b9a41:   cc cc cc cc cc cc cc cc cc cc cc cc cc cc cc 40
0x00007ffb037b9a51:   53 48 83 ec 20 33 c0 44 88 41 10 45 0f b6 c1 48
0x00007ffb037b9a61:   89 01 48 89 41 08 48 8b d9 e8 01 0a 00 00 48 8b
0x00007ffb037b9a71:   c3 48 83 c4 20 5b c3 cc cc cc cc cc cc cc cc 40
0x00007ffb037b9a81:   53 48 83 ec 20 33 c0 48 8b d9 48 89 01 48 89 41
0x00007ffb037b9a91:   08 e8 99 0b 00 00 48 8b c3 48 83 c4 20 5b c3 48
0x00007ffb037b9aa1:   8b c1 48 8b 09 48 85 c9 74 3c 48 8b 40 08 48 83
0x00007ffb037b9ab1:   c0 3f 48 c1 e8 06 48 8d 14 c5 00 00 00 00 48 3b
0x00007ffb037b9ac1:   15 aa da 9e 00 0f 82 f4 05 f8 ff 48 8b 05 45 96
0x00007ffb037b9ad1:   a6 00 48 ff ca 48 03 d0 48 ff c8 48 f7 d0 48 23
0x00007ffb037b9ae1:   d0 e9 f9 46 58 00 c3 cc cc cc cc cc cc cc cc 48
0x00007ffb037b9af1:   83 ec 38 48 8d 0c cd 00 00 00 00 48 3b 0d 6d da 


Stack slot to memory mapping:

stack at sp + 0 slots: 0x00007ffb03995d9a jvm.dll
stack at sp + 1 slots: 0x0 is null
stack at sp + 2 slots: 0x00007ffb03995d9a jvm.dll
stack at sp + 3 slots: 0x0000e4566d49ea79 is an unknown value
stack at sp + 4 slots: 0x00007ffb03995d9a jvm.dll
stack at sp + 5 slots: 
[error occurred during error reporting (inspecting top of stack), id 0xc0000005, EXCEPTION_ACCESS_VIOLATION (0xc0000005) at pc=0x00007ffb037b9a01]
stack at sp + 6 slots: 0x00007ffb03995b6f jvm.dll
stack at sp + 7 slots: 0x0000023ddab70150 points into unknown readable memory: 0x00007ffb03fe0a78 | 78 0a fe 03 fb 7f 00 00


---------------  P R O C E S S  ---------------

Threads class SMR info:
_java_thread_list=0x0000023df9146e80, length=13, elements={
0x0000023dd886d830, 0x0000023df9076880, 0x0000023df90775a0, 0x0000023df9080f30,
0x0000023df90821a0, 0x0000023df905c3b0, 0x0000023df905d5b0, 0x0000023df9060af0,
0x0000023df90642e0, 0x0000023df923f590, 0x0000023df9246e10, 0x0000023df9159460,
0x0000023df915b670
}

Java Threads: ( => current thread )
  0x0000023dd886d830 JavaThread "main"                              [_thread_in_Java, id=6680, stack(0x000000a961400000,0x000000a961500000) (1024K)]
  0x0000023df9076880 JavaThread "Reference Handler"          daemon [_thread_blocked, id=15364, stack(0x000000a961c00000,0x000000a961d00000) (1024K)]
  0x0000023df90775a0 JavaThread "Finalizer"                  daemon [_thread_blocked, id=8372, stack(0x000000a961d00000,0x000000a961e00000) (1024K)]
  0x0000023df9080f30 JavaThread "Signal Dispatcher"          daemon [_thread_blocked, id=15792, stack(0x000000a961e00000,0x000000a961f00000) (1024K)]
  0x0000023df90821a0 JavaThread "Attach Listener"            daemon [_thread_blocked, id=8524, stack(0x000000a961f00000,0x000000a962000000) (1024K)]
  0x0000023df905c3b0 JavaThread "Service Thread"             daemon [_thread_blocked, id=14944, stack(0x000000a962000000,0x000000a962100000) (1024K)]
  0x0000023df905d5b0 JavaThread "Monitor Deflation Thread"   daemon [_thread_blocked, id=14584, stack(0x000000a962100000,0x000000a962200000) (1024K)]
  0x0000023df9060af0 JavaThread "C2 CompilerThread0"         daemon [_thread_in_native, id=4788, stack(0x000000a962200000,0x000000a962300000) (1024K)]
  0x0000023df90642e0 JavaThread "C1 CompilerThread0"         daemon [_thread_in_native, id=3048, stack(0x000000a962300000,0x000000a962400000) (1024K)]
  0x0000023df923f590 JavaThread "Notification Thread"        daemon [_thread_blocked, id=13096, stack(0x000000a962400000,0x000000a962500000) (1024K)]
  0x0000023df9246e10 JavaThread "Common-Cleaner"             daemon [_thread_blocked, id=1692, stack(0x000000a962500000,0x000000a962600000) (1024K)]
  0x0000023df9159460 JavaThread "C2 CompilerThread1"         daemon [_thread_in_native, id=3152, stack(0x000000a962600000,0x000000a962700000) (1024K)]
  0x0000023df915b670 JavaThread "C2 CompilerThread2"         daemon [_thread_in_native, id=6004, stack(0x000000a962700000,0x000000a962800000) (1024K)]
Total: 13

Other Threads:
  0x0000023df4d343e0 VMThread "VM Thread"                           [id=6016, stack(0x000000a961b00000,0x000000a961c00000) (1024K)]
  0x0000023df4ccc910 WatcherThread "VM Periodic Task Thread"        [id=4160, stack(0x000000a961a00000,0x000000a961b00000) (1024K)]
  0x0000023ddab51b10 WorkerThread "GC Thread#0"                     [id=14788, stack(0x000000a961500000,0x000000a961600000) (1024K)]
  0x0000023df9a18bd0 WorkerThread "GC Thread#1"                     [id=12436, stack(0x000000a962800000,0x000000a962900000) (1024K)]
  0x0000023df9a18f70 WorkerThread "GC Thread#2"                     [id=7704, stack(0x000000a962900000,0x000000a962a00000) (1024K)]
  0x0000023df9a19310 WorkerThread "GC Thread#3"                     [id=5112, stack(0x000000a962a00000,0x000000a962b00000) (1024K)]
  0x0000023df9a196b0 WorkerThread "GC Thread#4"                     [id=12728, stack(0x000000a962b00000,0x000000a962c00000) (1024K)]
  0x0000023df9a0dd00 WorkerThread "GC Thread#5"                     [id=11524, stack(0x000000a962c00000,0x000000a962d00000) (1024K)]
  0x0000023df9f20520 WorkerThread "GC Thread#6"                     [id=6404, stack(0x000000a962d00000,0x000000a962e00000) (1024K)]
  0x0000023df9f1ef60 WorkerThread "GC Thread#7"                     [id=2980, stack(0x000000a962e00000,0x000000a962f00000) (1024K)]
  0x0000023df9f1f300 WorkerThread "GC Thread#8"                     [id=8456, stack(0x000000a962f00000,0x000000a963000000) (1024K)]
  0x0000023dfa5cbc90 WorkerThread "GC Thread#9"                     [id=2608, stack(0x000000a963200000,0x000000a963300000) (1024K)]
  0x0000023ddab63890 ConcurrentGCThread "G1 Main Marker"            [id=760, stack(0x000000a961600000,0x000000a961700000) (1024K)]
  0x0000023ddab64a40 WorkerThread "G1 Conc#0"                       [id=15128, stack(0x000000a961700000,0x000000a961800000) (1024K)]
=>0x0000023df9f1f6a0 WorkerThread "G1 Conc#1"                       [id=14308, stack(0x000000a963000000,0x000000a963100000) (1024K)]
  0x0000023df9f1fa40 WorkerThread "G1 Conc#2"                       [id=10984, stack(0x000000a963100000,0x000000a963200000) (1024K)]
  0x0000023df4ba2180 ConcurrentGCThread "G1 Refine#0"               [id=11272, stack(0x000000a961800000,0x000000a961900000) (1024K)]
  0x0000023df4ba3b10 ConcurrentGCThread "G1 Service"                [id=14960, stack(0x000000a961900000,0x000000a961a00000) (1024K)]
Total: 18

Threads with active compile tasks:
C2 CompilerThread0     6980 11896       4       org.jetbrains.kotlin.fir.resolve.ResolveUtilsKt::transformExpressionUsingSmartcastInfo (67 bytes)
C1 CompilerThread0     6980 11957       3       org.jetbrains.kotlin.fir.FirVisibilityChecker::isSpecificDeclarationVisible (346 bytes)
C2 CompilerThread1     6980 11947       4       org.jetbrains.kotlin.fir.resolve.calls.tower.FirTowerResolveTask::processCandidatesWithGivenImplicitReceiverAsValue (1840 bytes)
C2 CompilerThread2     6980 11948       4       org.jetbrains.kotlin.fir.resolve.calls.ArgumentsKt::checkApplicabilityForArgumentType (332 bytes)
Total: 4

VM state: not at safepoint (normal execution)

VM Mutex/Monitor currently owned by a thread:  ([mutex/lock_event])
[0x00007ffb04220b48] MethodCompileQueue_lock - owner thread: 0x0000023df90642e0
[0x00007ffb04221fc8] CodeCache_lock - owner thread: 0x0000023df90642e0
[0x00007ffb04222148] Compile_lock - owner thread: 0x0000023df90642e0

Heap address: 0x0000000702e00000, size: 4050 MB, Compressed Oops mode: Zero based, Oop shift amount: 3

CDS archive(s) not mapped
Compressed class space mapped at: 0x0000000800000000-0x0000000840000000, reserved size: 1073741824
Narrow klass base: 0x0000000800000000, Narrow klass shift: 0, Narrow klass range: 0x40000000

GC Precious Log:
 CardTable entry size: 512
 Card Set container configuration: InlinePtr #cards 4 size 8 Array Of Cards #cards 16 size 48 Howl #buckets 8 coarsen threshold 3686 Howl Bitmap #cards 512 size 80 coarsen threshold 460 Card regions per heap region 1 cards per card region 4096
 CPUs: 12 total, 12 available
 Memory: 16197M
 Large Page Support: Disabled
 NUMA Support: Disabled
 Compressed Oops: Enabled (Zero based)
 Heap Region Size: 2M
 Heap Min Capacity: 8M
 Heap Initial Capacity: 254M
 Heap Max Capacity: 4050M
 Pre-touch: Disabled
 Parallel Workers: 10
 Concurrent Workers: 3
 Concurrent Refinement Workers: 10
 Periodic GC: Disabled

Heap:
 garbage-first heap   total 296960K, used 170297K [0x0000000702e00000, 0x0000000800000000)
  region size 2048K, 9 young (18432K), 3 survivors (6144K)
 Metaspace       used 61091K, committed 61376K, reserved 1114112K
  class space    used 6647K, committed 6784K, reserved 1048576K

Heap Regions: E=young(eden), S=young(survivor), O=old, HS=humongous(starts), HC=humongous(continues), CS=collection set, F=free, TAMS=top-at-mark-start, PB=parsable bottom
|   0|0x0000000702e00000, 0x0000000703000000, 0x0000000703000000|100%|HS|  |TAMS 0x0000000703000000| PB 0x0000000702e00000| Complete 
|   1|0x0000000703000000, 0x0000000703200000, 0x0000000703200000|100%|HC|  |TAMS 0x0000000703200000| PB 0x0000000703000000| Complete 
|   2|0x0000000703200000, 0x0000000703400000, 0x0000000703400000|100%| O|  |TAMS 0x0000000703400000| PB 0x0000000703200000| Untracked 
|   3|0x0000000703400000, 0x0000000703600000, 0x0000000703600000|100%| O|  |TAMS 0x0000000703600000| PB 0x0000000703400000| Untracked 
|   4|0x0000000703600000, 0x0000000703800000, 0x0000000703800000|100%| O|  |TAMS 0x0000000703800000| PB 0x0000000703600000| Untracked 
|   5|0x0000000703800000, 0x0000000703a00000, 0x0000000703a00000|100%| O|  |TAMS 0x0000000703a00000| PB 0x0000000703800000| Untracked 
|   6|0x0000000703a00000, 0x0000000703c00000, 0x0000000703c00000|100%| O|  |TAMS 0x0000000703c00000| PB 0x0000000703a00000| Untracked 
|   7|0x0000000703c00000, 0x0000000703e00000, 0x0000000703e00000|100%| O|  |TAMS 0x0000000703e00000| PB 0x0000000703c00000| Untracked 
|   8|0x0000000703e00000, 0x0000000704000000, 0x0000000704000000|100%| O|  |TAMS 0x0000000704000000| PB 0x0000000703e00000| Untracked 
|   9|0x0000000704000000, 0x0000000704200000, 0x0000000704200000|100%| O|  |TAMS 0x0000000704200000| PB 0x0000000704000000| Untracked 
|  10|0x0000000704200000, 0x0000000704400000, 0x0000000704400000|100%| O|  |TAMS 0x0000000704400000| PB 0x0000000704200000| Untracked 
|  11|0x0000000704400000, 0x0000000704600000, 0x0000000704600000|100%| O|  |TAMS 0x0000000704600000| PB 0x0000000704400000| Untracked 
|  12|0x0000000704600000, 0x0000000704800000, 0x0000000704800000|100%| O|  |TAMS 0x0000000704800000| PB 0x0000000704600000| Untracked 
|  13|0x0000000704800000, 0x0000000704a00000, 0x0000000704a00000|100%| O|  |TAMS 0x0000000704a00000| PB 0x0000000704800000| Untracked 
|  14|0x0000000704a00000, 0x0000000704c00000, 0x0000000704c00000|100%| O|  |TAMS 0x0000000704c00000| PB 0x0000000704a00000| Untracked 
|  15|0x0000000704c00000, 0x0000000704e00000, 0x0000000704e00000|100%| O|  |TAMS 0x0000000704e00000| PB 0x0000000704c00000| Untracked 
|  16|0x0000000704e00000, 0x0000000705000000, 0x0000000705000000|100%| O|  |TAMS 0x0000000705000000| PB 0x0000000704e00000| Untracked 
|  17|0x0000000705000000, 0x0000000705200000, 0x0000000705200000|100%| O|  |TAMS 0x0000000705200000| PB 0x0000000705000000| Untracked 
|  18|0x0000000705200000, 0x0000000705400000, 0x0000000705400000|100%| O|  |TAMS 0x0000000705400000| PB 0x0000000705200000| Untracked 
|  19|0x0000000705400000, 0x0000000705600000, 0x0000000705600000|100%| O|  |TAMS 0x0000000705600000| PB 0x0000000705400000| Untracked 
|  20|0x0000000705600000, 0x0000000705800000, 0x0000000705800000|100%| O|  |TAMS 0x0000000705800000| PB 0x0000000705600000| Untracked 
|  21|0x0000000705800000, 0x0000000705a00000, 0x0000000705a00000|100%| O|  |TAMS 0x0000000705a00000| PB 0x0000000705800000| Untracked 
|  22|0x0000000705a00000, 0x0000000705c00000, 0x0000000705c00000|100%| O|  |TAMS 0x0000000705c00000| PB 0x0000000705a00000| Untracked 
|  23|0x0000000705c00000, 0x0000000705e00000, 0x0000000705e00000|100%| O|  |TAMS 0x0000000705e00000| PB 0x0000000705c00000| Untracked 
|  24|0x0000000705e00000, 0x0000000706000000, 0x0000000706000000|100%| O|  |TAMS 0x0000000706000000| PB 0x0000000705e00000| Untracked 
|  25|0x0000000706000000, 0x0000000706200000, 0x0000000706200000|100%| O|  |TAMS 0x0000000706200000| PB 0x0000000706000000| Untracked 
|  26|0x0000000706200000, 0x0000000706400000, 0x0000000706400000|100%| O|  |TAMS 0x0000000706400000| PB 0x0000000706200000| Untracked 
|  27|0x0000000706400000, 0x0000000706600000, 0x0000000706600000|100%| O|  |TAMS 0x0000000706600000| PB 0x0000000706400000| Untracked 
|  28|0x0000000706600000, 0x0000000706800000, 0x0000000706800000|100%| O|  |TAMS 0x0000000706800000| PB 0x0000000706600000| Untracked 
|  29|0x0000000706800000, 0x0000000706a00000, 0x0000000706a00000|100%| O|  |TAMS 0x0000000706a00000| PB 0x0000000706800000| Untracked 
|  30|0x0000000706a00000, 0x0000000706c00000, 0x0000000706c00000|100%| O|  |TAMS 0x0000000706c00000| PB 0x0000000706a00000| Untracked 
|  31|0x0000000706c00000, 0x0000000706e00000, 0x0000000706e00000|100%| O|  |TAMS 0x0000000706e00000| PB 0x0000000706c00000| Untracked 
|  32|0x0000000706e00000, 0x0000000707000000, 0x0000000707000000|100%| O|  |TAMS 0x0000000707000000| PB 0x0000000706e00000| Untracked 
|  33|0x0000000707000000, 0x0000000707200000, 0x0000000707200000|100%| O|  |TAMS 0x0000000707200000| PB 0x0000000707000000| Untracked 
|  34|0x0000000707200000, 0x0000000707400000, 0x0000000707400000|100%| O|  |TAMS 0x0000000707400000| PB 0x0000000707200000| Untracked 
|  35|0x0000000707400000, 0x0000000707600000, 0x0000000707600000|100%| O|  |TAMS 0x0000000707600000| PB 0x0000000707400000| Untracked 
|  36|0x0000000707600000, 0x0000000707800000, 0x0000000707800000|100%| O|  |TAMS 0x0000000707800000| PB 0x0000000707600000| Untracked 
|  37|0x0000000707800000, 0x0000000707a00000, 0x0000000707a00000|100%| O|  |TAMS 0x0000000707a00000| PB 0x0000000707800000| Untracked 
|  38|0x0000000707a00000, 0x0000000707c00000, 0x0000000707c00000|100%| O|  |TAMS 0x0000000707c00000| PB 0x0000000707a00000| Untracked 
|  39|0x0000000707c00000, 0x0000000707e00000, 0x0000000707e00000|100%| O|  |TAMS 0x0000000707e00000| PB 0x0000000707c00000| Untracked 
|  40|0x0000000707e00000, 0x0000000708000000, 0x0000000708000000|100%| O|  |TAMS 0x0000000708000000| PB 0x0000000707e00000| Untracked 
|  41|0x0000000708000000, 0x0000000708200000, 0x0000000708200000|100%| O|  |TAMS 0x0000000708200000| PB 0x0000000708000000| Untracked 
|  42|0x0000000708200000, 0x0000000708400000, 0x0000000708400000|100%| O|  |TAMS 0x0000000708400000| PB 0x0000000708200000| Untracked 
|  43|0x0000000708400000, 0x0000000708600000, 0x0000000708600000|100%| O|  |TAMS 0x0000000708600000| PB 0x0000000708400000| Untracked 
|  44|0x0000000708600000, 0x0000000708800000, 0x0000000708800000|100%| O|  |TAMS 0x0000000708800000| PB 0x0000000708600000| Untracked 
|  45|0x0000000708800000, 0x0000000708a00000, 0x0000000708a00000|100%| O|  |TAMS 0x0000000708a00000| PB 0x0000000708800000| Untracked 
|  46|0x0000000708a00000, 0x0000000708c00000, 0x0000000708c00000|100%| O|  |TAMS 0x0000000708c00000| PB 0x0000000708a00000| Untracked 
|  47|0x0000000708c00000, 0x0000000708e00000, 0x0000000708e00000|100%| O|  |TAMS 0x0000000708e00000| PB 0x0000000708c00000| Untracked 
|  48|0x0000000708e00000, 0x0000000709000000, 0x0000000709000000|100%| O|  |TAMS 0x0000000709000000| PB 0x0000000708e00000| Untracked 
|  49|0x0000000709000000, 0x0000000709200000, 0x0000000709200000|100%| O|  |TAMS 0x0000000709200000| PB 0x0000000709000000| Untracked 
|  50|0x0000000709200000, 0x0000000709400000, 0x0000000709400000|100%| O|  |TAMS 0x0000000709400000| PB 0x0000000709200000| Untracked 
|  51|0x0000000709400000, 0x0000000709600000, 0x0000000709600000|100%| O|  |TAMS 0x0000000709600000| PB 0x0000000709400000| Untracked 
|  52|0x0000000709600000, 0x0000000709800000, 0x0000000709800000|100%| O|  |TAMS 0x0000000709800000| PB 0x0000000709600000| Untracked 
|  53|0x0000000709800000, 0x0000000709a00000, 0x0000000709a00000|100%| O|  |TAMS 0x0000000709a00000| PB 0x0000000709800000| Untracked 
|  54|0x0000000709a00000, 0x0000000709c00000, 0x0000000709c00000|100%| O|  |TAMS 0x0000000709c00000| PB 0x0000000709a00000| Untracked 
|  55|0x0000000709c00000, 0x0000000709e00000, 0x0000000709e00000|100%| O|  |TAMS 0x0000000709e00000| PB 0x0000000709c00000| Untracked 
|  56|0x0000000709e00000, 0x000000070a000000, 0x000000070a000000|100%| O|  |TAMS 0x000000070a000000| PB 0x0000000709e00000| Untracked 
|  57|0x000000070a000000, 0x000000070a200000, 0x000000070a200000|100%| O|  |TAMS 0x000000070a200000| PB 0x000000070a000000| Untracked 
|  58|0x000000070a200000, 0x000000070a400000, 0x000000070a400000|100%| O|  |TAMS 0x000000070a400000| PB 0x000000070a200000| Untracked 
|  59|0x000000070a400000, 0x000000070a600000, 0x000000070a600000|100%| O|  |TAMS 0x000000070a600000| PB 0x000000070a400000| Untracked 
|  60|0x000000070a600000, 0x000000070a800000, 0x000000070a800000|100%| O|  |TAMS 0x000000070a800000| PB 0x000000070a600000| Untracked 
|  61|0x000000070a800000, 0x000000070aa00000, 0x000000070aa00000|100%| O|  |TAMS 0x000000070aa00000| PB 0x000000070a800000| Untracked 
|  62|0x000000070aa00000, 0x000000070ac00000, 0x000000070ac00000|100%| O|  |TAMS 0x000000070ac00000| PB 0x000000070aa00000| Untracked 
|  63|0x000000070ac00000, 0x000000070ae00000, 0x000000070ae00000|100%| O|  |TAMS 0x000000070ae00000| PB 0x000000070ac00000| Untracked 
|  64|0x000000070ae00000, 0x000000070b000000, 0x000000070b000000|100%| O|  |TAMS 0x000000070b000000| PB 0x000000070ae00000| Untracked 
|  65|0x000000070b000000, 0x000000070b200000, 0x000000070b200000|100%| O|  |TAMS 0x000000070b200000| PB 0x000000070b000000| Untracked 
|  66|0x000000070b200000, 0x000000070b400000, 0x000000070b400000|100%| O|  |TAMS 0x000000070b400000| PB 0x000000070b200000| Untracked 
|  67|0x000000070b400000, 0x000000070b600000, 0x000000070b600000|100%| O|  |TAMS 0x000000070b600000| PB 0x000000070b400000| Untracked 
|  68|0x000000070b600000, 0x000000070b800000, 0x000000070b800000|100%| O|  |TAMS 0x000000070b600000| PB 0x000000070b600000| Untracked 
|  69|0x000000070b800000, 0x000000070ba00000, 0x000000070ba00000|100%| O|  |TAMS 0x000000070b800000| PB 0x000000070b800000| Untracked 
|  70|0x000000070ba00000, 0x000000070bc00000, 0x000000070bc00000|100%| O|  |TAMS 0x000000070ba00000| PB 0x000000070ba00000| Untracked 
|  71|0x000000070bc00000, 0x000000070be00000, 0x000000070be00000|100%| O|  |TAMS 0x000000070bc00000| PB 0x000000070bc00000| Untracked 
|  72|0x000000070be00000, 0x000000070bec9560, 0x000000070c000000| 39%| O|  |TAMS 0x000000070be00000| PB 0x000000070be00000| Untracked 
|  73|0x000000070c000000, 0x000000070c000000, 0x000000070c200000|  0%| F|  |TAMS 0x000000070c000000| PB 0x000000070c000000| Untracked 
|  74|0x000000070c200000, 0x000000070c200000, 0x000000070c400000|  0%| F|  |TAMS 0x000000070c200000| PB 0x000000070c200000| Untracked 
|  75|0x000000070c400000, 0x000000070c400000, 0x000000070c600000|  0%| F|  |TAMS 0x000000070c400000| PB 0x000000070c400000| Untracked 
|  76|0x000000070c600000, 0x000000070c600000, 0x000000070c800000|  0%| F|  |TAMS 0x000000070c600000| PB 0x000000070c600000| Untracked 
|  77|0x000000070c800000, 0x000000070c800000, 0x000000070ca00000|  0%| F|  |TAMS 0x000000070c800000| PB 0x000000070c800000| Untracked 
|  78|0x000000070ca00000, 0x000000070ca00000, 0x000000070cc00000|  0%| F|  |TAMS 0x000000070ca00000| PB 0x000000070ca00000| Untracked 
|  79|0x000000070cc00000, 0x000000070cc00000, 0x000000070ce00000|  0%| F|  |TAMS 0x000000070cc00000| PB 0x000000070cc00000| Untracked 
|  80|0x000000070ce00000, 0x000000070ce00000, 0x000000070d000000|  0%| F|  |TAMS 0x000000070ce00000| PB 0x000000070ce00000| Untracked 
|  81|0x000000070d000000, 0x000000070d000000, 0x000000070d200000|  0%| F|  |TAMS 0x000000070d000000| PB 0x000000070d000000| Untracked 
|  82|0x000000070d200000, 0x000000070d200000, 0x000000070d400000|  0%| F|  |TAMS 0x000000070d200000| PB 0x000000070d200000| Untracked 
|  83|0x000000070d400000, 0x000000070d400000, 0x000000070d600000|  0%| F|  |TAMS 0x000000070d400000| PB 0x000000070d400000| Untracked 
|  84|0x000000070d600000, 0x000000070d784f48, 0x000000070d800000| 75%| S|CS|TAMS 0x000000070d600000| PB 0x000000070d600000| Complete 
|  85|0x000000070d800000, 0x000000070da00000, 0x000000070da00000|100%| S|CS|TAMS 0x000000070d800000| PB 0x000000070d800000| Complete 
|  86|0x000000070da00000, 0x000000070da00000, 0x000000070dc00000|  0%| F|  |TAMS 0x000000070da00000| PB 0x000000070da00000| Untracked 
|  87|0x000000070dc00000, 0x000000070dc00000, 0x000000070de00000|  0%| F|  |TAMS 0x000000070dc00000| PB 0x000000070dc00000| Untracked 
|  88|0x000000070de00000, 0x000000070de00000, 0x000000070e000000|  0%| F|  |TAMS 0x000000070de00000| PB 0x000000070de00000| Untracked 
|  89|0x000000070e000000, 0x000000070e000000, 0x000000070e200000|  0%| F|  |TAMS 0x000000070e000000| PB 0x000000070e000000| Untracked 
|  90|0x000000070e200000, 0x000000070e400000, 0x000000070e400000|100%| S|CS|TAMS 0x000000070e200000| PB 0x000000070e200000| Complete 
|  91|0x000000070e400000, 0x000000070e400000, 0x000000070e600000|  0%| F|  |TAMS 0x000000070e400000| PB 0x000000070e400000| Untracked 
|  92|0x000000070e600000, 0x000000070e600000, 0x000000070e800000|  0%| F|  |TAMS 0x000000070e600000| PB 0x000000070e600000| Untracked 
|  93|0x000000070e800000, 0x000000070e800000, 0x000000070ea00000|  0%| F|  |TAMS 0x000000070e800000| PB 0x000000070e800000| Untracked 
|  94|0x000000070ea00000, 0x000000070ea00000, 0x000000070ec00000|  0%| F|  |TAMS 0x000000070ea00000| PB 0x000000070ea00000| Untracked 
|  95|0x000000070ec00000, 0x000000070ec00000, 0x000000070ee00000|  0%| F|  |TAMS 0x000000070ec00000| PB 0x000000070ec00000| Untracked 
|  96|0x000000070ee00000, 0x000000070ee00000, 0x000000070f000000|  0%| F|  |TAMS 0x000000070ee00000| PB 0x000000070ee00000| Untracked 
|  97|0x000000070f000000, 0x000000070f000000, 0x000000070f200000|  0%| F|  |TAMS 0x000000070f000000| PB 0x000000070f000000| Untracked 
|  98|0x000000070f200000, 0x000000070f200000, 0x000000070f400000|  0%| F|  |TAMS 0x000000070f200000| PB 0x000000070f200000| Untracked 
|  99|0x000000070f400000, 0x000000070f400000, 0x000000070f600000|  0%| F|  |TAMS 0x000000070f400000| PB 0x000000070f400000| Untracked 
| 100|0x000000070f600000, 0x000000070f600000, 0x000000070f800000|  0%| F|  |TAMS 0x000000070f600000| PB 0x000000070f600000| Untracked 
| 101|0x000000070f800000, 0x000000070f800000, 0x000000070fa00000|  0%| F|  |TAMS 0x000000070f800000| PB 0x000000070f800000| Untracked 
| 102|0x000000070fa00000, 0x000000070fa00000, 0x000000070fc00000|  0%| F|  |TAMS 0x000000070fa00000| PB 0x000000070fa00000| Untracked 
| 103|0x000000070fc00000, 0x000000070fc00000, 0x000000070fe00000|  0%| F|  |TAMS 0x000000070fc00000| PB 0x000000070fc00000| Untracked 
| 104|0x000000070fe00000, 0x000000070fe00000, 0x0000000710000000|  0%| F|  |TAMS 0x000000070fe00000| PB 0x000000070fe00000| Untracked 
| 105|0x0000000710000000, 0x0000000710000000, 0x0000000710200000|  0%| F|  |TAMS 0x0000000710000000| PB 0x0000000710000000| Untracked 
| 106|0x0000000710200000, 0x0000000710200000, 0x0000000710400000|  0%| F|  |TAMS 0x0000000710200000| PB 0x0000000710200000| Untracked 
| 107|0x0000000710400000, 0x0000000710400000, 0x0000000710600000|  0%| F|  |TAMS 0x0000000710400000| PB 0x0000000710400000| Untracked 
| 108|0x0000000710600000, 0x0000000710600000, 0x0000000710800000|  0%| F|  |TAMS 0x0000000710600000| PB 0x0000000710600000| Untracked 
| 109|0x0000000710800000, 0x0000000710800000, 0x0000000710a00000|  0%| F|  |TAMS 0x0000000710800000| PB 0x0000000710800000| Untracked 
| 110|0x0000000710a00000, 0x0000000710a00000, 0x0000000710c00000|  0%| F|  |TAMS 0x0000000710a00000| PB 0x0000000710a00000| Untracked 
| 111|0x0000000710c00000, 0x0000000710c00000, 0x0000000710e00000|  0%| F|  |TAMS 0x0000000710c00000| PB 0x0000000710c00000| Untracked 
| 112|0x0000000710e00000, 0x0000000710e00000, 0x0000000711000000|  0%| F|  |TAMS 0x0000000710e00000| PB 0x0000000710e00000| Untracked 
| 113|0x0000000711000000, 0x0000000711000000, 0x0000000711200000|  0%| F|  |TAMS 0x0000000711000000| PB 0x0000000711000000| Untracked 
| 114|0x0000000711200000, 0x0000000711200000, 0x0000000711400000|  0%| F|  |TAMS 0x0000000711200000| PB 0x0000000711200000| Untracked 
| 115|0x0000000711400000, 0x0000000711400000, 0x0000000711600000|  0%| F|  |TAMS 0x0000000711400000| PB 0x0000000711400000| Untracked 
| 116|0x0000000711600000, 0x0000000711600000, 0x0000000711800000|  0%| F|  |TAMS 0x0000000711600000| PB 0x0000000711600000| Untracked 
| 117|0x0000000711800000, 0x0000000711800000, 0x0000000711a00000|  0%| F|  |TAMS 0x0000000711800000| PB 0x0000000711800000| Untracked 
| 118|0x0000000711a00000, 0x0000000711a00000, 0x0000000711c00000|  0%| F|  |TAMS 0x0000000711a00000| PB 0x0000000711a00000| Untracked 
| 119|0x0000000711c00000, 0x0000000711c00000, 0x0000000711e00000|  0%| F|  |TAMS 0x0000000711c00000| PB 0x0000000711c00000| Untracked 
| 120|0x0000000711e00000, 0x0000000711e00000, 0x0000000712000000|  0%| F|  |TAMS 0x0000000711e00000| PB 0x0000000711e00000| Untracked 
| 121|0x0000000712000000, 0x0000000712000000, 0x0000000712200000|  0%| F|  |TAMS 0x0000000712000000| PB 0x0000000712000000| Untracked 
| 122|0x0000000712200000, 0x0000000712200000, 0x0000000712400000|  0%| F|  |TAMS 0x0000000712200000| PB 0x0000000712200000| Untracked 
| 123|0x0000000712400000, 0x0000000712400000, 0x0000000712600000|  0%| F|  |TAMS 0x0000000712400000| PB 0x0000000712400000| Untracked 
| 124|0x0000000712600000, 0x0000000712600000, 0x0000000712800000|  0%| F|  |TAMS 0x0000000712600000| PB 0x0000000712600000| Untracked 
| 125|0x0000000712800000, 0x0000000712800000, 0x0000000712a00000|  0%| F|  |TAMS 0x0000000712800000| PB 0x0000000712800000| Untracked 
| 126|0x0000000712a00000, 0x0000000712a00000, 0x0000000712c00000|  0%| F|  |TAMS 0x0000000712a00000| PB 0x0000000712a00000| Untracked 
| 127|0x0000000712c00000, 0x0000000712c00000, 0x0000000712e00000|  0%| F|  |TAMS 0x0000000712c00000| PB 0x0000000712c00000| Untracked 
| 128|0x0000000712e00000, 0x0000000712e00000, 0x0000000713000000|  0%| F|  |TAMS 0x0000000712e00000| PB 0x0000000712e00000| Untracked 
| 129|0x0000000713000000, 0x0000000713000000, 0x0000000713200000|  0%| F|  |TAMS 0x0000000713000000| PB 0x0000000713000000| Untracked 
| 130|0x0000000713200000, 0x0000000713200000, 0x0000000713400000|  0%| F|  |TAMS 0x0000000713200000| PB 0x0000000713200000| Untracked 
| 131|0x0000000713400000, 0x0000000713400000, 0x0000000713600000|  0%| F|  |TAMS 0x0000000713400000| PB 0x0000000713400000| Untracked 
| 132|0x0000000713600000, 0x0000000713600000, 0x0000000713800000|  0%| F|  |TAMS 0x0000000713600000| PB 0x0000000713600000| Untracked 
| 133|0x0000000713800000, 0x0000000713800000, 0x0000000713a00000|  0%| F|  |TAMS 0x0000000713800000| PB 0x0000000713800000| Untracked 
| 134|0x0000000713a00000, 0x0000000713a00000, 0x0000000713c00000|  0%| F|  |TAMS 0x0000000713a00000| PB 0x0000000713a00000| Untracked 
| 135|0x0000000713c00000, 0x0000000713c00000, 0x0000000713e00000|  0%| F|  |TAMS 0x0000000713c00000| PB 0x0000000713c00000| Untracked 
| 136|0x0000000713e00000, 0x0000000714000000, 0x0000000714000000|100%| E|  |TAMS 0x0000000713e00000| PB 0x0000000713e00000| Complete 
| 137|0x0000000714000000, 0x0000000714200000, 0x0000000714200000|100%| E|CS|TAMS 0x0000000714000000| PB 0x0000000714000000| Complete 
| 138|0x0000000714200000, 0x0000000714400000, 0x0000000714400000|100%| E|CS|TAMS 0x0000000714200000| PB 0x0000000714200000| Complete 
| 139|0x0000000714400000, 0x0000000714600000, 0x0000000714600000|100%| E|CS|TAMS 0x0000000714400000| PB 0x0000000714400000| Complete 
| 140|0x0000000714600000, 0x0000000714800000, 0x0000000714800000|100%| E|CS|TAMS 0x0000000714600000| PB 0x0000000714600000| Complete 
|2021|0x00000007ff800000, 0x00000007ffa00000, 0x00000007ffa00000|100%| E|CS|TAMS 0x00000007ff800000| PB 0x00000007ff800000| Complete 
|2022|0x00000007ffa00000, 0x00000007ffc00000, 0x00000007ffc00000|100%| O|  |TAMS 0x00000007ffc00000| PB 0x00000007ffa00000| Untracked 
|2023|0x00000007ffc00000, 0x00000007ffe00000, 0x00000007ffe00000|100%| O|  |TAMS 0x00000007ffe00000| PB 0x00000007ffc00000| Untracked 
|2024|0x00000007ffe00000, 0x0000000800000000, 0x0000000800000000|100%| O|  |TAMS 0x0000000800000000| PB 0x00000007ffe00000| Untracked 

Card table byte_map: [0x0000023ded980000,0x0000023dee170000] _byte_map_base: 0x0000023dea169000

Marking Bits: (CMBitMap*) 0x0000023ddab53130
 Bits: [0x0000023dee170000, 0x0000023df20b8000)

Polling page: 0x0000023dd8a90000

Metaspace:

Usage:
  Non-class:     53.17 MB used.
      Class:      6.49 MB used.
       Both:     59.66 MB used.

Virtual space:
  Non-class space:       64.00 MB reserved,      53.31 MB ( 83%) committed,  1 nodes.
      Class space:        1.00 GB reserved,       6.62 MB ( <1%) committed,  1 nodes.
             Both:        1.06 GB reserved,      59.94 MB (  6%) committed. 

Chunk freelists:
   Non-Class:  10.50 MB
       Class:  9.34 MB
        Both:  19.84 MB

MaxMetaspaceSize: unlimited
CompressedClassSpaceSize: 1.00 GB
Initial GC threshold: 21.00 MB
Current GC threshold: 97.00 MB
CDS: off
 - commit_granule_bytes: 65536.
 - commit_granule_words: 8192.
 - virtual_space_node_default_size: 8388608.
 - enlarge_chunks_in_place: 1.
 - use_allocation_guard: 0.


Internal statistics:

num_allocs_failed_limit: 9.
num_arena_births: 320.
num_arena_deaths: 0.
num_vsnodes_births: 2.
num_vsnodes_deaths: 0.
num_space_committed: 957.
num_space_uncommitted: 0.
num_chunks_returned_to_freelist: 9.
num_chunks_taken_from_freelist: 2173.
num_chunk_merges: 9.
num_chunk_splits: 1774.
num_chunks_enlarged: 1600.
num_inconsistent_stats: 0.

CodeHeap 'non-profiled nmethods': size=120000Kb used=9474Kb max_used=9474Kb free=110525Kb
 bounds [0x0000023de5710000, 0x0000023de6060000, 0x0000023decc40000]
CodeHeap 'profiled nmethods': size=120000Kb used=39928Kb max_used=39928Kb free=80071Kb
 bounds [0x0000023dddc40000, 0x0000023de0350000, 0x0000023de5170000]
CodeHeap 'non-nmethods': size=5760Kb used=1639Kb max_used=1715Kb free=4120Kb
 bounds [0x0000023de5170000, 0x0000023de53e0000, 0x0000023de5710000]
 total_blobs=11520 nmethods=10834 adapters=586
 compilation: enabled
              stopped_count=0, restarted_count=0
 full_count=0

Compilation events (20 events):
Event: 6.928 Thread 0x0000023df90642e0 11925       3       org.jetbrains.kotlin.fir.java.enhancement.FirSignatureEnhancement$$Lambda/0x000000080064d4c0::invoke (8 bytes)
Event: 6.928 Thread 0x0000023df90642e0 nmethod 11925 0x0000023de0314810 code [0x0000023de0314a60, 0x0000023de0315240]
Event: 6.928 Thread 0x0000023df90642e0 11926       3       org.jetbrains.kotlin.fir.java.enhancement.FirSignatureEnhancement::enhance$lambda$4$lambda$3 (15 bytes)
Event: 6.929 Thread 0x0000023df90642e0 nmethod 11926 0x0000023de0315510 code [0x0000023de0315740, 0x0000023de0315e88]
Event: 6.929 Thread 0x0000023df90642e0 11917       3       org.jetbrains.kotlin.fir.resolve.transformers.body.resolve.FirDeclarationsResolveTransformer$$Lambda/0x0000000800673230::<init> (20 bytes)
Event: 6.929 Thread 0x0000023df90642e0 nmethod 11917 0x0000023de0316110 code [0x0000023de03162c0, 0x0000023de03164f8]
Event: 6.932 Thread 0x0000023df9159460 nmethod 11922 0x0000023de6039a90 code [0x0000023de6039ce0, 0x0000023de603a480]
Event: 6.932 Thread 0x0000023df9159460 11929       4       org.jetbrains.kotlin.fir.declarations.DeprecationUtilsKt::getDeprecationForCallSite (112 bytes)
Event: 6.933 Thread 0x0000023df90642e0 11931       3       org.jetbrains.kotlin.fir.expressions.impl.FirWhenExpressionImpl::transformOtherChildren (15 bytes)
Event: 6.934 Thread 0x0000023df90642e0 nmethod 11931 0x0000023de0316590 code [0x0000023de03168c0, 0x0000023de03178d0]
Event: 6.934 Thread 0x0000023df90642e0 11932       3       org.jetbrains.kotlin.fir.expressions.impl.FirWhenExpressionImpl::transformAnnotations (17 bytes)
Event: 6.934 Thread 0x0000023df90642e0 nmethod 11932 0x0000023de0317e90 code [0x0000023de0318140, 0x0000023de0318c88]
Event: 6.934 Thread 0x0000023df90642e0 11933       3       org.jetbrains.kotlin.fir.declarations.impl.FirSimpleFunctionImpl::transformBody (10 bytes)
Event: 6.935 Thread 0x0000023df90642e0 nmethod 11933 0x0000023de0319110 code [0x0000023de0319460, 0x0000023de031a810]
Event: 6.938 Thread 0x0000023df90642e0 11936       3       org.jetbrains.kotlin.fir.declarations.impl.FirSimpleFunctionImpl::replaceControlFlowGraphReference (6 bytes)
Event: 6.938 Thread 0x0000023df90642e0 nmethod 11936 0x0000023de031ae90 code [0x0000023de031b040, 0x0000023de031b1b8]
Event: 6.941 Thread 0x0000023df90642e0 11937       3       org.jetbrains.kotlin.fir.expressions.impl.FirWhenExpressionImpl::transformChildren (36 bytes)
Event: 6.943 Thread 0x0000023df90642e0 nmethod 11937 0x0000023de031b290 code [0x0000023de031b7e0, 0x0000023de031dd50]
Event: 6.944 Thread 0x0000023df9159460 nmethod 11929 0x0000023de603ab10 code [0x0000023de603ade0, 0x0000023de603bb50]
Event: 6.944 Thread 0x0000023df9159460 11930       4       org.jetbrains.kotlin.fir.declarations.DeprecationUtilsKt::getOwnDeprecationForCallSite (65 bytes)

GC Heap History (20 events):
Event: 2.435 GC heap before
{Heap before GC invocations=12 (full 0):
 garbage-first heap   total 157696K, used 116300K [0x0000000702e00000, 0x0000000800000000)
  region size 2048K, 29 young (59392K), 4 survivors (8192K)
 Metaspace       used 48164K, committed 48448K, reserved 1114112K
  class space    used 5429K, committed 5568K, reserved 1048576K
}
Event: 2.446 GC heap after
{Heap after GC invocations=13 (full 0):
 garbage-first heap   total 204800K, used 84992K [0x0000000702e00000, 0x0000000800000000)
  region size 2048K, 4 young (8192K), 4 survivors (8192K)
 Metaspace       used 48164K, committed 48448K, reserved 1114112K
  class space    used 5429K, committed 5568K, reserved 1048576K
}
Event: 2.906 GC heap before
{Heap before GC invocations=13 (full 0):
 garbage-first heap   total 204800K, used 142336K [0x0000000702e00000, 0x0000000800000000)
  region size 2048K, 34 young (69632K), 4 survivors (8192K)
 Metaspace       used 54823K, committed 55040K, reserved 1114112K
  class space    used 6219K, committed 6336K, reserved 1048576K
}
Event: 2.914 GC heap after
{Heap after GC invocations=14 (full 0):
 garbage-first heap   total 204800K, used 97028K [0x0000000702e00000, 0x0000000800000000)
  region size 2048K, 5 young (10240K), 5 survivors (10240K)
 Metaspace       used 54823K, committed 55040K, reserved 1114112K
  class space    used 6219K, committed 6336K, reserved 1048576K
}
Event: 3.521 GC heap before
{Heap before GC invocations=15 (full 0):
 garbage-first heap   total 204800K, used 160516K [0x0000000702e00000, 0x0000000800000000)
  region size 2048K, 36 young (73728K), 5 survivors (10240K)
 Metaspace       used 57690K, committed 57984K, reserved 1114112K
  class space    used 6480K, committed 6592K, reserved 1048576K
}
Event: 3.531 GC heap after
{Heap after GC invocations=16 (full 0):
 garbage-first heap   total 204800K, used 109024K [0x0000000702e00000, 0x0000000800000000)
  region size 2048K, 5 young (10240K), 5 survivors (10240K)
 Metaspace       used 57690K, committed 57984K, reserved 1114112K
  class space    used 6480K, committed 6592K, reserved 1048576K
}
Event: 3.962 GC heap before
{Heap before GC invocations=16 (full 0):
 garbage-first heap   total 204800K, used 168416K [0x0000000702e00000, 0x0000000800000000)
  region size 2048K, 34 young (69632K), 5 survivors (10240K)
 Metaspace       used 58653K, committed 59008K, reserved 1114112K
  class space    used 6527K, committed 6656K, reserved 1048576K
}
Event: 3.972 GC heap after
{Heap after GC invocations=17 (full 0):
 garbage-first heap   total 204800K, used 121835K [0x0000000702e00000, 0x0000000800000000)
  region size 2048K, 5 young (10240K), 5 survivors (10240K)
 Metaspace       used 58653K, committed 59008K, reserved 1114112K
  class space    used 6527K, committed 6656K, reserved 1048576K
}
Event: 4.342 GC heap before
{Heap before GC invocations=17 (full 0):
 garbage-first heap   total 204800K, used 173035K [0x0000000702e00000, 0x0000000800000000)
  region size 2048K, 30 young (61440K), 5 survivors (10240K)
 Metaspace       used 59216K, committed 59520K, reserved 1114112K
  class space    used 6560K, committed 6720K, reserved 1048576K
}
Event: 4.350 GC heap after
{Heap after GC invocations=18 (full 0):
 garbage-first heap   total 204800K, used 129602K [0x0000000702e00000, 0x0000000800000000)
  region size 2048K, 4 young (8192K), 4 survivors (8192K)
 Metaspace       used 59216K, committed 59520K, reserved 1114112K
  class space    used 6560K, committed 6720K, reserved 1048576K
}
Event: 4.733 GC heap before
{Heap before GC invocations=19 (full 0):
 garbage-first heap   total 229376K, used 178754K [0x0000000702e00000, 0x0000000800000000)
  region size 2048K, 28 young (57344K), 4 survivors (8192K)
 Metaspace       used 59547K, committed 59840K, reserved 1114112K
  class space    used 6575K, committed 6720K, reserved 1048576K
}
Event: 4.737 GC heap after
{Heap after GC invocations=20 (full 0):
 garbage-first heap   total 229376K, used 132720K [0x0000000702e00000, 0x0000000800000000)
  region size 2048K, 2 young (4096K), 2 survivors (4096K)
 Metaspace       used 59547K, committed 59840K, reserved 1114112K
  class space    used 6575K, committed 6720K, reserved 1048576K
}
Event: 5.133 GC heap before
{Heap before GC invocations=20 (full 0):
 garbage-first heap   total 229376K, used 198256K [0x0000000702e00000, 0x0000000800000000)
  region size 2048K, 34 young (69632K), 2 survivors (4096K)
 Metaspace       used 59867K, committed 60160K, reserved 1114112K
  class space    used 6595K, committed 6720K, reserved 1048576K
}
Event: 5.138 GC heap after
{Heap after GC invocations=21 (full 0):
 garbage-first heap   total 296960K, used 135908K [0x0000000702e00000, 0x0000000800000000)
  region size 2048K, 4 young (8192K), 4 survivors (8192K)
 Metaspace       used 59867K, committed 60160K, reserved 1114112K
  class space    used 6595K, committed 6720K, reserved 1048576K
}
Event: 5.859 GC heap before
{Heap before GC invocations=21 (full 0):
 garbage-first heap   total 296960K, used 250596K [0x0000000702e00000, 0x0000000800000000)
  region size 2048K, 60 young (122880K), 4 survivors (8192K)
 Metaspace       used 60488K, committed 60800K, reserved 1114112K
  class space    used 6629K, committed 6784K, reserved 1048576K
}
Event: 5.866 GC heap after
{Heap after GC invocations=22 (full 0):
 garbage-first heap   total 296960K, used 144859K [0x0000000702e00000, 0x0000000800000000)
  region size 2048K, 8 young (16384K), 8 survivors (16384K)
 Metaspace       used 60488K, committed 60800K, reserved 1114112K
  class space    used 6629K, committed 6784K, reserved 1048576K
}
Event: 6.440 GC heap before
{Heap before GC invocations=22 (full 0):
 garbage-first heap   total 296960K, used 251355K [0x0000000702e00000, 0x0000000800000000)
  region size 2048K, 60 young (122880K), 8 survivors (16384K)
 Metaspace       used 60860K, committed 61184K, reserved 1114112K
  class space    used 6640K, committed 6784K, reserved 1048576K
}
Event: 6.451 GC heap after
{Heap after GC invocations=23 (full 0):
 garbage-first heap   total 296960K, used 154503K [0x0000000702e00000, 0x0000000800000000)
  region size 2048K, 5 young (10240K), 5 survivors (10240K)
 Metaspace       used 60860K, committed 61184K, reserved 1114112K
  class space    used 6640K, committed 6784K, reserved 1048576K
}
Event: 6.897 GC heap before
{Heap before GC invocations=23 (full 0):
 garbage-first heap   total 296960K, used 258951K [0x0000000702e00000, 0x0000000800000000)
  region size 2048K, 56 young (114688K), 5 survivors (10240K)
 Metaspace       used 61038K, committed 61376K, reserved 1114112K
  class space    used 6643K, committed 6784K, reserved 1048576K
}
Event: 6.903 GC heap after
{Heap after GC invocations=24 (full 0):
 garbage-first heap   total 296960K, used 160057K [0x0000000702e00000, 0x0000000800000000)
  region size 2048K, 3 young (6144K), 3 survivors (6144K)
 Metaspace       used 61038K, committed 61376K, reserved 1114112K
  class space    used 6643K, committed 6784K, reserved 1048576K
}

Dll operation events (3 events):
Event: 0.003 Loaded shared library C:\Program Files\Android\Android Studio\jbr\bin\java.dll
Event: 0.007 Loaded shared library C:\Program Files\Android\Android Studio\jbr\bin\zip.dll
Event: 0.524 Loaded shared library C:\Program Files\Android\Android Studio\jbr\bin\verify.dll

Deoptimization events (20 events):
Event: 6.837 Thread 0x0000023dd886d830 Uncommon trap: trap_request=0xffffffc6 fr.pc=0x0000023de5fba544 relative=0x0000000000004544
Event: 6.837 Thread 0x0000023dd886d830 Uncommon trap: reason=bimorphic_or_optimized_type_check action=maybe_recompile pc=0x0000023de5fba544 method=org.jetbrains.kotlin.fir.FirCallResolver.collectCandidates(Lorg/jetbrains/kotlin/fir/expressions/FirQualifiedAccessExpression;Lorg/jetbrains/kotlin
Event: 6.837 Thread 0x0000023dd886d830 DEOPT PACKING pc=0x0000023de5fba544 sp=0x000000a9614f1980
Event: 6.837 Thread 0x0000023dd886d830 DEOPT UNPACKING pc=0x0000023de51c46a2 sp=0x000000a9614f1888 mode 2
Event: 6.837 Thread 0x0000023dd886d830 Uncommon trap: trap_request=0xffffffde fr.pc=0x0000023de5f35d2c relative=0x0000000000001e2c
Event: 6.837 Thread 0x0000023dd886d830 Uncommon trap: reason=class_check action=maybe_recompile pc=0x0000023de5f35d2c method=org.jetbrains.kotlin.fir.resolve.calls.MapArguments.check(Lorg/jetbrains/kotlin/fir/resolve/calls/Candidate;Lorg/jetbrains/kotlin/fir/resolve/calls/CallInfo;Lorg/jetbrai
Event: 6.837 Thread 0x0000023dd886d830 DEOPT PACKING pc=0x0000023de5f35d2c sp=0x000000a9614f1170
Event: 6.837 Thread 0x0000023dd886d830 DEOPT UNPACKING pc=0x0000023de51c46a2 sp=0x000000a9614f1108 mode 2
Event: 6.837 Thread 0x0000023dd886d830 Uncommon trap: trap_request=0xffffffde fr.pc=0x0000023de5f224b4 relative=0x00000000000009f4
Event: 6.837 Thread 0x0000023dd886d830 Uncommon trap: reason=class_check action=maybe_recompile pc=0x0000023de5f224b4 method=org.jetbrains.kotlin.fir.resolve.inference.FirDelegatedPropertyInferenceSessionKt.isAnyOfDelegateOperators(Lorg/jetbrains/kotlin/fir/FirElement;)Z @ 79 c2
Event: 6.837 Thread 0x0000023dd886d830 DEOPT PACKING pc=0x0000023de5f224b4 sp=0x000000a9614f11e0
Event: 6.837 Thread 0x0000023dd886d830 DEOPT UNPACKING pc=0x0000023de51c46a2 sp=0x000000a9614f10e0 mode 2
Event: 6.837 Thread 0x0000023dd886d830 Uncommon trap: trap_request=0xffffffc6 fr.pc=0x0000023de5f68cc0 relative=0x0000000000008520
Event: 6.837 Thread 0x0000023dd886d830 Uncommon trap: reason=bimorphic_or_optimized_type_check action=maybe_recompile pc=0x0000023de5f68cc0 method=org.jetbrains.kotlin.fir.resolve.calls.ResolutionStagesKt.isSuperCall(Lorg/jetbrains/kotlin/fir/FirElement;Lorg/jetbrains/kotlin/fir/FirSession;)Z 
Event: 6.837 Thread 0x0000023dd886d830 DEOPT PACKING pc=0x0000023de5f68cc0 sp=0x000000a9614f1450
Event: 6.837 Thread 0x0000023dd886d830 DEOPT UNPACKING pc=0x0000023de51c46a2 sp=0x000000a9614f1348 mode 2
Event: 6.837 Thread 0x0000023dd886d830 Uncommon trap: trap_request=0xffffffc6 fr.pc=0x0000023de600f924 relative=0x0000000000000944
Event: 6.837 Thread 0x0000023dd886d830 Uncommon trap: reason=bimorphic_or_optimized_type_check action=maybe_recompile pc=0x0000023de600f924 method=org.jetbrains.kotlin.fir.resolve.transformers.InvocationKindTransformerKt.replaceLambdaArgumentInvocationKinds(Lorg/jetbrains/kotlin/fir/expression
Event: 6.837 Thread 0x0000023dd886d830 DEOPT PACKING pc=0x0000023de600f924 sp=0x000000a9614f1950
Event: 6.837 Thread 0x0000023dd886d830 DEOPT UNPACKING pc=0x0000023de51c46a2 sp=0x000000a9614f18c0 mode 2

Classes loaded (20 events):
Event: 2.623 Loading class java/util/function/ToIntFunction
Event: 2.623 Loading class java/util/function/ToIntFunction done
Event: 2.632 Loading class java/util/AbstractList$SubList$1
Event: 2.632 Loading class java/util/AbstractList$SubList$1 done
Event: 2.644 Loading class java/util/regex/Pattern$StartS
Event: 2.644 Loading class java/util/regex/Pattern$StartS done
Event: 2.721 Loading class java/util/AbstractMap$SimpleImmutableEntry
Event: 2.721 Loading class java/util/AbstractMap$SimpleImmutableEntry done
Event: 3.495 Loading class java/lang/Byte$ByteCache
Event: 3.495 Loading class java/lang/Byte$ByteCache done
Event: 4.796 Loading class java/lang/Short$ShortCache
Event: 4.796 Loading class java/lang/Short$ShortCache done
Event: 4.850 Loading class java/util/EnumMap$EntrySet
Event: 4.850 Loading class java/util/EnumMap$EntrySet done
Event: 4.850 Loading class java/util/EnumMap$EntryIterator
Event: 4.850 Loading class java/util/EnumMap$EnumMapIterator
Event: 4.850 Loading class java/util/EnumMap$EnumMapIterator done
Event: 4.850 Loading class java/util/EnumMap$EntryIterator done
Event: 4.850 Loading class java/util/EnumMap$EntryIterator$Entry
Event: 4.850 Loading class java/util/EnumMap$EntryIterator$Entry done

Classes unloaded (0 events):
No events

Classes redefined (0 events):
No events

Internal exceptions (20 events):
Event: 2.696 Thread 0x0000023dd886d830 Exception <a 'java/lang/NoSuchMethodError'{0x000000070c8433b8}: 'java.lang.Object java.lang.invoke.DirectMethodHandle$Holder.invokeStaticInit(java.lang.Object, java.lang.Object, java.lang.Object, java.lang.Object)'> (0x000000070c8433b8) 
thrown [s\src\hotspot\share\interpreter\linkResolver.cpp, line 784]
Event: 2.868 Thread 0x0000023dd886d830 Exception <a 'java/lang/NoSuchMethodError'{0x000000070bad2d18}: 'java.lang.Object java.lang.invoke.DirectMethodHandle$Holder.newInvokeSpecial(java.lang.Object, java.lang.Object, java.lang.Object, java.lang.Object, int, java.lang.Object, java.lang.Object)'> (0x000000070bad2d18) 
thrown [s\src\hotspot\share\interpreter\linkResolver.cpp, line 784]
Event: 2.923 Thread 0x0000023dd886d830 Exception <a 'java/lang/NoSuchMethodError'{0x00000007ff8707a0}: 'java.lang.Object java.lang.invoke.DirectMethodHandle$Holder.invokeStatic(java.lang.Object, int, java.lang.Object, java.lang.Object)'> (0x00000007ff8707a0) 
thrown [s\src\hotspot\share\interpreter\linkResolver.cpp, line 784]
Event: 2.924 Thread 0x0000023dd886d830 Exception <a 'java/lang/NoSuchMethodError'{0x00000007ff877920}: 'java.lang.Object java.lang.invoke.DirectMethodHandle$Holder.newInvokeSpecial(java.lang.Object, int, java.lang.Object)'> (0x00000007ff877920) 
thrown [s\src\hotspot\share\interpreter\linkResolver.cpp, line 784]
Event: 2.991 Thread 0x0000023dd886d830 Exception <a 'java/lang/NoSuchMethodError'{0x0000000711181ee8}: 'java.lang.Object java.lang.invoke.DirectMethodHandle$Holder.invokeStatic(java.lang.Object, java.lang.Object, java.lang.Object, int, java.lang.Object, java.lang.Object)'> (0x0000000711181ee8) 
thrown [s\src\hotspot\share\interpreter\linkResolver.cpp, line 784]
Event: 2.992 Thread 0x0000023dd886d830 Exception <a 'java/lang/NoSuchMethodError'{0x000000071118a348}: 'java.lang.Object java.lang.invoke.DirectMethodHandle$Holder.newInvokeSpecial(java.lang.Object, java.lang.Object, java.lang.Object, int)'> (0x000000071118a348) 
thrown [s\src\hotspot\share\interpreter\linkResolver.cpp, line 784]
Event: 2.992 Thread 0x0000023dd886d830 Exception <a 'java/lang/NoSuchMethodError'{0x000000071118ebe8}: 'java.lang.Object java.lang.invoke.DirectMethodHandle$Holder.invokeSpecial(java.lang.Object, java.lang.Object, java.lang.Object, java.lang.Object, int)'> (0x000000071118ebe8) 
thrown [s\src\hotspot\share\interpreter\linkResolver.cpp, line 784]
Event: 2.992 Thread 0x0000023dd886d830 Exception <a 'java/lang/NoSuchMethodError'{0x0000000711192de0}: 'java.lang.Object java.lang.invoke.Invokers$Holder.linkToTargetMethod(java.lang.Object, java.lang.Object, int, java.lang.Object)'> (0x0000000711192de0) 
thrown [s\src\hotspot\share\interpreter\linkResolver.cpp, line 784]
Event: 3.026 Thread 0x0000023dd886d830 Exception <a 'java/lang/NoSuchMethodError'{0x000000070e663318}: 'java.lang.Object java.lang.invoke.DirectMethodHandle$Holder.newInvokeSpecial(java.lang.Object, int, java.lang.Object, java.lang.Object, java.lang.Object)'> (0x000000070e663318) 
thrown [s\src\hotspot\share\interpreter\linkResolver.cpp, line 784]
Event: 3.027 Thread 0x0000023dd886d830 Exception <a 'java/lang/NoSuchMethodError'{0x000000070e66aee8}: 'java.lang.Object java.lang.invoke.Invokers$Holder.linkToTargetMethod(int, java.lang.Object, java.lang.Object, java.lang.Object, java.lang.Object)'> (0x000000070e66aee8) 
thrown [s\src\hotspot\share\interpreter\linkResolver.cpp, line 784]
Event: 3.167 Thread 0x0000023dd886d830 Exception <a 'java/lang/NoSuchMethodError'{0x000000070d4ea658}: 'java.lang.Object java.lang.invoke.DirectMethodHandle$Holder.newInvokeSpecial(java.lang.Object, java.lang.Object, java.lang.Object, int, int)'> (0x000000070d4ea658) 
thrown [s\src\hotspot\share\interpreter\linkResolver.cpp, line 784]
Event: 3.289 Thread 0x0000023dd886d830 Exception <a 'java/lang/NoSuchMethodError'{0x000000070c700420}: 'java.lang.Object java.lang.invoke.DirectMethodHandle$Holder.newInvokeSpecial(java.lang.Object, java.lang.Object, java.lang.Object, java.lang.Object, int, int)'> (0x000000070c700420) 
thrown [s\src\hotspot\share\interpreter\linkResolver.cpp, line 784]
Event: 3.289 Thread 0x0000023dd886d830 Exception <a 'java/lang/NoSuchMethodError'{0x000000070c708458}: 'java.lang.Object java.lang.invoke.Invokers$Holder.linkToTargetMethod(java.lang.Object, java.lang.Object, java.lang.Object, int, int, java.lang.Object)'> (0x000000070c708458) 
thrown [s\src\hotspot\share\interpreter\linkResolver.cpp, line 784]
Event: 3.517 Thread 0x0000023dd886d830 Exception <a 'java/lang/NoSuchMethodError'{0x000000070a9af9a0}: 'java.lang.Object java.lang.invoke.DirectMethodHandle$Holder.newInvokeSpecial(java.lang.Object, java.lang.Object, java.lang.Object, java.lang.Object, java.lang.Object, java.lang.Object, java.lang.Object, java.lang.Object, java.lang.Object)'> (0x000000070a9af9a0) 
thrown [s\src\hotspot\share\interpreter\linkResolver.cpp, line 784]
Event: 3.560 Thread 0x0000023dd886d830 Exception <a 'java/lang/NoSuchMethodError'{0x0000000712b68448}: 'java.lang.Object java.lang.invoke.DirectMethodHandle$Holder.newInvokeSpecial(java.lang.Object, java.lang.Object, java.lang.Object, java.lang.Object, java.lang.Object, int)'> (0x0000000712b68448) 
thrown [s\src\hotspot\share\interpreter\linkResolver.cpp, line 784]
Event: 3.560 Thread 0x0000023dd886d830 Exception <a 'java/lang/NoSuchMethodError'{0x0000000712b6c8d0}: 'java.lang.Object java.lang.invoke.DirectMethodHandle$Holder.invokeSpecial(java.lang.Object, java.lang.Object, java.lang.Object, java.lang.Object, java.lang.Object, java.lang.Object, int)'> (0x0000000712b6c8d0) 
thrown [s\src\hotspot\share\interpreter\linkResolver.cpp, line 784]
Event: 3.766 Thread 0x0000023dd886d830 Implicit null exception at 0x0000023de5c515fc to 0x0000023de5c5183c
Event: 5.307 Thread 0x0000023dd886d830 Implicit null exception at 0x0000023de5715b0c to 0x0000023de5716100
Event: 6.754 Thread 0x0000023dd886d830 Implicit null exception at 0x0000023de5c8d40c to 0x0000023de5c8d4dc
Event: 6.774 Thread 0x0000023dd886d830 Implicit null exception at 0x0000023de5ff1031 to 0x0000023de5ff1429

ZGC Phase Switch (0 events):
No events

VM Operations (20 events):
Event: 5.803 Executing VM operation: ICBufferFull
Event: 5.803 Executing VM operation: ICBufferFull done
Event: 5.859 Executing VM operation: G1CollectForAllocation (G1 Evacuation Pause)
Event: 5.867 Executing VM operation: G1CollectForAllocation (G1 Evacuation Pause) done
Event: 6.039 Executing VM operation: ICBufferFull
Event: 6.039 Executing VM operation: ICBufferFull done
Event: 6.153 Executing VM operation: ICBufferFull
Event: 6.153 Executing VM operation: ICBufferFull done
Event: 6.243 Executing VM operation: ICBufferFull
Event: 6.243 Executing VM operation: ICBufferFull done
Event: 6.428 Executing VM operation: ICBufferFull
Event: 6.428 Executing VM operation: ICBufferFull done
Event: 6.440 Executing VM operation: G1CollectForAllocation (G1 Evacuation Pause)
Event: 6.451 Executing VM operation: G1CollectForAllocation (G1 Evacuation Pause) done
Event: 6.503 Executing VM operation: HandshakeAllThreads (Deoptimize)
Event: 6.503 Executing VM operation: HandshakeAllThreads (Deoptimize) done
Event: 6.719 Executing VM operation: ICBufferFull
Event: 6.719 Executing VM operation: ICBufferFull done
Event: 6.896 Executing VM operation: G1CollectForAllocation (G1 Evacuation Pause)
Event: 6.903 Executing VM operation: G1CollectForAllocation (G1 Evacuation Pause) done

Events (20 events):
Event: 4.404 Thread 0x0000023df4d343e0 flushing nmethod 0x0000023de576dc10
Event: 4.404 Thread 0x0000023df4d343e0 flushing nmethod 0x0000023de576ca90
Event: 4.404 Thread 0x0000023df4d343e0 flushing nmethod 0x0000023de5765f90
Event: 4.404 Thread 0x0000023df4d343e0 flushing nmethod 0x0000023de5763810
Event: 4.404 Thread 0x0000023df4d343e0 flushing nmethod 0x0000023de576f390
Event: 4.404 Thread 0x0000023df4d343e0 flushing nmethod 0x0000023de576eb90
Event: 4.404 Thread 0x0000023df4d343e0 flushing nmethod 0x0000023de576df10
Event: 4.404 Thread 0x0000023df4d343e0 flushing nmethod 0x0000023de575a910
Event: 4.404 Thread 0x0000023df4d343e0 flushing nmethod 0x0000023de5752c10
Event: 4.404 Thread 0x0000023df4d343e0 flushing nmethod 0x0000023de5756890
Event: 4.404 Thread 0x0000023df4d343e0 flushing nmethod 0x0000023de5752010
Event: 4.404 Thread 0x0000023df4d343e0 flushing nmethod 0x0000023de5750f90
Event: 4.404 Thread 0x0000023df4d343e0 flushing nmethod 0x0000023de574ac10
Event: 4.404 Thread 0x0000023df4d343e0 flushing nmethod 0x0000023de573d690
Event: 4.404 Thread 0x0000023df4d343e0 flushing nmethod 0x0000023de5747b90
Event: 4.404 Thread 0x0000023df4d343e0 flushing nmethod 0x0000023de5743c10
Event: 4.404 Thread 0x0000023df4d343e0 flushing nmethod 0x0000023de5729190
Event: 4.404 Thread 0x0000023df4d343e0 flushing nmethod 0x0000023de5728310
Event: 4.404 Thread 0x0000023df4d343e0 flushing nmethod 0x0000023de5727510
Event: 4.404 Thread 0x0000023df4d343e0 flushing nmethod 0x0000023de5715890


Dynamic libraries:
0x00007ff614f50000 - 0x00007ff614f5a000 	C:\Program Files\Android\Android Studio\jbr\bin\java.exe
0x00007ffb34e10000 - 0x00007ffb35008000 	C:\Windows\SYSTEM32\ntdll.dll
0x00007ffb345b0000 - 0x00007ffb34672000 	C:\Windows\System32\KERNEL32.DLL
0x00007ffb32500000 - 0x00007ffb327fe000 	C:\Windows\System32\KERNELBASE.dll
0x00007ffb32d30000 - 0x00007ffb32e30000 	C:\Windows\System32\ucrtbase.dll
0x00007ffb25b40000 - 0x00007ffb25b58000 	C:\Program Files\Android\Android Studio\jbr\bin\jli.dll
0x00007ffb25950000 - 0x00007ffb2596b000 	C:\Program Files\Android\Android Studio\jbr\bin\VCRUNTIME140.dll
0x00007ffb33190000 - 0x00007ffb3332d000 	C:\Windows\System32\USER32.dll
0x00007ffb32b30000 - 0x00007ffb32b52000 	C:\Windows\System32\win32u.dll
0x00007ffb1c1b0000 - 0x00007ffb1c44a000 	C:\Windows\WinSxS\amd64_microsoft.windows.common-controls_6595b64144ccf1df_6.0.19041.4355_none_60b8b9eb71f62e16\COMCTL32.dll
0x00007ffb34730000 - 0x00007ffb3475b000 	C:\Windows\System32\GDI32.dll
0x00007ffb34d30000 - 0x00007ffb34dce000 	C:\Windows\System32\msvcrt.dll
0x00007ffb32a10000 - 0x00007ffb32b27000 	C:\Windows\System32\gdi32full.dll
0x00007ffb32c00000 - 0x00007ffb32c9d000 	C:\Windows\System32\msvcp_win.dll
0x00007ffb33c60000 - 0x00007ffb33c8f000 	C:\Windows\System32\IMM32.DLL
0x00007ffb24af0000 - 0x00007ffb24afc000 	C:\Program Files\Android\Android Studio\jbr\bin\vcruntime140_1.dll
0x00007ffb04660000 - 0x00007ffb046ed000 	C:\Program Files\Android\Android Studio\jbr\bin\msvcp140.dll
0x00007ffb03680000 - 0x00007ffb042fd000 	C:\Program Files\Android\Android Studio\jbr\bin\server\jvm.dll
0x00007ffb34bd0000 - 0x00007ffb34c81000 	C:\Windows\System32\ADVAPI32.dll
0x00007ffb33330000 - 0x00007ffb333cf000 	C:\Windows\System32\sechost.dll
0x00007ffb34a10000 - 0x00007ffb34b33000 	C:\Windows\System32\RPCRT4.dll
0x00007ffb32bd0000 - 0x00007ffb32bf7000 	C:\Windows\System32\bcrypt.dll
0x00007ffb347c0000 - 0x00007ffb3482b000 	C:\Windows\System32\WS2_32.dll
0x00007ffb31a00000 - 0x00007ffb31a4b000 	C:\Windows\SYSTEM32\POWRPROF.dll
0x00007ffb29d60000 - 0x00007ffb29d87000 	C:\Windows\SYSTEM32\WINMM.dll
0x00007ffb2b130000 - 0x00007ffb2b13a000 	C:\Windows\SYSTEM32\VERSION.dll
0x00007ffb31870000 - 0x00007ffb31882000 	C:\Windows\SYSTEM32\UMPDC.dll
0x00007ffb30310000 - 0x00007ffb30322000 	C:\Windows\SYSTEM32\kernel.appcore.dll
0x00007ffb23060000 - 0x00007ffb2306a000 	C:\Program Files\Android\Android Studio\jbr\bin\jimage.dll
0x00007ffb26be0000 - 0x00007ffb26dc4000 	C:\Windows\SYSTEM32\DBGHELP.DLL
0x00007ffb1c500000 - 0x00007ffb1c534000 	C:\Windows\SYSTEM32\dbgcore.DLL
0x00007ffb32ca0000 - 0x00007ffb32d22000 	C:\Windows\System32\bcryptPrimitives.dll
0x00007ffb23040000 - 0x00007ffb2305f000 	C:\Program Files\Android\Android Studio\jbr\bin\java.dll
0x00007ffb23020000 - 0x00007ffb23038000 	C:\Program Files\Android\Android Studio\jbr\bin\zip.dll
0x00007ffb33c90000 - 0x00007ffb343fd000 	C:\Windows\System32\SHELL32.dll
0x00007ffb30510000 - 0x00007ffb30cb4000 	C:\Windows\SYSTEM32\windows.storage.dll
0x00007ffb32e30000 - 0x00007ffb33183000 	C:\Windows\System32\combase.dll
0x00007ffb31e00000 - 0x00007ffb31e2e000 	C:\Windows\SYSTEM32\Wldp.dll
0x00007ffb34420000 - 0x00007ffb344ed000 	C:\Windows\System32\OLEAUT32.dll
0x00007ffb34500000 - 0x00007ffb345ad000 	C:\Windows\System32\SHCORE.dll
0x00007ffb349b0000 - 0x00007ffb34a05000 	C:\Windows\System32\shlwapi.dll
0x00007ffb323e0000 - 0x00007ffb32404000 	C:\Windows\SYSTEM32\profapi.dll
0x00007ffb23010000 - 0x00007ffb23020000 	C:\Program Files\Android\Android Studio\jbr\bin\net.dll
0x00007ffb2c760000 - 0x00007ffb2c86d000 	C:\Windows\SYSTEM32\WINHTTP.dll
0x00007ffb31be0000 - 0x00007ffb31c4a000 	C:\Windows\system32\mswsock.dll
0x00007ffb19a10000 - 0x00007ffb19a26000 	C:\Program Files\Android\Android Studio\jbr\bin\nio.dll
0x00007ffb15ba0000 - 0x00007ffb15bb0000 	C:\Program Files\Android\Android Studio\jbr\bin\verify.dll

dbghelp: loaded successfully - version: 4.0.5 - missing functions: none
symbol engine: initialized successfully - sym options: 0x614 - pdb path: .;C:\Program Files\Android\Android Studio\jbr\bin;C:\Windows\SYSTEM32;C:\Windows\WinSxS\amd64_microsoft.windows.common-controls_6595b64144ccf1df_6.0.19041.4355_none_60b8b9eb71f62e16;C:\Program Files\Android\Android Studio\jbr\bin\server

VM Arguments:
java_command: org.jetbrains.kotlin.cli.jvm.K2JVMCompiler @C:\Users\Kareem Zedan\StudioProjects\Capital_Taxi2\app\build\20250218_8704358294879633868.compiler.options
java_class_path (initial): C:\Users\Kareem Zedan\.gradle\caches\modules-2\files-2.1\org.jetbrains.kotlin\kotlin-compiler-embeddable\2.0.0\1de310de3446414381282ffc46c3ed3919a4d1da\kotlin-compiler-embeddable-2.0.0.jar;C:\Users\Kareem Zedan\.gradle\caches\modules-2\files-2.1\org.jetbrains.kotlin\kotlin-stdlib\2.0.0\b48df2c4aede9586cc931ead433bc02d6fd7879e\kotlin-stdlib-2.0.0.jar;C:\Users\Kareem Zedan\.gradle\caches\modules-2\files-2.1\org.jetbrains.kotlin\kotlin-script-runtime\2.0.0\fdc27dd047d592fa41d2dfa21e7621287a361612\kotlin-script-runtime-2.0.0.jar;C:\Users\Kareem Zedan\.gradle\caches\modules-2\files-2.1\org.jetbrains.kotlin\kotlin-reflect\1.6.10\1cbe9c92c12a94eea200d23c2bbaedaf3daf5132\kotlin-reflect-1.6.10.jar;C:\Users\Kareem Zedan\.gradle\caches\modules-2\files-2.1\org.jetbrains.kotlin\kotlin-daemon-embeddable\2.0.0\b39c612768614c4428c96ee9c65477181fffe9d\kotlin-daemon-embeddable-2.0.0.jar;C:\Users\Kareem Zedan\.gradle\caches\modules-2\files-2.1\org.jetbrains.intellij.deps\trove4j\1.0.20200330\3afb14d5f9ceb459d724e907a21145e8ff394f02\trove4j-1.0.20200330.jar;C:\Users\Kareem Zedan\.gradle\caches\modules-2\files-2.1\org.jetbrains\annotations\13.0\919f0dfe192fb4e063e7dacadee7f8bb9a2672a9\annotations-13.0.jar
Launcher Type: SUN_STANDARD

[Global flags]
     intx CICompilerCount                          = 4                                         {product} {ergonomic}
     uint ConcGCThreads                            = 3                                         {product} {ergonomic}
     uint G1ConcRefinementThreads                  = 10                                        {product} {ergonomic}
   size_t G1HeapRegionSize                         = 2097152                                   {product} {ergonomic}
    uintx GCDrainStackTargetSize                   = 64                                        {product} {ergonomic}
   size_t InitialHeapSize                          = 266338304                                 {product} {ergonomic}
   size_t MarkStackSize                            = 4194304                                   {product} {ergonomic}
   size_t MaxHeapSize                              = 4246732800                                {product} {ergonomic}
   size_t MaxNewSize                               = 2548039680                                {product} {ergonomic}
   size_t MinHeapDeltaBytes                        = 2097152                                   {product} {ergonomic}
   size_t MinHeapSize                              = 8388608                                   {product} {ergonomic}
    uintx NonNMethodCodeHeapSize                   = 5839372                                {pd product} {ergonomic}
    uintx NonProfiledCodeHeapSize                  = 122909434                              {pd product} {ergonomic}
    uintx ProfiledCodeHeapSize                     = 122909434                              {pd product} {ergonomic}
    uintx ReservedCodeCacheSize                    = 251658240                              {pd product} {ergonomic}
     bool SegmentedCodeCache                       = true                                      {product} {ergonomic}
   size_t SoftMaxHeapSize                          = 4246732800                             {manageable} {ergonomic}
     bool UseCompressedOops                        = true                           {product lp64_product} {ergonomic}
     bool UseG1GC                                  = true                                      {product} {ergonomic}
     bool UseLargePagesIndividualAllocation        = false                                  {pd product} {ergonomic}

Logging:
Log output configuration:
 #0: stdout all=warning uptime,level,tags foldmultilines=false
 #1: stderr all=off uptime,level,tags foldmultilines=false

Environment Variables:
PATH=C:\Program Files\Common Files\Oracle\Java\javapath;C:\Windows\system32;C:\Windows;C:\Windows\System32\Wbem;C:\Windows\System32\WindowsPowerShell\v1.0\;C:\Windows\System32\OpenSSH\;C:\Program Files (x86)\Windows Kits\10\Windows Performance Toolkit\;C:\Program Files\Git\cmd;C:\Program Files\nodejs\;C:\Users\Kareem Zedan\AppData\Local\Microsoft\WindowsApps;C:\Users\Kareem Zedan\AppData\Local\Programs\Microsoft VS Code\bin;C:\Users\Kareem Zedan\AppData\Local\Programs\Microsoft VS Code\bin;C:\Users\Kareem Zedan\.cache\firebase\tools\bin;C:\Users\Kareem Zedan\AppData\Local\Pub\Cache\bin;C:\Users\Kareem Zedan\AppData\Roaming\npm;C:\Program Files\jdk-17.0.12\bin;C:\src2\flutter\bin;C:\src2\flutter\bin\cache\dart-sdk\bin;C:\Users\Kareem Zedan\AppData\Local\Google\Cloud SDK\google-cloud-sdk\bin
USERNAME=Kareem Zedan
OS=Windows_NT
PROCESSOR_IDENTIFIER=Intel64 Family 6 Model 151 Stepping 5, GenuineIntel
TMP=C:\Users\KAREEM~1\AppData\Local\Temp
TEMP=C:\Users\KAREEM~1\AppData\Local\Temp




Periodic native trim disabled

JNI global refs:
JNI global refs: 13, weak refs: 7

JNI global refs memory usage: 835, weak refs: 833

Process memory usage:
Resident Set Size: 547424K (3% of 16586164K total physical memory with 1420116K free physical memory)

OOME stack traces (most recent first):
Classloader memory used:
Loader jdk.internal.loader.ClassLoaders$AppClassLoader                                 : 49737K
Loader bootstrap                                                                       : 11124K
Loader java.net.URLClassLoader                                                         : 232K

---------------  S Y S T E M  ---------------

OS:
 Windows 10 , 64 bit Build 19041 (10.0.19041.5072)
OS uptime: 1 days 9:30 hours
Hyper-V role detected

CPU: total 12 (initial active 12) (6 cores per cpu, 2 threads per core) family 6 model 151 stepping 5 microcode 0x32, cx8, cmov, fxsr, ht, mmx, 3dnowpref, sse, sse2, sse3, ssse3, sse4.1, sse4.2, popcnt, lzcnt, tsc, tscinvbit, avx, avx2, aes, erms, clmul, bmi1, bmi2, adx, sha, fma, vzeroupper, clflush, clflushopt, clwb, hv, rdtscp, rdpid, fsrm, f16c, cet_ibt, cet_ss
Processor Information for all 12 processors :
  Max Mhz: 2500, Current Mhz: 2500, Mhz Limit: 2500

Memory: 4k page, system-wide physical 16197M (1378M free)
TotalPageFile size 26949M (AvailPageFile size 4199M)
current process WorkingSet (physical memory assigned to process): 537M, peak: 542M
current process commit charge ("private bytes"): 571M, peak: 579M

vm_info: OpenJDK 64-Bit Server VM (21.0.3+-12282718-b509.11) for windows-amd64 JRE (21.0.3+-12282718-b509.11), built on 2024-08-27T17:34:15Z by "builder" with MS VC++ 16.10 / 16.11 (VS2019)

END.
