#
# A fatal error has been detected by the Java Runtime Environment:
#
#  EXCEPTION_ACCESS_VIOLATION (0xc0000005) at pc=0x00007ffad2b66bff, pid=14980, tid=7156
#
# JRE version: OpenJDK Runtime Environment (21.0.3) (build 21.0.3+-12282718-b509.11)
# Java VM: OpenJDK 64-Bit Server VM (21.0.3+-12282718-b509.11, mixed mode, tiered, compressed oops, compressed class ptrs, g1 gc, windows-amd64)
# Problematic frame:
# V  [jvm.dll+0x3b6bff]
#
# No core dump will be written. Minidumps are not enabled by default on client versions of Windows
#
# If you would like to submit a bug report, please visit:
#   https://youtrack.jetbrains.com/issues/JBR
#

---------------  S U M M A R Y ------------

Command Line: org.jetbrains.kotlin.cli.jvm.K2JVMCompiler @C:\Users\Kareem Zedan\StudioProjects\Capital_Taxi2\app\build\20250216_7182043886248435664.compiler.options

Host: 12th Gen Intel(R) Core(TM) i5-12400F, 12 cores, 15G,  Windows 10 , 64 bit Build 19041 (10.0.19041.5072)
Time: Sun Feb 16 20:59:35 2025 Egypt Standard Time elapsed time: 3.733305 seconds (0d 0h 0m 3s)

---------------  T H R E A D  ---------------

Current thread (0x000002699a252d10):  JavaThread "C2 CompilerThread0" daemon [_thread_in_native, id=7156, stack(0x000000a0d2400000,0x000000a0d2500000) (1024K)]


Current CompileTask:
C2:   3733 5721       4       java.lang.ClassLoader::loadClass (7 bytes)

Stack: [0x000000a0d2400000,0x000000a0d2500000],  sp=0x000000a0d24fc840,  free space=1010k
Native frames: (J=compiled Java code, j=interpreted, Vv=VM code, C=native code)
V  [jvm.dll+0x3b6bff]
V  [jvm.dll+0x3b045d]
V  [jvm.dll+0x1de0b6]
V  [jvm.dll+0x246c54]
V  [jvm.dll+0x2460d1]
V  [jvm.dll+0x1c5804]
V  [jvm.dll+0x25575c]
V  [jvm.dll+0x253c36]
V  [jvm.dll+0x3ec996]
V  [jvm.dll+0x800d78]
V  [jvm.dll+0x6c98cd]
C  [ucrtbase.dll+0x21bb2]
C  [KERNEL32.DLL+0x17374]
C  [ntdll.dll+0x4cc91]


siginfo: EXCEPTION_ACCESS_VIOLATION (0xc0000005), reading address 0x0000000184023080


Registers:
RAX=0x000000a0d24ff1a0, RBX=0x000000a0d24fc960, RCX=0x0000000184023080, RDX=0x0000000000000034
RSP=0x000000a0d24fc840, RBP=0x000000a0d24fe3e0, RSI=0x0000000000000050, RDI=0x000000000000000a
R8 =0x000000000000002c, R9 =0x000000a0d24fcae0, R10=0x0000000000000000, R11=0x00000269a4123200
R12=0x000002699a2179c8, R13=0x00007ffad3339f60, R14=0x00000269a3604780, R15=0x00000269a3fdc470
RIP=0x00007ffad2b66bff, EFLAGS=0x0000000000010202


Register to memory mapping:

RAX=0x000000a0d24ff1a0 is pointing into the stack for thread: 0x000002699a252d10
RBX=0x000000a0d24fc960 is pointing into the stack for thread: 0x000002699a252d10
RCX=0x0000000184023080 is an unknown value
RDX=0x0000000000000034 is an unknown value
RSP=0x000000a0d24fc840 is pointing into the stack for thread: 0x000002699a252d10
RBP=0x000000a0d24fe3e0 is pointing into the stack for thread: 0x000002699a252d10
RSI=0x0000000000000050 is an unknown value
RDI=0x000000000000000a is an unknown value
R8 =0x000000000000002c is an unknown value
R9 =0x000000a0d24fcae0 is pointing into the stack for thread: 0x000002699a252d10
R10=0x0 is null
R11=0x00000269a4123200 points into unknown readable memory: 0x0000000000000000 | 00 00 00 00 00 00 00 00
R12=0x000002699a2179c8 points into unknown readable memory: 0x000002699a1dbe10 | 10 be 1d 9a 69 02 00 00
R13=0x00007ffad3339f60 jvm.dll
R14=0x00000269a3604780 points into unknown readable memory: 0x0000000000000002 | 02 00 00 00 00 00 00 00
R15=0x00000269a3fdc470 points into unknown readable memory: 0x0000000c00000009 | 09 00 00 00 0c 00 00 00

Top of Stack: (sp=0x000000a0d24fc840)
0x000000a0d24fc840:   0000000000000000 0000000300000b8f
0x000000a0d24fc850:   0000000000000001 00007ffad2815fdd
0x000000a0d24fc860:   0000000000000002 0000000000000000
0x000000a0d24fc870:   0000000000000001 000000a0d24fc990
0x000000a0d24fc880:   000000a0d24fcef0 00007ffad2b6045d
0x000000a0d24fc890:   00000269a0b2f620 0000000000000000
0x000000a0d24fc8a0:   0000000000000002 00007ffb34e347b1
0x000000a0d24fc8b0:   000000a0d24fc8d0 00007ffb00000006
0x000000a0d24fc8c0:   00000001ffffffff 00007ffa00000002
0x000000a0d24fc8d0:   0000000200000000 0000000e00000000
0x000000a0d24fc8e0:   0000026900000000 0000000200000001
0x000000a0d24fc8f0:   0000000d00000001 0000026900000000
0x000000a0d24fc900:   0000000000000001 00000269a0b2f620
0x000000a0d24fc910:   00000000000000d0 0000000000000000
0x000000a0d24fc920:   0000000000000000 0000000300000ba4
0x000000a0d24fc930:   0000000c0000000c 00000269a4123200
0x000000a0d24fc940:   00000269a4a7c7f0 000000a0d24fc960
0x000000a0d24fc950:   00000269a438152c 00000269a4381534
0x000000a0d24fc960:   0000000c00000009 00000269a4a7c950
0x000000a0d24fc970:   00000000000000c0 0000000000000600
0x000000a0d24fc980:   000002699ff01370 0000000000000666
0x000000a0d24fc990:   000002699ff01370 00007ffad2d86caa
0x000000a0d24fc9a0:   0000000000000029 000000a0d24fca49
0x000000a0d24fc9b0:   0000000000000000 000000a0d24fca49
0x000000a0d24fc9c0:   000000a0d24fca38 00007ffad2fc3f40
0x000000a0d24fc9d0:   000002699a2179c8 0000000000000600
0x000000a0d24fc9e0:   0000026900000010 000002699a1f40f0
0x000000a0d24fc9f0:   000002690000002c 0000026900000000
0x000000a0d24fca00:   000002699a1d0000 0000000000000000
0x000000a0d24fca10:   000002699a1f40f0 000002699ff01300
0x000000a0d24fca20:   0000000000233ce8 00007ffad311f720
0x000000a0d24fca30:   0000000000000000 0000000000000000 

Instructions: (pc=0x00007ffad2b66bff)
0x00007ffad2b66aff:   8b 3c f0 80 3c 3a 00 75 0c e8 93 10 4d 00 44 8b
0x00007ffad2b66b0f:   83 90 00 00 00 48 8b 4c 3d 00 41 8b d0 48 c1 e2
0x00007ffad2b66b1f:   03 48 8b 81 68 06 00 00 48 8b 88 80 00 00 00 4c
0x00007ffad2b66b2f:   8b 89 d0 08 00 00 49 8b 49 18 49 8b 41 20 48 2b
0x00007ffad2b66b3f:   c1 48 3b c2 72 0a 48 8d 04 11 49 89 41 18 eb 0e
0x00007ffad2b66b4f:   45 33 c0 49 8b c9 e8 16 92 d0 ff 48 8b c8 44 8b
0x00007ffad2b66b5f:   83 90 00 00 00 ba 34 00 00 00 33 ff 48 89 4b 08
0x00007ffad2b66b6f:   45 85 c0 0f 84 d5 00 00 00 65 48 8b 04 25 58 00
0x00007ffad2b66b7f:   00 00 4c 89 64 24 50 4c 89 6c 24 58 4c 8d 2d ce
0x00007ffad2b66b8f:   33 7d 00 4c 89 74 24 60 4c 8d 24 f0 0f 1f 44 00
0x00007ffad2b66b9f:   00 49 8b 47 08 48 8d 34 fd 00 00 00 00 4c 8b 34
0x00007ffad2b66baf:   06 4d 3b f5 75 0a 48 8b 43 08 4c 89 2c 06 eb 6c
0x00007ffad2b66bbf:   49 8b 2c 24 8b c2 80 3c 28 00 75 05 e8 d0 0f 4d
0x00007ffad2b66bcf:   00 b8 20 00 00 00 48 8b 0c 28 48 8b 81 68 06 00
0x00007ffad2b66bdf:   00 48 8b a8 80 00 00 00 48 8b 8d d8 08 00 00 48
0x00007ffad2b66bef:   85 c9 75 0c e8 78 0b 00 00 48 8b 8d d8 08 00 00
0x00007ffad2b66bff:   48 8b 01 0f 57 c0 48 89 85 d8 08 00 00 0f 11 01
0x00007ffad2b66c0f:   0f 11 41 10 41 0f 10 06 0f 11 01 41 0f 10 4e 10
0x00007ffad2b66c1f:   0f 11 49 10 48 8b 43 08 48 89 0c 06 ff c7 ba 34
0x00007ffad2b66c2f:   00 00 00 3b bb 90 00 00 00 0f 82 62 ff ff ff 4c
0x00007ffad2b66c3f:   8b 74 24 60 4c 8b 6c 24 58 4c 8b 64 24 50 48 8b
0x00007ffad2b66c4f:   c3 48 83 c4 20 41 5f 5f 5e 5d 5b c3 cc cc cc cc
0x00007ffad2b66c5f:   cc 40 53 48 83 ec 20 8b 51 0c 48 8b d9 83 fa 04
0x00007ffad2b66c6f:   73 2a 4c 8b 59 18 66 66 66 0f 1f 84 00 00 00 00
0x00007ffad2b66c7f:   00 44 8b d2 44 8d 4a 01 4b 83 3c d3 00 0f 85 8f
0x00007ffad2b66c8f:   00 00 00 41 8b d1 41 83 f9 04 72 e5 48 89 74 24
0x00007ffad2b66c9f:   30 48 89 7c 24 38 8b 79 10 3b 79 14 73 62 48 8d
0x00007ffad2b66caf:   35 ac 32 7d 00 0f 1f 40 00 0f 1f 84 00 00 00 00
0x00007ffad2b66cbf:   00 48 8b 43 20 8b cf 48 8b 14 c8 48 3b d6 74 39
0x00007ffad2b66ccf:   33 c0 48 89 53 18 33 c9 66 0f 1f 84 00 00 00 00
0x00007ffad2b66cdf:   00 48 83 3c 11 00 44 8d 48 01 75 6f 48 83 c1 08
0x00007ffad2b66cef:   41 8b c1 41 83 f9 04 72 e8 48 8b 4b 28 48 85 c9 


Stack slot to memory mapping:

stack at sp + 0 slots: 0x0 is null
stack at sp + 1 slots: 0x0000000300000b8f is an unknown value
stack at sp + 2 slots: 0x0000000000000001 is an unknown value
stack at sp + 3 slots: 0x00007ffad2815fdd jvm.dll
stack at sp + 4 slots: 0x0000000000000002 is an unknown value
stack at sp + 5 slots: 0x0 is null
stack at sp + 6 slots: 0x0000000000000001 is an unknown value
stack at sp + 7 slots: 0x000000a0d24fc990 is pointing into the stack for thread: 0x000002699a252d10


---------------  P R O C E S S  ---------------

Threads class SMR info:
_java_thread_list=0x00000269a0c75e50, length=13, elements={
0x00000269fdc7de90, 0x000002699a23afb0, 0x000002699a23bed0, 0x000002699a23ca90,
0x000002699a23d4f0, 0x000002699a23df50, 0x000002699a246a70, 0x000002699a252d10,
0x000002699a255bc0, 0x000002699a3e4cd0, 0x000002699a3e32d0, 0x000002699a41cb20,
0x00000269a0ce5220
}

Java Threads: ( => current thread )
  0x00000269fdc7de90 JavaThread "main"                              [_thread_in_Java, id=10440, stack(0x000000a0d1600000,0x000000a0d1700000) (1024K)]
  0x000002699a23afb0 JavaThread "Reference Handler"          daemon [_thread_blocked, id=1816, stack(0x000000a0d1e00000,0x000000a0d1f00000) (1024K)]
  0x000002699a23bed0 JavaThread "Finalizer"                  daemon [_thread_blocked, id=13208, stack(0x000000a0d1f00000,0x000000a0d2000000) (1024K)]
  0x000002699a23ca90 JavaThread "Signal Dispatcher"          daemon [_thread_blocked, id=14988, stack(0x000000a0d2000000,0x000000a0d2100000) (1024K)]
  0x000002699a23d4f0 JavaThread "Attach Listener"            daemon [_thread_blocked, id=14868, stack(0x000000a0d2100000,0x000000a0d2200000) (1024K)]
  0x000002699a23df50 JavaThread "Service Thread"             daemon [_thread_blocked, id=7200, stack(0x000000a0d2200000,0x000000a0d2300000) (1024K)]
  0x000002699a246a70 JavaThread "Monitor Deflation Thread"   daemon [_thread_blocked, id=10744, stack(0x000000a0d2300000,0x000000a0d2400000) (1024K)]
=>0x000002699a252d10 JavaThread "C2 CompilerThread0"         daemon [_thread_in_native, id=7156, stack(0x000000a0d2400000,0x000000a0d2500000) (1024K)]
  0x000002699a255bc0 JavaThread "C1 CompilerThread0"         daemon [_thread_in_vm, id=12716, stack(0x000000a0d2500000,0x000000a0d2600000) (1024K)]
  0x000002699a3e4cd0 JavaThread "Notification Thread"        daemon [_thread_blocked, id=14720, stack(0x000000a0d2600000,0x000000a0d2700000) (1024K)]
  0x000002699a3e32d0 JavaThread "Common-Cleaner"             daemon [_thread_blocked, id=2880, stack(0x000000a0d2700000,0x000000a0d2800000) (1024K)]
  0x000002699a41cb20 JavaThread "C2 CompilerThread1"         daemon [_thread_in_native, id=14852, stack(0x000000a0d2800000,0x000000a0d2900000) (1024K)]
  0x00000269a0ce5220 JavaThread "C2 CompilerThread2"         daemon [_thread_in_native, id=14968, stack(0x000000a0d2900000,0x000000a0d2a00000) (1024K)]
Total: 13

Other Threads:
  0x000002699a0572e0 VMThread "VM Thread"                           [id=13444, stack(0x000000a0d1d00000,0x000000a0d1e00000) (1024K)]
  0x000002699a00e1d0 WatcherThread "VM Periodic Task Thread"        [id=2348, stack(0x000000a0d1c00000,0x000000a0d1d00000) (1024K)]
  0x00000269ffe116b0 WorkerThread "GC Thread#0"                     [id=13168, stack(0x000000a0d1700000,0x000000a0d1800000) (1024K)]
  0x000002699ac28030 WorkerThread "GC Thread#1"                     [id=6600, stack(0x000000a0d2a00000,0x000000a0d2b00000) (1024K)]
  0x000002699ac283d0 WorkerThread "GC Thread#2"                     [id=3476, stack(0x000000a0d2b00000,0x000000a0d2c00000) (1024K)]
  0x000002699ac28770 WorkerThread "GC Thread#3"                     [id=8484, stack(0x000000a0d2c00000,0x000000a0d2d00000) (1024K)]
  0x000002699ac37800 WorkerThread "GC Thread#4"                     [id=10840, stack(0x000000a0d2d00000,0x000000a0d2e00000) (1024K)]
  0x000002699ac381b0 WorkerThread "GC Thread#5"                     [id=14240, stack(0x000000a0d2e00000,0x000000a0d2f00000) (1024K)]
  0x000002699f2ec8c0 WorkerThread "GC Thread#6"                     [id=3056, stack(0x000000a0d2f00000,0x000000a0d3000000) (1024K)]
  0x000002699f2ecc60 WorkerThread "GC Thread#7"                     [id=10108, stack(0x000000a0d3000000,0x000000a0d3100000) (1024K)]
  0x000002699f2ed3a0 WorkerThread "GC Thread#8"                     [id=988, stack(0x000000a0d3100000,0x000000a0d3200000) (1024K)]
  0x000002699f601cb0 WorkerThread "GC Thread#9"                     [id=13948, stack(0x000000a0d3400000,0x000000a0d3500000) (1024K)]
  0x00000269ffe23c40 ConcurrentGCThread "G1 Main Marker"            [id=8984, stack(0x000000a0d1800000,0x000000a0d1900000) (1024K)]
  0x00000269ffe24df0 WorkerThread "G1 Conc#0"                       [id=10548, stack(0x000000a0d1900000,0x000000a0d1a00000) (1024K)]
  0x000002699f2ed000 WorkerThread "G1 Conc#1"                       [id=14648, stack(0x000000a0d3200000,0x000000a0d3300000) (1024K)]
  0x000002699f2eba40 WorkerThread "G1 Conc#2"                       [id=12008, stack(0x000000a0d3300000,0x000000a0d3400000) (1024K)]
  0x00000269ffe7e9d0 ConcurrentGCThread "G1 Refine#0"               [id=4084, stack(0x000000a0d1a00000,0x000000a0d1b00000) (1024K)]
  0x0000026999ee16b0 ConcurrentGCThread "G1 Service"                [id=4032, stack(0x000000a0d1b00000,0x000000a0d1c00000) (1024K)]
Total: 18

Threads with active compile tasks:
C2 CompilerThread0     3752 5721       4       java.lang.ClassLoader::loadClass (7 bytes)
C1 CompilerThread0     3752 5982       3       java.util.EnumMap::get (29 bytes)
C2 CompilerThread1     3752 5857       4       kotlin.collections.CollectionsKt___CollectionsKt::joinTo (156 bytes)
C2 CompilerThread2     3752 5722   !   4       jdk.internal.loader.BuiltinClassLoader::loadClassOrNull (143 bytes)
Total: 4

VM state: not at safepoint (normal execution)

VM Mutex/Monitor currently owned by a thread:  ([mutex/lock_event])
[0x00007ffad3350b48] MethodCompileQueue_lock - owner thread: 0x000002699a255bc0

Heap address: 0x0000000702e00000, size: 4050 MB, Compressed Oops mode: Zero based, Oop shift amount: 3

CDS archive(s) not mapped
Compressed class space mapped at: 0x0000000800000000-0x0000000840000000, reserved size: 1073741824
Narrow klass base: 0x0000000800000000, Narrow klass shift: 0, Narrow klass range: 0x40000000

GC Precious Log:
 CardTable entry size: 512
 Card Set container configuration: InlinePtr #cards 4 size 8 Array Of Cards #cards 16 size 48 Howl #buckets 8 coarsen threshold 3686 Howl Bitmap #cards 512 size 80 coarsen threshold 460 Card regions per heap region 1 cards per card region 4096
 CPUs: 12 total, 12 available
 Memory: 16197M
 Large Page Support: Disabled
 NUMA Support: Disabled
 Compressed Oops: Enabled (Zero based)
 Heap Region Size: 2M
 Heap Min Capacity: 8M
 Heap Initial Capacity: 254M
 Heap Max Capacity: 4050M
 Pre-touch: Disabled
 Parallel Workers: 10
 Concurrent Workers: 3
 Concurrent Refinement Workers: 10
 Periodic GC: Disabled

Heap:
 garbage-first heap   total 157696K, used 123451K [0x0000000702e00000, 0x0000000800000000)
  region size 2048K, 23 young (47104K), 4 survivors (8192K)
 Metaspace       used 52103K, committed 52416K, reserved 1114112K
  class space    used 5945K, committed 6080K, reserved 1048576K

Heap Regions: E=young(eden), S=young(survivor), O=old, HS=humongous(starts), HC=humongous(continues), CS=collection set, F=free, TAMS=top-at-mark-start, PB=parsable bottom
|   0|0x0000000702e00000, 0x0000000703000000, 0x0000000703000000|100%|HS|  |TAMS 0x0000000702e00000| PB 0x0000000702e00000| Complete 
|   1|0x0000000703000000, 0x0000000703200000, 0x0000000703200000|100%|HC|  |TAMS 0x0000000703000000| PB 0x0000000703000000| Complete 
|   2|0x0000000703200000, 0x0000000703400000, 0x0000000703400000|100%| O|  |TAMS 0x0000000703200000| PB 0x0000000703200000| Untracked 
|   3|0x0000000703400000, 0x0000000703600000, 0x0000000703600000|100%| O|  |TAMS 0x0000000703400000| PB 0x0000000703400000| Untracked 
|   4|0x0000000703600000, 0x0000000703800000, 0x0000000703800000|100%| O|  |TAMS 0x0000000703600000| PB 0x0000000703600000| Untracked 
|   5|0x0000000703800000, 0x0000000703a00000, 0x0000000703a00000|100%| O|  |TAMS 0x0000000703800000| PB 0x0000000703800000| Untracked 
|   6|0x0000000703a00000, 0x0000000703c00000, 0x0000000703c00000|100%| O|  |TAMS 0x0000000703a00000| PB 0x0000000703a00000| Untracked 
|   7|0x0000000703c00000, 0x0000000703e00000, 0x0000000703e00000|100%| O|  |TAMS 0x0000000703c00000| PB 0x0000000703c00000| Untracked 
|   8|0x0000000703e00000, 0x0000000704000000, 0x0000000704000000|100%| O|  |TAMS 0x0000000703e00000| PB 0x0000000703e00000| Untracked 
|   9|0x0000000704000000, 0x0000000704200000, 0x0000000704200000|100%| O|  |TAMS 0x0000000704000000| PB 0x0000000704000000| Untracked 
|  10|0x0000000704200000, 0x0000000704400000, 0x0000000704400000|100%| O|  |TAMS 0x0000000704200000| PB 0x0000000704200000| Untracked 
|  11|0x0000000704400000, 0x0000000704600000, 0x0000000704600000|100%| O|  |TAMS 0x0000000704400000| PB 0x0000000704400000| Untracked 
|  12|0x0000000704600000, 0x0000000704800000, 0x0000000704800000|100%| O|  |TAMS 0x0000000704600000| PB 0x0000000704600000| Untracked 
|  13|0x0000000704800000, 0x0000000704a00000, 0x0000000704a00000|100%| O|  |TAMS 0x0000000704800000| PB 0x0000000704800000| Untracked 
|  14|0x0000000704a00000, 0x0000000704c00000, 0x0000000704c00000|100%| O|  |TAMS 0x0000000704a00000| PB 0x0000000704a00000| Untracked 
|  15|0x0000000704c00000, 0x0000000704e00000, 0x0000000704e00000|100%| O|  |TAMS 0x0000000704c00000| PB 0x0000000704c00000| Untracked 
|  16|0x0000000704e00000, 0x0000000705000000, 0x0000000705000000|100%| O|  |TAMS 0x0000000704e00000| PB 0x0000000704e00000| Untracked 
|  17|0x0000000705000000, 0x0000000705200000, 0x0000000705200000|100%| O|Cm|TAMS 0x0000000705000000| PB 0x0000000705000000| Complete 
|  18|0x0000000705200000, 0x0000000705400000, 0x0000000705400000|100%| O|  |TAMS 0x0000000705200000| PB 0x0000000705200000| Untracked 
|  19|0x0000000705400000, 0x0000000705600000, 0x0000000705600000|100%| O|  |TAMS 0x0000000705400000| PB 0x0000000705400000| Untracked 
|  20|0x0000000705600000, 0x0000000705800000, 0x0000000705800000|100%| O|  |TAMS 0x0000000705600000| PB 0x0000000705600000| Untracked 
|  21|0x0000000705800000, 0x0000000705a00000, 0x0000000705a00000|100%| O|  |TAMS 0x0000000705800000| PB 0x0000000705800000| Untracked 
|  22|0x0000000705a00000, 0x0000000705c00000, 0x0000000705c00000|100%| O|  |TAMS 0x0000000705a00000| PB 0x0000000705a00000| Untracked 
|  23|0x0000000705c00000, 0x0000000705e00000, 0x0000000705e00000|100%| O|  |TAMS 0x0000000705c00000| PB 0x0000000705c00000| Untracked 
|  24|0x0000000705e00000, 0x0000000706000000, 0x0000000706000000|100%| O|  |TAMS 0x0000000705e00000| PB 0x0000000705e00000| Untracked 
|  25|0x0000000706000000, 0x0000000706200000, 0x0000000706200000|100%| O|  |TAMS 0x0000000706000000| PB 0x0000000706000000| Untracked 
|  26|0x0000000706200000, 0x0000000706400000, 0x0000000706400000|100%| O|  |TAMS 0x0000000706200000| PB 0x0000000706200000| Untracked 
|  27|0x0000000706400000, 0x0000000706600000, 0x0000000706600000|100%| O|  |TAMS 0x0000000706400000| PB 0x0000000706400000| Untracked 
|  28|0x0000000706600000, 0x0000000706800000, 0x0000000706800000|100%| O|  |TAMS 0x0000000706600000| PB 0x0000000706600000| Untracked 
|  29|0x0000000706800000, 0x0000000706a00000, 0x0000000706a00000|100%| O|  |TAMS 0x0000000706800000| PB 0x0000000706800000| Untracked 
|  30|0x0000000706a00000, 0x0000000706a00000, 0x0000000706c00000|  0%| F|  |TAMS 0x0000000706a00000| PB 0x0000000706a00000| Untracked 
|  31|0x0000000706c00000, 0x0000000706c00000, 0x0000000706e00000|  0%| F|  |TAMS 0x0000000706c00000| PB 0x0000000706c00000| Untracked 
|  32|0x0000000706e00000, 0x0000000706e00000, 0x0000000707000000|  0%| F|  |TAMS 0x0000000706e00000| PB 0x0000000706e00000| Untracked 
|  33|0x0000000707000000, 0x0000000707200000, 0x0000000707200000|100%| O|  |TAMS 0x0000000707000000| PB 0x0000000707000000| Untracked 
|  34|0x0000000707200000, 0x0000000707400000, 0x0000000707400000|100%| O|  |TAMS 0x0000000707200000| PB 0x0000000707200000| Untracked 
|  35|0x0000000707400000, 0x0000000707600000, 0x0000000707600000|100%| O|  |TAMS 0x0000000707400000| PB 0x0000000707400000| Untracked 
|  36|0x0000000707600000, 0x000000070768ec28, 0x0000000707800000| 27%| O|  |TAMS 0x0000000707600000| PB 0x0000000707600000| Untracked 
|  37|0x0000000707800000, 0x0000000707800000, 0x0000000707a00000|  0%| F|  |TAMS 0x0000000707800000| PB 0x0000000707800000| Untracked 
|  38|0x0000000707a00000, 0x0000000707a00000, 0x0000000707c00000|  0%| F|  |TAMS 0x0000000707a00000| PB 0x0000000707a00000| Untracked 
|  39|0x0000000707c00000, 0x0000000707c00000, 0x0000000707e00000|  0%| F|  |TAMS 0x0000000707c00000| PB 0x0000000707c00000| Untracked 
|  40|0x0000000707e00000, 0x0000000707e00000, 0x0000000708000000|  0%| F|  |TAMS 0x0000000707e00000| PB 0x0000000707e00000| Untracked 
|  41|0x0000000708000000, 0x0000000708000000, 0x0000000708200000|  0%| F|  |TAMS 0x0000000708000000| PB 0x0000000708000000| Untracked 
|  42|0x0000000708200000, 0x0000000708200000, 0x0000000708400000|  0%| F|  |TAMS 0x0000000708200000| PB 0x0000000708200000| Untracked 
|  43|0x0000000708400000, 0x0000000708600000, 0x0000000708600000|100%| S|CS|TAMS 0x0000000708400000| PB 0x0000000708400000| Complete 
|  44|0x0000000708600000, 0x0000000708800000, 0x0000000708800000|100%| S|CS|TAMS 0x0000000708600000| PB 0x0000000708600000| Complete 
|  45|0x0000000708800000, 0x0000000708a00000, 0x0000000708a00000|100%| S|CS|TAMS 0x0000000708800000| PB 0x0000000708800000| Complete 
|  46|0x0000000708a00000, 0x0000000708c00000, 0x0000000708c00000|100%| S|CS|TAMS 0x0000000708a00000| PB 0x0000000708a00000| Complete 
|  47|0x0000000708c00000, 0x0000000708c00000, 0x0000000708e00000|  0%| F|  |TAMS 0x0000000708c00000| PB 0x0000000708c00000| Untracked 
|  48|0x0000000708e00000, 0x0000000708e00000, 0x0000000709000000|  0%| F|  |TAMS 0x0000000708e00000| PB 0x0000000708e00000| Untracked 
|  49|0x0000000709000000, 0x0000000709000000, 0x0000000709200000|  0%| F|  |TAMS 0x0000000709000000| PB 0x0000000709000000| Untracked 
|  50|0x0000000709200000, 0x0000000709200000, 0x0000000709400000|  0%| F|  |TAMS 0x0000000709200000| PB 0x0000000709200000| Untracked 
|  51|0x0000000709400000, 0x0000000709400000, 0x0000000709600000|  0%| F|  |TAMS 0x0000000709400000| PB 0x0000000709400000| Untracked 
|  52|0x0000000709600000, 0x0000000709600000, 0x0000000709800000|  0%| F|  |TAMS 0x0000000709600000| PB 0x0000000709600000| Untracked 
|  53|0x0000000709800000, 0x00000007098f3028, 0x0000000709a00000| 47%| E|  |TAMS 0x0000000709800000| PB 0x0000000709800000| Complete 
|  54|0x0000000709a00000, 0x0000000709c00000, 0x0000000709c00000|100%| E|CS|TAMS 0x0000000709a00000| PB 0x0000000709a00000| Complete 
|  55|0x0000000709c00000, 0x0000000709e00000, 0x0000000709e00000|100%| E|CS|TAMS 0x0000000709c00000| PB 0x0000000709c00000| Complete 
|  56|0x0000000709e00000, 0x000000070a000000, 0x000000070a000000|100%| E|CS|TAMS 0x0000000709e00000| PB 0x0000000709e00000| Complete 
|  57|0x000000070a000000, 0x000000070a200000, 0x000000070a200000|100%| E|CS|TAMS 0x000000070a000000| PB 0x000000070a000000| Complete 
|  58|0x000000070a200000, 0x000000070a400000, 0x000000070a400000|100%| E|CS|TAMS 0x000000070a200000| PB 0x000000070a200000| Complete 
|  59|0x000000070a400000, 0x000000070a600000, 0x000000070a600000|100%| E|CS|TAMS 0x000000070a400000| PB 0x000000070a400000| Complete 
|  60|0x000000070a600000, 0x000000070a800000, 0x000000070a800000|100%| E|CS|TAMS 0x000000070a600000| PB 0x000000070a600000| Complete 
|  61|0x000000070a800000, 0x000000070aa00000, 0x000000070aa00000|100%| E|CS|TAMS 0x000000070a800000| PB 0x000000070a800000| Complete 
|  62|0x000000070aa00000, 0x000000070ac00000, 0x000000070ac00000|100%| E|CS|TAMS 0x000000070aa00000| PB 0x000000070aa00000| Complete 
|  63|0x000000070ac00000, 0x000000070ae00000, 0x000000070ae00000|100%| E|CS|TAMS 0x000000070ac00000| PB 0x000000070ac00000| Complete 
|  64|0x000000070ae00000, 0x000000070b000000, 0x000000070b000000|100%| E|CS|TAMS 0x000000070ae00000| PB 0x000000070ae00000| Complete 
|  65|0x000000070b000000, 0x000000070b200000, 0x000000070b200000|100%| E|CS|TAMS 0x000000070b000000| PB 0x000000070b000000| Complete 
|  66|0x000000070b200000, 0x000000070b400000, 0x000000070b400000|100%| E|CS|TAMS 0x000000070b200000| PB 0x000000070b200000| Complete 
|  67|0x000000070b400000, 0x000000070b600000, 0x000000070b600000|100%| E|CS|TAMS 0x000000070b400000| PB 0x000000070b400000| Complete 
|  68|0x000000070b600000, 0x000000070b800000, 0x000000070b800000|100%| E|CS|TAMS 0x000000070b600000| PB 0x000000070b600000| Complete 
|  71|0x000000070bc00000, 0x000000070be00000, 0x000000070be00000|100%| E|CS|TAMS 0x000000070bc00000| PB 0x000000070bc00000| Complete 
|  72|0x000000070be00000, 0x000000070c000000, 0x000000070c000000|100%| E|CS|TAMS 0x000000070be00000| PB 0x000000070be00000| Complete 
| 126|0x0000000712a00000, 0x0000000712c00000, 0x0000000712c00000|100%| E|CS|TAMS 0x0000000712a00000| PB 0x0000000712a00000| Complete 
|2020|0x00000007ff600000, 0x00000007ff800000, 0x00000007ff800000|100%| O|  |TAMS 0x00000007ff600000| PB 0x00000007ff600000| Untracked 
|2021|0x00000007ff800000, 0x00000007ffa00000, 0x00000007ffa00000|100%| O|  |TAMS 0x00000007ff800000| PB 0x00000007ff800000| Untracked 
|2022|0x00000007ffa00000, 0x00000007ffc00000, 0x00000007ffc00000|100%| O|  |TAMS 0x00000007ffa00000| PB 0x00000007ffa00000| Untracked 
|2023|0x00000007ffc00000, 0x00000007ffe00000, 0x00000007ffe00000|100%| O|  |TAMS 0x00000007ffc00000| PB 0x00000007ffc00000| Untracked 
|2024|0x00000007ffe00000, 0x0000000800000000, 0x0000000800000000|100%| O|  |TAMS 0x00000007ffe00000| PB 0x00000007ffe00000| Untracked 

Card table byte_map: [0x0000026992cb0000,0x00000269934a0000] _byte_map_base: 0x000002698f499000

Marking Bits: (CMBitMap*) 0x00000269ffe12cd0
 Bits: [0x00000269934a0000, 0x00000269973e8000)

Polling page: 0x00000269ff580000

Metaspace:

Usage:
  Non-class:     45.08 MB used.
      Class:      5.81 MB used.
       Both:     50.89 MB used.

Virtual space:
  Non-class space:       64.00 MB reserved,      45.25 MB ( 71%) committed,  1 nodes.
      Class space:        1.00 GB reserved,       5.94 MB ( <1%) committed,  1 nodes.
             Both:        1.06 GB reserved,      51.19 MB (  5%) committed. 

Chunk freelists:
   Non-Class:  1.98 MB
       Class:  10.03 MB
        Both:  12.02 MB

MaxMetaspaceSize: unlimited
CompressedClassSpaceSize: 1.00 GB
Initial GC threshold: 21.00 MB
Current GC threshold: 78.12 MB
CDS: off
 - commit_granule_bytes: 65536.
 - commit_granule_words: 8192.
 - virtual_space_node_default_size: 8388608.
 - enlarge_chunks_in_place: 1.
 - use_allocation_guard: 0.


Internal statistics:

num_allocs_failed_limit: 6.
num_arena_births: 240.
num_arena_deaths: 0.
num_vsnodes_births: 2.
num_vsnodes_deaths: 0.
num_space_committed: 817.
num_space_uncommitted: 0.
num_chunks_returned_to_freelist: 6.
num_chunks_taken_from_freelist: 1777.
num_chunk_merges: 6.
num_chunk_splits: 1442.
num_chunks_enlarged: 1305.
num_inconsistent_stats: 0.

CodeHeap 'non-profiled nmethods': size=120000Kb used=4112Kb max_used=4112Kb free=115887Kb
 bounds [0x000002698ab50000, 0x000002698af60000, 0x0000026992080000]
CodeHeap 'profiled nmethods': size=120000Kb used=15679Kb max_used=15679Kb free=104320Kb
 bounds [0x0000026983080000, 0x0000026983fe0000, 0x000002698a5b0000]
CodeHeap 'non-nmethods': size=5760Kb used=1577Kb max_used=1634Kb free=4182Kb
 bounds [0x000002698a5b0000, 0x000002698a820000, 0x000002698ab50000]
 total_blobs=6280 nmethods=5637 adapters=546
 compilation: enabled
              stopped_count=0, restarted_count=0
 full_count=0

Compilation events (20 events):
Event: 3.714 Thread 0x000002699a255bc0 nmethod 5900 0x000002698af4c610 code [0x000002698af4c7a0, 0x000002698af4c870]
Event: 3.714 Thread 0x000002699a255bc0 5901       3       java.util.LinkedHashMap::afterNodeRemoval (65 bytes)
Event: 3.714 Thread 0x000002699a255bc0 nmethod 5901 0x0000026983f77b10 code [0x0000026983f77ce0, 0x0000026983f781b8]
Event: 3.715 Thread 0x000002699a255bc0 5902       3       org.jetbrains.kotlin.load.java.structure.impl.classFiles.PlainJavaClassifierType::getClassifierResolverResult (15 bytes)
Event: 3.715 Thread 0x000002699a255bc0 nmethod 5902 0x0000026983f78310 code [0x0000026983f784c0, 0x0000026983f78790]
Event: 3.717 Thread 0x000002699a255bc0 5903       3       org.jetbrains.kotlin.fir.resolve.SupertypeUtilsKt::collectSuperTypes (578 bytes)
Event: 3.718 Thread 0x000002699a41cb20 nmethod 5771 0x000002698af4c910 code [0x000002698af4cbc0, 0x000002698af4e7b0]
Event: 3.718 Thread 0x000002699a41cb20 5857       4       kotlin.collections.CollectionsKt___CollectionsKt::joinTo (156 bytes)
Event: 3.719 Thread 0x000002699a255bc0 nmethod 5903 0x0000026983f78890 code [0x0000026983f78f80, 0x0000026983f7d488]
Event: 3.719 Thread 0x000002699a255bc0 5906       3       org.jetbrains.kotlin.name.StandardClassIds$Annotations::getPublishedApi (4 bytes)
Event: 3.719 Thread 0x000002699a255bc0 nmethod 5906 0x0000026983f7ea10 code [0x0000026983f7eba0, 0x0000026983f7ecb8]
Event: 3.719 Thread 0x000002699a255bc0 5907       3       org.jetbrains.kotlin.fir.types.FirTypeUtilsKt::getResolvedType (148 bytes)
Event: 3.719 Thread 0x000002699a255bc0 nmethod 5907 0x0000026983f7ed90 code [0x0000026983f7f140, 0x0000026983f80420]
Event: 3.719 Thread 0x000002699a255bc0 5904       3       kotlin.collections.builders.SetBuilder::contains (9 bytes)
Event: 3.719 Thread 0x000002699a255bc0 nmethod 5904 0x0000026983f80c90 code [0x0000026983f80e40, 0x0000026983f81040]
Event: 3.719 Thread 0x000002699a255bc0 5905       3       kotlin.collections.builders.MapBuilder::containsKey (14 bytes)
Event: 3.719 Thread 0x000002699a255bc0 nmethod 5905 0x0000026983f81110 code [0x0000026983f812c0, 0x0000026983f81450]
Event: 3.719 Thread 0x000002699a255bc0 5908       3       org.jetbrains.kotlin.fir.resolve.transformers.AbstractFirStatusResolveTransformer::getContainingClass (11 bytes)
Event: 3.720 Thread 0x000002699a255bc0 nmethod 5908 0x0000026983f81510 code [0x0000026983f81780, 0x0000026983f82158]
Event: 3.720 Thread 0x000002699a255bc0 5909       3       org.jetbrains.kotlin.fir.resolve.SupertypeSupplier$Default::forClass (48 bytes)

GC Heap History (20 events):
Event: 0.859 GC heap before
{Heap before GC invocations=4 (full 0):
 garbage-first heap   total 53248K, used 30720K [0x0000000702e00000, 0x0000000800000000)
  region size 2048K, 13 young (26624K), 9 survivors (18432K)
 Metaspace       used 22715K, committed 22912K, reserved 1114112K
  class space    used 2401K, committed 2496K, reserved 1048576K
}
Event: 0.868 GC heap after
{Heap after GC invocations=5 (full 0):
 garbage-first heap   total 53248K, used 23606K [0x0000000702e00000, 0x0000000800000000)
  region size 2048K, 2 young (4096K), 2 survivors (4096K)
 Metaspace       used 22715K, committed 22912K, reserved 1114112K
  class space    used 2401K, committed 2496K, reserved 1048576K
}
Event: 1.083 GC heap before
{Heap before GC invocations=5 (full 0):
 garbage-first heap   total 53248K, used 37942K [0x0000000702e00000, 0x0000000800000000)
  region size 2048K, 9 young (18432K), 2 survivors (4096K)
 Metaspace       used 25681K, committed 25856K, reserved 1114112K
  class space    used 2735K, committed 2816K, reserved 1048576K
}
Event: 1.086 GC heap after
{Heap after GC invocations=6 (full 0):
 garbage-first heap   total 53248K, used 24107K [0x0000000702e00000, 0x0000000800000000)
  region size 2048K, 2 young (4096K), 2 survivors (4096K)
 Metaspace       used 25681K, committed 25856K, reserved 1114112K
  class space    used 2735K, committed 2816K, reserved 1048576K
}
Event: 1.319 GC heap before
{Heap before GC invocations=6 (full 0):
 garbage-first heap   total 53248K, used 38443K [0x0000000702e00000, 0x0000000800000000)
  region size 2048K, 9 young (18432K), 2 survivors (4096K)
 Metaspace       used 30356K, committed 30656K, reserved 1114112K
  class space    used 3737K, committed 3904K, reserved 1048576K
}
Event: 1.322 GC heap after
{Heap after GC invocations=7 (full 0):
 garbage-first heap   total 53248K, used 24818K [0x0000000702e00000, 0x0000000800000000)
  region size 2048K, 2 young (4096K), 2 survivors (4096K)
 Metaspace       used 30356K, committed 30656K, reserved 1114112K
  class space    used 3737K, committed 3904K, reserved 1048576K
}
Event: 1.487 GC heap before
{Heap before GC invocations=7 (full 0):
 garbage-first heap   total 53248K, used 41202K [0x0000000702e00000, 0x0000000800000000)
  region size 2048K, 10 young (20480K), 2 survivors (4096K)
 Metaspace       used 33805K, committed 34048K, reserved 1114112K
  class space    used 4093K, committed 4224K, reserved 1048576K
}
Event: 1.491 GC heap after
{Heap after GC invocations=8 (full 0):
 garbage-first heap   total 157696K, used 25852K [0x0000000702e00000, 0x0000000800000000)
  region size 2048K, 2 young (4096K), 2 survivors (4096K)
 Metaspace       used 33805K, committed 34048K, reserved 1114112K
  class space    used 4093K, committed 4224K, reserved 1048576K
}
Event: 1.573 GC heap before
{Heap before GC invocations=8 (full 0):
 garbage-first heap   total 157696K, used 31996K [0x0000000702e00000, 0x0000000800000000)
  region size 2048K, 6 young (12288K), 2 survivors (4096K)
 Metaspace       used 35882K, committed 36096K, reserved 1114112K
  class space    used 4314K, committed 4416K, reserved 1048576K
}
Event: 1.578 GC heap after
{Heap after GC invocations=9 (full 0):
 garbage-first heap   total 157696K, used 26302K [0x0000000702e00000, 0x0000000800000000)
  region size 2048K, 2 young (4096K), 2 survivors (4096K)
 Metaspace       used 35882K, committed 36096K, reserved 1114112K
  class space    used 4314K, committed 4416K, reserved 1048576K
}
Event: 2.444 GC heap before
{Heap before GC invocations=10 (full 0):
 garbage-first heap   total 96256K, used 95934K [0x0000000702e00000, 0x0000000800000000)
  region size 2048K, 36 young (73728K), 2 survivors (4096K)
 Metaspace       used 40276K, committed 40512K, reserved 1114112K
  class space    used 4683K, committed 4800K, reserved 1048576K
}
Event: 2.470 GC heap after
{Heap after GC invocations=11 (full 0):
 garbage-first heap   total 118784K, used 43691K [0x0000000702e00000, 0x0000000800000000)
  region size 2048K, 6 young (12288K), 6 survivors (12288K)
 Metaspace       used 40276K, committed 40512K, reserved 1114112K
  class space    used 4683K, committed 4800K, reserved 1048576K
}
Event: 2.814 GC heap before
{Heap before GC invocations=11 (full 0):
 garbage-first heap   total 118784K, used 82603K [0x0000000702e00000, 0x0000000800000000)
  region size 2048K, 25 young (51200K), 6 survivors (12288K)
 Metaspace       used 42718K, committed 43008K, reserved 1114112K
  class space    used 4908K, committed 5056K, reserved 1048576K
}
Event: 2.834 GC heap after
{Heap after GC invocations=12 (full 0):
 garbage-first heap   total 118784K, used 54272K [0x0000000702e00000, 0x0000000800000000)
  region size 2048K, 4 young (8192K), 4 survivors (8192K)
 Metaspace       used 42718K, committed 43008K, reserved 1114112K
  class space    used 4908K, committed 5056K, reserved 1048576K
}
Event: 3.119 GC heap before
{Heap before GC invocations=12 (full 0):
 garbage-first heap   total 118784K, used 89088K [0x0000000702e00000, 0x0000000800000000)
  region size 2048K, 21 young (43008K), 4 survivors (8192K)
 Metaspace       used 46557K, committed 46848K, reserved 1114112K
  class space    used 5307K, committed 5440K, reserved 1048576K
}
Event: 3.129 GC heap after
{Heap after GC invocations=13 (full 0):
 garbage-first heap   total 118784K, used 60416K [0x0000000702e00000, 0x0000000800000000)
  region size 2048K, 3 young (6144K), 3 survivors (6144K)
 Metaspace       used 46557K, committed 46848K, reserved 1114112K
  class space    used 5307K, committed 5440K, reserved 1048576K
}
Event: 3.309 GC heap before
{Heap before GC invocations=13 (full 0):
 garbage-first heap   total 118784K, used 95232K [0x0000000702e00000, 0x0000000800000000)
  region size 2048K, 20 young (40960K), 3 survivors (6144K)
 Metaspace       used 47694K, committed 47936K, reserved 1114112K
  class space    used 5402K, committed 5504K, reserved 1048576K
}
Event: 3.319 GC heap after
{Heap after GC invocations=14 (full 0):
 garbage-first heap   total 157696K, used 69427K [0x0000000702e00000, 0x0000000800000000)
  region size 2048K, 3 young (6144K), 3 survivors (6144K)
 Metaspace       used 47694K, committed 47936K, reserved 1114112K
  class space    used 5402K, committed 5504K, reserved 1048576K
}
Event: 3.463 GC heap before
{Heap before GC invocations=15 (full 0):
 garbage-first heap   total 157696K, used 118579K [0x0000000702e00000, 0x0000000800000000)
  region size 2048K, 28 young (57344K), 3 survivors (6144K)
 Metaspace       used 48135K, committed 48384K, reserved 1114112K
  class space    used 5435K, committed 5568K, reserved 1048576K
}
Event: 3.473 GC heap after
{Heap after GC invocations=16 (full 0):
 garbage-first heap   total 157696K, used 86587K [0x0000000702e00000, 0x0000000800000000)
  region size 2048K, 4 young (8192K), 4 survivors (8192K)
 Metaspace       used 48135K, committed 48384K, reserved 1114112K
  class space    used 5435K, committed 5568K, reserved 1048576K
}

Dll operation events (3 events):
Event: 0.003 Loaded shared library C:\Program Files\Android\Android Studio\jbr\bin\java.dll
Event: 0.006 Loaded shared library C:\Program Files\Android\Android Studio\jbr\bin\zip.dll
Event: 0.615 Loaded shared library C:\Program Files\Android\Android Studio\jbr\bin\verify.dll

Deoptimization events (20 events):
Event: 3.687 Thread 0x00000269fdc7de90 Uncommon trap: trap_request=0xffffff45 fr.pc=0x000002698abc5a00 relative=0x0000000000000a40
Event: 3.687 Thread 0x00000269fdc7de90 Uncommon trap: reason=unstable_if action=reinterpret pc=0x000002698abc5a00 method=kotlin.collections.CollectionsKt___CollectionsKt.joinToString$default(Ljava/lang/Iterable;Ljava/lang/CharSequence;Ljava/lang/CharSequence;Ljava/lang/CharSequence;ILjava/lang
Event: 3.687 Thread 0x00000269fdc7de90 DEOPT PACKING pc=0x000002698abc5a00 sp=0x000000a0d16fb4b0
Event: 3.687 Thread 0x00000269fdc7de90 DEOPT UNPACKING pc=0x000002698a6046a2 sp=0x000000a0d16fb490 mode 2
Event: 3.687 Thread 0x00000269fdc7de90 Uncommon trap: trap_request=0xffffff76 fr.pc=0x000002698aee0850 relative=0x0000000000002430
Event: 3.687 Thread 0x00000269fdc7de90 Uncommon trap: reason=predicate action=maybe_recompile pc=0x000002698aee0850 method=kotlin.collections.CollectionsKt___CollectionsKt.joinTo(Ljava/lang/Iterable;Ljava/lang/Appendable;Ljava/lang/CharSequence;Ljava/lang/CharSequence;Ljava/lang/CharSequence;I
Event: 3.687 Thread 0x00000269fdc7de90 DEOPT PACKING pc=0x000002698aee0850 sp=0x000000a0d16fb290
Event: 3.687 Thread 0x00000269fdc7de90 DEOPT UNPACKING pc=0x000002698a6046a2 sp=0x000000a0d16fb278 mode 2
Event: 3.704 Thread 0x00000269fdc7de90 Uncommon trap: trap_request=0xffffffde fr.pc=0x000002698abc359c relative=0x000000000000025c
Event: 3.704 Thread 0x00000269fdc7de90 Uncommon trap: reason=class_check action=maybe_recompile pc=0x000002698abc359c method=java.util.HashSet.contains(Ljava/lang/Object;)Z @ 5 c2
Event: 3.704 Thread 0x00000269fdc7de90 DEOPT PACKING pc=0x000002698abc359c sp=0x000000a0d16fce30
Event: 3.704 Thread 0x00000269fdc7de90 DEOPT UNPACKING pc=0x000002698a6046a2 sp=0x000000a0d16fcdd8 mode 2
Event: 3.711 Thread 0x00000269fdc7de90 Uncommon trap: trap_request=0xffffff45 fr.pc=0x000002698af1371c relative=0x000000000000071c
Event: 3.711 Thread 0x00000269fdc7de90 Uncommon trap: reason=unstable_if action=reinterpret pc=0x000002698af1371c method=org.jetbrains.kotlin.load.kotlin.FileBasedKotlinClass$3$1.visit(Ljava/lang/String;Ljava/lang/Object;)V @ 12 c2
Event: 3.711 Thread 0x00000269fdc7de90 DEOPT PACKING pc=0x000002698af1371c sp=0x000000a0d16fc3c0
Event: 3.711 Thread 0x00000269fdc7de90 DEOPT UNPACKING pc=0x000002698a6046a2 sp=0x000000a0d16fc398 mode 2
Event: 3.718 Thread 0x00000269fdc7de90 Uncommon trap: trap_request=0xffffffde fr.pc=0x000002698abc359c relative=0x000000000000025c
Event: 3.718 Thread 0x00000269fdc7de90 Uncommon trap: reason=class_check action=maybe_recompile pc=0x000002698abc359c method=java.util.HashSet.contains(Ljava/lang/Object;)Z @ 5 c2
Event: 3.718 Thread 0x00000269fdc7de90 DEOPT PACKING pc=0x000002698abc359c sp=0x000000a0d16fd470
Event: 3.718 Thread 0x00000269fdc7de90 DEOPT UNPACKING pc=0x000002698a6046a2 sp=0x000000a0d16fd418 mode 2

Classes loaded (20 events):
Event: 3.090 Loading class java/text/StringCharacterIterator
Event: 3.090 Loading class java/text/CharacterIterator
Event: 3.090 Loading class java/text/CharacterIterator done
Event: 3.090 Loading class java/text/StringCharacterIterator done
Event: 3.181 Loading class java/util/ArrayList$SubList$1
Event: 3.181 Loading class java/util/ArrayList$SubList$1 done
Event: 3.240 Loading class java/util/AbstractList$ListItr
Event: 3.240 Loading class java/util/AbstractList$ListItr done
Event: 3.549 Loading class java/util/RegularEnumSet$EnumSetIterator
Event: 3.549 Loading class java/util/RegularEnumSet$EnumSetIterator done
Event: 3.561 Loading class java/util/function/UnaryOperator
Event: 3.561 Loading class java/util/function/UnaryOperator done
Event: 3.614 Loading class java/util/function/ToIntFunction
Event: 3.614 Loading class java/util/function/ToIntFunction done
Event: 3.622 Loading class java/util/AbstractList$SubList$1
Event: 3.622 Loading class java/util/AbstractList$SubList$1 done
Event: 3.630 Loading class java/util/regex/Pattern$StartS
Event: 3.630 Loading class java/util/regex/Pattern$StartS done
Event: 3.712 Loading class java/util/AbstractMap$SimpleImmutableEntry
Event: 3.712 Loading class java/util/AbstractMap$SimpleImmutableEntry done

Classes unloaded (0 events):
No events

Classes redefined (0 events):
No events

Internal exceptions (20 events):
Event: 2.595 Thread 0x00000269fdc7de90 Implicit null exception at 0x000002698ac94b96 to 0x000002698ac9803c
Event: 2.595 Thread 0x00000269fdc7de90 Implicit null exception at 0x000002698ac94b96 to 0x000002698ac9803c
Event: 2.595 Thread 0x00000269fdc7de90 Implicit null exception at 0x000002698ac94b96 to 0x000002698ac9803c
Event: 2.595 Thread 0x00000269fdc7de90 Implicit null exception at 0x000002698ac94b96 to 0x000002698ac9803c
Event: 2.595 Thread 0x00000269fdc7de90 Implicit null exception at 0x000002698ac94b96 to 0x000002698ac9803c
Event: 2.595 Thread 0x00000269fdc7de90 Implicit null exception at 0x000002698ac94b96 to 0x000002698ac9803c
Event: 2.595 Thread 0x00000269fdc7de90 Implicit null exception at 0x000002698ac94b96 to 0x000002698ac9803c
Event: 2.595 Thread 0x00000269fdc7de90 Implicit null exception at 0x000002698ac94b96 to 0x000002698ac9803c
Event: 2.595 Thread 0x00000269fdc7de90 Implicit null exception at 0x000002698ac94b96 to 0x000002698ac9803c
Event: 2.595 Thread 0x00000269fdc7de90 Implicit null exception at 0x000002698ac94b96 to 0x000002698ac9803c
Event: 2.595 Thread 0x00000269fdc7de90 Implicit null exception at 0x000002698ac88d34 to 0x000002698ac8d828
Event: 2.595 Thread 0x00000269fdc7de90 Implicit null exception at 0x000002698ac773a1 to 0x000002698ac78748
Event: 3.050 Thread 0x00000269fdc7de90 Implicit null exception at 0x000002698ae23509 to 0x000002698ae23d98
Event: 3.050 Thread 0x00000269fdc7de90 Implicit null exception at 0x000002698ae06aa2 to 0x000002698ae06d0c
Event: 3.056 Thread 0x00000269fdc7de90 Implicit null exception at 0x000002698ab911bd to 0x000002698ab91241
Event: 3.056 Thread 0x00000269fdc7de90 Implicit null exception at 0x000002698ae1769d to 0x000002698ae17890
Event: 3.631 Thread 0x00000269fdc7de90 Exception <a 'java/lang/NoSuchMethodError'{0x000000070a26f900}: 'java.lang.Object java.lang.invoke.DirectMethodHandle$Holder.newInvokeSpecial(java.lang.Object, java.lang.Object, java.lang.Object, java.lang.Object, int)'> (0x000000070a26f900) 
thrown [s\src\hotspot\share\interpreter\linkResolver.cpp, line 784]
Event: 3.631 Thread 0x00000269fdc7de90 Exception <a 'java/lang/NoSuchMethodError'{0x000000070a273f08}: 'java.lang.Object java.lang.invoke.DirectMethodHandle$Holder.invokeSpecial(java.lang.Object, java.lang.Object, java.lang.Object, java.lang.Object, java.lang.Object, int)'> (0x000000070a273f08) 
thrown [s\src\hotspot\share\interpreter\linkResolver.cpp, line 784]
Event: 3.632 Thread 0x00000269fdc7de90 Exception <a 'java/lang/NoSuchMethodError'{0x000000070a277ed8}: 'java.lang.Object java.lang.invoke.Invokers$Holder.linkToTargetMethod(java.lang.Object, java.lang.Object, java.lang.Object, int, java.lang.Object)'> (0x000000070a277ed8) 
thrown [s\src\hotspot\share\interpreter\linkResolver.cpp, line 784]
Event: 3.689 Thread 0x00000269fdc7de90 Exception <a 'java/lang/NoSuchMethodError'{0x0000000709f71dd8}: 'java.lang.Object java.lang.invoke.DirectMethodHandle$Holder.invokeStaticInit(java.lang.Object, java.lang.Object, java.lang.Object, java.lang.Object)'> (0x0000000709f71dd8) 
thrown [s\src\hotspot\share\interpreter\linkResolver.cpp, line 784]

ZGC Phase Switch (0 events):
No events

VM Operations (20 events):
Event: 3.240 Executing VM operation: HandshakeAllThreads (Deoptimize)
Event: 3.240 Executing VM operation: HandshakeAllThreads (Deoptimize) done
Event: 3.309 Executing VM operation: G1CollectForAllocation (G1 Evacuation Pause)
Event: 3.319 Executing VM operation: G1CollectForAllocation (G1 Evacuation Pause) done
Event: 3.340 Executing VM operation: G1PauseRemark
Event: 3.345 Executing VM operation: G1PauseRemark done
Event: 3.357 Executing VM operation: G1PauseCleanup
Event: 3.357 Executing VM operation: G1PauseCleanup done
Event: 3.463 Executing VM operation: G1CollectForAllocation (G1 Evacuation Pause)
Event: 3.473 Executing VM operation: G1CollectForAllocation (G1 Evacuation Pause) done
Event: 3.556 Executing VM operation: HandshakeAllThreads (Deoptimize)
Event: 3.557 Executing VM operation: HandshakeAllThreads (Deoptimize) done
Event: 3.563 Executing VM operation: HandshakeAllThreads (Deoptimize)
Event: 3.563 Executing VM operation: HandshakeAllThreads (Deoptimize) done
Event: 3.604 Executing VM operation: HandshakeAllThreads (Deoptimize)
Event: 3.604 Executing VM operation: HandshakeAllThreads (Deoptimize) done
Event: 3.612 Executing VM operation: HandshakeAllThreads (Deoptimize)
Event: 3.612 Executing VM operation: HandshakeAllThreads (Deoptimize) done
Event: 3.672 Executing VM operation: ICBufferFull
Event: 3.673 Executing VM operation: ICBufferFull done

Events (20 events):
Event: 3.344 Thread 0x000002699a0572e0 flushing nmethod 0x000002698abe6d90
Event: 3.344 Thread 0x000002699a0572e0 flushing nmethod 0x000002698abdc010
Event: 3.344 Thread 0x000002699a0572e0 flushing nmethod 0x000002698abc6f10
Event: 3.344 Thread 0x000002699a0572e0 flushing nmethod 0x000002698abc5790
Event: 3.344 Thread 0x000002699a0572e0 flushing nmethod 0x000002698abc5090
Event: 3.344 Thread 0x000002699a0572e0 flushing nmethod 0x000002698abc4590
Event: 3.344 Thread 0x000002699a0572e0 flushing nmethod 0x000002698abc1d90
Event: 3.344 Thread 0x000002699a0572e0 flushing nmethod 0x000002698abcd390
Event: 3.344 Thread 0x000002699a0572e0 flushing nmethod 0x000002698abaeb90
Event: 3.344 Thread 0x000002699a0572e0 flushing nmethod 0x000002698abbf090
Event: 3.344 Thread 0x000002699a0572e0 flushing nmethod 0x000002698abbc690
Event: 3.344 Thread 0x000002699a0572e0 flushing nmethod 0x000002698abbb310
Event: 3.344 Thread 0x000002699a0572e0 flushing nmethod 0x000002698abb7790
Event: 3.344 Thread 0x000002699a0572e0 flushing nmethod 0x000002698abae810
Event: 3.344 Thread 0x000002699a0572e0 flushing nmethod 0x000002698abace90
Event: 3.344 Thread 0x000002699a0572e0 flushing nmethod 0x000002698ababd10
Event: 3.344 Thread 0x000002699a0572e0 flushing nmethod 0x000002698ab8b610
Event: 3.344 Thread 0x000002699a0572e0 flushing nmethod 0x000002698ab76810
Event: 3.344 Thread 0x000002699a0572e0 flushing nmethod 0x000002698ab72890
Event: 3.344 Thread 0x000002699a0572e0 flushing nmethod 0x000002698ab67710


Dynamic libraries:
0x00007ff6e9ca0000 - 0x00007ff6e9caa000 	C:\Program Files\Android\Android Studio\jbr\bin\java.exe
0x00007ffb34e10000 - 0x00007ffb35008000 	C:\Windows\SYSTEM32\ntdll.dll
0x00007ffb345b0000 - 0x00007ffb34672000 	C:\Windows\System32\KERNEL32.DLL
0x00007ffb32500000 - 0x00007ffb327fe000 	C:\Windows\System32\KERNELBASE.dll
0x00007ffb32d30000 - 0x00007ffb32e30000 	C:\Windows\System32\ucrtbase.dll
0x00007ffb00ee0000 - 0x00007ffb00efb000 	C:\Program Files\Android\Android Studio\jbr\bin\VCRUNTIME140.dll
0x00007ffb12e90000 - 0x00007ffb12ea8000 	C:\Program Files\Android\Android Studio\jbr\bin\jli.dll
0x00007ffb33190000 - 0x00007ffb3332d000 	C:\Windows\System32\USER32.dll
0x00007ffb32b30000 - 0x00007ffb32b52000 	C:\Windows\System32\win32u.dll
0x00007ffb1c1b0000 - 0x00007ffb1c44a000 	C:\Windows\WinSxS\amd64_microsoft.windows.common-controls_6595b64144ccf1df_6.0.19041.4355_none_60b8b9eb71f62e16\COMCTL32.dll
0x00007ffb34730000 - 0x00007ffb3475b000 	C:\Windows\System32\GDI32.dll
0x00007ffb34d30000 - 0x00007ffb34dce000 	C:\Windows\System32\msvcrt.dll
0x00007ffb32a10000 - 0x00007ffb32b27000 	C:\Windows\System32\gdi32full.dll
0x00007ffb32c00000 - 0x00007ffb32c9d000 	C:\Windows\System32\msvcp_win.dll
0x00007ffb33c60000 - 0x00007ffb33c8f000 	C:\Windows\System32\IMM32.DLL
0x00007ffb1b230000 - 0x00007ffb1b23c000 	C:\Program Files\Android\Android Studio\jbr\bin\vcruntime140_1.dll
0x00007ffb00700000 - 0x00007ffb0078d000 	C:\Program Files\Android\Android Studio\jbr\bin\msvcp140.dll
0x00007ffad27b0000 - 0x00007ffad342d000 	C:\Program Files\Android\Android Studio\jbr\bin\server\jvm.dll
0x00007ffb34bd0000 - 0x00007ffb34c81000 	C:\Windows\System32\ADVAPI32.dll
0x00007ffb33330000 - 0x00007ffb333cf000 	C:\Windows\System32\sechost.dll
0x00007ffb34a10000 - 0x00007ffb34b33000 	C:\Windows\System32\RPCRT4.dll
0x00007ffb32bd0000 - 0x00007ffb32bf7000 	C:\Windows\System32\bcrypt.dll
0x00007ffb347c0000 - 0x00007ffb3482b000 	C:\Windows\System32\WS2_32.dll
0x00007ffb31a00000 - 0x00007ffb31a4b000 	C:\Windows\SYSTEM32\POWRPROF.dll
0x00007ffb2b130000 - 0x00007ffb2b13a000 	C:\Windows\SYSTEM32\VERSION.dll
0x00007ffb29d60000 - 0x00007ffb29d87000 	C:\Windows\SYSTEM32\WINMM.dll
0x00007ffb31870000 - 0x00007ffb31882000 	C:\Windows\SYSTEM32\UMPDC.dll
0x00007ffb30310000 - 0x00007ffb30322000 	C:\Windows\SYSTEM32\kernel.appcore.dll
0x00007ffb17090000 - 0x00007ffb1709a000 	C:\Program Files\Android\Android Studio\jbr\bin\jimage.dll
0x00007ffb26be0000 - 0x00007ffb26dc4000 	C:\Windows\SYSTEM32\DBGHELP.DLL
0x00007ffb1c500000 - 0x00007ffb1c534000 	C:\Windows\SYSTEM32\dbgcore.DLL
0x00007ffb32ca0000 - 0x00007ffb32d22000 	C:\Windows\System32\bcryptPrimitives.dll
0x00007ffb009d0000 - 0x00007ffb009ef000 	C:\Program Files\Android\Android Studio\jbr\bin\java.dll
0x00007ffaff6e0000 - 0x00007ffaff6f8000 	C:\Program Files\Android\Android Studio\jbr\bin\zip.dll
0x00007ffb33c90000 - 0x00007ffb343fd000 	C:\Windows\System32\SHELL32.dll
0x00007ffb30510000 - 0x00007ffb30cb4000 	C:\Windows\SYSTEM32\windows.storage.dll
0x00007ffb32e30000 - 0x00007ffb33183000 	C:\Windows\System32\combase.dll
0x00007ffb31e00000 - 0x00007ffb31e2e000 	C:\Windows\SYSTEM32\Wldp.dll
0x00007ffb34420000 - 0x00007ffb344ed000 	C:\Windows\System32\OLEAUT32.dll
0x00007ffb34500000 - 0x00007ffb345ad000 	C:\Windows\System32\SHCORE.dll
0x00007ffb349b0000 - 0x00007ffb34a05000 	C:\Windows\System32\shlwapi.dll
0x00007ffb323e0000 - 0x00007ffb32404000 	C:\Windows\SYSTEM32\profapi.dll
0x00007ffb167b0000 - 0x00007ffb167c0000 	C:\Program Files\Android\Android Studio\jbr\bin\net.dll
0x00007ffb2c760000 - 0x00007ffb2c86d000 	C:\Windows\SYSTEM32\WINHTTP.dll
0x00007ffb31be0000 - 0x00007ffb31c4a000 	C:\Windows\system32\mswsock.dll
0x00007ffafc570000 - 0x00007ffafc586000 	C:\Program Files\Android\Android Studio\jbr\bin\nio.dll
0x00007ffb0f5a0000 - 0x00007ffb0f5b0000 	C:\Program Files\Android\Android Studio\jbr\bin\verify.dll

dbghelp: loaded successfully - version: 4.0.5 - missing functions: none
symbol engine: initialized successfully - sym options: 0x614 - pdb path: .;C:\Program Files\Android\Android Studio\jbr\bin;C:\Windows\SYSTEM32;C:\Windows\WinSxS\amd64_microsoft.windows.common-controls_6595b64144ccf1df_6.0.19041.4355_none_60b8b9eb71f62e16;C:\Program Files\Android\Android Studio\jbr\bin\server

VM Arguments:
java_command: org.jetbrains.kotlin.cli.jvm.K2JVMCompiler @C:\Users\Kareem Zedan\StudioProjects\Capital_Taxi2\app\build\20250216_7182043886248435664.compiler.options
java_class_path (initial): C:\Users\Kareem Zedan\.gradle\caches\modules-2\files-2.1\org.jetbrains.kotlin\kotlin-compiler-embeddable\2.0.0\1de310de3446414381282ffc46c3ed3919a4d1da\kotlin-compiler-embeddable-2.0.0.jar;C:\Users\Kareem Zedan\.gradle\caches\modules-2\files-2.1\org.jetbrains.kotlin\kotlin-stdlib\2.0.0\b48df2c4aede9586cc931ead433bc02d6fd7879e\kotlin-stdlib-2.0.0.jar;C:\Users\Kareem Zedan\.gradle\caches\modules-2\files-2.1\org.jetbrains.kotlin\kotlin-script-runtime\2.0.0\fdc27dd047d592fa41d2dfa21e7621287a361612\kotlin-script-runtime-2.0.0.jar;C:\Users\Kareem Zedan\.gradle\caches\modules-2\files-2.1\org.jetbrains.kotlin\kotlin-reflect\1.6.10\1cbe9c92c12a94eea200d23c2bbaedaf3daf5132\kotlin-reflect-1.6.10.jar;C:\Users\Kareem Zedan\.gradle\caches\modules-2\files-2.1\org.jetbrains.kotlin\kotlin-daemon-embeddable\2.0.0\b39c612768614c4428c96ee9c65477181fffe9d\kotlin-daemon-embeddable-2.0.0.jar;C:\Users\Kareem Zedan\.gradle\caches\modules-2\files-2.1\org.jetbrains.intellij.deps\trove4j\1.0.20200330\3afb14d5f9ceb459d724e907a21145e8ff394f02\trove4j-1.0.20200330.jar;C:\Users\Kareem Zedan\.gradle\caches\modules-2\files-2.1\org.jetbrains\annotations\13.0\919f0dfe192fb4e063e7dacadee7f8bb9a2672a9\annotations-13.0.jar
Launcher Type: SUN_STANDARD

[Global flags]
     intx CICompilerCount                          = 4                                         {product} {ergonomic}
     uint ConcGCThreads                            = 3                                         {product} {ergonomic}
     uint G1ConcRefinementThreads                  = 10                                        {product} {ergonomic}
   size_t G1HeapRegionSize                         = 2097152                                   {product} {ergonomic}
    uintx GCDrainStackTargetSize                   = 64                                        {product} {ergonomic}
   size_t InitialHeapSize                          = 266338304                                 {product} {ergonomic}
   size_t MarkStackSize                            = 4194304                                   {product} {ergonomic}
   size_t MaxHeapSize                              = 4246732800                                {product} {ergonomic}
   size_t MaxNewSize                               = 2548039680                                {product} {ergonomic}
   size_t MinHeapDeltaBytes                        = 2097152                                   {product} {ergonomic}
   size_t MinHeapSize                              = 8388608                                   {product} {ergonomic}
    uintx NonNMethodCodeHeapSize                   = 5839372                                {pd product} {ergonomic}
    uintx NonProfiledCodeHeapSize                  = 122909434                              {pd product} {ergonomic}
    uintx ProfiledCodeHeapSize                     = 122909434                              {pd product} {ergonomic}
    uintx ReservedCodeCacheSize                    = 251658240                              {pd product} {ergonomic}
     bool SegmentedCodeCache                       = true                                      {product} {ergonomic}
   size_t SoftMaxHeapSize                          = 4246732800                             {manageable} {ergonomic}
     bool UseCompressedOops                        = true                           {product lp64_product} {ergonomic}
     bool UseG1GC                                  = true                                      {product} {ergonomic}
     bool UseLargePagesIndividualAllocation        = false                                  {pd product} {ergonomic}

Logging:
Log output configuration:
 #0: stdout all=warning uptime,level,tags foldmultilines=false
 #1: stderr all=off uptime,level,tags foldmultilines=false

Environment Variables:
PATH=C:\Program Files\Common Files\Oracle\Java\javapath;C:\Windows\system32;C:\Windows;C:\Windows\System32\Wbem;C:\Windows\System32\WindowsPowerShell\v1.0\;C:\Windows\System32\OpenSSH\;C:\Program Files (x86)\Windows Kits\10\Windows Performance Toolkit\;C:\Program Files\Git\cmd;C:\Program Files\nodejs\;C:\Users\Kareem Zedan\AppData\Local\Microsoft\WindowsApps;C:\Users\Kareem Zedan\AppData\Local\Programs\Microsoft VS Code\bin;C:\Users\Kareem Zedan\AppData\Local\Programs\Microsoft VS Code\bin;C:\Users\Kareem Zedan\.cache\firebase\tools\bin;C:\Users\Kareem Zedan\AppData\Local\Pub\Cache\bin;C:\Users\Kareem Zedan\AppData\Roaming\npm;C:\Program Files\jdk-17.0.12\bin;C:\src2\flutter\bin;C:\src2\flutter\bin\cache\dart-sdk\bin;C:\Users\Kareem Zedan\AppData\Local\Google\Cloud SDK\google-cloud-sdk\bin
USERNAME=Kareem Zedan
OS=Windows_NT
PROCESSOR_IDENTIFIER=Intel64 Family 6 Model 151 Stepping 5, GenuineIntel
TMP=C:\Users\KAREEM~1\AppData\Local\Temp
TEMP=C:\Users\KAREEM~1\AppData\Local\Temp




Periodic native trim disabled

JNI global refs:
JNI global refs: 12, weak refs: 16

JNI global refs memory usage: 835, weak refs: 833

Process memory usage:
Resident Set Size: 372356K (2% of 16586164K total physical memory with 1252632K free physical memory)

OOME stack traces (most recent first):
Classloader memory used:
Loader jdk.internal.loader.ClassLoaders$AppClassLoader                                 : 41036K
Loader bootstrap                                                                       : 10854K
Loader java.net.URLClassLoader                                                         : 233K

---------------  S Y S T E M  ---------------

OS:
 Windows 10 , 64 bit Build 19041 (10.0.19041.5072)
OS uptime: 0 days 5:29 hours
Hyper-V role detected

CPU: total 12 (initial active 12) (6 cores per cpu, 2 threads per core) family 6 model 151 stepping 5 microcode 0x32, cx8, cmov, fxsr, ht, mmx, 3dnowpref, sse, sse2, sse3, ssse3, sse4.1, sse4.2, popcnt, lzcnt, tsc, tscinvbit, avx, avx2, aes, erms, clmul, bmi1, bmi2, adx, sha, fma, vzeroupper, clflush, clflushopt, clwb, hv, rdtscp, rdpid, fsrm, f16c, cet_ibt, cet_ss
Processor Information for all 12 processors :
  Max Mhz: 2500, Current Mhz: 2500, Mhz Limit: 2500

Memory: 4k page, system-wide physical 16197M (1222M free)
TotalPageFile size 26949M (AvailPageFile size 9580M)
current process WorkingSet (physical memory assigned to process): 364M, peak: 365M
current process commit charge ("private bytes"): 397M, peak: 399M

vm_info: OpenJDK 64-Bit Server VM (21.0.3+-12282718-b509.11) for windows-amd64 JRE (21.0.3+-12282718-b509.11), built on 2024-08-27T17:34:15Z by "builder" with MS VC++ 16.10 / 16.11 (VS2019)

END.
